2024-04-29 13:57:38,021 [INFO] Activator:176 - 


2024-04-29 13:57:38,029 [INFO] Activator:177 - !SESSION log4j initialized
2024-04-29 13:57:47,071 [INFO] LogOutputStream:77 - [STDOUT_REDIRECT] 
2024-04-29 13:57:56,935 [INFO] ApplicationProperties:184 - Using Application install path: C:\ST\STM32CubeIDE_1.14.0\STM32CubeIDE\plugins\com.st.stm32cube.common.mx_6.10.0.202311202037
2024-04-29 13:57:56,958 [INFO] DbMcusXml:78 - Set database path to: C:\ST\STM32CubeIDE_1.14.0\STM32CubeIDE\plugins\com.st.stm32cube.common.mx_6.10.0.202311202037\\db\/mcu/
2024-04-29 13:57:56,958 [INFO] ApiDb:274 - Set plugin database path to: C:\ST\STM32CubeIDE_1.14.0\STM32CubeIDE\plugins\com.st.stm32cube.common.mx_6.10.0.202311202037\\db\/plugins/boardmanager/
2024-04-29 13:57:56,959 [WARN] ApiDb:259 - Overriding images path with different value:  => C:\ST\STM32CubeIDE_1.14.0\STM32CubeIDE\plugins\com.st.stm32cube.common.mx_6.10.0.202311202037\\db\/plugins/mcufinder/images/
2024-04-29 13:57:56,969 [INFO] ApiDb:250 - Set database path to: C:\Users\thebu\.stmcufinder\plugins\mcufinder//mcu/
2024-04-29 13:57:56,970 [INFO] DbMcusAds:125 - Set database path to: C:\Users\thebu\.stmcufinder\plugins\mcufinder//mcu/
2024-04-29 13:57:56,972 [INFO] CrossReferenceDbSqlite:203 - Set database path to: C:\Users\thebu\.stmcufinder\plugins\mcufinder//mcu/cs/
2024-04-29 13:57:57,110 [INFO] RulesReader:64 - Compatibility file has been processed (297 Rules)
2024-04-29 13:57:57,216 [INFO] DbMcusXml:78 - Set database path to: C:\ST\STM32CubeIDE_1.14.0\STM32CubeIDE\plugins\com.st.stm32cube.common.mx_6.10.0.202311202037\\db\/mcu/
2024-04-29 13:57:57,216 [INFO] ApiDb:274 - Set plugin database path to: C:\ST\STM32CubeIDE_1.14.0\STM32CubeIDE\plugins\com.st.stm32cube.common.mx_6.10.0.202311202037\\db\/plugins/boardmanager/
2024-04-29 13:57:57,216 [INFO] ApiDb:261 - Set plugin images path to: C:\ST\STM32CubeIDE_1.14.0\STM32CubeIDE\plugins\com.st.stm32cube.common.mx_6.10.0.202311202037\\db\/plugins/mcufinder/images/
2024-04-29 13:57:57,217 [WARN] DbFile:41 - Overriding database path with different value: C:\Users\thebu\.stmcufinder\plugins\mcufinder/ => C:\Users\thebu\.stmcufinder\plugins\mcufinder
2024-04-29 13:57:57,217 [INFO] ApiDb:250 - Set database path to: C:\Users\thebu\.stmcufinder\plugins\mcufinder//mcu/
2024-04-29 13:57:57,217 [WARN] DbFile:41 - Overriding database path with different value: C:\Users\thebu\.stmcufinder\plugins\mcufinder/ => C:\Users\thebu\.stmcufinder\plugins\mcufinder
2024-04-29 13:57:57,217 [INFO] DbMcusAds:125 - Set database path to: C:\Users\thebu\.stmcufinder\plugins\mcufinder//mcu/
2024-04-29 13:57:57,217 [WARN] DbFile:41 - Overriding database path with different value: C:\Users\thebu\.stmcufinder\plugins\mcufinder/ => C:\Users\thebu\.stmcufinder\plugins\mcufinder
2024-04-29 13:57:57,217 [WARN] DbFile:41 - Overriding database path with different value: C:\Users\thebu\.stmcufinder\plugins\mcufinder/ => C:\Users\thebu\.stmcufinder\plugins\mcufinder
2024-04-29 13:57:57,217 [INFO] CrossReferenceDbSqlite:203 - Set database path to: C:\Users\thebu\.stmcufinder\plugins\mcufinder//mcu/cs/
2024-04-29 13:57:57,325 [INFO] MainPanel:264 - HeapMemory: 268435456
2024-04-29 13:57:57,478 [INFO] DbMcusXml:78 - Set database path to: C:\ST\STM32CubeIDE_1.14.0\STM32CubeIDE\plugins\com.st.stm32cube.common.mx_6.10.0.202311202037\\db\/mcu/
2024-04-29 13:57:57,478 [INFO] ApiDb:274 - Set plugin database path to: C:\ST\STM32CubeIDE_1.14.0\STM32CubeIDE\plugins\com.st.stm32cube.common.mx_6.10.0.202311202037\\db\/plugins/boardmanager/
2024-04-29 13:57:57,479 [INFO] ApiDb:261 - Set plugin images path to: C:\ST\STM32CubeIDE_1.14.0\STM32CubeIDE\plugins\com.st.stm32cube.common.mx_6.10.0.202311202037\\db\/plugins/mcufinder/images/
2024-04-29 13:57:57,479 [WARN] DbFile:41 - Overriding database path with different value: C:\Users\thebu\.stmcufinder\plugins\mcufinder/ => C:\Users\thebu\.stmcufinder\plugins\mcufinder
2024-04-29 13:57:57,479 [INFO] ApiDb:250 - Set database path to: C:\Users\thebu\.stmcufinder\plugins\mcufinder//mcu/
2024-04-29 13:57:57,479 [WARN] DbFile:41 - Overriding database path with different value: C:\Users\thebu\.stmcufinder\plugins\mcufinder/ => C:\Users\thebu\.stmcufinder\plugins\mcufinder
2024-04-29 13:57:57,480 [INFO] DbMcusAds:125 - Set database path to: C:\Users\thebu\.stmcufinder\plugins\mcufinder//mcu/
2024-04-29 13:57:57,480 [WARN] DbFile:41 - Overriding database path with different value: C:\Users\thebu\.stmcufinder\plugins\mcufinder/ => C:\Users\thebu\.stmcufinder\plugins\mcufinder
2024-04-29 13:57:57,480 [WARN] DbFile:41 - Overriding database path with different value: C:\Users\thebu\.stmcufinder\plugins\mcufinder/ => C:\Users\thebu\.stmcufinder\plugins\mcufinder
2024-04-29 13:57:57,480 [INFO] CrossReferenceDbSqlite:203 - Set database path to: C:\Users\thebu\.stmcufinder\plugins\mcufinder//mcu/cs/
2024-04-29 13:57:57,508 [INFO] ApplicationProperties:184 - Using Application install path: C:\ST\STM32CubeIDE_1.14.0\STM32CubeIDE\plugins\com.st.stm32cube.common.mx_6.10.0.202311202037
2024-04-29 13:57:57,511 [INFO] PluginManage:196 - Search for loadable plugins [exclusion list=, ]
2024-04-29 13:57:57,514 [INFO] PluginManage:310 - Check plugin analytics
2024-04-29 13:58:02,722 [INFO] AnalyticsPlugin:253 - Accepted Software Licenses: 
2024-04-29 13:58:02,722 [INFO] AnalyticsPlugin:255 - Accepted CMSIS Pack Licenses: 
2024-04-29 13:58:02,722 [INFO] AnalyticsPlugin:257 - Accepted Firmware Licenses: FW.L4.1.18.0
2024-04-29 13:58:02,728 [INFO] PluginManage:359 - Loaded plugin analytics (category:tool,tabindex:-1)
2024-04-29 13:58:02,729 [INFO] PluginManage:310 - Check plugin cadmodel
2024-04-29 13:58:02,746 [INFO] CADModel:105 - Init CAD model plugin
2024-04-29 13:58:02,746 [INFO] PluginManage:359 - Loaded plugin cadmodel (category:power,tabindex:5)
2024-04-29 13:58:02,746 [INFO] PluginManage:310 - Check plugin clock
2024-04-29 13:58:02,768 [INFO] PluginManage:359 - Loaded plugin clock (category:base,tabindex:2)
2024-04-29 13:58:02,768 [INFO] PluginManage:310 - Check plugin ddr
2024-04-29 13:58:02,770 [INFO] PluginManage:359 - Loaded plugin ddr (category:tool,tabindex:6)
2024-04-29 13:58:02,771 [INFO] PluginManage:310 - Check plugin filemanager
2024-04-29 13:58:02,902 [INFO] PluginManage:359 - Loaded plugin filemanager (category:base,tabindex:10)
2024-04-29 13:58:02,903 [INFO] PluginManage:310 - Check plugin ipmanager
2024-04-29 13:58:02,911 [INFO] PluginManage:359 - Loaded plugin ipmanager (category:base,tabindex:5)
2024-04-29 13:58:02,911 [INFO] PluginManage:310 - Check plugin lpbam
2024-04-29 13:58:02,932 [INFO] PluginManage:359 - Loaded plugin lpbam (category:base,tabindex:0)
2024-04-29 13:58:02,932 [INFO] PluginManage:310 - Check plugin memorymap
2024-04-29 13:58:02,956 [INFO] PluginManage:359 - Loaded plugin memorymap (category:base,tabindex:4)
2024-04-29 13:58:02,956 [INFO] PluginManage:310 - Check plugin pinoutandconfiguration
2024-04-29 13:58:02,973 [INFO] PluginManage:359 - Loaded plugin pinoutandconfiguration (category:base,tabindex:1)
2024-04-29 13:58:02,973 [INFO] PluginManage:310 - Check plugin pinoutconfig
2024-04-29 13:58:03,104 [WARN] SupportedApi:132 - Cannot load RTOS API schema: s4s-elt-must-match.1: The content of 'definitions' must match (annotation?, (simpleType | complexType)?, (unique | key | keyref)*)). A problem was found starting at: attribute.
2024-04-29 13:58:03,228 [INFO] PluginManage:359 - Loaded plugin pinoutconfig (category:base,tabindex:0)
2024-04-29 13:58:03,228 [INFO] PluginManage:310 - Check plugin power
2024-04-29 13:58:03,252 [INFO] PluginManage:359 - Loaded plugin power (category:power,tabindex:4)
2024-04-29 13:58:03,253 [INFO] PluginManage:310 - Check plugin projectmanager
2024-04-29 13:58:03,268 [INFO] PluginManage:359 - Loaded plugin projectmanager (category:projectmanager,tabindex:3)
2024-04-29 13:58:03,269 [INFO] PluginManage:310 - Check plugin thirdparty
2024-04-29 13:58:03,582 [INFO] PluginManage:359 - Loaded plugin thirdparty (category:base,tabindex:-1)
2024-04-29 13:58:03,582 [WARN] IntegrityCheckThread:84 - waiting for thirdparty lock release [integrity check]
2024-04-29 13:58:03,582 [INFO] PluginManage:310 - Check plugin tools
2024-04-29 13:58:03,582 [INFO] IntegrityCheckThread:86 - entering critical section [integrity check]
2024-04-29 13:58:03,582 [INFO] ThirdPartyUpdaterWithRetryManager:70 - Updater plugin not ready yet. [1/15]
2024-04-29 13:58:03,625 [INFO] PluginManage:359 - Loaded plugin tools (category:base,tabindex:7)
2024-04-29 13:58:03,625 [INFO] PluginManage:310 - Check plugin tutovideos
2024-04-29 13:58:03,892 [INFO] PluginManage:359 - Loaded plugin tutovideos (category:base,tabindex:-1)
2024-04-29 13:58:03,892 [INFO] PluginManage:310 - Check plugin updater
2024-04-29 13:58:03,908 [INFO] PluginManage:359 - Loaded plugin updater (category:base,tabindex:12)
2024-04-29 13:58:03,908 [INFO] PluginManage:310 - Check plugin userauth
2024-04-29 13:58:03,917 [INFO] UserAuth:114 - Init User Auth plugin
2024-04-29 13:58:03,918 [INFO] PluginManage:359 - Loaded plugin userauth (category:base,tabindex:14)
2024-04-29 13:58:03,918 [INFO] PluginManage:283 - PluginManage : Loaded plugins [17]
2024-04-29 13:58:04,184 [INFO] PinOutPanel:1499 - setPackage(No Configuration,No Configuration)
2024-04-29 13:58:04,282 [INFO] CADModel:165 - CPN selected for project level
2024-04-29 13:58:04,282 [INFO] CADModel:114 - Register for checkConnection events
2024-04-29 13:58:04,318 [INFO] IPUIPlugin:80 - create IPUIPlugin
2024-04-29 13:58:04,318 [INFO] PluginManager:220 - loadIPPluginJar : add adc
2024-04-29 13:58:04,360 [INFO] IPUIPlugin:80 - create IPUIPlugin
2024-04-29 13:58:04,361 [INFO] PluginManager:220 - loadIPPluginJar : add aes
2024-04-29 13:58:04,410 [INFO] IPUIPlugin:80 - create IPUIPlugin
2024-04-29 13:58:04,410 [INFO] PluginManager:220 - loadIPPluginJar : add can
2024-04-29 13:58:04,438 [INFO] IPUIPlugin:80 - create IPUIPlugin
2024-04-29 13:58:04,438 [INFO] PluginManager:220 - loadIPPluginJar : add comp
2024-04-29 13:58:04,480 [INFO] IPUIPlugin:80 - create IPUIPlugin
2024-04-29 13:58:04,481 [INFO] PluginManager:220 - loadIPPluginJar : add cryp
2024-04-29 13:58:04,532 [INFO] IPUIPlugin:80 - create IPUIPlugin
2024-04-29 13:58:04,532 [INFO] PluginManager:220 - loadIPPluginJar : add dfsdm
2024-04-29 13:58:04,554 [INFO] IPUIPlugin:80 - create IPUIPlugin
2024-04-29 13:58:04,555 [INFO] PluginManager:220 - loadIPPluginJar : add dma
2024-04-29 13:58:04,621 [INFO] IPUIPlugin:80 - create IPUIPlugin
2024-04-29 13:58:04,621 [INFO] PluginManager:220 - loadIPPluginJar : add dma3
2024-04-29 13:58:04,652 [INFO] IPUIPlugin:80 - create IPUIPlugin
2024-04-29 13:58:04,652 [INFO] PluginManager:220 - loadIPPluginJar : add fatfs
2024-04-29 13:58:04,708 [INFO] IPUIPlugin:80 - create IPUIPlugin
2024-04-29 13:58:04,708 [INFO] PluginManager:220 - loadIPPluginJar : add fmc
2024-04-29 13:58:04,726 [INFO] IPUIPlugin:80 - create IPUIPlugin
2024-04-29 13:58:04,727 [INFO] PluginManager:220 - loadIPPluginJar : add freertos
2024-04-29 13:58:04,753 [INFO] IPUIPlugin:80 - create IPUIPlugin
2024-04-29 13:58:04,753 [INFO] PluginManager:220 - loadIPPluginJar : add genericplugin
2024-04-29 13:58:04,869 [INFO] IPUIPlugin:80 - create IPUIPlugin
2024-04-29 13:58:04,869 [INFO] PluginManager:220 - loadIPPluginJar : add gfxmmu
2024-04-29 13:58:05,047 [INFO] IPUIPlugin:80 - create IPUIPlugin
2024-04-29 13:58:05,047 [INFO] PluginManager:220 - loadIPPluginJar : add gic
2024-04-29 13:58:05,066 [INFO] IPUIPlugin:80 - create IPUIPlugin
2024-04-29 13:58:05,066 [INFO] PluginManager:220 - loadIPPluginJar : add gpio
2024-04-29 13:58:05,177 [INFO] IPUIPlugin:80 - create IPUIPlugin
2024-04-29 13:58:05,177 [INFO] PluginManager:220 - loadIPPluginJar : add gtzc
2024-04-29 13:58:05,215 [INFO] IPUIPlugin:80 - create IPUIPlugin
2024-04-29 13:58:05,215 [INFO] PluginManager:220 - loadIPPluginJar : add hash
2024-04-29 13:58:05,274 [INFO] IPUIPlugin:80 - create IPUIPlugin
2024-04-29 13:58:05,274 [INFO] PluginManager:220 - loadIPPluginJar : add i2c
2024-04-29 13:58:05,317 [INFO] IPUIPlugin:80 - create IPUIPlugin
2024-04-29 13:58:05,317 [INFO] PluginManager:220 - loadIPPluginJar : add i2s
2024-04-29 13:58:05,365 [INFO] IPUIPlugin:80 - create IPUIPlugin
2024-04-29 13:58:05,365 [INFO] PluginManager:220 - loadIPPluginJar : add i3c
2024-04-29 13:58:05,494 [INFO] IPUIPlugin:80 - create IPUIPlugin
2024-04-29 13:58:05,495 [INFO] PluginManager:220 - loadIPPluginJar : add ipddr
2024-04-29 13:58:05,602 [INFO] IPUIPlugin:80 - create IPUIPlugin
2024-04-29 13:58:05,602 [INFO] PluginManager:220 - loadIPPluginJar : add linkedlist
2024-04-29 13:58:05,644 [INFO] IPUIPlugin:80 - create IPUIPlugin
2024-04-29 13:58:05,644 [INFO] PluginManager:220 - loadIPPluginJar : add lorawan
2024-04-29 13:58:05,689 [INFO] IPUIPlugin:80 - create IPUIPlugin
2024-04-29 13:58:05,689 [INFO] PluginManager:220 - loadIPPluginJar : add ltdc
2024-04-29 13:58:05,706 [INFO] IPUIPlugin:80 - create IPUIPlugin
2024-04-29 13:58:05,706 [INFO] PluginManager:220 - loadIPPluginJar : add mdma
2024-04-29 13:58:05,722 [INFO] IPUIPlugin:80 - create IPUIPlugin
2024-04-29 13:58:05,722 [INFO] PluginManager:220 - loadIPPluginJar : add nvic
2024-04-29 13:58:05,762 [INFO] IPUIPlugin:80 - create IPUIPlugin
2024-04-29 13:58:05,762 [INFO] PluginManager:220 - loadIPPluginJar : add opamp
2024-04-29 13:58:05,830 [INFO] IPUIPlugin:80 - create IPUIPlugin
2024-04-29 13:58:05,830 [INFO] PluginManager:220 - loadIPPluginJar : add openamp
2024-04-29 13:58:05,879 [INFO] IPUIPlugin:80 - create IPUIPlugin
2024-04-29 13:58:05,879 [INFO] PluginManager:220 - loadIPPluginJar : add pdm2pcm
2024-04-29 13:58:05,899 [INFO] IPUIPlugin:80 - create IPUIPlugin
2024-04-29 13:58:05,905 [INFO] PluginManager:220 - loadIPPluginJar : add plateformsettings
2024-04-29 13:58:05,933 [INFO] IPUIPlugin:80 - create IPUIPlugin
2024-04-29 13:58:05,933 [INFO] PluginManager:220 - loadIPPluginJar : add quadspi
2024-04-29 13:58:05,947 [INFO] IPUIPlugin:80 - create IPUIPlugin
2024-04-29 13:58:05,947 [INFO] PluginManager:220 - loadIPPluginJar : add resmgrutility
2024-04-29 13:58:05,996 [INFO] IPUIPlugin:80 - create IPUIPlugin
2024-04-29 13:58:05,996 [INFO] PluginManager:220 - loadIPPluginJar : add sai
2024-04-29 13:58:06,036 [INFO] IPUIPlugin:80 - create IPUIPlugin
2024-04-29 13:58:06,036 [INFO] PluginManager:220 - loadIPPluginJar : add spi
2024-04-29 13:58:06,114 [INFO] IPUIPlugin:80 - create IPUIPlugin
2024-04-29 13:58:06,114 [INFO] PluginManager:220 - loadIPPluginJar : add stm32_wpan
2024-04-29 13:58:06,142 [INFO] IPUIPlugin:80 - create IPUIPlugin
2024-04-29 13:58:06,143 [INFO] PluginManager:220 - loadIPPluginJar : add tim
2024-04-29 13:58:06,204 [INFO] IPUIPlugin:80 - create IPUIPlugin
2024-04-29 13:58:06,205 [INFO] PluginManager:220 - loadIPPluginJar : add touchsensing
2024-04-29 13:58:06,231 [INFO] IPUIPlugin:80 - create IPUIPlugin
2024-04-29 13:58:06,231 [INFO] PluginManager:220 - loadIPPluginJar : add tracer_emb
2024-04-29 13:58:06,264 [INFO] IPUIPlugin:80 - create IPUIPlugin
2024-04-29 13:58:06,264 [INFO] PluginManager:220 - loadIPPluginJar : add ts
2024-04-29 13:58:06,292 [INFO] IPUIPlugin:80 - create IPUIPlugin
2024-04-29 13:58:06,293 [INFO] PluginManager:220 - loadIPPluginJar : add tsc
2024-04-29 13:58:06,320 [INFO] IPUIPlugin:80 - create IPUIPlugin
2024-04-29 13:58:06,321 [INFO] PluginManager:220 - loadIPPluginJar : add ucpd
2024-04-29 13:58:06,376 [INFO] IPUIPlugin:80 - create IPUIPlugin
2024-04-29 13:58:06,377 [INFO] PluginManager:220 - loadIPPluginJar : add usart
2024-04-29 13:58:06,440 [INFO] IPUIPlugin:80 - create IPUIPlugin
2024-04-29 13:58:06,440 [INFO] PluginManager:220 - loadIPPluginJar : add usbx
2024-04-29 13:58:06,580 [INFO] CADModel:165 - CPN selected for project level
2024-04-29 13:58:06,580 [INFO] CADModel:114 - Register for checkConnection events
2024-04-29 13:58:06,580 [FATAL] Updater:308 - Updater called before beeing initialized
2024-04-29 13:58:06,580 [ERROR] CADModel:125 - Updater not yet initialized, retry later 
2024-04-29 13:58:06,584 [INFO] ThirdPartyUpdaterWithRetryManager:70 - Updater plugin not ready yet. [2/15]
2024-04-29 13:58:06,746 [INFO] CADModel:165 - CPN selected for project level
2024-04-29 13:58:06,746 [INFO] CADModel:114 - Register for checkConnection events
2024-04-29 13:58:06,746 [FATAL] Updater:308 - Updater called before beeing initialized
2024-04-29 13:58:06,746 [ERROR] CADModel:125 - Updater not yet initialized, retry later 
2024-04-29 13:58:06,750 [FATAL] Updater:308 - Updater called before beeing initialized
2024-04-29 13:58:06,879 [FATAL] Updater:308 - Updater called before beeing initialized
2024-04-29 13:58:06,920 [INFO] DbMcusAds:53 - JSON generation date=Wed Nov 29 02:52:27 PST 2023 (1701255147349)
2024-04-29 13:58:06,920 [FATAL] Updater:308 - Updater called before beeing initialized
2024-04-29 13:58:07,022 [WARN] DetailPanel:346 - Failed to get advertising image, set to default
2024-04-29 13:58:07,149 [FATAL] Updater:308 - Updater called before beeing initialized
2024-04-29 13:58:07,152 [FATAL] Updater:308 - Updater called before beeing initialized
2024-04-29 13:58:07,152 [FATAL] Updater:308 - Updater called before beeing initialized
2024-04-29 13:58:07,152 [WARN] DetailPanel:346 - Failed to get advertising image, set to default
2024-04-29 13:58:07,154 [FATAL] Updater:308 - Updater called before beeing initialized
2024-04-29 13:58:07,270 [ERROR] Updater:1120 - MainUpdater not yet initialized. External WinMGr cannot be set.
2024-04-29 13:58:07,294 [INFO] Updater:1056 - Updater Version found : 6.10.0
2024-04-29 13:58:07,335 [INFO] ApplicationProperties:184 - Using Application install path: C:\ST\STM32CubeIDE_1.14.0\STM32CubeIDE\plugins\com.st.stm32cube.common.mx_6.10.0.202311202037
2024-04-29 13:58:08,929 [ERROR] LogOutputStream:75 - [STDERR_REDIRECT] Apr 29, 2024 1:58:08 PM java.util.prefs.WindowsPreferences <init>
2024-04-29 13:58:08,930 [ERROR] LogOutputStream:75 - [STDERR_REDIRECT] WARNING: Could not open/create prefs root node Software\JavaSoft\Prefs at root 0xffffffff80000002. Windows RegCreateKeyEx(...) returned error code 5.
2024-04-29 13:58:08,932 [ERROR] LogOutputStream:75 - [STDERR_REDIRECT] 
2024-04-29 13:58:09,308 [INFO] MainUpdater:2873 - connection check result : 10
2024-04-29 13:58:09,308 [INFO] MainUpdater:3567 - Updater definition file requires update
2024-04-29 13:58:09,309 [INFO] MainUpdater:290 - Updater Check For Update Now.
2024-04-29 13:58:09,309 [INFO] MicroXplorer:498 - Change Database Version : DB.6.0.100
2024-04-29 13:58:09,325 [INFO] McuFinderGlobals:63 - Set McuFinder mode to 2 (CubeIDE integrated)
2024-04-29 13:58:09,337 [INFO] UserAuth:404 - Internet connection configuration mode: 1
2024-04-29 13:58:09,363 [INFO] JxBrowserEngine:152 - Initiate JxBrowser Engine with user profile folder
2024-04-29 13:58:09,494 [INFO] ServerAccessManage:473 - Download File updaters.zip
2024-04-29 13:58:09,584 [WARN] MainUpdater:1194 - Updater busy. Cannot search thirdparties
2024-04-29 13:58:09,584 [INFO] ThirdPartyUpdaterWithRetryManager:96 - Updater plugin is busy. [1/15]
2024-04-29 13:58:09,622 [INFO] FileExtend:240 - Unzip File : updaters.zip
2024-04-29 13:58:09,622 [INFO] FileExtend:255 - Standard Zip Deflate
2024-04-29 13:58:10,107 [INFO] ServerAccessManage:473 - Download File PacksControlFlags.xml
2024-04-29 13:58:10,249 [INFO] ServerAccessManage:473 - Download File cubemx.pidx
2024-04-29 13:58:11,463 [INFO] ServerAccessManage:473 - Download File STMicroelectronics.X-CUBE-FREERTOS.pdsc
2024-04-29 13:58:12,586 [WARN] MainUpdater:1194 - Updater busy. Cannot search thirdparties
2024-04-29 13:58:12,586 [INFO] ThirdPartyUpdaterWithRetryManager:96 - Updater plugin is busy. [2/15]
2024-04-29 13:58:13,524 [WARN] PackLoader:240 - Cannot read IP mode file for STMicroelectronics.X-CUBE-FREERTOS.1.2.0
2024-04-29 13:58:13,528 [INFO] PopulateThirdPartyThread:66 - Ending populate Thread
2024-04-29 13:58:13,529 [INFO] ThirdParty:1030 - CMSIS Pack Vendor :STMicroelectronics X-CUBE-FREERTOS 1.2.0
2024-04-29 13:58:13,530 [INFO] LoadServerUpdatesThread:375 - End of LoadServerUpdate Thread
2024-04-29 13:58:13,753 [INFO] CheckServerUpdateThread:120 - End of CheckServer Thread
2024-04-29 13:58:14,948 [INFO] WebApp:161 - Instantiating new browser for Auth
2024-04-29 13:58:16,055 [WARN] PackLoader:240 - Cannot read IP mode file for STMicroelectronics.FP-SNS-MOTENVWB1.1.4.0
2024-04-29 13:58:16,093 [WARN] PackLoader:240 - Cannot read IP mode file for STMicroelectronics.X-CUBE-SMBUS.2.1.0
2024-04-29 13:58:16,142 [WARN] PackLoader:240 - Cannot read IP mode file for STMicroelectronics.X-CUBE-TOUCHGFX.4.23.0
2024-04-29 13:58:16,175 [WARN] PackLoader:240 - Cannot read IP mode file for STMicroelectronics.X-CUBE-TOUCHGFX.4.23.2
2024-04-29 13:58:16,275 [WARN] PackLoader:240 - Cannot read IP mode file for STMicroelectronics.X-CUBE-AZRTOS-F7.1.1.0
2024-04-29 13:58:16,329 [WARN] PackLoader:240 - Cannot read IP mode file for STMicroelectronics.FP-SNS-MOTENV1.4.3.2
2024-04-29 13:58:16,344 [WARN] PackLoader:240 - Cannot read IP mode file for STMicroelectronics.FP-SNS-FLIGHT1.5.0.2
2024-04-29 13:58:16,378 [WARN] PackLoader:240 - Cannot read IP mode file for STMicroelectronics.X-CUBE-DISPLAY.3.0.0
2024-04-29 13:58:16,419 [WARN] PackLoader:240 - Cannot read IP mode file for STMicroelectronics.X-CUBE-BLE1.7.0.0
2024-04-29 13:58:16,454 [WARN] PackLoader:240 - Cannot read IP mode file for emotas.I-CUBE-CANOPEN.1.3.0
2024-04-29 13:58:16,504 [WARN] PackLoader:240 - Cannot read IP mode file for STMicroelectronics.X-CUBE-BLEMGR.3.1.0
2024-04-29 13:58:16,552 [WARN] PackLoader:240 - Cannot read IP mode file for STMicroelectronics.FP-SNS-SMARTAG2.1.2.0
2024-04-29 13:58:16,615 [INFO] LogOutputStream:77 - [STDOUT_REDIRECT] 1 : Invalid condition id : UX_CORESTACK_Condition cause : null
2024-04-29 13:58:16,617 [INFO] LogOutputStream:77 - [STDOUT_REDIRECT] 1 : Invalid condition id : UX_CORESTACK_Condition cause : null
2024-04-29 13:58:16,621 [INFO] LogOutputStream:77 - [STDOUT_REDIRECT] 1 : Invalid condition id : UX_CORESTACK_Condition cause : null
2024-04-29 13:58:16,624 [INFO] LogOutputStream:77 - [STDOUT_REDIRECT] 1 : Invalid condition id : UX_CORESTACK_Condition cause : null
2024-04-29 13:58:16,627 [INFO] LogOutputStream:77 - [STDOUT_REDIRECT] 1 : Invalid condition id : UX_CORESTACK_Condition cause : null
2024-04-29 13:58:16,634 [WARN] PackLoader:240 - Cannot read IP mode file for STMicroelectronics.X-CUBE-AZRTOS-WL.2.0.0
2024-04-29 13:58:16,661 [INFO] WebApp:780 - Register for checkConnection events
2024-04-29 13:58:16,661 [INFO] WebApp:414 - Apply proxy settings
2024-04-29 13:58:16,662 [INFO] WebApp:499 - Chromium requires no authentication
2024-04-29 13:58:16,687 [WARN] PackLoader:240 - Cannot read IP mode file for STMicroelectronics.FP-SNS-MOTENV1.5.0.0
2024-04-29 13:58:16,705 [INFO] WebApp:442 - Direct internet connection detected
2024-04-29 13:58:16,740 [WARN] PackLoader:240 - Cannot read IP mode file for WES.I-CUBE-Cesium.1.3.0
2024-04-29 13:58:16,769 [WARN] PackLoader:240 - Cannot read IP mode file for STMicroelectronics.X-CUBE-BLE2.3.3.0
2024-04-29 13:58:16,817 [WARN] PackLoader:240 - Cannot read IP mode file for STMicroelectronics.X-CUBE-TCPP.4.1.0
2024-04-29 13:58:16,856 [WARN] PackLoader:240 - Cannot read IP mode file for STMicroelectronics.X-CUBE-ALGOBUILD.1.3.0
2024-04-29 13:58:16,951 [WARN] PackLoader:240 - Cannot read IP mode file for STMicroelectronics.X-CUBE-AZRTOS-G0.1.1.0
2024-04-29 13:58:17,011 [WARN] PackLoader:240 - Cannot read IP mode file for STMicroelectronics.X-CUBE-SAFEA1.1.2.2
2024-04-29 13:58:17,041 [WARN] PackLoader:240 - Cannot read IP mode file for STMicroelectronics.X-CUBE-NFC4.3.0.0
2024-04-29 13:58:17,078 [WARN] PackLoader:240 - Cannot read IP mode file for STMicroelectronics.X-CUBE-BLEMGR.3.0.0
2024-04-29 13:58:17,090 [WARN] PackLoader:240 - Cannot read IP mode file for STMicroelectronics.FP-ATR-SIGFOX1.3.2.0
2024-04-29 13:58:17,119 [WARN] PackLoader:240 - Cannot read IP mode file for STMicroelectronics.X-CUBE-EEPRMA1.5.1.0
2024-04-29 13:58:17,215 [WARN] PackLoader:240 - Cannot read IP mode file for SEGGER.I-CUBE-embOS.1.3.1
2024-04-29 13:58:17,215 [INFO] WebApp:192 - Starting web application
2024-04-29 13:58:17,216 [INFO] WebApp:544 - Web application path used C:\ST\STM32CubeIDE_1.14.0\STM32CubeIDE\plugins\com.st.stm32cube.common.mx_6.10.0.202311202037\db\plugins\mcufinder\reactClient1\index.html
2024-04-29 13:58:17,230 [ERROR] LogOutputStream:75 - [STDERR_REDIRECT] SLF4J: Failed to load class "org.slf4j.impl.StaticLoggerBinder".
2024-04-29 13:58:17,233 [ERROR] LogOutputStream:75 - [STDERR_REDIRECT] SLF4J: Defaulting to no-operation (NOP) logger implementation
2024-04-29 13:58:17,235 [ERROR] LogOutputStream:75 - [STDERR_REDIRECT] SLF4J: See http://www.slf4j.org/codes.html#StaticLoggerBinder for further details.
2024-04-29 13:58:17,352 [WARN] PackLoader:240 - Cannot read IP mode file for STMicroelectronics.X-CUBE-GNSS1.6.0.0
2024-04-29 13:58:17,445 [WARN] PackLoader:240 - Cannot read IP mode file for STMicroelectronics.X-CUBE-AZRTOS-F4.1.1.0
2024-04-29 13:58:17,464 [WARN] PackLoader:240 - Cannot read IP mode file for STMicroelectronics.X-CUBE-FREERTOS.1.2.0
2024-04-29 13:58:17,499 [WARN] PackLoader:240 - Cannot read IP mode file for wolfSSL.I-CUBE-wolfSSL.5.6.6
2024-04-29 13:58:17,585 [WARN] PackLoader:240 - Cannot read IP mode file for STMicroelectronics.X-CUBE-AZRTOS-L5.2.0.0
2024-04-29 13:58:17,639 [WARN] PackLoader:240 - Cannot read IP mode file for STMicroelectronics.X-CUBE-EEPRMA1.4.2.0
2024-04-29 13:58:17,683 [WARN] PackLoader:240 - Cannot read IP mode file for STMicroelectronics.X-CUBE-NFC6.3.1.0
2024-04-29 13:58:17,755 [WARN] PackLoader:240 - Cannot read IP mode file for ITTIA_DB.I-CUBE-ITTIADB.8.8.0
2024-04-29 13:58:17,832 [WARN] PackLoader:240 - Cannot read IP mode file for STMicroelectronics.X-CUBE-AI.9.0.0
2024-04-29 13:58:17,875 [WARN] PackLoader:240 - Cannot read IP mode file for STMicroelectronics.X-CUBE-NFC7.1.0.1
2024-04-29 13:58:17,916 [WARN] PackLoader:240 - Cannot read IP mode file for STMicroelectronics.X-CUBE-NFC6.3.0.0
2024-04-29 13:58:17,945 [WARN] PackLoader:240 - Cannot read IP mode file for STMicroelectronics.X-CUBE-AI.8.1.0
2024-04-29 13:58:18,007 [WARN] ConditionMgr:438 - getConditionDescription Invalid condition id : LAN8742 Phy interface Condition cause : null
2024-04-29 13:58:18,009 [WARN] PackLoader:240 - Cannot read IP mode file for STMicroelectronics.X-CUBE-AZRTOS-L4.2.0.0
2024-04-29 13:58:18,011 [WARN] ConditionMgr:1039 - genDependencies : Invalid condition id : LAN8742 Phy interface Condition cause : null
2024-04-29 13:58:18,011 [WARN] ConditionMgr:1039 - genDependencies : Invalid condition id : LAN8742 Phy interface Condition cause : null
2024-04-29 13:58:18,012 [WARN] ConditionMgr:1039 - genDependencies : Invalid condition id : LAN8742 Phy interface Condition cause : null
2024-04-29 13:58:18,045 [WARN] PackLoader:240 - Cannot read IP mode file for STMicroelectronics.X-CUBE-SFXS2LP1.4.0.0
2024-04-29 13:58:18,091 [WARN] ConditionMgr:438 - getConditionDescription Invalid condition id : UX DEVICE CLASS RTOS Condition cause : null
2024-04-29 13:58:18,092 [WARN] ConditionMgr:438 - getConditionDescription Invalid condition id : UX DEVICE CLASS RTOS Condition cause : null
2024-04-29 13:58:18,096 [WARN] PackLoader:240 - Cannot read IP mode file for STMicroelectronics.X-CUBE-AZRTOS-WB.2.0.0
2024-04-29 13:58:18,097 [WARN] ConditionMgr:1039 - genDependencies : Invalid condition id : UX DEVICE CLASS RTOS Condition cause : null
2024-04-29 13:58:18,098 [WARN] ConditionMgr:1039 - genDependencies : Invalid condition id : UX DEVICE CLASS RTOS Condition cause : null
2024-04-29 13:58:18,099 [WARN] ConditionMgr:1039 - genDependencies : Invalid condition id : UX DEVICE CLASS RTOS Condition cause : null
2024-04-29 13:58:18,099 [WARN] ConditionMgr:1039 - genDependencies : Invalid condition id : UX DEVICE CLASS RTOS Condition cause : null
2024-04-29 13:58:18,099 [WARN] ConditionMgr:1039 - genDependencies : Invalid condition id : UX DEVICE CLASS RTOS Condition cause : null
2024-04-29 13:58:18,135 [WARN] PackLoader:240 - Cannot read IP mode file for STMicroelectronics.X-CUBE-SUBG2.5.0.0
2024-04-29 13:58:18,190 [WARN] PackLoader:240 - Cannot read IP mode file for STMicroelectronics.X-CUBE-AZRTOS-G4.2.0.0
2024-04-29 13:58:18,233 [WARN] PackLoader:240 - Cannot read IP mode file for Infineon.AIROC-Wi-Fi-Bluetooth-STM32.1.5.1
2024-04-29 13:58:18,259 [WARN] PackLoader:240 - Cannot read IP mode file for STMicroelectronics.FP-SNS-MOTENVWB1.1.3.1
2024-04-29 13:58:18,280 [WARN] PackLoader:240 - Cannot read IP mode file for STMicroelectronics.X-CUBE-ISPU.2.0.0
2024-04-29 13:58:18,377 [WARN] PackLoader:240 - Cannot read IP mode file for STMicroelectronics.X-CUBE-MEMS1.10.0.0
2024-04-29 13:58:18,659 [WARN] PackLoader:240 - Cannot read IP mode file for STMicroelectronics.X-CUBE-FREERTOS.1.1.0
2024-04-29 13:58:18,689 [WARN] PackLoader:240 - Cannot read IP mode file for portGmbH.I-Cube-SoM-uGOAL.1.1.0
2024-04-29 13:58:18,718 [WARN] PackLoader:240 - Cannot read IP mode file for STMicroelectronics.X-CUBE-ALS.1.0.1
2024-04-29 13:58:18,784 [WARN] PackLoader:240 - Cannot read IP mode file for STMicroelectronics.X-CUBE-AZRTOS-H7RS.1.0.0
2024-04-29 13:58:18,815 [WARN] PackLoader:240 - Cannot read IP mode file for STMicroelectronics.FP-ATR-ASTRA1.2.0.0
2024-04-29 13:58:18,858 [WARN] PackLoader:240 - Cannot read IP mode file for STMicroelectronics.X-CUBE-TOF1.3.4.0
2024-04-29 13:58:18,924 [WARN] PackLoader:240 - Cannot read IP mode file for STMicroelectronics.X-CUBE-TOF1.3.4.1
2024-04-29 13:58:19,165 [WARN] PackLoader:240 - Cannot read IP mode file for STMicroelectronics.X-CUBE-AZRTOS-H7.3.2.0
2024-04-29 13:58:19,172 [INFO] ThirdParty:978 - Integrity check success = true
2024-04-29 13:58:19,174 [INFO] IntegrityCheckThread:100 - exiting critical section [integrity check]
2024-04-29 13:58:19,174 [INFO] IntegrityCheckThread:103 - End integrity checks thread
2024-04-29 14:07:11,484 [ERROR] LogOutputStream:75 - [STDERR_REDIRECT] 
2024-04-29 14:07:11,488 [ERROR] LogOutputStream:75 - [STDERR_REDIRECT] 
2024-04-29 14:07:29,360 [INFO] Activator:176 - 


2024-04-29 14:07:29,363 [INFO] Activator:177 - !SESSION log4j initialized
2024-04-29 14:07:36,109 [INFO] LogOutputStream:77 - [STDOUT_REDIRECT] 
2024-04-29 14:07:42,417 [INFO] ApplicationProperties:184 - Using Application install path: C:\ST\STM32CubeIDE_1.14.0\STM32CubeIDE\plugins\com.st.stm32cube.common.mx_6.10.0.202311202037
2024-04-29 14:07:42,442 [INFO] DbMcusXml:78 - Set database path to: C:\ST\STM32CubeIDE_1.14.0\STM32CubeIDE\plugins\com.st.stm32cube.common.mx_6.10.0.202311202037\\db\/mcu/
2024-04-29 14:07:42,443 [INFO] ApiDb:274 - Set plugin database path to: C:\ST\STM32CubeIDE_1.14.0\STM32CubeIDE\plugins\com.st.stm32cube.common.mx_6.10.0.202311202037\\db\/plugins/boardmanager/
2024-04-29 14:07:42,443 [WARN] ApiDb:259 - Overriding images path with different value:  => C:\ST\STM32CubeIDE_1.14.0\STM32CubeIDE\plugins\com.st.stm32cube.common.mx_6.10.0.202311202037\\db\/plugins/mcufinder/images/
2024-04-29 14:07:42,449 [INFO] ApiDb:250 - Set database path to: C:\Users\thebu\.stmcufinder\plugins\mcufinder//mcu/
2024-04-29 14:07:42,451 [INFO] DbMcusAds:125 - Set database path to: C:\Users\thebu\.stmcufinder\plugins\mcufinder//mcu/
2024-04-29 14:07:42,453 [INFO] CrossReferenceDbSqlite:203 - Set database path to: C:\Users\thebu\.stmcufinder\plugins\mcufinder//mcu/cs/
2024-04-29 14:07:42,623 [INFO] RulesReader:64 - Compatibility file has been processed (297 Rules)
2024-04-29 14:07:42,744 [INFO] DbMcusXml:78 - Set database path to: C:\ST\STM32CubeIDE_1.14.0\STM32CubeIDE\plugins\com.st.stm32cube.common.mx_6.10.0.202311202037\\db\/mcu/
2024-04-29 14:07:42,744 [INFO] ApiDb:274 - Set plugin database path to: C:\ST\STM32CubeIDE_1.14.0\STM32CubeIDE\plugins\com.st.stm32cube.common.mx_6.10.0.202311202037\\db\/plugins/boardmanager/
2024-04-29 14:07:42,744 [INFO] ApiDb:261 - Set plugin images path to: C:\ST\STM32CubeIDE_1.14.0\STM32CubeIDE\plugins\com.st.stm32cube.common.mx_6.10.0.202311202037\\db\/plugins/mcufinder/images/
2024-04-29 14:07:42,745 [WARN] DbFile:41 - Overriding database path with different value: C:\Users\thebu\.stmcufinder\plugins\mcufinder/ => C:\Users\thebu\.stmcufinder\plugins\mcufinder
2024-04-29 14:07:42,745 [INFO] ApiDb:250 - Set database path to: C:\Users\thebu\.stmcufinder\plugins\mcufinder//mcu/
2024-04-29 14:07:42,745 [WARN] DbFile:41 - Overriding database path with different value: C:\Users\thebu\.stmcufinder\plugins\mcufinder/ => C:\Users\thebu\.stmcufinder\plugins\mcufinder
2024-04-29 14:07:42,745 [INFO] DbMcusAds:125 - Set database path to: C:\Users\thebu\.stmcufinder\plugins\mcufinder//mcu/
2024-04-29 14:07:42,746 [WARN] DbFile:41 - Overriding database path with different value: C:\Users\thebu\.stmcufinder\plugins\mcufinder/ => C:\Users\thebu\.stmcufinder\plugins\mcufinder
2024-04-29 14:07:42,746 [WARN] DbFile:41 - Overriding database path with different value: C:\Users\thebu\.stmcufinder\plugins\mcufinder/ => C:\Users\thebu\.stmcufinder\plugins\mcufinder
2024-04-29 14:07:42,746 [INFO] CrossReferenceDbSqlite:203 - Set database path to: C:\Users\thebu\.stmcufinder\plugins\mcufinder//mcu/cs/
2024-04-29 14:07:42,854 [INFO] MainPanel:264 - HeapMemory: 268435456
2024-04-29 14:07:42,973 [INFO] DbMcusXml:78 - Set database path to: C:\ST\STM32CubeIDE_1.14.0\STM32CubeIDE\plugins\com.st.stm32cube.common.mx_6.10.0.202311202037\\db\/mcu/
2024-04-29 14:07:42,973 [INFO] ApiDb:274 - Set plugin database path to: C:\ST\STM32CubeIDE_1.14.0\STM32CubeIDE\plugins\com.st.stm32cube.common.mx_6.10.0.202311202037\\db\/plugins/boardmanager/
2024-04-29 14:07:42,973 [INFO] ApiDb:261 - Set plugin images path to: C:\ST\STM32CubeIDE_1.14.0\STM32CubeIDE\plugins\com.st.stm32cube.common.mx_6.10.0.202311202037\\db\/plugins/mcufinder/images/
2024-04-29 14:07:42,974 [WARN] DbFile:41 - Overriding database path with different value: C:\Users\thebu\.stmcufinder\plugins\mcufinder/ => C:\Users\thebu\.stmcufinder\plugins\mcufinder
2024-04-29 14:07:42,974 [INFO] ApiDb:250 - Set database path to: C:\Users\thebu\.stmcufinder\plugins\mcufinder//mcu/
2024-04-29 14:07:42,974 [WARN] DbFile:41 - Overriding database path with different value: C:\Users\thebu\.stmcufinder\plugins\mcufinder/ => C:\Users\thebu\.stmcufinder\plugins\mcufinder
2024-04-29 14:07:42,974 [INFO] DbMcusAds:125 - Set database path to: C:\Users\thebu\.stmcufinder\plugins\mcufinder//mcu/
2024-04-29 14:07:42,974 [WARN] DbFile:41 - Overriding database path with different value: C:\Users\thebu\.stmcufinder\plugins\mcufinder/ => C:\Users\thebu\.stmcufinder\plugins\mcufinder
2024-04-29 14:07:42,974 [WARN] DbFile:41 - Overriding database path with different value: C:\Users\thebu\.stmcufinder\plugins\mcufinder/ => C:\Users\thebu\.stmcufinder\plugins\mcufinder
2024-04-29 14:07:42,974 [INFO] CrossReferenceDbSqlite:203 - Set database path to: C:\Users\thebu\.stmcufinder\plugins\mcufinder//mcu/cs/
2024-04-29 14:07:42,996 [INFO] ApplicationProperties:184 - Using Application install path: C:\ST\STM32CubeIDE_1.14.0\STM32CubeIDE\plugins\com.st.stm32cube.common.mx_6.10.0.202311202037
2024-04-29 14:07:42,998 [INFO] PluginManage:196 - Search for loadable plugins [exclusion list=, ]
2024-04-29 14:07:42,999 [INFO] PluginManage:310 - Check plugin analytics
2024-04-29 14:07:48,136 [INFO] AnalyticsPlugin:253 - Accepted Software Licenses: 
2024-04-29 14:07:48,136 [INFO] AnalyticsPlugin:255 - Accepted CMSIS Pack Licenses: 
2024-04-29 14:07:48,136 [INFO] AnalyticsPlugin:257 - Accepted Firmware Licenses: FW.L4.1.18.0
2024-04-29 14:07:48,140 [INFO] PluginManage:359 - Loaded plugin analytics (category:tool,tabindex:-1)
2024-04-29 14:07:48,140 [INFO] PluginManage:310 - Check plugin cadmodel
2024-04-29 14:07:48,143 [INFO] CADModel:105 - Init CAD model plugin
2024-04-29 14:07:48,143 [INFO] PluginManage:359 - Loaded plugin cadmodel (category:power,tabindex:5)
2024-04-29 14:07:48,143 [INFO] PluginManage:310 - Check plugin clock
2024-04-29 14:07:48,150 [INFO] PluginManage:359 - Loaded plugin clock (category:base,tabindex:2)
2024-04-29 14:07:48,150 [INFO] PluginManage:310 - Check plugin ddr
2024-04-29 14:07:48,152 [INFO] PluginManage:359 - Loaded plugin ddr (category:tool,tabindex:6)
2024-04-29 14:07:48,152 [INFO] PluginManage:310 - Check plugin filemanager
2024-04-29 14:07:48,273 [INFO] PluginManage:359 - Loaded plugin filemanager (category:base,tabindex:10)
2024-04-29 14:07:48,273 [INFO] PluginManage:310 - Check plugin ipmanager
2024-04-29 14:07:48,280 [INFO] PluginManage:359 - Loaded plugin ipmanager (category:base,tabindex:5)
2024-04-29 14:07:48,280 [INFO] PluginManage:310 - Check plugin lpbam
2024-04-29 14:07:48,287 [INFO] PluginManage:359 - Loaded plugin lpbam (category:base,tabindex:0)
2024-04-29 14:07:48,287 [INFO] PluginManage:310 - Check plugin memorymap
2024-04-29 14:07:48,304 [INFO] PluginManage:359 - Loaded plugin memorymap (category:base,tabindex:4)
2024-04-29 14:07:48,305 [INFO] PluginManage:310 - Check plugin pinoutandconfiguration
2024-04-29 14:07:48,310 [INFO] PluginManage:359 - Loaded plugin pinoutandconfiguration (category:base,tabindex:1)
2024-04-29 14:07:48,310 [INFO] PluginManage:310 - Check plugin pinoutconfig
2024-04-29 14:07:48,388 [WARN] SupportedApi:132 - Cannot load RTOS API schema: s4s-elt-must-match.1: The content of 'definitions' must match (annotation?, (simpleType | complexType)?, (unique | key | keyref)*)). A problem was found starting at: attribute.
2024-04-29 14:07:48,520 [INFO] PluginManage:359 - Loaded plugin pinoutconfig (category:base,tabindex:0)
2024-04-29 14:07:48,520 [INFO] PluginManage:310 - Check plugin power
2024-04-29 14:07:48,530 [INFO] PluginManage:359 - Loaded plugin power (category:power,tabindex:4)
2024-04-29 14:07:48,530 [INFO] PluginManage:310 - Check plugin projectmanager
2024-04-29 14:07:48,547 [INFO] PluginManage:359 - Loaded plugin projectmanager (category:projectmanager,tabindex:3)
2024-04-29 14:07:48,547 [INFO] PluginManage:310 - Check plugin thirdparty
2024-04-29 14:07:48,665 [INFO] PluginManage:359 - Loaded plugin thirdparty (category:base,tabindex:-1)
2024-04-29 14:07:48,665 [WARN] IntegrityCheckThread:84 - waiting for thirdparty lock release [integrity check]
2024-04-29 14:07:48,665 [INFO] IntegrityCheckThread:86 - entering critical section [integrity check]
2024-04-29 14:07:48,666 [INFO] PluginManage:310 - Check plugin tools
2024-04-29 14:07:48,666 [INFO] ThirdPartyUpdaterWithRetryManager:70 - Updater plugin not ready yet. [1/15]
2024-04-29 14:07:48,668 [INFO] PluginManage:359 - Loaded plugin tools (category:base,tabindex:7)
2024-04-29 14:07:48,668 [INFO] PluginManage:310 - Check plugin tutovideos
2024-04-29 14:07:48,907 [INFO] PluginManage:359 - Loaded plugin tutovideos (category:base,tabindex:-1)
2024-04-29 14:07:48,907 [INFO] PluginManage:310 - Check plugin updater
2024-04-29 14:07:48,920 [INFO] PluginManage:359 - Loaded plugin updater (category:base,tabindex:12)
2024-04-29 14:07:48,920 [INFO] PluginManage:310 - Check plugin userauth
2024-04-29 14:07:48,925 [INFO] UserAuth:114 - Init User Auth plugin
2024-04-29 14:07:48,925 [INFO] PluginManage:359 - Loaded plugin userauth (category:base,tabindex:14)
2024-04-29 14:07:48,926 [INFO] PluginManage:283 - PluginManage : Loaded plugins [17]
2024-04-29 14:07:49,151 [INFO] PinOutPanel:1499 - setPackage(No Configuration,No Configuration)
2024-04-29 14:07:49,223 [INFO] CADModel:165 - CPN selected for project level
2024-04-29 14:07:49,223 [INFO] CADModel:114 - Register for checkConnection events
2024-04-29 14:07:49,237 [INFO] IPUIPlugin:80 - create IPUIPlugin
2024-04-29 14:07:49,238 [INFO] PluginManager:220 - loadIPPluginJar : add adc
2024-04-29 14:07:49,240 [INFO] IPUIPlugin:80 - create IPUIPlugin
2024-04-29 14:07:49,240 [INFO] PluginManager:220 - loadIPPluginJar : add aes
2024-04-29 14:07:49,241 [INFO] IPUIPlugin:80 - create IPUIPlugin
2024-04-29 14:07:49,241 [INFO] PluginManager:220 - loadIPPluginJar : add can
2024-04-29 14:07:49,243 [INFO] IPUIPlugin:80 - create IPUIPlugin
2024-04-29 14:07:49,243 [INFO] PluginManager:220 - loadIPPluginJar : add comp
2024-04-29 14:07:49,244 [INFO] IPUIPlugin:80 - create IPUIPlugin
2024-04-29 14:07:49,244 [INFO] PluginManager:220 - loadIPPluginJar : add cryp
2024-04-29 14:07:49,246 [INFO] IPUIPlugin:80 - create IPUIPlugin
2024-04-29 14:07:49,246 [INFO] PluginManager:220 - loadIPPluginJar : add dfsdm
2024-04-29 14:07:49,250 [INFO] IPUIPlugin:80 - create IPUIPlugin
2024-04-29 14:07:49,251 [INFO] PluginManager:220 - loadIPPluginJar : add dma
2024-04-29 14:07:49,252 [INFO] IPUIPlugin:80 - create IPUIPlugin
2024-04-29 14:07:49,253 [INFO] PluginManager:220 - loadIPPluginJar : add dma3
2024-04-29 14:07:49,253 [INFO] IPUIPlugin:80 - create IPUIPlugin
2024-04-29 14:07:49,254 [INFO] PluginManager:220 - loadIPPluginJar : add fatfs
2024-04-29 14:07:49,257 [INFO] IPUIPlugin:80 - create IPUIPlugin
2024-04-29 14:07:49,258 [INFO] PluginManager:220 - loadIPPluginJar : add fmc
2024-04-29 14:07:49,262 [INFO] IPUIPlugin:80 - create IPUIPlugin
2024-04-29 14:07:49,262 [INFO] PluginManager:220 - loadIPPluginJar : add freertos
2024-04-29 14:07:49,263 [INFO] IPUIPlugin:80 - create IPUIPlugin
2024-04-29 14:07:49,263 [INFO] PluginManager:220 - loadIPPluginJar : add genericplugin
2024-04-29 14:07:49,265 [INFO] IPUIPlugin:80 - create IPUIPlugin
2024-04-29 14:07:49,266 [INFO] PluginManager:220 - loadIPPluginJar : add gfxmmu
2024-04-29 14:07:49,269 [INFO] IPUIPlugin:80 - create IPUIPlugin
2024-04-29 14:07:49,270 [INFO] PluginManager:220 - loadIPPluginJar : add gic
2024-04-29 14:07:49,273 [INFO] IPUIPlugin:80 - create IPUIPlugin
2024-04-29 14:07:49,273 [INFO] PluginManager:220 - loadIPPluginJar : add gpio
2024-04-29 14:07:49,275 [INFO] IPUIPlugin:80 - create IPUIPlugin
2024-04-29 14:07:49,275 [INFO] PluginManager:220 - loadIPPluginJar : add gtzc
2024-04-29 14:07:49,277 [INFO] IPUIPlugin:80 - create IPUIPlugin
2024-04-29 14:07:49,277 [INFO] PluginManager:220 - loadIPPluginJar : add hash
2024-04-29 14:07:49,279 [INFO] IPUIPlugin:80 - create IPUIPlugin
2024-04-29 14:07:49,279 [INFO] PluginManager:220 - loadIPPluginJar : add i2c
2024-04-29 14:07:49,281 [INFO] IPUIPlugin:80 - create IPUIPlugin
2024-04-29 14:07:49,281 [INFO] PluginManager:220 - loadIPPluginJar : add i2s
2024-04-29 14:07:49,283 [INFO] IPUIPlugin:80 - create IPUIPlugin
2024-04-29 14:07:49,283 [INFO] PluginManager:220 - loadIPPluginJar : add i3c
2024-04-29 14:07:49,286 [INFO] IPUIPlugin:80 - create IPUIPlugin
2024-04-29 14:07:49,286 [INFO] PluginManager:220 - loadIPPluginJar : add ipddr
2024-04-29 14:07:49,293 [INFO] IPUIPlugin:80 - create IPUIPlugin
2024-04-29 14:07:49,293 [INFO] PluginManager:220 - loadIPPluginJar : add linkedlist
2024-04-29 14:07:49,296 [INFO] IPUIPlugin:80 - create IPUIPlugin
2024-04-29 14:07:49,296 [INFO] PluginManager:220 - loadIPPluginJar : add lorawan
2024-04-29 14:07:49,297 [INFO] IPUIPlugin:80 - create IPUIPlugin
2024-04-29 14:07:49,297 [INFO] PluginManager:220 - loadIPPluginJar : add ltdc
2024-04-29 14:07:49,302 [INFO] IPUIPlugin:80 - create IPUIPlugin
2024-04-29 14:07:49,302 [INFO] PluginManager:220 - loadIPPluginJar : add mdma
2024-04-29 14:07:49,305 [INFO] IPUIPlugin:80 - create IPUIPlugin
2024-04-29 14:07:49,305 [INFO] PluginManager:220 - loadIPPluginJar : add nvic
2024-04-29 14:07:49,308 [INFO] IPUIPlugin:80 - create IPUIPlugin
2024-04-29 14:07:49,308 [INFO] PluginManager:220 - loadIPPluginJar : add opamp
2024-04-29 14:07:49,310 [INFO] IPUIPlugin:80 - create IPUIPlugin
2024-04-29 14:07:49,311 [INFO] PluginManager:220 - loadIPPluginJar : add openamp
2024-04-29 14:07:49,314 [INFO] IPUIPlugin:80 - create IPUIPlugin
2024-04-29 14:07:49,314 [INFO] PluginManager:220 - loadIPPluginJar : add pdm2pcm
2024-04-29 14:07:49,319 [INFO] IPUIPlugin:80 - create IPUIPlugin
2024-04-29 14:07:49,322 [INFO] PluginManager:220 - loadIPPluginJar : add plateformsettings
2024-04-29 14:07:49,324 [INFO] IPUIPlugin:80 - create IPUIPlugin
2024-04-29 14:07:49,324 [INFO] PluginManager:220 - loadIPPluginJar : add quadspi
2024-04-29 14:07:49,327 [INFO] IPUIPlugin:80 - create IPUIPlugin
2024-04-29 14:07:49,327 [INFO] PluginManager:220 - loadIPPluginJar : add resmgrutility
2024-04-29 14:07:49,329 [INFO] IPUIPlugin:80 - create IPUIPlugin
2024-04-29 14:07:49,329 [INFO] PluginManager:220 - loadIPPluginJar : add sai
2024-04-29 14:07:49,332 [INFO] IPUIPlugin:80 - create IPUIPlugin
2024-04-29 14:07:49,332 [INFO] PluginManager:220 - loadIPPluginJar : add spi
2024-04-29 14:07:49,336 [INFO] IPUIPlugin:80 - create IPUIPlugin
2024-04-29 14:07:49,336 [INFO] PluginManager:220 - loadIPPluginJar : add stm32_wpan
2024-04-29 14:07:49,337 [INFO] IPUIPlugin:80 - create IPUIPlugin
2024-04-29 14:07:49,338 [INFO] PluginManager:220 - loadIPPluginJar : add tim
2024-04-29 14:07:49,340 [INFO] IPUIPlugin:80 - create IPUIPlugin
2024-04-29 14:07:49,340 [INFO] PluginManager:220 - loadIPPluginJar : add touchsensing
2024-04-29 14:07:49,342 [INFO] IPUIPlugin:80 - create IPUIPlugin
2024-04-29 14:07:49,342 [INFO] PluginManager:220 - loadIPPluginJar : add tracer_emb
2024-04-29 14:07:49,344 [INFO] IPUIPlugin:80 - create IPUIPlugin
2024-04-29 14:07:49,344 [INFO] PluginManager:220 - loadIPPluginJar : add ts
2024-04-29 14:07:49,346 [INFO] IPUIPlugin:80 - create IPUIPlugin
2024-04-29 14:07:49,346 [INFO] PluginManager:220 - loadIPPluginJar : add tsc
2024-04-29 14:07:49,347 [INFO] IPUIPlugin:80 - create IPUIPlugin
2024-04-29 14:07:49,347 [INFO] PluginManager:220 - loadIPPluginJar : add ucpd
2024-04-29 14:07:49,349 [INFO] IPUIPlugin:80 - create IPUIPlugin
2024-04-29 14:07:49,349 [INFO] PluginManager:220 - loadIPPluginJar : add usart
2024-04-29 14:07:49,352 [INFO] IPUIPlugin:80 - create IPUIPlugin
2024-04-29 14:07:49,352 [INFO] PluginManager:220 - loadIPPluginJar : add usbx
2024-04-29 14:07:49,477 [INFO] CADModel:165 - CPN selected for project level
2024-04-29 14:07:49,477 [INFO] CADModel:114 - Register for checkConnection events
2024-04-29 14:07:49,478 [FATAL] Updater:308 - Updater called before beeing initialized
2024-04-29 14:07:49,478 [ERROR] CADModel:125 - Updater not yet initialized, retry later 
2024-04-29 14:07:49,660 [INFO] CADModel:165 - CPN selected for project level
2024-04-29 14:07:49,660 [INFO] CADModel:114 - Register for checkConnection events
2024-04-29 14:07:49,660 [FATAL] Updater:308 - Updater called before beeing initialized
2024-04-29 14:07:49,660 [ERROR] CADModel:125 - Updater not yet initialized, retry later 
2024-04-29 14:07:49,664 [FATAL] Updater:308 - Updater called before beeing initialized
2024-04-29 14:07:49,777 [FATAL] Updater:308 - Updater called before beeing initialized
2024-04-29 14:07:49,780 [INFO] DbMcusAds:53 - JSON generation date=Wed Nov 29 02:52:27 PST 2023 (1701255147349)
2024-04-29 14:07:49,781 [FATAL] Updater:308 - Updater called before beeing initialized
2024-04-29 14:07:49,828 [WARN] DetailPanel:346 - Failed to get advertising image, set to default
2024-04-29 14:07:49,933 [FATAL] Updater:308 - Updater called before beeing initialized
2024-04-29 14:07:49,935 [FATAL] Updater:308 - Updater called before beeing initialized
2024-04-29 14:07:49,935 [FATAL] Updater:308 - Updater called before beeing initialized
2024-04-29 14:07:49,935 [WARN] DetailPanel:346 - Failed to get advertising image, set to default
2024-04-29 14:07:49,936 [FATAL] Updater:308 - Updater called before beeing initialized
2024-04-29 14:07:49,987 [ERROR] Updater:1120 - MainUpdater not yet initialized. External WinMGr cannot be set.
2024-04-29 14:07:49,989 [INFO] Updater:1056 - Updater Version found : 6.10.0
2024-04-29 14:07:50,009 [INFO] ApplicationProperties:184 - Using Application install path: C:\ST\STM32CubeIDE_1.14.0\STM32CubeIDE\plugins\com.st.stm32cube.common.mx_6.10.0.202311202037
2024-04-29 14:07:51,586 [ERROR] LogOutputStream:75 - [STDERR_REDIRECT] Apr 29, 2024 2:07:51 PM java.util.prefs.WindowsPreferences <init>
2024-04-29 14:07:51,587 [ERROR] LogOutputStream:75 - [STDERR_REDIRECT] WARNING: Could not open/create prefs root node Software\JavaSoft\Prefs at root 0xffffffff80000002. Windows RegCreateKeyEx(...) returned error code 5.
2024-04-29 14:07:51,587 [ERROR] LogOutputStream:75 - [STDERR_REDIRECT] 
2024-04-29 14:07:51,666 [INFO] ThirdPartyUpdaterWithRetryManager:70 - Updater plugin not ready yet. [2/15]
2024-04-29 14:07:52,004 [INFO] MainUpdater:2873 - connection check result : 10
2024-04-29 14:07:52,004 [INFO] MainUpdater:290 - Updater Check For Update Now.
2024-04-29 14:07:52,004 [INFO] MicroXplorer:498 - Change Database Version : DB.6.0.100
2024-04-29 14:07:52,009 [INFO] McuFinderGlobals:63 - Set McuFinder mode to 2 (CubeIDE integrated)
2024-04-29 14:07:52,015 [INFO] UserAuth:404 - Internet connection configuration mode: 1
2024-04-29 14:07:52,034 [INFO] JxBrowserEngine:152 - Initiate JxBrowser Engine with user profile folder
2024-04-29 14:07:52,179 [INFO] CheckServerUpdateThread:120 - End of CheckServer Thread
2024-04-29 14:07:52,769 [INFO] WebApp:161 - Instantiating new browser for Auth
2024-04-29 14:07:53,876 [INFO] WebApp:780 - Register for checkConnection events
2024-04-29 14:07:53,876 [INFO] WebApp:414 - Apply proxy settings
2024-04-29 14:07:53,877 [INFO] WebApp:499 - Chromium requires no authentication
2024-04-29 14:07:53,888 [INFO] WebApp:442 - Direct internet connection detected
2024-04-29 14:07:54,100 [INFO] WebApp:192 - Starting web application
2024-04-29 14:07:54,100 [INFO] WebApp:544 - Web application path used C:\ST\STM32CubeIDE_1.14.0\STM32CubeIDE\plugins\com.st.stm32cube.common.mx_6.10.0.202311202037\db\plugins\mcufinder\reactClient1\index.html
2024-04-29 14:07:54,818 [WARN] PackLoader:240 - Cannot read IP mode file for STMicroelectronics.FP-SNS-MOTENVWB1.1.4.0
2024-04-29 14:07:54,828 [WARN] PackLoader:240 - Cannot read IP mode file for STMicroelectronics.X-CUBE-SMBUS.2.1.0
2024-04-29 14:07:54,834 [WARN] PackLoader:240 - Cannot read IP mode file for STMicroelectronics.X-CUBE-TOUCHGFX.4.23.0
2024-04-29 14:07:54,837 [WARN] PackLoader:240 - Cannot read IP mode file for STMicroelectronics.X-CUBE-TOUCHGFX.4.23.2
2024-04-29 14:07:54,871 [WARN] PackLoader:240 - Cannot read IP mode file for STMicroelectronics.X-CUBE-AZRTOS-F7.1.1.0
2024-04-29 14:07:54,883 [WARN] PackLoader:240 - Cannot read IP mode file for STMicroelectronics.FP-SNS-MOTENV1.4.3.2
2024-04-29 14:07:54,890 [WARN] PackLoader:240 - Cannot read IP mode file for STMicroelectronics.FP-SNS-FLIGHT1.5.0.2
2024-04-29 14:07:54,900 [WARN] PackLoader:240 - Cannot read IP mode file for STMicroelectronics.X-CUBE-DISPLAY.3.0.0
2024-04-29 14:07:54,918 [WARN] PackLoader:240 - Cannot read IP mode file for STMicroelectronics.X-CUBE-BLE1.7.0.0
2024-04-29 14:07:54,928 [WARN] PackLoader:240 - Cannot read IP mode file for emotas.I-CUBE-CANOPEN.1.3.0
2024-04-29 14:07:54,943 [WARN] PackLoader:240 - Cannot read IP mode file for STMicroelectronics.X-CUBE-BLEMGR.3.1.0
2024-04-29 14:07:54,953 [WARN] PackLoader:240 - Cannot read IP mode file for STMicroelectronics.FP-SNS-SMARTAG2.1.2.0
2024-04-29 14:07:54,966 [INFO] LogOutputStream:77 - [STDOUT_REDIRECT] 1 : Invalid condition id : UX_CORESTACK_Condition cause : null
2024-04-29 14:07:54,966 [INFO] LogOutputStream:77 - [STDOUT_REDIRECT] 1 : Invalid condition id : UX_CORESTACK_Condition cause : null
2024-04-29 14:07:54,967 [INFO] LogOutputStream:77 - [STDOUT_REDIRECT] 1 : Invalid condition id : UX_CORESTACK_Condition cause : null
2024-04-29 14:07:54,968 [INFO] LogOutputStream:77 - [STDOUT_REDIRECT] 1 : Invalid condition id : UX_CORESTACK_Condition cause : null
2024-04-29 14:07:54,969 [INFO] LogOutputStream:77 - [STDOUT_REDIRECT] 1 : Invalid condition id : UX_CORESTACK_Condition cause : null
2024-04-29 14:07:54,986 [WARN] PackLoader:240 - Cannot read IP mode file for STMicroelectronics.X-CUBE-AZRTOS-WL.2.0.0
2024-04-29 14:07:54,997 [WARN] PackLoader:240 - Cannot read IP mode file for STMicroelectronics.FP-SNS-MOTENV1.5.0.0
2024-04-29 14:07:55,016 [WARN] PackLoader:240 - Cannot read IP mode file for WES.I-CUBE-Cesium.1.3.0
2024-04-29 14:07:55,024 [WARN] PackLoader:240 - Cannot read IP mode file for STMicroelectronics.X-CUBE-BLE2.3.3.0
2024-04-29 14:07:55,033 [WARN] PackLoader:240 - Cannot read IP mode file for STMicroelectronics.X-CUBE-TCPP.4.1.0
2024-04-29 14:07:55,050 [WARN] PackLoader:240 - Cannot read IP mode file for STMicroelectronics.X-CUBE-ALGOBUILD.1.3.0
2024-04-29 14:07:55,084 [WARN] PackLoader:240 - Cannot read IP mode file for STMicroelectronics.X-CUBE-AZRTOS-G0.1.1.0
2024-04-29 14:07:55,099 [WARN] PackLoader:240 - Cannot read IP mode file for STMicroelectronics.X-CUBE-SAFEA1.1.2.2
2024-04-29 14:07:55,110 [WARN] PackLoader:240 - Cannot read IP mode file for STMicroelectronics.X-CUBE-NFC4.3.0.0
2024-04-29 14:07:55,154 [WARN] PackLoader:240 - Cannot read IP mode file for STMicroelectronics.X-CUBE-BLEMGR.3.0.0
2024-04-29 14:07:55,190 [WARN] PackLoader:240 - Cannot read IP mode file for STMicroelectronics.FP-ATR-SIGFOX1.3.2.0
2024-04-29 14:07:55,206 [WARN] PackLoader:240 - Cannot read IP mode file for STMicroelectronics.X-CUBE-EEPRMA1.5.1.0
2024-04-29 14:07:55,255 [WARN] PackLoader:240 - Cannot read IP mode file for SEGGER.I-CUBE-embOS.1.3.1
2024-04-29 14:07:55,321 [WARN] PackLoader:240 - Cannot read IP mode file for STMicroelectronics.X-CUBE-GNSS1.6.0.0
2024-04-29 14:07:55,347 [WARN] PackLoader:240 - Cannot read IP mode file for STMicroelectronics.X-CUBE-AZRTOS-F4.1.1.0
2024-04-29 14:07:55,358 [WARN] PackLoader:240 - Cannot read IP mode file for STMicroelectronics.X-CUBE-FREERTOS.1.2.0
2024-04-29 14:07:55,372 [WARN] PackLoader:240 - Cannot read IP mode file for wolfSSL.I-CUBE-wolfSSL.5.6.6
2024-04-29 14:07:55,392 [WARN] PackLoader:240 - Cannot read IP mode file for STMicroelectronics.X-CUBE-AZRTOS-L5.2.0.0
2024-04-29 14:07:55,413 [WARN] PackLoader:240 - Cannot read IP mode file for STMicroelectronics.X-CUBE-EEPRMA1.4.2.0
2024-04-29 14:07:55,424 [WARN] PackLoader:240 - Cannot read IP mode file for STMicroelectronics.X-CUBE-NFC6.3.1.0
2024-04-29 14:07:55,435 [WARN] PackLoader:240 - Cannot read IP mode file for ITTIA_DB.I-CUBE-ITTIADB.8.8.0
2024-04-29 14:07:55,440 [WARN] PackLoader:240 - Cannot read IP mode file for STMicroelectronics.X-CUBE-AI.9.0.0
2024-04-29 14:07:55,447 [WARN] PackLoader:240 - Cannot read IP mode file for STMicroelectronics.X-CUBE-NFC7.1.0.1
2024-04-29 14:07:55,456 [WARN] PackLoader:240 - Cannot read IP mode file for STMicroelectronics.X-CUBE-NFC6.3.0.0
2024-04-29 14:07:55,463 [WARN] PackLoader:240 - Cannot read IP mode file for STMicroelectronics.X-CUBE-AI.8.1.0
2024-04-29 14:07:55,484 [WARN] ConditionMgr:438 - getConditionDescription Invalid condition id : LAN8742 Phy interface Condition cause : null
2024-04-29 14:07:55,485 [WARN] PackLoader:240 - Cannot read IP mode file for STMicroelectronics.X-CUBE-AZRTOS-L4.2.0.0
2024-04-29 14:07:55,486 [WARN] ConditionMgr:1039 - genDependencies : Invalid condition id : LAN8742 Phy interface Condition cause : null
2024-04-29 14:07:55,486 [WARN] ConditionMgr:1039 - genDependencies : Invalid condition id : LAN8742 Phy interface Condition cause : null
2024-04-29 14:07:55,487 [WARN] ConditionMgr:1039 - genDependencies : Invalid condition id : LAN8742 Phy interface Condition cause : null
2024-04-29 14:07:55,497 [WARN] PackLoader:240 - Cannot read IP mode file for STMicroelectronics.X-CUBE-SFXS2LP1.4.0.0
2024-04-29 14:07:55,517 [WARN] ConditionMgr:438 - getConditionDescription Invalid condition id : UX DEVICE CLASS RTOS Condition cause : null
2024-04-29 14:07:55,517 [WARN] ConditionMgr:438 - getConditionDescription Invalid condition id : UX DEVICE CLASS RTOS Condition cause : null
2024-04-29 14:07:55,522 [WARN] PackLoader:240 - Cannot read IP mode file for STMicroelectronics.X-CUBE-AZRTOS-WB.2.0.0
2024-04-29 14:07:55,523 [WARN] ConditionMgr:1039 - genDependencies : Invalid condition id : UX DEVICE CLASS RTOS Condition cause : null
2024-04-29 14:07:55,523 [WARN] ConditionMgr:1039 - genDependencies : Invalid condition id : UX DEVICE CLASS RTOS Condition cause : null
2024-04-29 14:07:55,524 [WARN] ConditionMgr:1039 - genDependencies : Invalid condition id : UX DEVICE CLASS RTOS Condition cause : null
2024-04-29 14:07:55,525 [WARN] ConditionMgr:1039 - genDependencies : Invalid condition id : UX DEVICE CLASS RTOS Condition cause : null
2024-04-29 14:07:55,525 [WARN] ConditionMgr:1039 - genDependencies : Invalid condition id : UX DEVICE CLASS RTOS Condition cause : null
2024-04-29 14:07:55,543 [WARN] PackLoader:240 - Cannot read IP mode file for STMicroelectronics.X-CUBE-SUBG2.5.0.0
2024-04-29 14:07:55,573 [WARN] PackLoader:240 - Cannot read IP mode file for STMicroelectronics.X-CUBE-AZRTOS-G4.2.0.0
2024-04-29 14:07:55,589 [WARN] PackLoader:240 - Cannot read IP mode file for Infineon.AIROC-Wi-Fi-Bluetooth-STM32.1.5.1
2024-04-29 14:07:55,603 [WARN] PackLoader:240 - Cannot read IP mode file for STMicroelectronics.FP-SNS-MOTENVWB1.1.3.1
2024-04-29 14:07:55,613 [WARN] PackLoader:240 - Cannot read IP mode file for STMicroelectronics.X-CUBE-ISPU.2.0.0
2024-04-29 14:07:55,670 [WARN] PackLoader:240 - Cannot read IP mode file for STMicroelectronics.X-CUBE-MEMS1.10.0.0
2024-04-29 14:07:56,000 [WARN] PackLoader:240 - Cannot read IP mode file for STMicroelectronics.X-CUBE-FREERTOS.1.1.0
2024-04-29 14:07:56,010 [WARN] PackLoader:240 - Cannot read IP mode file for portGmbH.I-Cube-SoM-uGOAL.1.1.0
2024-04-29 14:07:56,017 [WARN] PackLoader:240 - Cannot read IP mode file for STMicroelectronics.X-CUBE-ALS.1.0.1
2024-04-29 14:07:56,050 [WARN] PackLoader:240 - Cannot read IP mode file for STMicroelectronics.X-CUBE-AZRTOS-H7RS.1.0.0
2024-04-29 14:07:56,061 [WARN] PackLoader:240 - Cannot read IP mode file for STMicroelectronics.FP-ATR-ASTRA1.2.0.0
2024-04-29 14:07:56,081 [WARN] PackLoader:240 - Cannot read IP mode file for STMicroelectronics.X-CUBE-TOF1.3.4.0
2024-04-29 14:07:56,119 [WARN] PackLoader:240 - Cannot read IP mode file for STMicroelectronics.X-CUBE-TOF1.3.4.1
2024-04-29 14:07:56,164 [WARN] PackLoader:240 - Cannot read IP mode file for STMicroelectronics.X-CUBE-AZRTOS-H7.3.2.0
2024-04-29 14:07:56,170 [INFO] ThirdParty:978 - Integrity check success = true
2024-04-29 14:07:56,170 [INFO] IntegrityCheckThread:100 - exiting critical section [integrity check]
2024-04-29 14:07:56,170 [INFO] IntegrityCheckThread:103 - End integrity checks thread
2024-04-29 14:08:02,898 [ERROR] LogOutputStream:75 - [STDERR_REDIRECT] SLF4J: Failed to load class "org.slf4j.impl.StaticLoggerBinder".
2024-04-29 14:08:02,900 [ERROR] LogOutputStream:75 - [STDERR_REDIRECT] SLF4J: Defaulting to no-operation (NOP) logger implementation
2024-04-29 14:08:02,901 [ERROR] LogOutputStream:75 - [STDERR_REDIRECT] SLF4J: See http://www.slf4j.org/codes.html#StaticLoggerBinder for further details.
2024-04-29 14:15:46,041 [INFO] WebApp:354 - JxBrowser engine has been closed 
2024-04-29 14:15:49,185 [ERROR] LogOutputStream:75 - [STDERR_REDIRECT] 
2024-04-29 14:15:49,186 [ERROR] LogOutputStream:75 - [STDERR_REDIRECT] 
2024-04-29 14:27:37,553 [INFO] Activator:176 - 


2024-04-29 14:27:37,556 [INFO] Activator:177 - !SESSION log4j initialized
2024-04-29 14:27:46,691 [INFO] LogOutputStream:77 - [STDOUT_REDIRECT] 
2024-04-29 14:27:52,110 [INFO] ApplicationProperties:184 - Using Application install path: C:\ST\STM32CubeIDE_1.14.0\STM32CubeIDE\plugins\com.st.stm32cube.common.mx_6.10.0.202311202037
2024-04-29 14:27:52,136 [INFO] DbMcusXml:78 - Set database path to: C:\ST\STM32CubeIDE_1.14.0\STM32CubeIDE\plugins\com.st.stm32cube.common.mx_6.10.0.202311202037\\db\/mcu/
2024-04-29 14:27:52,136 [INFO] ApiDb:274 - Set plugin database path to: C:\ST\STM32CubeIDE_1.14.0\STM32CubeIDE\plugins\com.st.stm32cube.common.mx_6.10.0.202311202037\\db\/plugins/boardmanager/
2024-04-29 14:27:52,136 [WARN] ApiDb:259 - Overriding images path with different value:  => C:\ST\STM32CubeIDE_1.14.0\STM32CubeIDE\plugins\com.st.stm32cube.common.mx_6.10.0.202311202037\\db\/plugins/mcufinder/images/
2024-04-29 14:27:52,148 [INFO] ApiDb:250 - Set database path to: C:\Users\thebu\.stmcufinder\plugins\mcufinder//mcu/
2024-04-29 14:27:52,150 [INFO] DbMcusAds:125 - Set database path to: C:\Users\thebu\.stmcufinder\plugins\mcufinder//mcu/
2024-04-29 14:27:52,152 [INFO] CrossReferenceDbSqlite:203 - Set database path to: C:\Users\thebu\.stmcufinder\plugins\mcufinder//mcu/cs/
2024-04-29 14:27:52,325 [INFO] RulesReader:64 - Compatibility file has been processed (297 Rules)
2024-04-29 14:27:52,448 [INFO] DbMcusXml:78 - Set database path to: C:\ST\STM32CubeIDE_1.14.0\STM32CubeIDE\plugins\com.st.stm32cube.common.mx_6.10.0.202311202037\\db\/mcu/
2024-04-29 14:27:52,448 [INFO] ApiDb:274 - Set plugin database path to: C:\ST\STM32CubeIDE_1.14.0\STM32CubeIDE\plugins\com.st.stm32cube.common.mx_6.10.0.202311202037\\db\/plugins/boardmanager/
2024-04-29 14:27:52,448 [INFO] ApiDb:261 - Set plugin images path to: C:\ST\STM32CubeIDE_1.14.0\STM32CubeIDE\plugins\com.st.stm32cube.common.mx_6.10.0.202311202037\\db\/plugins/mcufinder/images/
2024-04-29 14:27:52,449 [WARN] DbFile:41 - Overriding database path with different value: C:\Users\thebu\.stmcufinder\plugins\mcufinder/ => C:\Users\thebu\.stmcufinder\plugins\mcufinder
2024-04-29 14:27:52,449 [INFO] ApiDb:250 - Set database path to: C:\Users\thebu\.stmcufinder\plugins\mcufinder//mcu/
2024-04-29 14:27:52,449 [WARN] DbFile:41 - Overriding database path with different value: C:\Users\thebu\.stmcufinder\plugins\mcufinder/ => C:\Users\thebu\.stmcufinder\plugins\mcufinder
2024-04-29 14:27:52,449 [INFO] DbMcusAds:125 - Set database path to: C:\Users\thebu\.stmcufinder\plugins\mcufinder//mcu/
2024-04-29 14:27:52,449 [WARN] DbFile:41 - Overriding database path with different value: C:\Users\thebu\.stmcufinder\plugins\mcufinder/ => C:\Users\thebu\.stmcufinder\plugins\mcufinder
2024-04-29 14:27:52,449 [WARN] DbFile:41 - Overriding database path with different value: C:\Users\thebu\.stmcufinder\plugins\mcufinder/ => C:\Users\thebu\.stmcufinder\plugins\mcufinder
2024-04-29 14:27:52,449 [INFO] CrossReferenceDbSqlite:203 - Set database path to: C:\Users\thebu\.stmcufinder\plugins\mcufinder//mcu/cs/
2024-04-29 14:27:52,594 [INFO] MainPanel:264 - HeapMemory: 268435456
2024-04-29 14:27:52,729 [INFO] DbMcusXml:78 - Set database path to: C:\ST\STM32CubeIDE_1.14.0\STM32CubeIDE\plugins\com.st.stm32cube.common.mx_6.10.0.202311202037\\db\/mcu/
2024-04-29 14:27:52,730 [INFO] ApiDb:274 - Set plugin database path to: C:\ST\STM32CubeIDE_1.14.0\STM32CubeIDE\plugins\com.st.stm32cube.common.mx_6.10.0.202311202037\\db\/plugins/boardmanager/
2024-04-29 14:27:52,730 [INFO] ApiDb:261 - Set plugin images path to: C:\ST\STM32CubeIDE_1.14.0\STM32CubeIDE\plugins\com.st.stm32cube.common.mx_6.10.0.202311202037\\db\/plugins/mcufinder/images/
2024-04-29 14:27:52,730 [WARN] DbFile:41 - Overriding database path with different value: C:\Users\thebu\.stmcufinder\plugins\mcufinder/ => C:\Users\thebu\.stmcufinder\plugins\mcufinder
2024-04-29 14:27:52,731 [INFO] ApiDb:250 - Set database path to: C:\Users\thebu\.stmcufinder\plugins\mcufinder//mcu/
2024-04-29 14:27:52,731 [WARN] DbFile:41 - Overriding database path with different value: C:\Users\thebu\.stmcufinder\plugins\mcufinder/ => C:\Users\thebu\.stmcufinder\plugins\mcufinder
2024-04-29 14:27:52,731 [INFO] DbMcusAds:125 - Set database path to: C:\Users\thebu\.stmcufinder\plugins\mcufinder//mcu/
2024-04-29 14:27:52,731 [WARN] DbFile:41 - Overriding database path with different value: C:\Users\thebu\.stmcufinder\plugins\mcufinder/ => C:\Users\thebu\.stmcufinder\plugins\mcufinder
2024-04-29 14:27:52,731 [WARN] DbFile:41 - Overriding database path with different value: C:\Users\thebu\.stmcufinder\plugins\mcufinder/ => C:\Users\thebu\.stmcufinder\plugins\mcufinder
2024-04-29 14:27:52,731 [INFO] CrossReferenceDbSqlite:203 - Set database path to: C:\Users\thebu\.stmcufinder\plugins\mcufinder//mcu/cs/
2024-04-29 14:27:52,756 [INFO] ApplicationProperties:184 - Using Application install path: C:\ST\STM32CubeIDE_1.14.0\STM32CubeIDE\plugins\com.st.stm32cube.common.mx_6.10.0.202311202037
2024-04-29 14:27:52,760 [INFO] PluginManage:196 - Search for loadable plugins [exclusion list=, ]
2024-04-29 14:27:52,762 [INFO] PluginManage:310 - Check plugin analytics
2024-04-29 14:27:52,972 [INFO] AnalyticsPlugin:253 - Accepted Software Licenses: 
2024-04-29 14:27:52,974 [INFO] AnalyticsPlugin:255 - Accepted CMSIS Pack Licenses: 
2024-04-29 14:27:52,974 [INFO] AnalyticsPlugin:257 - Accepted Firmware Licenses: FW.L4.1.18.0
2024-04-29 14:27:52,976 [INFO] PluginManage:359 - Loaded plugin analytics (category:tool,tabindex:-1)
2024-04-29 14:27:52,976 [INFO] PluginManage:310 - Check plugin cadmodel
2024-04-29 14:27:52,995 [INFO] CADModel:105 - Init CAD model plugin
2024-04-29 14:27:52,995 [INFO] PluginManage:359 - Loaded plugin cadmodel (category:power,tabindex:5)
2024-04-29 14:27:52,995 [INFO] PluginManage:310 - Check plugin clock
2024-04-29 14:27:53,018 [INFO] PluginManage:359 - Loaded plugin clock (category:base,tabindex:2)
2024-04-29 14:27:53,018 [INFO] PluginManage:310 - Check plugin ddr
2024-04-29 14:27:53,021 [INFO] PluginManage:359 - Loaded plugin ddr (category:tool,tabindex:6)
2024-04-29 14:27:53,021 [INFO] PluginManage:310 - Check plugin filemanager
2024-04-29 14:27:53,194 [INFO] PluginManage:359 - Loaded plugin filemanager (category:base,tabindex:10)
2024-04-29 14:27:53,195 [INFO] PluginManage:310 - Check plugin ipmanager
2024-04-29 14:27:53,204 [INFO] PluginManage:359 - Loaded plugin ipmanager (category:base,tabindex:5)
2024-04-29 14:27:53,204 [INFO] PluginManage:310 - Check plugin lpbam
2024-04-29 14:27:53,225 [INFO] PluginManage:359 - Loaded plugin lpbam (category:base,tabindex:0)
2024-04-29 14:27:53,225 [INFO] PluginManage:310 - Check plugin memorymap
2024-04-29 14:27:53,257 [INFO] PluginManage:359 - Loaded plugin memorymap (category:base,tabindex:4)
2024-04-29 14:27:53,258 [INFO] PluginManage:310 - Check plugin pinoutandconfiguration
2024-04-29 14:27:53,278 [INFO] PluginManage:359 - Loaded plugin pinoutandconfiguration (category:base,tabindex:1)
2024-04-29 14:27:53,278 [INFO] PluginManage:310 - Check plugin pinoutconfig
2024-04-29 14:27:53,415 [WARN] SupportedApi:132 - Cannot load RTOS API schema: s4s-elt-must-match.1: The content of 'definitions' must match (annotation?, (simpleType | complexType)?, (unique | key | keyref)*)). A problem was found starting at: attribute.
2024-04-29 14:27:53,599 [INFO] PluginManage:359 - Loaded plugin pinoutconfig (category:base,tabindex:0)
2024-04-29 14:27:53,599 [INFO] PluginManage:310 - Check plugin power
2024-04-29 14:27:53,624 [INFO] PluginManage:359 - Loaded plugin power (category:power,tabindex:4)
2024-04-29 14:27:53,624 [INFO] PluginManage:310 - Check plugin projectmanager
2024-04-29 14:27:53,644 [INFO] PluginManage:359 - Loaded plugin projectmanager (category:projectmanager,tabindex:3)
2024-04-29 14:27:53,644 [INFO] PluginManage:310 - Check plugin thirdparty
2024-04-29 14:27:54,046 [INFO] PluginManage:359 - Loaded plugin thirdparty (category:base,tabindex:-1)
2024-04-29 14:27:54,046 [WARN] IntegrityCheckThread:84 - waiting for thirdparty lock release [integrity check]
2024-04-29 14:27:54,048 [INFO] PluginManage:310 - Check plugin tools
2024-04-29 14:27:54,048 [INFO] IntegrityCheckThread:86 - entering critical section [integrity check]
2024-04-29 14:27:54,048 [INFO] ThirdPartyUpdaterWithRetryManager:70 - Updater plugin not ready yet. [1/15]
2024-04-29 14:27:54,098 [INFO] PluginManage:359 - Loaded plugin tools (category:base,tabindex:7)
2024-04-29 14:27:54,098 [INFO] PluginManage:310 - Check plugin tutovideos
2024-04-29 14:27:54,376 [INFO] PluginManage:359 - Loaded plugin tutovideos (category:base,tabindex:-1)
2024-04-29 14:27:54,377 [INFO] PluginManage:310 - Check plugin updater
2024-04-29 14:27:54,393 [INFO] PluginManage:359 - Loaded plugin updater (category:base,tabindex:12)
2024-04-29 14:27:54,394 [INFO] PluginManage:310 - Check plugin userauth
2024-04-29 14:27:54,403 [INFO] UserAuth:114 - Init User Auth plugin
2024-04-29 14:27:54,403 [INFO] PluginManage:359 - Loaded plugin userauth (category:base,tabindex:14)
2024-04-29 14:27:54,404 [INFO] PluginManage:283 - PluginManage : Loaded plugins [17]
2024-04-29 14:27:54,724 [INFO] PinOutPanel:1499 - setPackage(No Configuration,No Configuration)
2024-04-29 14:27:54,826 [INFO] CADModel:165 - CPN selected for project level
2024-04-29 14:27:54,827 [INFO] CADModel:114 - Register for checkConnection events
2024-04-29 14:27:54,865 [INFO] IPUIPlugin:80 - create IPUIPlugin
2024-04-29 14:27:54,865 [INFO] PluginManager:220 - loadIPPluginJar : add adc
2024-04-29 14:27:54,919 [INFO] IPUIPlugin:80 - create IPUIPlugin
2024-04-29 14:27:54,920 [INFO] PluginManager:220 - loadIPPluginJar : add aes
2024-04-29 14:27:54,986 [INFO] IPUIPlugin:80 - create IPUIPlugin
2024-04-29 14:27:54,987 [INFO] PluginManager:220 - loadIPPluginJar : add can
2024-04-29 14:27:55,023 [INFO] IPUIPlugin:80 - create IPUIPlugin
2024-04-29 14:27:55,024 [INFO] PluginManager:220 - loadIPPluginJar : add comp
2024-04-29 14:27:55,081 [INFO] IPUIPlugin:80 - create IPUIPlugin
2024-04-29 14:27:55,081 [INFO] PluginManager:220 - loadIPPluginJar : add cryp
2024-04-29 14:27:55,128 [INFO] IPUIPlugin:80 - create IPUIPlugin
2024-04-29 14:27:55,128 [INFO] PluginManager:220 - loadIPPluginJar : add dfsdm
2024-04-29 14:27:55,150 [INFO] IPUIPlugin:80 - create IPUIPlugin
2024-04-29 14:27:55,151 [INFO] PluginManager:220 - loadIPPluginJar : add dma
2024-04-29 14:27:55,217 [INFO] IPUIPlugin:80 - create IPUIPlugin
2024-04-29 14:27:55,217 [INFO] PluginManager:220 - loadIPPluginJar : add dma3
2024-04-29 14:27:55,248 [INFO] IPUIPlugin:80 - create IPUIPlugin
2024-04-29 14:27:55,248 [INFO] PluginManager:220 - loadIPPluginJar : add fatfs
2024-04-29 14:27:55,316 [INFO] IPUIPlugin:80 - create IPUIPlugin
2024-04-29 14:27:55,318 [INFO] PluginManager:220 - loadIPPluginJar : add fmc
2024-04-29 14:27:55,339 [INFO] IPUIPlugin:80 - create IPUIPlugin
2024-04-29 14:27:55,339 [INFO] PluginManager:220 - loadIPPluginJar : add freertos
2024-04-29 14:27:55,371 [INFO] IPUIPlugin:80 - create IPUIPlugin
2024-04-29 14:27:55,372 [INFO] PluginManager:220 - loadIPPluginJar : add genericplugin
2024-04-29 14:27:55,515 [INFO] IPUIPlugin:80 - create IPUIPlugin
2024-04-29 14:27:55,516 [INFO] PluginManager:220 - loadIPPluginJar : add gfxmmu
2024-04-29 14:27:55,705 [INFO] IPUIPlugin:80 - create IPUIPlugin
2024-04-29 14:27:55,705 [INFO] PluginManager:220 - loadIPPluginJar : add gic
2024-04-29 14:27:55,722 [INFO] IPUIPlugin:80 - create IPUIPlugin
2024-04-29 14:27:55,722 [INFO] PluginManager:220 - loadIPPluginJar : add gpio
2024-04-29 14:27:55,846 [INFO] IPUIPlugin:80 - create IPUIPlugin
2024-04-29 14:27:55,846 [INFO] PluginManager:220 - loadIPPluginJar : add gtzc
2024-04-29 14:27:55,889 [INFO] IPUIPlugin:80 - create IPUIPlugin
2024-04-29 14:27:55,890 [INFO] PluginManager:220 - loadIPPluginJar : add hash
2024-04-29 14:27:55,960 [INFO] IPUIPlugin:80 - create IPUIPlugin
2024-04-29 14:27:55,960 [INFO] PluginManager:220 - loadIPPluginJar : add i2c
2024-04-29 14:27:56,015 [INFO] IPUIPlugin:80 - create IPUIPlugin
2024-04-29 14:27:56,016 [INFO] PluginManager:220 - loadIPPluginJar : add i2s
2024-04-29 14:27:56,079 [INFO] IPUIPlugin:80 - create IPUIPlugin
2024-04-29 14:27:56,080 [INFO] PluginManager:220 - loadIPPluginJar : add i3c
2024-04-29 14:27:56,228 [INFO] IPUIPlugin:80 - create IPUIPlugin
2024-04-29 14:27:56,229 [INFO] PluginManager:220 - loadIPPluginJar : add ipddr
2024-04-29 14:27:56,363 [INFO] IPUIPlugin:80 - create IPUIPlugin
2024-04-29 14:27:56,363 [INFO] PluginManager:220 - loadIPPluginJar : add linkedlist
2024-04-29 14:27:56,408 [INFO] IPUIPlugin:80 - create IPUIPlugin
2024-04-29 14:27:56,408 [INFO] PluginManager:220 - loadIPPluginJar : add lorawan
2024-04-29 14:27:56,453 [INFO] IPUIPlugin:80 - create IPUIPlugin
2024-04-29 14:27:56,453 [INFO] PluginManager:220 - loadIPPluginJar : add ltdc
2024-04-29 14:27:56,472 [INFO] IPUIPlugin:80 - create IPUIPlugin
2024-04-29 14:27:56,473 [INFO] PluginManager:220 - loadIPPluginJar : add mdma
2024-04-29 14:27:56,486 [INFO] IPUIPlugin:80 - create IPUIPlugin
2024-04-29 14:27:56,486 [INFO] PluginManager:220 - loadIPPluginJar : add nvic
2024-04-29 14:27:56,530 [INFO] IPUIPlugin:80 - create IPUIPlugin
2024-04-29 14:27:56,530 [INFO] PluginManager:220 - loadIPPluginJar : add opamp
2024-04-29 14:27:56,606 [INFO] IPUIPlugin:80 - create IPUIPlugin
2024-04-29 14:27:56,606 [INFO] PluginManager:220 - loadIPPluginJar : add openamp
2024-04-29 14:27:56,658 [INFO] IPUIPlugin:80 - create IPUIPlugin
2024-04-29 14:27:56,658 [INFO] PluginManager:220 - loadIPPluginJar : add pdm2pcm
2024-04-29 14:27:56,676 [INFO] IPUIPlugin:80 - create IPUIPlugin
2024-04-29 14:27:56,678 [INFO] PluginManager:220 - loadIPPluginJar : add plateformsettings
2024-04-29 14:27:56,704 [INFO] IPUIPlugin:80 - create IPUIPlugin
2024-04-29 14:27:56,704 [INFO] PluginManager:220 - loadIPPluginJar : add quadspi
2024-04-29 14:27:56,719 [INFO] IPUIPlugin:80 - create IPUIPlugin
2024-04-29 14:27:56,719 [INFO] PluginManager:220 - loadIPPluginJar : add resmgrutility
2024-04-29 14:27:56,775 [INFO] IPUIPlugin:80 - create IPUIPlugin
2024-04-29 14:27:56,775 [INFO] PluginManager:220 - loadIPPluginJar : add sai
2024-04-29 14:27:56,821 [INFO] IPUIPlugin:80 - create IPUIPlugin
2024-04-29 14:27:56,821 [INFO] PluginManager:220 - loadIPPluginJar : add spi
2024-04-29 14:27:56,902 [INFO] IPUIPlugin:80 - create IPUIPlugin
2024-04-29 14:27:56,902 [INFO] PluginManager:220 - loadIPPluginJar : add stm32_wpan
2024-04-29 14:27:56,931 [INFO] IPUIPlugin:80 - create IPUIPlugin
2024-04-29 14:27:56,931 [INFO] PluginManager:220 - loadIPPluginJar : add tim
2024-04-29 14:27:57,002 [INFO] IPUIPlugin:80 - create IPUIPlugin
2024-04-29 14:27:57,002 [INFO] PluginManager:220 - loadIPPluginJar : add touchsensing
2024-04-29 14:27:57,029 [INFO] IPUIPlugin:80 - create IPUIPlugin
2024-04-29 14:27:57,029 [INFO] PluginManager:220 - loadIPPluginJar : add tracer_emb
2024-04-29 14:27:57,049 [INFO] ThirdPartyUpdaterWithRetryManager:70 - Updater plugin not ready yet. [2/15]
2024-04-29 14:27:57,058 [INFO] IPUIPlugin:80 - create IPUIPlugin
2024-04-29 14:27:57,058 [INFO] PluginManager:220 - loadIPPluginJar : add ts
2024-04-29 14:27:57,085 [INFO] IPUIPlugin:80 - create IPUIPlugin
2024-04-29 14:27:57,085 [INFO] PluginManager:220 - loadIPPluginJar : add tsc
2024-04-29 14:27:57,112 [INFO] IPUIPlugin:80 - create IPUIPlugin
2024-04-29 14:27:57,112 [INFO] PluginManager:220 - loadIPPluginJar : add ucpd
2024-04-29 14:27:57,167 [INFO] IPUIPlugin:80 - create IPUIPlugin
2024-04-29 14:27:57,167 [INFO] PluginManager:220 - loadIPPluginJar : add usart
2024-04-29 14:27:57,220 [INFO] IPUIPlugin:80 - create IPUIPlugin
2024-04-29 14:27:57,220 [INFO] PluginManager:220 - loadIPPluginJar : add usbx
2024-04-29 14:27:57,356 [INFO] CADModel:165 - CPN selected for project level
2024-04-29 14:27:57,357 [INFO] CADModel:114 - Register for checkConnection events
2024-04-29 14:27:57,357 [FATAL] Updater:308 - Updater called before beeing initialized
2024-04-29 14:27:57,357 [ERROR] CADModel:125 - Updater not yet initialized, retry later 
2024-04-29 14:27:57,533 [INFO] CADModel:165 - CPN selected for project level
2024-04-29 14:27:57,533 [INFO] CADModel:114 - Register for checkConnection events
2024-04-29 14:27:57,533 [FATAL] Updater:308 - Updater called before beeing initialized
2024-04-29 14:27:57,533 [ERROR] CADModel:125 - Updater not yet initialized, retry later 
2024-04-29 14:27:57,538 [FATAL] Updater:308 - Updater called before beeing initialized
2024-04-29 14:27:57,711 [FATAL] Updater:308 - Updater called before beeing initialized
2024-04-29 14:27:57,725 [INFO] DbMcusAds:53 - JSON generation date=Wed Nov 29 02:52:27 PST 2023 (1701255147349)
2024-04-29 14:27:57,725 [FATAL] Updater:308 - Updater called before beeing initialized
2024-04-29 14:27:57,832 [WARN] DetailPanel:346 - Failed to get advertising image, set to default
2024-04-29 14:27:57,972 [FATAL] Updater:308 - Updater called before beeing initialized
2024-04-29 14:27:57,975 [FATAL] Updater:308 - Updater called before beeing initialized
2024-04-29 14:27:57,975 [FATAL] Updater:308 - Updater called before beeing initialized
2024-04-29 14:27:57,975 [WARN] DetailPanel:346 - Failed to get advertising image, set to default
2024-04-29 14:27:57,976 [FATAL] Updater:308 - Updater called before beeing initialized
2024-04-29 14:27:58,092 [ERROR] Updater:1120 - MainUpdater not yet initialized. External WinMGr cannot be set.
2024-04-29 14:27:58,120 [INFO] Updater:1056 - Updater Version found : 6.10.0
2024-04-29 14:27:58,149 [INFO] ApplicationProperties:184 - Using Application install path: C:\ST\STM32CubeIDE_1.14.0\STM32CubeIDE\plugins\com.st.stm32cube.common.mx_6.10.0.202311202037
2024-04-29 14:27:59,736 [ERROR] LogOutputStream:75 - [STDERR_REDIRECT] Apr 29, 2024 2:27:59 PM java.util.prefs.WindowsPreferences <init>
2024-04-29 14:27:59,737 [ERROR] LogOutputStream:75 - [STDERR_REDIRECT] WARNING: Could not open/create prefs root node Software\JavaSoft\Prefs at root 0xffffffff80000002. Windows RegCreateKeyEx(...) returned error code 5.
2024-04-29 14:27:59,737 [ERROR] LogOutputStream:75 - [STDERR_REDIRECT] 
2024-04-29 14:28:00,050 [INFO] ThirdPartyUpdaterWithRetryManager:70 - Updater plugin not ready yet. [3/15]
2024-04-29 14:28:00,308 [INFO] MainUpdater:2873 - connection check result : 10
2024-04-29 14:28:00,309 [INFO] MainUpdater:290 - Updater Check For Update Now.
2024-04-29 14:28:00,309 [INFO] MicroXplorer:498 - Change Database Version : DB.6.0.100
2024-04-29 14:28:00,322 [INFO] McuFinderGlobals:63 - Set McuFinder mode to 2 (CubeIDE integrated)
2024-04-29 14:28:00,379 [INFO] UserAuth:404 - Internet connection configuration mode: 1
2024-04-29 14:28:00,421 [INFO] JxBrowserEngine:152 - Initiate JxBrowser Engine with user profile folder
2024-04-29 14:28:00,599 [INFO] CheckServerUpdateThread:120 - End of CheckServer Thread
2024-04-29 14:28:03,413 [WARN] PackLoader:240 - Cannot read IP mode file for STMicroelectronics.FP-SNS-MOTENVWB1.1.4.0
2024-04-29 14:28:03,453 [WARN] PackLoader:240 - Cannot read IP mode file for STMicroelectronics.X-CUBE-SMBUS.2.1.0
2024-04-29 14:28:03,485 [WARN] PackLoader:240 - Cannot read IP mode file for STMicroelectronics.X-CUBE-TOUCHGFX.4.23.0
2024-04-29 14:28:03,511 [WARN] PackLoader:240 - Cannot read IP mode file for STMicroelectronics.X-CUBE-TOUCHGFX.4.23.2
2024-04-29 14:28:03,612 [WARN] PackLoader:240 - Cannot read IP mode file for STMicroelectronics.X-CUBE-AZRTOS-F7.1.1.0
2024-04-29 14:28:03,692 [WARN] PackLoader:240 - Cannot read IP mode file for STMicroelectronics.FP-SNS-MOTENV1.4.3.2
2024-04-29 14:28:03,755 [WARN] PackLoader:240 - Cannot read IP mode file for STMicroelectronics.FP-SNS-FLIGHT1.5.0.2
2024-04-29 14:28:03,829 [WARN] PackLoader:240 - Cannot read IP mode file for STMicroelectronics.X-CUBE-DISPLAY.3.0.0
2024-04-29 14:28:03,892 [WARN] PackLoader:240 - Cannot read IP mode file for STMicroelectronics.X-CUBE-BLE1.7.0.0
2024-04-29 14:28:03,918 [WARN] PackLoader:240 - Cannot read IP mode file for emotas.I-CUBE-CANOPEN.1.3.0
2024-04-29 14:28:03,973 [WARN] PackLoader:240 - Cannot read IP mode file for STMicroelectronics.X-CUBE-BLEMGR.3.1.0
2024-04-29 14:28:04,009 [WARN] PackLoader:240 - Cannot read IP mode file for STMicroelectronics.FP-SNS-SMARTAG2.1.2.0
2024-04-29 14:28:04,049 [INFO] LogOutputStream:77 - [STDOUT_REDIRECT] 1 : Invalid condition id : UX_CORESTACK_Condition cause : null
2024-04-29 14:28:04,049 [INFO] LogOutputStream:77 - [STDOUT_REDIRECT] 1 : Invalid condition id : UX_CORESTACK_Condition cause : null
2024-04-29 14:28:04,051 [INFO] LogOutputStream:77 - [STDOUT_REDIRECT] 1 : Invalid condition id : UX_CORESTACK_Condition cause : null
2024-04-29 14:28:04,052 [INFO] LogOutputStream:77 - [STDOUT_REDIRECT] 1 : Invalid condition id : UX_CORESTACK_Condition cause : null
2024-04-29 14:28:04,054 [INFO] LogOutputStream:77 - [STDOUT_REDIRECT] 1 : Invalid condition id : UX_CORESTACK_Condition cause : null
2024-04-29 14:28:04,060 [WARN] PackLoader:240 - Cannot read IP mode file for STMicroelectronics.X-CUBE-AZRTOS-WL.2.0.0
2024-04-29 14:28:04,090 [WARN] PackLoader:240 - Cannot read IP mode file for STMicroelectronics.FP-SNS-MOTENV1.5.0.0
2024-04-29 14:28:04,156 [WARN] PackLoader:240 - Cannot read IP mode file for WES.I-CUBE-Cesium.1.3.0
2024-04-29 14:28:04,191 [WARN] PackLoader:240 - Cannot read IP mode file for STMicroelectronics.X-CUBE-BLE2.3.3.0
2024-04-29 14:28:04,299 [WARN] PackLoader:240 - Cannot read IP mode file for STMicroelectronics.X-CUBE-TCPP.4.1.0
2024-04-29 14:28:04,434 [WARN] PackLoader:240 - Cannot read IP mode file for STMicroelectronics.X-CUBE-ALGOBUILD.1.3.0
2024-04-29 14:28:04,531 [WARN] PackLoader:240 - Cannot read IP mode file for STMicroelectronics.X-CUBE-AZRTOS-G0.1.1.0
2024-04-29 14:28:04,597 [WARN] PackLoader:240 - Cannot read IP mode file for STMicroelectronics.X-CUBE-SAFEA1.1.2.2
2024-04-29 14:28:04,673 [WARN] PackLoader:240 - Cannot read IP mode file for STMicroelectronics.X-CUBE-NFC4.3.0.0
2024-04-29 14:28:04,850 [WARN] PackLoader:240 - Cannot read IP mode file for STMicroelectronics.X-CUBE-BLEMGR.3.0.0
2024-04-29 14:28:04,910 [WARN] PackLoader:240 - Cannot read IP mode file for STMicroelectronics.FP-ATR-SIGFOX1.3.2.0
2024-04-29 14:28:05,000 [WARN] PackLoader:240 - Cannot read IP mode file for STMicroelectronics.X-CUBE-EEPRMA1.5.1.0
2024-04-29 14:28:05,151 [WARN] PackLoader:240 - Cannot read IP mode file for SEGGER.I-CUBE-embOS.1.3.1
2024-04-29 14:28:05,254 [INFO] WebApp:161 - Instantiating new browser for Auth
2024-04-29 14:28:05,432 [WARN] PackLoader:240 - Cannot read IP mode file for STMicroelectronics.X-CUBE-GNSS1.6.0.0
2024-04-29 14:28:05,558 [WARN] PackLoader:240 - Cannot read IP mode file for STMicroelectronics.X-CUBE-AZRTOS-F4.1.1.0
2024-04-29 14:28:05,754 [WARN] PackLoader:240 - Cannot read IP mode file for STMicroelectronics.X-CUBE-FREERTOS.1.2.0
2024-04-29 14:28:05,818 [WARN] PackLoader:240 - Cannot read IP mode file for wolfSSL.I-CUBE-wolfSSL.5.6.6
2024-04-29 14:28:05,886 [WARN] PackLoader:240 - Cannot read IP mode file for STMicroelectronics.X-CUBE-AZRTOS-L5.2.0.0
2024-04-29 14:28:05,926 [WARN] PackLoader:240 - Cannot read IP mode file for STMicroelectronics.X-CUBE-EEPRMA1.4.2.0
2024-04-29 14:28:05,970 [WARN] PackLoader:240 - Cannot read IP mode file for STMicroelectronics.X-CUBE-NFC6.3.1.0
2024-04-29 14:28:06,006 [WARN] PackLoader:240 - Cannot read IP mode file for ITTIA_DB.I-CUBE-ITTIADB.8.8.0
2024-04-29 14:28:06,106 [WARN] PackLoader:240 - Cannot read IP mode file for STMicroelectronics.X-CUBE-AI.9.0.0
2024-04-29 14:28:06,296 [WARN] PackLoader:240 - Cannot read IP mode file for STMicroelectronics.X-CUBE-NFC7.1.0.1
2024-04-29 14:28:06,400 [WARN] PackLoader:240 - Cannot read IP mode file for STMicroelectronics.X-CUBE-NFC6.3.0.0
2024-04-29 14:28:06,443 [WARN] PackLoader:240 - Cannot read IP mode file for STMicroelectronics.X-CUBE-AI.8.1.0
2024-04-29 14:28:06,505 [WARN] ConditionMgr:438 - getConditionDescription Invalid condition id : LAN8742 Phy interface Condition cause : null
2024-04-29 14:28:06,506 [WARN] PackLoader:240 - Cannot read IP mode file for STMicroelectronics.X-CUBE-AZRTOS-L4.2.0.0
2024-04-29 14:28:06,510 [WARN] ConditionMgr:1039 - genDependencies : Invalid condition id : LAN8742 Phy interface Condition cause : null
2024-04-29 14:28:06,511 [WARN] ConditionMgr:1039 - genDependencies : Invalid condition id : LAN8742 Phy interface Condition cause : null
2024-04-29 14:28:06,515 [WARN] ConditionMgr:1039 - genDependencies : Invalid condition id : LAN8742 Phy interface Condition cause : null
2024-04-29 14:28:06,555 [WARN] PackLoader:240 - Cannot read IP mode file for STMicroelectronics.X-CUBE-SFXS2LP1.4.0.0
2024-04-29 14:28:06,615 [WARN] ConditionMgr:438 - getConditionDescription Invalid condition id : UX DEVICE CLASS RTOS Condition cause : null
2024-04-29 14:28:06,616 [WARN] ConditionMgr:438 - getConditionDescription Invalid condition id : UX DEVICE CLASS RTOS Condition cause : null
2024-04-29 14:28:06,619 [WARN] PackLoader:240 - Cannot read IP mode file for STMicroelectronics.X-CUBE-AZRTOS-WB.2.0.0
2024-04-29 14:28:06,620 [WARN] ConditionMgr:1039 - genDependencies : Invalid condition id : UX DEVICE CLASS RTOS Condition cause : null
2024-04-29 14:28:06,620 [WARN] ConditionMgr:1039 - genDependencies : Invalid condition id : UX DEVICE CLASS RTOS Condition cause : null
2024-04-29 14:28:06,621 [WARN] ConditionMgr:1039 - genDependencies : Invalid condition id : UX DEVICE CLASS RTOS Condition cause : null
2024-04-29 14:28:06,621 [WARN] ConditionMgr:1039 - genDependencies : Invalid condition id : UX DEVICE CLASS RTOS Condition cause : null
2024-04-29 14:28:06,621 [WARN] ConditionMgr:1039 - genDependencies : Invalid condition id : UX DEVICE CLASS RTOS Condition cause : null
2024-04-29 14:28:06,667 [WARN] PackLoader:240 - Cannot read IP mode file for STMicroelectronics.X-CUBE-SUBG2.5.0.0
2024-04-29 14:28:06,741 [WARN] PackLoader:240 - Cannot read IP mode file for STMicroelectronics.X-CUBE-AZRTOS-G4.2.0.0
2024-04-29 14:28:06,809 [WARN] PackLoader:240 - Cannot read IP mode file for Infineon.AIROC-Wi-Fi-Bluetooth-STM32.1.5.1
2024-04-29 14:28:06,869 [WARN] PackLoader:240 - Cannot read IP mode file for STMicroelectronics.FP-SNS-MOTENVWB1.1.3.1
2024-04-29 14:28:06,904 [WARN] PackLoader:240 - Cannot read IP mode file for STMicroelectronics.X-CUBE-ISPU.2.0.0
2024-04-29 14:28:07,154 [WARN] PackLoader:240 - Cannot read IP mode file for STMicroelectronics.X-CUBE-MEMS1.10.0.0
2024-04-29 14:28:07,512 [INFO] WebApp:780 - Register for checkConnection events
2024-04-29 14:28:07,513 [INFO] WebApp:414 - Apply proxy settings
2024-04-29 14:28:07,513 [INFO] WebApp:499 - Chromium requires no authentication
2024-04-29 14:28:07,533 [INFO] WebApp:442 - Direct internet connection detected
2024-04-29 14:28:07,607 [WARN] PackLoader:240 - Cannot read IP mode file for STMicroelectronics.X-CUBE-FREERTOS.1.1.0
2024-04-29 14:28:07,638 [WARN] PackLoader:240 - Cannot read IP mode file for portGmbH.I-Cube-SoM-uGOAL.1.1.0
2024-04-29 14:28:07,668 [WARN] PackLoader:240 - Cannot read IP mode file for STMicroelectronics.X-CUBE-ALS.1.0.1
2024-04-29 14:28:07,733 [WARN] PackLoader:240 - Cannot read IP mode file for STMicroelectronics.X-CUBE-AZRTOS-H7RS.1.0.0
2024-04-29 14:28:07,774 [WARN] PackLoader:240 - Cannot read IP mode file for STMicroelectronics.FP-ATR-ASTRA1.2.0.0
2024-04-29 14:28:07,812 [WARN] PackLoader:240 - Cannot read IP mode file for STMicroelectronics.X-CUBE-TOF1.3.4.0
2024-04-29 14:28:07,952 [WARN] PackLoader:240 - Cannot read IP mode file for STMicroelectronics.X-CUBE-TOF1.3.4.1
2024-04-29 14:28:08,214 [WARN] PackLoader:240 - Cannot read IP mode file for STMicroelectronics.X-CUBE-AZRTOS-H7.3.2.0
2024-04-29 14:28:08,221 [INFO] ThirdParty:978 - Integrity check success = true
2024-04-29 14:28:08,221 [INFO] IntegrityCheckThread:100 - exiting critical section [integrity check]
2024-04-29 14:28:08,222 [INFO] IntegrityCheckThread:103 - End integrity checks thread
2024-04-29 14:28:08,269 [INFO] WebApp:192 - Starting web application
2024-04-29 14:28:08,269 [INFO] WebApp:544 - Web application path used C:\ST\STM32CubeIDE_1.14.0\STM32CubeIDE\plugins\com.st.stm32cube.common.mx_6.10.0.202311202037\db\plugins\mcufinder\reactClient1\index.html
2024-04-29 14:28:11,433 [ERROR] LogOutputStream:75 - [STDERR_REDIRECT] SLF4J: Failed to load class "org.slf4j.impl.StaticLoggerBinder".
2024-04-29 14:28:11,435 [ERROR] LogOutputStream:75 - [STDERR_REDIRECT] SLF4J: Defaulting to no-operation (NOP) logger implementation
2024-04-29 14:28:11,436 [ERROR] LogOutputStream:75 - [STDERR_REDIRECT] SLF4J: See http://www.slf4j.org/codes.html#StaticLoggerBinder for further details.
2024-04-29 15:40:26,990 [ERROR] LogOutputStream:75 - [STDERR_REDIRECT] Exception in thread "SWV client thread" java.lang.NullPointerException: Cannot invoke "com.st.stm32cube.ide.mcu.debug.swv.core.SWVPlugin.isDebugging()" because "com.st.stm32cube.ide.mcu.debug.swv.core.SWVPlugin.plugin" is null
2024-04-29 15:40:26,995 [ERROR] LogOutputStream:75 - [STDERR_REDIRECT] 	at com.st.stm32cube.ide.mcu.debug.swv.core.SWVPlugin.debugTrace(SWVPlugin.java:85)
2024-04-29 15:40:26,997 [ERROR] LogOutputStream:75 - [STDERR_REDIRECT] 	at com.st.stm32cube.ide.mcu.debug.swv.core.SWVClient.TRACE(SWVClient.java:768)
2024-04-29 15:40:27,000 [ERROR] LogOutputStream:75 - [STDERR_REDIRECT] 	at com.st.stm32cube.ide.mcu.debug.swv.core.SWVClient.readByte(SWVClient.java:296)
2024-04-29 15:40:27,002 [ERROR] LogOutputStream:75 - [STDERR_REDIRECT] 	at com.st.stm32cube.ide.mcu.debug.swv.core.SWVClient.getNextByte(SWVClient.java:277)
2024-04-29 15:40:27,005 [ERROR] LogOutputStream:75 - [STDERR_REDIRECT] 	at com.st.stm32cube.ide.mcu.debug.swv.core.SWVClient.run(SWVClient.java:313)
