2024-04-09 18:22:32,550 [INFO] Activator:176 - 


2024-04-09 18:22:32,561 [INFO] Activator:177 - !SESSION log4j initialized
2024-04-09 18:22:40,524 [INFO] LogOutputStream:77 - [STDOUT_REDIRECT] 
2024-04-09 18:22:43,466 [INFO] ApplicationProperties:184 - Using Application install path: C:\ST\STM32CubeIDE_1.14.0\STM32CubeIDE\plugins\com.st.stm32cube.common.mx_6.10.0.202311202037
2024-04-09 18:22:43,488 [INFO] DbMcusXml:78 - Set database path to: C:\ST\STM32CubeIDE_1.14.0\STM32CubeIDE\plugins\com.st.stm32cube.common.mx_6.10.0.202311202037\\db\/mcu/
2024-04-09 18:22:43,488 [INFO] ApiDb:274 - Set plugin database path to: C:\ST\STM32CubeIDE_1.14.0\STM32CubeIDE\plugins\com.st.stm32cube.common.mx_6.10.0.202311202037\\db\/plugins/boardmanager/
2024-04-09 18:22:43,489 [WARN] ApiDb:259 - Overriding images path with different value:  => C:\ST\STM32CubeIDE_1.14.0\STM32CubeIDE\plugins\com.st.stm32cube.common.mx_6.10.0.202311202037\\db\/plugins/mcufinder/images/
2024-04-09 18:22:43,498 [INFO] ApiDb:250 - Set database path to: C:\Users\thebu\.stmcufinder\plugins\mcufinder//mcu/
2024-04-09 18:22:43,499 [INFO] DbMcusAds:125 - Set database path to: C:\Users\thebu\.stmcufinder\plugins\mcufinder//mcu/
2024-04-09 18:22:43,501 [INFO] CrossReferenceDbSqlite:203 - Set database path to: C:\Users\thebu\.stmcufinder\plugins\mcufinder//mcu/cs/
2024-04-09 18:22:43,628 [INFO] RulesReader:64 - Compatibility file has been processed (297 Rules)
2024-04-09 18:22:43,743 [INFO] DbMcusXml:78 - Set database path to: C:\ST\STM32CubeIDE_1.14.0\STM32CubeIDE\plugins\com.st.stm32cube.common.mx_6.10.0.202311202037\\db\/mcu/
2024-04-09 18:22:43,743 [INFO] ApiDb:274 - Set plugin database path to: C:\ST\STM32CubeIDE_1.14.0\STM32CubeIDE\plugins\com.st.stm32cube.common.mx_6.10.0.202311202037\\db\/plugins/boardmanager/
2024-04-09 18:22:43,744 [INFO] ApiDb:261 - Set plugin images path to: C:\ST\STM32CubeIDE_1.14.0\STM32CubeIDE\plugins\com.st.stm32cube.common.mx_6.10.0.202311202037\\db\/plugins/mcufinder/images/
2024-04-09 18:22:43,744 [WARN] DbFile:41 - Overriding database path with different value: C:\Users\thebu\.stmcufinder\plugins\mcufinder/ => C:\Users\thebu\.stmcufinder\plugins\mcufinder
2024-04-09 18:22:43,744 [INFO] ApiDb:250 - Set database path to: C:\Users\thebu\.stmcufinder\plugins\mcufinder//mcu/
2024-04-09 18:22:43,744 [WARN] DbFile:41 - Overriding database path with different value: C:\Users\thebu\.stmcufinder\plugins\mcufinder/ => C:\Users\thebu\.stmcufinder\plugins\mcufinder
2024-04-09 18:22:43,744 [INFO] DbMcusAds:125 - Set database path to: C:\Users\thebu\.stmcufinder\plugins\mcufinder//mcu/
2024-04-09 18:22:43,744 [WARN] DbFile:41 - Overriding database path with different value: C:\Users\thebu\.stmcufinder\plugins\mcufinder/ => C:\Users\thebu\.stmcufinder\plugins\mcufinder
2024-04-09 18:22:43,744 [WARN] DbFile:41 - Overriding database path with different value: C:\Users\thebu\.stmcufinder\plugins\mcufinder/ => C:\Users\thebu\.stmcufinder\plugins\mcufinder
2024-04-09 18:22:43,744 [INFO] CrossReferenceDbSqlite:203 - Set database path to: C:\Users\thebu\.stmcufinder\plugins\mcufinder//mcu/cs/
2024-04-09 18:22:43,845 [INFO] MainPanel:264 - HeapMemory: 268435456
2024-04-09 18:22:43,973 [INFO] DbMcusXml:78 - Set database path to: C:\ST\STM32CubeIDE_1.14.0\STM32CubeIDE\plugins\com.st.stm32cube.common.mx_6.10.0.202311202037\\db\/mcu/
2024-04-09 18:22:43,974 [INFO] ApiDb:274 - Set plugin database path to: C:\ST\STM32CubeIDE_1.14.0\STM32CubeIDE\plugins\com.st.stm32cube.common.mx_6.10.0.202311202037\\db\/plugins/boardmanager/
2024-04-09 18:22:43,974 [INFO] ApiDb:261 - Set plugin images path to: C:\ST\STM32CubeIDE_1.14.0\STM32CubeIDE\plugins\com.st.stm32cube.common.mx_6.10.0.202311202037\\db\/plugins/mcufinder/images/
2024-04-09 18:22:43,974 [WARN] DbFile:41 - Overriding database path with different value: C:\Users\thebu\.stmcufinder\plugins\mcufinder/ => C:\Users\thebu\.stmcufinder\plugins\mcufinder
2024-04-09 18:22:43,974 [INFO] ApiDb:250 - Set database path to: C:\Users\thebu\.stmcufinder\plugins\mcufinder//mcu/
2024-04-09 18:22:43,974 [WARN] DbFile:41 - Overriding database path with different value: C:\Users\thebu\.stmcufinder\plugins\mcufinder/ => C:\Users\thebu\.stmcufinder\plugins\mcufinder
2024-04-09 18:22:43,975 [INFO] DbMcusAds:125 - Set database path to: C:\Users\thebu\.stmcufinder\plugins\mcufinder//mcu/
2024-04-09 18:22:43,975 [WARN] DbFile:41 - Overriding database path with different value: C:\Users\thebu\.stmcufinder\plugins\mcufinder/ => C:\Users\thebu\.stmcufinder\plugins\mcufinder
2024-04-09 18:22:43,975 [WARN] DbFile:41 - Overriding database path with different value: C:\Users\thebu\.stmcufinder\plugins\mcufinder/ => C:\Users\thebu\.stmcufinder\plugins\mcufinder
2024-04-09 18:22:43,975 [INFO] CrossReferenceDbSqlite:203 - Set database path to: C:\Users\thebu\.stmcufinder\plugins\mcufinder//mcu/cs/
2024-04-09 18:22:44,000 [INFO] ApplicationProperties:184 - Using Application install path: C:\ST\STM32CubeIDE_1.14.0\STM32CubeIDE\plugins\com.st.stm32cube.common.mx_6.10.0.202311202037
2024-04-09 18:22:44,003 [INFO] PluginManage:196 - Search for loadable plugins [exclusion list=, ]
2024-04-09 18:22:44,005 [INFO] PluginManage:310 - Check plugin analytics
2024-04-09 18:22:44,226 [INFO] AnalyticsPlugin:253 - Accepted Software Licenses: 
2024-04-09 18:22:44,227 [INFO] AnalyticsPlugin:255 - Accepted CMSIS Pack Licenses: 
2024-04-09 18:22:44,227 [INFO] AnalyticsPlugin:257 - Accepted Firmware Licenses: FW.L4.1.18.0
2024-04-09 18:22:44,230 [INFO] PluginManage:359 - Loaded plugin analytics (category:tool,tabindex:-1)
2024-04-09 18:22:44,231 [INFO] PluginManage:310 - Check plugin cadmodel
2024-04-09 18:22:44,251 [INFO] CADModel:105 - Init CAD model plugin
2024-04-09 18:22:44,251 [INFO] PluginManage:359 - Loaded plugin cadmodel (category:power,tabindex:5)
2024-04-09 18:22:44,251 [INFO] PluginManage:310 - Check plugin clock
2024-04-09 18:22:44,279 [INFO] PluginManage:359 - Loaded plugin clock (category:base,tabindex:2)
2024-04-09 18:22:44,279 [INFO] PluginManage:310 - Check plugin ddr
2024-04-09 18:22:44,282 [INFO] PluginManage:359 - Loaded plugin ddr (category:tool,tabindex:6)
2024-04-09 18:22:44,282 [INFO] PluginManage:310 - Check plugin filemanager
2024-04-09 18:22:44,453 [INFO] PluginManage:359 - Loaded plugin filemanager (category:base,tabindex:10)
2024-04-09 18:22:44,453 [INFO] PluginManage:310 - Check plugin ipmanager
2024-04-09 18:22:44,462 [INFO] PluginManage:359 - Loaded plugin ipmanager (category:base,tabindex:5)
2024-04-09 18:22:44,462 [INFO] PluginManage:310 - Check plugin lpbam
2024-04-09 18:22:44,485 [INFO] PluginManage:359 - Loaded plugin lpbam (category:base,tabindex:0)
2024-04-09 18:22:44,485 [INFO] PluginManage:310 - Check plugin memorymap
2024-04-09 18:22:44,513 [INFO] PluginManage:359 - Loaded plugin memorymap (category:base,tabindex:4)
2024-04-09 18:22:44,513 [INFO] PluginManage:310 - Check plugin pinoutandconfiguration
2024-04-09 18:22:44,532 [INFO] PluginManage:359 - Loaded plugin pinoutandconfiguration (category:base,tabindex:1)
2024-04-09 18:22:44,532 [INFO] PluginManage:310 - Check plugin pinoutconfig
2024-04-09 18:22:44,664 [WARN] SupportedApi:132 - Cannot load RTOS API schema: s4s-elt-must-match.1: The content of 'definitions' must match (annotation?, (simpleType | complexType)?, (unique | key | keyref)*)). A problem was found starting at: attribute.
2024-04-09 18:22:44,835 [INFO] PluginManage:359 - Loaded plugin pinoutconfig (category:base,tabindex:0)
2024-04-09 18:22:44,835 [INFO] PluginManage:310 - Check plugin power
2024-04-09 18:22:44,863 [INFO] PluginManage:359 - Loaded plugin power (category:power,tabindex:4)
2024-04-09 18:22:44,864 [INFO] PluginManage:310 - Check plugin projectmanager
2024-04-09 18:22:44,882 [INFO] PluginManage:359 - Loaded plugin projectmanager (category:projectmanager,tabindex:3)
2024-04-09 18:22:44,883 [INFO] PluginManage:310 - Check plugin thirdparty
2024-04-09 18:22:45,199 [INFO] PluginManage:359 - Loaded plugin thirdparty (category:base,tabindex:-1)
2024-04-09 18:22:45,199 [INFO] PluginManage:310 - Check plugin tools
2024-04-09 18:22:45,199 [WARN] IntegrityCheckThread:84 - waiting for thirdparty lock release [integrity check]
2024-04-09 18:22:45,200 [INFO] IntegrityCheckThread:86 - entering critical section [integrity check]
2024-04-09 18:22:45,200 [INFO] ThirdPartyUpdaterWithRetryManager:70 - Updater plugin not ready yet. [1/15]
2024-04-09 18:22:45,241 [INFO] PluginManage:359 - Loaded plugin tools (category:base,tabindex:7)
2024-04-09 18:22:45,242 [INFO] PluginManage:310 - Check plugin tutovideos
2024-04-09 18:22:45,462 [INFO] PluginManage:359 - Loaded plugin tutovideos (category:base,tabindex:-1)
2024-04-09 18:22:45,463 [INFO] PluginManage:310 - Check plugin updater
2024-04-09 18:22:45,475 [INFO] PluginManage:359 - Loaded plugin updater (category:base,tabindex:12)
2024-04-09 18:22:45,476 [INFO] PluginManage:310 - Check plugin userauth
2024-04-09 18:22:45,481 [INFO] UserAuth:114 - Init User Auth plugin
2024-04-09 18:22:45,482 [INFO] PluginManage:359 - Loaded plugin userauth (category:base,tabindex:14)
2024-04-09 18:22:45,482 [INFO] PluginManage:283 - PluginManage : Loaded plugins [17]
2024-04-09 18:22:45,752 [INFO] PinOutPanel:1499 - setPackage(No Configuration,No Configuration)
2024-04-09 18:22:45,842 [INFO] CADModel:165 - CPN selected for project level
2024-04-09 18:22:45,843 [INFO] CADModel:114 - Register for checkConnection events
2024-04-09 18:22:45,879 [INFO] IPUIPlugin:80 - create IPUIPlugin
2024-04-09 18:22:45,879 [INFO] PluginManager:220 - loadIPPluginJar : add adc
2024-04-09 18:22:45,921 [INFO] IPUIPlugin:80 - create IPUIPlugin
2024-04-09 18:22:45,921 [INFO] PluginManager:220 - loadIPPluginJar : add aes
2024-04-09 18:22:45,969 [INFO] IPUIPlugin:80 - create IPUIPlugin
2024-04-09 18:22:45,969 [INFO] PluginManager:220 - loadIPPluginJar : add can
2024-04-09 18:22:45,994 [INFO] IPUIPlugin:80 - create IPUIPlugin
2024-04-09 18:22:45,995 [INFO] PluginManager:220 - loadIPPluginJar : add comp
2024-04-09 18:22:46,032 [INFO] IPUIPlugin:80 - create IPUIPlugin
2024-04-09 18:22:46,033 [INFO] PluginManager:220 - loadIPPluginJar : add cryp
2024-04-09 18:22:46,065 [INFO] IPUIPlugin:80 - create IPUIPlugin
2024-04-09 18:22:46,066 [INFO] PluginManager:220 - loadIPPluginJar : add dfsdm
2024-04-09 18:22:46,083 [INFO] IPUIPlugin:80 - create IPUIPlugin
2024-04-09 18:22:46,083 [INFO] PluginManager:220 - loadIPPluginJar : add dma
2024-04-09 18:22:46,131 [INFO] IPUIPlugin:80 - create IPUIPlugin
2024-04-09 18:22:46,131 [INFO] PluginManager:220 - loadIPPluginJar : add dma3
2024-04-09 18:22:46,152 [INFO] IPUIPlugin:80 - create IPUIPlugin
2024-04-09 18:22:46,152 [INFO] PluginManager:220 - loadIPPluginJar : add fatfs
2024-04-09 18:22:46,199 [INFO] IPUIPlugin:80 - create IPUIPlugin
2024-04-09 18:22:46,199 [INFO] PluginManager:220 - loadIPPluginJar : add fmc
2024-04-09 18:22:46,214 [INFO] IPUIPlugin:80 - create IPUIPlugin
2024-04-09 18:22:46,215 [INFO] PluginManager:220 - loadIPPluginJar : add freertos
2024-04-09 18:22:46,235 [INFO] IPUIPlugin:80 - create IPUIPlugin
2024-04-09 18:22:46,235 [INFO] PluginManager:220 - loadIPPluginJar : add genericplugin
2024-04-09 18:22:46,330 [INFO] IPUIPlugin:80 - create IPUIPlugin
2024-04-09 18:22:46,330 [INFO] PluginManager:220 - loadIPPluginJar : add gfxmmu
2024-04-09 18:22:46,471 [INFO] IPUIPlugin:80 - create IPUIPlugin
2024-04-09 18:22:46,471 [INFO] PluginManager:220 - loadIPPluginJar : add gic
2024-04-09 18:22:46,486 [INFO] IPUIPlugin:80 - create IPUIPlugin
2024-04-09 18:22:46,486 [INFO] PluginManager:220 - loadIPPluginJar : add gpio
2024-04-09 18:22:46,578 [INFO] IPUIPlugin:80 - create IPUIPlugin
2024-04-09 18:22:46,578 [INFO] PluginManager:220 - loadIPPluginJar : add gtzc
2024-04-09 18:22:46,607 [INFO] IPUIPlugin:80 - create IPUIPlugin
2024-04-09 18:22:46,608 [INFO] PluginManager:220 - loadIPPluginJar : add hash
2024-04-09 18:22:46,654 [INFO] IPUIPlugin:80 - create IPUIPlugin
2024-04-09 18:22:46,654 [INFO] PluginManager:220 - loadIPPluginJar : add i2c
2024-04-09 18:22:46,688 [INFO] IPUIPlugin:80 - create IPUIPlugin
2024-04-09 18:22:46,688 [INFO] PluginManager:220 - loadIPPluginJar : add i2s
2024-04-09 18:22:46,723 [INFO] IPUIPlugin:80 - create IPUIPlugin
2024-04-09 18:22:46,723 [INFO] PluginManager:220 - loadIPPluginJar : add i3c
2024-04-09 18:22:46,812 [INFO] IPUIPlugin:80 - create IPUIPlugin
2024-04-09 18:22:46,812 [INFO] PluginManager:220 - loadIPPluginJar : add ipddr
2024-04-09 18:22:46,907 [INFO] IPUIPlugin:80 - create IPUIPlugin
2024-04-09 18:22:46,907 [INFO] PluginManager:220 - loadIPPluginJar : add linkedlist
2024-04-09 18:22:46,946 [INFO] IPUIPlugin:80 - create IPUIPlugin
2024-04-09 18:22:46,946 [INFO] PluginManager:220 - loadIPPluginJar : add lorawan
2024-04-09 18:22:46,983 [INFO] IPUIPlugin:80 - create IPUIPlugin
2024-04-09 18:22:46,983 [INFO] PluginManager:220 - loadIPPluginJar : add ltdc
2024-04-09 18:22:46,999 [INFO] IPUIPlugin:80 - create IPUIPlugin
2024-04-09 18:22:46,999 [INFO] PluginManager:220 - loadIPPluginJar : add mdma
2024-04-09 18:22:47,011 [INFO] IPUIPlugin:80 - create IPUIPlugin
2024-04-09 18:22:47,011 [INFO] PluginManager:220 - loadIPPluginJar : add nvic
2024-04-09 18:22:47,047 [INFO] IPUIPlugin:80 - create IPUIPlugin
2024-04-09 18:22:47,047 [INFO] PluginManager:220 - loadIPPluginJar : add opamp
2024-04-09 18:22:47,104 [INFO] IPUIPlugin:80 - create IPUIPlugin
2024-04-09 18:22:47,105 [INFO] PluginManager:220 - loadIPPluginJar : add openamp
2024-04-09 18:22:47,144 [INFO] IPUIPlugin:80 - create IPUIPlugin
2024-04-09 18:22:47,144 [INFO] PluginManager:220 - loadIPPluginJar : add pdm2pcm
2024-04-09 18:22:47,160 [INFO] IPUIPlugin:80 - create IPUIPlugin
2024-04-09 18:22:47,162 [INFO] PluginManager:220 - loadIPPluginJar : add plateformsettings
2024-04-09 18:22:47,182 [INFO] IPUIPlugin:80 - create IPUIPlugin
2024-04-09 18:22:47,182 [INFO] PluginManager:220 - loadIPPluginJar : add quadspi
2024-04-09 18:22:47,195 [INFO] IPUIPlugin:80 - create IPUIPlugin
2024-04-09 18:22:47,195 [INFO] PluginManager:220 - loadIPPluginJar : add resmgrutility
2024-04-09 18:22:47,237 [INFO] IPUIPlugin:80 - create IPUIPlugin
2024-04-09 18:22:47,237 [INFO] PluginManager:220 - loadIPPluginJar : add sai
2024-04-09 18:22:47,272 [INFO] IPUIPlugin:80 - create IPUIPlugin
2024-04-09 18:22:47,272 [INFO] PluginManager:220 - loadIPPluginJar : add spi
2024-04-09 18:22:47,337 [INFO] IPUIPlugin:80 - create IPUIPlugin
2024-04-09 18:22:47,337 [INFO] PluginManager:220 - loadIPPluginJar : add stm32_wpan
2024-04-09 18:22:47,359 [INFO] IPUIPlugin:80 - create IPUIPlugin
2024-04-09 18:22:47,359 [INFO] PluginManager:220 - loadIPPluginJar : add tim
2024-04-09 18:22:47,411 [INFO] IPUIPlugin:80 - create IPUIPlugin
2024-04-09 18:22:47,411 [INFO] PluginManager:220 - loadIPPluginJar : add touchsensing
2024-04-09 18:22:47,433 [INFO] IPUIPlugin:80 - create IPUIPlugin
2024-04-09 18:22:47,433 [INFO] PluginManager:220 - loadIPPluginJar : add tracer_emb
2024-04-09 18:22:47,456 [INFO] IPUIPlugin:80 - create IPUIPlugin
2024-04-09 18:22:47,456 [INFO] PluginManager:220 - loadIPPluginJar : add ts
2024-04-09 18:22:47,477 [INFO] IPUIPlugin:80 - create IPUIPlugin
2024-04-09 18:22:47,478 [INFO] PluginManager:220 - loadIPPluginJar : add tsc
2024-04-09 18:22:47,498 [INFO] IPUIPlugin:80 - create IPUIPlugin
2024-04-09 18:22:47,499 [INFO] PluginManager:220 - loadIPPluginJar : add ucpd
2024-04-09 18:22:47,540 [INFO] IPUIPlugin:80 - create IPUIPlugin
2024-04-09 18:22:47,540 [INFO] PluginManager:220 - loadIPPluginJar : add usart
2024-04-09 18:22:47,580 [INFO] IPUIPlugin:80 - create IPUIPlugin
2024-04-09 18:22:47,581 [INFO] PluginManager:220 - loadIPPluginJar : add usbx
2024-04-09 18:22:47,705 [INFO] CADModel:165 - CPN selected for project level
2024-04-09 18:22:47,706 [INFO] CADModel:114 - Register for checkConnection events
2024-04-09 18:22:47,706 [FATAL] Updater:308 - Updater called before beeing initialized
2024-04-09 18:22:47,706 [ERROR] CADModel:125 - Updater not yet initialized, retry later 
2024-04-09 18:22:47,841 [INFO] CADModel:165 - CPN selected for project level
2024-04-09 18:22:47,841 [INFO] CADModel:114 - Register for checkConnection events
2024-04-09 18:22:47,841 [FATAL] Updater:308 - Updater called before beeing initialized
2024-04-09 18:22:47,841 [ERROR] CADModel:125 - Updater not yet initialized, retry later 
2024-04-09 18:22:47,845 [FATAL] Updater:308 - Updater called before beeing initialized
2024-04-09 18:22:47,955 [FATAL] Updater:308 - Updater called before beeing initialized
2024-04-09 18:22:47,965 [INFO] DbMcusAds:53 - JSON generation date=Wed Nov 29 02:52:27 PST 2023 (1701255147349)
2024-04-09 18:22:47,965 [FATAL] Updater:308 - Updater called before beeing initialized
2024-04-09 18:22:48,054 [WARN] DetailPanel:346 - Failed to get advertising image, set to default
2024-04-09 18:22:48,155 [FATAL] Updater:308 - Updater called before beeing initialized
2024-04-09 18:22:48,157 [FATAL] Updater:308 - Updater called before beeing initialized
2024-04-09 18:22:48,157 [FATAL] Updater:308 - Updater called before beeing initialized
2024-04-09 18:22:48,158 [WARN] DetailPanel:346 - Failed to get advertising image, set to default
2024-04-09 18:22:48,158 [FATAL] Updater:308 - Updater called before beeing initialized
2024-04-09 18:22:48,200 [INFO] ThirdPartyUpdaterWithRetryManager:70 - Updater plugin not ready yet. [2/15]
2024-04-09 18:22:48,291 [ERROR] Updater:1120 - MainUpdater not yet initialized. External WinMGr cannot be set.
2024-04-09 18:22:48,310 [INFO] Updater:1056 - Updater Version found : 6.10.0
2024-04-09 18:22:48,344 [INFO] ApplicationProperties:184 - Using Application install path: C:\ST\STM32CubeIDE_1.14.0\STM32CubeIDE\plugins\com.st.stm32cube.common.mx_6.10.0.202311202037
2024-04-09 18:22:49,928 [ERROR] LogOutputStream:75 - [STDERR_REDIRECT] Apr 09, 2024 6:22:49 PM java.util.prefs.WindowsPreferences <init>
2024-04-09 18:22:49,931 [ERROR] LogOutputStream:75 - [STDERR_REDIRECT] WARNING: Could not open/create prefs root node Software\JavaSoft\Prefs at root 0xffffffff80000002. Windows RegCreateKeyEx(...) returned error code 5.
2024-04-09 18:22:49,931 [ERROR] LogOutputStream:75 - [STDERR_REDIRECT] 
2024-04-09 18:22:50,665 [INFO] MainUpdater:2873 - connection check result : 10
2024-04-09 18:22:50,665 [INFO] MainUpdater:3567 - Updater definition file requires update
2024-04-09 18:22:50,666 [INFO] MainUpdater:290 - Updater Check For Update Now.
2024-04-09 18:22:50,666 [INFO] MicroXplorer:498 - Change Database Version : DB.6.0.100
2024-04-09 18:22:50,683 [INFO] McuFinderGlobals:63 - Set McuFinder mode to 2 (CubeIDE integrated)
2024-04-09 18:22:50,694 [INFO] UserAuth:404 - Internet connection configuration mode: 1
2024-04-09 18:22:50,717 [INFO] JxBrowserEngine:152 - Initiate JxBrowser Engine with user profile folder
2024-04-09 18:22:50,814 [INFO] ServerAccessManage:473 - Download File updaters.zip
2024-04-09 18:22:50,924 [INFO] FileExtend:240 - Unzip File : updaters.zip
2024-04-09 18:22:50,924 [INFO] FileExtend:255 - Standard Zip Deflate
2024-04-09 18:22:51,201 [WARN] MainUpdater:1194 - Updater busy. Cannot search thirdparties
2024-04-09 18:22:51,202 [INFO] ThirdPartyUpdaterWithRetryManager:96 - Updater plugin is busy. [1/15]
2024-04-09 18:22:51,316 [INFO] ServerAccessManage:473 - Download File PacksControlFlags.xml
2024-04-09 18:22:51,461 [INFO] ServerAccessManage:473 - Download File cubemx.pidx
2024-04-09 18:22:53,210 [INFO] ServerAccessManage:473 - Download File STMicroelectronics.X-CUBE-TCPP.pdsc
2024-04-09 18:22:54,205 [WARN] MainUpdater:1194 - Updater busy. Cannot search thirdparties
2024-04-09 18:22:54,205 [INFO] ThirdPartyUpdaterWithRetryManager:96 - Updater plugin is busy. [2/15]
2024-04-09 18:22:54,541 [WARN] PackLoader:240 - Cannot read IP mode file for STMicroelectronics.X-CUBE-TCPP.4.1.0
2024-04-09 18:22:54,555 [INFO] PopulateThirdPartyThread:66 - Ending populate Thread
2024-04-09 18:22:54,556 [INFO] ThirdParty:1030 - CMSIS Pack Vendor :STMicroelectronics X-CUBE-TCPP 4.1.0
2024-04-09 18:22:54,557 [INFO] LoadServerUpdatesThread:375 - End of LoadServerUpdate Thread
2024-04-09 18:22:54,777 [INFO] CheckServerUpdateThread:120 - End of CheckServer Thread
2024-04-09 18:22:56,520 [INFO] WebApp:161 - Instantiating new browser for Auth
2024-04-09 18:22:57,413 [INFO] WebApp:780 - Register for checkConnection events
2024-04-09 18:22:57,414 [INFO] WebApp:414 - Apply proxy settings
2024-04-09 18:22:57,414 [INFO] WebApp:499 - Chromium requires no authentication
2024-04-09 18:22:57,428 [INFO] WebApp:442 - Direct internet connection detected
2024-04-09 18:22:57,466 [WARN] PackLoader:240 - Cannot read IP mode file for STMicroelectronics.X-CUBE-SMBUS.2.1.0
2024-04-09 18:22:57,484 [WARN] PackLoader:240 - Cannot read IP mode file for STMicroelectronics.X-CUBE-TOUCHGFX.4.23.0
2024-04-09 18:22:57,499 [WARN] PackLoader:240 - Cannot read IP mode file for STMicroelectronics.X-CUBE-TOUCHGFX.4.23.2
2024-04-09 18:22:57,551 [WARN] PackLoader:240 - Cannot read IP mode file for STMicroelectronics.X-CUBE-AZRTOS-F7.1.1.0
2024-04-09 18:22:57,579 [WARN] PackLoader:240 - Cannot read IP mode file for STMicroelectronics.FP-SNS-MOTENV1.4.3.2
2024-04-09 18:22:57,591 [WARN] PackLoader:240 - Cannot read IP mode file for STMicroelectronics.FP-SNS-FLIGHT1.5.0.2
2024-04-09 18:22:57,617 [WARN] PackLoader:240 - Cannot read IP mode file for STMicroelectronics.X-CUBE-DISPLAY.3.0.0
2024-04-09 18:22:57,648 [WARN] PackLoader:240 - Cannot read IP mode file for STMicroelectronics.X-CUBE-BLE1.7.0.0
2024-04-09 18:22:57,673 [WARN] PackLoader:240 - Cannot read IP mode file for emotas.I-CUBE-CANOPEN.1.3.0
2024-04-09 18:22:57,712 [WARN] PackLoader:240 - Cannot read IP mode file for STMicroelectronics.X-CUBE-BLEMGR.3.1.0
2024-04-09 18:22:57,736 [WARN] PackLoader:240 - Cannot read IP mode file for STMicroelectronics.FP-SNS-SMARTAG2.1.2.0
2024-04-09 18:22:57,754 [INFO] WebApp:192 - Starting web application
2024-04-09 18:22:57,756 [INFO] WebApp:544 - Web application path used C:\ST\STM32CubeIDE_1.14.0\STM32CubeIDE\plugins\com.st.stm32cube.common.mx_6.10.0.202311202037\db\plugins\mcufinder\reactClient1\index.html
2024-04-09 18:22:57,765 [INFO] LogOutputStream:77 - [STDOUT_REDIRECT] 1 : Invalid condition id : UX_CORESTACK_Condition cause : null
2024-04-09 18:22:57,767 [INFO] LogOutputStream:77 - [STDOUT_REDIRECT] 1 : Invalid condition id : UX_CORESTACK_Condition cause : null
2024-04-09 18:22:57,770 [INFO] LogOutputStream:77 - [STDOUT_REDIRECT] 1 : Invalid condition id : UX_CORESTACK_Condition cause : null
2024-04-09 18:22:57,772 [INFO] LogOutputStream:77 - [STDOUT_REDIRECT] 1 : Invalid condition id : UX_CORESTACK_Condition cause : null
2024-04-09 18:22:57,774 [INFO] LogOutputStream:77 - [STDOUT_REDIRECT] 1 : Invalid condition id : UX_CORESTACK_Condition cause : null
2024-04-09 18:22:57,778 [WARN] PackLoader:240 - Cannot read IP mode file for STMicroelectronics.X-CUBE-AZRTOS-WL.2.0.0
2024-04-09 18:22:57,799 [WARN] PackLoader:240 - Cannot read IP mode file for STMicroelectronics.FP-SNS-MOTENV1.5.0.0
2024-04-09 18:22:57,825 [WARN] PackLoader:240 - Cannot read IP mode file for WES.I-CUBE-Cesium.1.3.0
2024-04-09 18:22:57,857 [WARN] PackLoader:240 - Cannot read IP mode file for STMicroelectronics.X-CUBE-BLE2.3.3.0
2024-04-09 18:22:57,869 [WARN] PackLoader:240 - Cannot read IP mode file for STMicroelectronics.X-CUBE-TCPP.4.1.0
2024-04-09 18:22:57,902 [WARN] PackLoader:240 - Cannot read IP mode file for STMicroelectronics.X-CUBE-ALGOBUILD.1.3.0
2024-04-09 18:22:57,971 [WARN] PackLoader:240 - Cannot read IP mode file for STMicroelectronics.X-CUBE-AZRTOS-G0.1.1.0
2024-04-09 18:22:58,012 [WARN] PackLoader:240 - Cannot read IP mode file for STMicroelectronics.X-CUBE-SAFEA1.1.2.2
2024-04-09 18:22:58,041 [WARN] PackLoader:240 - Cannot read IP mode file for STMicroelectronics.X-CUBE-NFC4.3.0.0
2024-04-09 18:22:58,092 [WARN] PackLoader:240 - Cannot read IP mode file for STMicroelectronics.X-CUBE-BLEMGR.3.0.0
2024-04-09 18:22:58,106 [WARN] PackLoader:240 - Cannot read IP mode file for STMicroelectronics.FP-ATR-SIGFOX1.3.2.0
2024-04-09 18:22:58,143 [WARN] PackLoader:240 - Cannot read IP mode file for STMicroelectronics.X-CUBE-EEPRMA1.5.1.0
2024-04-09 18:22:58,302 [WARN] PackLoader:240 - Cannot read IP mode file for SEGGER.I-CUBE-embOS.1.3.1
2024-04-09 18:22:58,417 [WARN] PackLoader:240 - Cannot read IP mode file for STMicroelectronics.X-CUBE-GNSS1.6.0.0
2024-04-09 18:22:58,462 [WARN] PackLoader:240 - Cannot read IP mode file for STMicroelectronics.X-CUBE-AZRTOS-F4.1.1.0
2024-04-09 18:22:58,490 [WARN] PackLoader:240 - Cannot read IP mode file for wolfSSL.I-CUBE-wolfSSL.5.6.6
2024-04-09 18:22:58,539 [WARN] PackLoader:240 - Cannot read IP mode file for STMicroelectronics.X-CUBE-AZRTOS-L5.2.0.0
2024-04-09 18:22:58,567 [WARN] PackLoader:240 - Cannot read IP mode file for STMicroelectronics.X-CUBE-EEPRMA1.4.2.0
2024-04-09 18:22:58,591 [WARN] PackLoader:240 - Cannot read IP mode file for STMicroelectronics.X-CUBE-NFC6.3.1.0
2024-04-09 18:22:58,617 [WARN] PackLoader:240 - Cannot read IP mode file for ITTIA_DB.I-CUBE-ITTIADB.8.8.0
2024-04-09 18:22:58,641 [WARN] PackLoader:240 - Cannot read IP mode file for STMicroelectronics.X-CUBE-NFC7.1.0.1
2024-04-09 18:22:58,673 [WARN] PackLoader:240 - Cannot read IP mode file for STMicroelectronics.X-CUBE-NFC6.3.0.0
2024-04-09 18:22:58,696 [WARN] PackLoader:240 - Cannot read IP mode file for STMicroelectronics.X-CUBE-AI.8.1.0
2024-04-09 18:22:58,749 [WARN] ConditionMgr:438 - getConditionDescription Invalid condition id : LAN8742 Phy interface Condition cause : null
2024-04-09 18:22:58,750 [WARN] PackLoader:240 - Cannot read IP mode file for STMicroelectronics.X-CUBE-AZRTOS-L4.2.0.0
2024-04-09 18:22:58,753 [WARN] ConditionMgr:1039 - genDependencies : Invalid condition id : LAN8742 Phy interface Condition cause : null
2024-04-09 18:22:58,753 [WARN] ConditionMgr:1039 - genDependencies : Invalid condition id : LAN8742 Phy interface Condition cause : null
2024-04-09 18:22:58,754 [WARN] ConditionMgr:1039 - genDependencies : Invalid condition id : LAN8742 Phy interface Condition cause : null
2024-04-09 18:22:58,820 [WARN] PackLoader:240 - Cannot read IP mode file for STMicroelectronics.X-CUBE-SFXS2LP1.4.0.0
2024-04-09 18:22:58,967 [WARN] ConditionMgr:438 - getConditionDescription Invalid condition id : UX DEVICE CLASS RTOS Condition cause : null
2024-04-09 18:22:58,968 [WARN] ConditionMgr:438 - getConditionDescription Invalid condition id : UX DEVICE CLASS RTOS Condition cause : null
2024-04-09 18:22:58,972 [WARN] PackLoader:240 - Cannot read IP mode file for STMicroelectronics.X-CUBE-AZRTOS-WB.2.0.0
2024-04-09 18:22:58,973 [WARN] ConditionMgr:1039 - genDependencies : Invalid condition id : UX DEVICE CLASS RTOS Condition cause : null
2024-04-09 18:22:58,974 [WARN] ConditionMgr:1039 - genDependencies : Invalid condition id : UX DEVICE CLASS RTOS Condition cause : null
2024-04-09 18:22:58,974 [WARN] ConditionMgr:1039 - genDependencies : Invalid condition id : UX DEVICE CLASS RTOS Condition cause : null
2024-04-09 18:22:58,975 [WARN] ConditionMgr:1039 - genDependencies : Invalid condition id : UX DEVICE CLASS RTOS Condition cause : null
2024-04-09 18:22:58,975 [WARN] ConditionMgr:1039 - genDependencies : Invalid condition id : UX DEVICE CLASS RTOS Condition cause : null
2024-04-09 18:22:59,034 [WARN] PackLoader:240 - Cannot read IP mode file for STMicroelectronics.X-CUBE-SUBG2.5.0.0
2024-04-09 18:22:59,097 [WARN] PackLoader:240 - Cannot read IP mode file for STMicroelectronics.X-CUBE-AZRTOS-G4.2.0.0
2024-04-09 18:22:59,154 [WARN] PackLoader:240 - Cannot read IP mode file for Infineon.AIROC-Wi-Fi-Bluetooth-STM32.1.5.1
2024-04-09 18:22:59,185 [WARN] PackLoader:240 - Cannot read IP mode file for STMicroelectronics.FP-SNS-MOTENVWB1.1.3.1
2024-04-09 18:22:59,229 [WARN] PackLoader:240 - Cannot read IP mode file for STMicroelectronics.X-CUBE-ISPU.2.0.0
2024-04-09 18:22:59,420 [WARN] PackLoader:240 - Cannot read IP mode file for STMicroelectronics.X-CUBE-MEMS1.10.0.0
2024-04-09 18:22:59,735 [WARN] PackLoader:240 - Cannot read IP mode file for STMicroelectronics.X-CUBE-FREERTOS.1.1.0
2024-04-09 18:22:59,761 [WARN] PackLoader:240 - Cannot read IP mode file for portGmbH.I-Cube-SoM-uGOAL.1.1.0
2024-04-09 18:22:59,787 [WARN] PackLoader:240 - Cannot read IP mode file for STMicroelectronics.X-CUBE-ALS.1.0.1
2024-04-09 18:22:59,797 [WARN] PackLoader:240 - Cannot read IP mode file for STMicroelectronics.FP-ATR-ASTRA1.2.0.0
2024-04-09 18:22:59,863 [WARN] PackLoader:240 - Cannot read IP mode file for STMicroelectronics.X-CUBE-TOF1.3.4.0
2024-04-09 18:22:59,955 [WARN] PackLoader:240 - Cannot read IP mode file for STMicroelectronics.X-CUBE-TOF1.3.4.1
2024-04-09 18:23:00,080 [WARN] PackLoader:240 - Cannot read IP mode file for STMicroelectronics.X-CUBE-AZRTOS-H7.3.2.0
2024-04-09 18:23:00,091 [INFO] ThirdParty:978 - Integrity check success = true
2024-04-09 18:23:00,091 [INFO] IntegrityCheckThread:100 - exiting critical section [integrity check]
2024-04-09 18:23:00,091 [INFO] IntegrityCheckThread:103 - End integrity checks thread
2024-04-09 18:23:03,579 [ERROR] LogOutputStream:75 - [STDERR_REDIRECT] SLF4J: Failed to load class "org.slf4j.impl.StaticLoggerBinder".
2024-04-09 18:23:03,583 [ERROR] LogOutputStream:75 - [STDERR_REDIRECT] SLF4J: Defaulting to no-operation (NOP) logger implementation
2024-04-09 18:23:03,588 [ERROR] LogOutputStream:75 - [STDERR_REDIRECT] SLF4J: See http://www.slf4j.org/codes.html#StaticLoggerBinder for further details.
2024-04-09 20:16:12,139 [ERROR] LogOutputStream:75 - [STDERR_REDIRECT] 
2024-04-09 20:32:02,217 [INFO] Activator:176 - 


2024-04-09 20:32:02,218 [INFO] Activator:177 - !SESSION log4j initialized
2024-04-09 20:32:07,467 [INFO] LogOutputStream:77 - [STDOUT_REDIRECT] 
2024-04-09 20:32:09,101 [INFO] ApplicationProperties:184 - Using Application install path: C:\ST\STM32CubeIDE_1.14.0\STM32CubeIDE\plugins\com.st.stm32cube.common.mx_6.10.0.202311202037
2024-04-09 20:32:09,119 [INFO] DbMcusXml:78 - Set database path to: C:\ST\STM32CubeIDE_1.14.0\STM32CubeIDE\plugins\com.st.stm32cube.common.mx_6.10.0.202311202037\\db\/mcu/
2024-04-09 20:32:09,120 [INFO] ApiDb:274 - Set plugin database path to: C:\ST\STM32CubeIDE_1.14.0\STM32CubeIDE\plugins\com.st.stm32cube.common.mx_6.10.0.202311202037\\db\/plugins/boardmanager/
2024-04-09 20:32:09,120 [WARN] ApiDb:259 - Overriding images path with different value:  => C:\ST\STM32CubeIDE_1.14.0\STM32CubeIDE\plugins\com.st.stm32cube.common.mx_6.10.0.202311202037\\db\/plugins/mcufinder/images/
2024-04-09 20:32:09,127 [INFO] ApiDb:250 - Set database path to: C:\Users\thebu\.stmcufinder\plugins\mcufinder//mcu/
2024-04-09 20:32:09,128 [INFO] DbMcusAds:125 - Set database path to: C:\Users\thebu\.stmcufinder\plugins\mcufinder//mcu/
2024-04-09 20:32:09,130 [INFO] CrossReferenceDbSqlite:203 - Set database path to: C:\Users\thebu\.stmcufinder\plugins\mcufinder//mcu/cs/
2024-04-09 20:32:09,254 [INFO] RulesReader:64 - Compatibility file has been processed (297 Rules)
2024-04-09 20:32:09,348 [INFO] DbMcusXml:78 - Set database path to: C:\ST\STM32CubeIDE_1.14.0\STM32CubeIDE\plugins\com.st.stm32cube.common.mx_6.10.0.202311202037\\db\/mcu/
2024-04-09 20:32:09,348 [INFO] ApiDb:274 - Set plugin database path to: C:\ST\STM32CubeIDE_1.14.0\STM32CubeIDE\plugins\com.st.stm32cube.common.mx_6.10.0.202311202037\\db\/plugins/boardmanager/
2024-04-09 20:32:09,349 [INFO] ApiDb:261 - Set plugin images path to: C:\ST\STM32CubeIDE_1.14.0\STM32CubeIDE\plugins\com.st.stm32cube.common.mx_6.10.0.202311202037\\db\/plugins/mcufinder/images/
2024-04-09 20:32:09,349 [WARN] DbFile:41 - Overriding database path with different value: C:\Users\thebu\.stmcufinder\plugins\mcufinder/ => C:\Users\thebu\.stmcufinder\plugins\mcufinder
2024-04-09 20:32:09,349 [INFO] ApiDb:250 - Set database path to: C:\Users\thebu\.stmcufinder\plugins\mcufinder//mcu/
2024-04-09 20:32:09,349 [WARN] DbFile:41 - Overriding database path with different value: C:\Users\thebu\.stmcufinder\plugins\mcufinder/ => C:\Users\thebu\.stmcufinder\plugins\mcufinder
2024-04-09 20:32:09,349 [INFO] DbMcusAds:125 - Set database path to: C:\Users\thebu\.stmcufinder\plugins\mcufinder//mcu/
2024-04-09 20:32:09,349 [WARN] DbFile:41 - Overriding database path with different value: C:\Users\thebu\.stmcufinder\plugins\mcufinder/ => C:\Users\thebu\.stmcufinder\plugins\mcufinder
2024-04-09 20:32:09,349 [WARN] DbFile:41 - Overriding database path with different value: C:\Users\thebu\.stmcufinder\plugins\mcufinder/ => C:\Users\thebu\.stmcufinder\plugins\mcufinder
2024-04-09 20:32:09,349 [INFO] CrossReferenceDbSqlite:203 - Set database path to: C:\Users\thebu\.stmcufinder\plugins\mcufinder//mcu/cs/
2024-04-09 20:32:09,429 [INFO] MainPanel:264 - HeapMemory: 268435456
2024-04-09 20:32:09,536 [INFO] DbMcusXml:78 - Set database path to: C:\ST\STM32CubeIDE_1.14.0\STM32CubeIDE\plugins\com.st.stm32cube.common.mx_6.10.0.202311202037\\db\/mcu/
2024-04-09 20:32:09,536 [INFO] ApiDb:274 - Set plugin database path to: C:\ST\STM32CubeIDE_1.14.0\STM32CubeIDE\plugins\com.st.stm32cube.common.mx_6.10.0.202311202037\\db\/plugins/boardmanager/
2024-04-09 20:32:09,537 [INFO] ApiDb:261 - Set plugin images path to: C:\ST\STM32CubeIDE_1.14.0\STM32CubeIDE\plugins\com.st.stm32cube.common.mx_6.10.0.202311202037\\db\/plugins/mcufinder/images/
2024-04-09 20:32:09,538 [WARN] DbFile:41 - Overriding database path with different value: C:\Users\thebu\.stmcufinder\plugins\mcufinder/ => C:\Users\thebu\.stmcufinder\plugins\mcufinder
2024-04-09 20:32:09,538 [INFO] ApiDb:250 - Set database path to: C:\Users\thebu\.stmcufinder\plugins\mcufinder//mcu/
2024-04-09 20:32:09,538 [WARN] DbFile:41 - Overriding database path with different value: C:\Users\thebu\.stmcufinder\plugins\mcufinder/ => C:\Users\thebu\.stmcufinder\plugins\mcufinder
2024-04-09 20:32:09,538 [INFO] DbMcusAds:125 - Set database path to: C:\Users\thebu\.stmcufinder\plugins\mcufinder//mcu/
2024-04-09 20:32:09,538 [WARN] DbFile:41 - Overriding database path with different value: C:\Users\thebu\.stmcufinder\plugins\mcufinder/ => C:\Users\thebu\.stmcufinder\plugins\mcufinder
2024-04-09 20:32:09,538 [WARN] DbFile:41 - Overriding database path with different value: C:\Users\thebu\.stmcufinder\plugins\mcufinder/ => C:\Users\thebu\.stmcufinder\plugins\mcufinder
2024-04-09 20:32:09,538 [INFO] CrossReferenceDbSqlite:203 - Set database path to: C:\Users\thebu\.stmcufinder\plugins\mcufinder//mcu/cs/
2024-04-09 20:32:09,557 [INFO] ApplicationProperties:184 - Using Application install path: C:\ST\STM32CubeIDE_1.14.0\STM32CubeIDE\plugins\com.st.stm32cube.common.mx_6.10.0.202311202037
2024-04-09 20:32:09,560 [INFO] PluginManage:196 - Search for loadable plugins [exclusion list=, ]
2024-04-09 20:32:09,561 [INFO] PluginManage:310 - Check plugin analytics
2024-04-09 20:32:09,707 [INFO] AnalyticsPlugin:253 - Accepted Software Licenses: 
2024-04-09 20:32:09,707 [INFO] AnalyticsPlugin:255 - Accepted CMSIS Pack Licenses: 
2024-04-09 20:32:09,707 [INFO] AnalyticsPlugin:257 - Accepted Firmware Licenses: FW.L4.1.18.0
2024-04-09 20:32:09,709 [INFO] PluginManage:359 - Loaded plugin analytics (category:tool,tabindex:-1)
2024-04-09 20:32:09,710 [INFO] PluginManage:310 - Check plugin cadmodel
2024-04-09 20:32:09,725 [INFO] CADModel:105 - Init CAD model plugin
2024-04-09 20:32:09,725 [INFO] PluginManage:359 - Loaded plugin cadmodel (category:power,tabindex:5)
2024-04-09 20:32:09,725 [INFO] PluginManage:310 - Check plugin clock
2024-04-09 20:32:09,743 [INFO] PluginManage:359 - Loaded plugin clock (category:base,tabindex:2)
2024-04-09 20:32:09,743 [INFO] PluginManage:310 - Check plugin ddr
2024-04-09 20:32:09,746 [INFO] PluginManage:359 - Loaded plugin ddr (category:tool,tabindex:6)
2024-04-09 20:32:09,746 [INFO] PluginManage:310 - Check plugin filemanager
2024-04-09 20:32:09,896 [INFO] PluginManage:359 - Loaded plugin filemanager (category:base,tabindex:10)
2024-04-09 20:32:09,896 [INFO] PluginManage:310 - Check plugin ipmanager
2024-04-09 20:32:09,904 [INFO] PluginManage:359 - Loaded plugin ipmanager (category:base,tabindex:5)
2024-04-09 20:32:09,904 [INFO] PluginManage:310 - Check plugin lpbam
2024-04-09 20:32:09,920 [INFO] PluginManage:359 - Loaded plugin lpbam (category:base,tabindex:0)
2024-04-09 20:32:09,920 [INFO] PluginManage:310 - Check plugin memorymap
2024-04-09 20:32:09,944 [INFO] PluginManage:359 - Loaded plugin memorymap (category:base,tabindex:4)
2024-04-09 20:32:09,944 [INFO] PluginManage:310 - Check plugin pinoutandconfiguration
2024-04-09 20:32:09,959 [INFO] PluginManage:359 - Loaded plugin pinoutandconfiguration (category:base,tabindex:1)
2024-04-09 20:32:09,959 [INFO] PluginManage:310 - Check plugin pinoutconfig
2024-04-09 20:32:10,054 [WARN] SupportedApi:132 - Cannot load RTOS API schema: s4s-elt-must-match.1: The content of 'definitions' must match (annotation?, (simpleType | complexType)?, (unique | key | keyref)*)). A problem was found starting at: attribute.
2024-04-09 20:32:10,214 [INFO] PluginManage:359 - Loaded plugin pinoutconfig (category:base,tabindex:0)
2024-04-09 20:32:10,215 [INFO] PluginManage:310 - Check plugin power
2024-04-09 20:32:10,232 [INFO] PluginManage:359 - Loaded plugin power (category:power,tabindex:4)
2024-04-09 20:32:10,232 [INFO] PluginManage:310 - Check plugin projectmanager
2024-04-09 20:32:10,248 [INFO] PluginManage:359 - Loaded plugin projectmanager (category:projectmanager,tabindex:3)
2024-04-09 20:32:10,249 [INFO] PluginManage:310 - Check plugin thirdparty
2024-04-09 20:32:10,505 [INFO] PluginManage:359 - Loaded plugin thirdparty (category:base,tabindex:-1)
2024-04-09 20:32:10,505 [WARN] IntegrityCheckThread:84 - waiting for thirdparty lock release [integrity check]
2024-04-09 20:32:10,506 [INFO] PluginManage:310 - Check plugin tools
2024-04-09 20:32:10,506 [INFO] IntegrityCheckThread:86 - entering critical section [integrity check]
2024-04-09 20:32:10,506 [INFO] ThirdPartyUpdaterWithRetryManager:70 - Updater plugin not ready yet. [1/15]
2024-04-09 20:32:10,541 [INFO] PluginManage:359 - Loaded plugin tools (category:base,tabindex:7)
2024-04-09 20:32:10,541 [INFO] PluginManage:310 - Check plugin tutovideos
2024-04-09 20:32:10,735 [INFO] PluginManage:359 - Loaded plugin tutovideos (category:base,tabindex:-1)
2024-04-09 20:32:10,735 [INFO] PluginManage:310 - Check plugin updater
2024-04-09 20:32:10,744 [INFO] PluginManage:359 - Loaded plugin updater (category:base,tabindex:12)
2024-04-09 20:32:10,745 [INFO] PluginManage:310 - Check plugin userauth
2024-04-09 20:32:10,750 [INFO] UserAuth:114 - Init User Auth plugin
2024-04-09 20:32:10,750 [INFO] PluginManage:359 - Loaded plugin userauth (category:base,tabindex:14)
2024-04-09 20:32:10,751 [INFO] PluginManage:283 - PluginManage : Loaded plugins [17]
2024-04-09 20:32:10,979 [INFO] PinOutPanel:1499 - setPackage(No Configuration,No Configuration)
2024-04-09 20:32:11,059 [INFO] CADModel:165 - CPN selected for project level
2024-04-09 20:32:11,059 [INFO] CADModel:114 - Register for checkConnection events
2024-04-09 20:32:11,089 [INFO] IPUIPlugin:80 - create IPUIPlugin
2024-04-09 20:32:11,089 [INFO] PluginManager:220 - loadIPPluginJar : add adc
2024-04-09 20:32:11,124 [INFO] IPUIPlugin:80 - create IPUIPlugin
2024-04-09 20:32:11,125 [INFO] PluginManager:220 - loadIPPluginJar : add aes
2024-04-09 20:32:11,160 [INFO] IPUIPlugin:80 - create IPUIPlugin
2024-04-09 20:32:11,160 [INFO] PluginManager:220 - loadIPPluginJar : add can
2024-04-09 20:32:11,179 [INFO] IPUIPlugin:80 - create IPUIPlugin
2024-04-09 20:32:11,179 [INFO] PluginManager:220 - loadIPPluginJar : add comp
2024-04-09 20:32:11,207 [INFO] IPUIPlugin:80 - create IPUIPlugin
2024-04-09 20:32:11,207 [INFO] PluginManager:220 - loadIPPluginJar : add cryp
2024-04-09 20:32:11,233 [INFO] IPUIPlugin:80 - create IPUIPlugin
2024-04-09 20:32:11,233 [INFO] PluginManager:220 - loadIPPluginJar : add dfsdm
2024-04-09 20:32:11,246 [INFO] IPUIPlugin:80 - create IPUIPlugin
2024-04-09 20:32:11,247 [INFO] PluginManager:220 - loadIPPluginJar : add dma
2024-04-09 20:32:11,285 [INFO] IPUIPlugin:80 - create IPUIPlugin
2024-04-09 20:32:11,285 [INFO] PluginManager:220 - loadIPPluginJar : add dma3
2024-04-09 20:32:11,310 [INFO] IPUIPlugin:80 - create IPUIPlugin
2024-04-09 20:32:11,310 [INFO] PluginManager:220 - loadIPPluginJar : add fatfs
2024-04-09 20:32:11,369 [INFO] IPUIPlugin:80 - create IPUIPlugin
2024-04-09 20:32:11,369 [INFO] PluginManager:220 - loadIPPluginJar : add fmc
2024-04-09 20:32:11,385 [INFO] IPUIPlugin:80 - create IPUIPlugin
2024-04-09 20:32:11,385 [INFO] PluginManager:220 - loadIPPluginJar : add freertos
2024-04-09 20:32:11,409 [INFO] IPUIPlugin:80 - create IPUIPlugin
2024-04-09 20:32:11,409 [INFO] PluginManager:220 - loadIPPluginJar : add genericplugin
2024-04-09 20:32:11,511 [INFO] IPUIPlugin:80 - create IPUIPlugin
2024-04-09 20:32:11,511 [INFO] PluginManager:220 - loadIPPluginJar : add gfxmmu
2024-04-09 20:32:11,651 [INFO] IPUIPlugin:80 - create IPUIPlugin
2024-04-09 20:32:11,651 [INFO] PluginManager:220 - loadIPPluginJar : add gic
2024-04-09 20:32:11,665 [INFO] IPUIPlugin:80 - create IPUIPlugin
2024-04-09 20:32:11,666 [INFO] PluginManager:220 - loadIPPluginJar : add gpio
2024-04-09 20:32:11,757 [INFO] IPUIPlugin:80 - create IPUIPlugin
2024-04-09 20:32:11,757 [INFO] PluginManager:220 - loadIPPluginJar : add gtzc
2024-04-09 20:32:11,793 [INFO] IPUIPlugin:80 - create IPUIPlugin
2024-04-09 20:32:11,793 [INFO] PluginManager:220 - loadIPPluginJar : add hash
2024-04-09 20:32:11,840 [INFO] IPUIPlugin:80 - create IPUIPlugin
2024-04-09 20:32:11,840 [INFO] PluginManager:220 - loadIPPluginJar : add i2c
2024-04-09 20:32:11,875 [INFO] IPUIPlugin:80 - create IPUIPlugin
2024-04-09 20:32:11,875 [INFO] PluginManager:220 - loadIPPluginJar : add i2s
2024-04-09 20:32:11,911 [INFO] IPUIPlugin:80 - create IPUIPlugin
2024-04-09 20:32:11,912 [INFO] PluginManager:220 - loadIPPluginJar : add i3c
2024-04-09 20:32:12,008 [INFO] IPUIPlugin:80 - create IPUIPlugin
2024-04-09 20:32:12,008 [INFO] PluginManager:220 - loadIPPluginJar : add ipddr
2024-04-09 20:32:12,092 [INFO] IPUIPlugin:80 - create IPUIPlugin
2024-04-09 20:32:12,092 [INFO] PluginManager:220 - loadIPPluginJar : add linkedlist
2024-04-09 20:32:12,124 [INFO] IPUIPlugin:80 - create IPUIPlugin
2024-04-09 20:32:12,124 [INFO] PluginManager:220 - loadIPPluginJar : add lorawan
2024-04-09 20:32:12,156 [INFO] IPUIPlugin:80 - create IPUIPlugin
2024-04-09 20:32:12,156 [INFO] PluginManager:220 - loadIPPluginJar : add ltdc
2024-04-09 20:32:12,168 [INFO] IPUIPlugin:80 - create IPUIPlugin
2024-04-09 20:32:12,168 [INFO] PluginManager:220 - loadIPPluginJar : add mdma
2024-04-09 20:32:12,179 [INFO] IPUIPlugin:80 - create IPUIPlugin
2024-04-09 20:32:12,179 [INFO] PluginManager:220 - loadIPPluginJar : add nvic
2024-04-09 20:32:12,211 [INFO] IPUIPlugin:80 - create IPUIPlugin
2024-04-09 20:32:12,211 [INFO] PluginManager:220 - loadIPPluginJar : add opamp
2024-04-09 20:32:12,264 [INFO] IPUIPlugin:80 - create IPUIPlugin
2024-04-09 20:32:12,264 [INFO] PluginManager:220 - loadIPPluginJar : add openamp
2024-04-09 20:32:12,306 [INFO] IPUIPlugin:80 - create IPUIPlugin
2024-04-09 20:32:12,307 [INFO] PluginManager:220 - loadIPPluginJar : add pdm2pcm
2024-04-09 20:32:12,320 [INFO] IPUIPlugin:80 - create IPUIPlugin
2024-04-09 20:32:12,322 [INFO] PluginManager:220 - loadIPPluginJar : add plateformsettings
2024-04-09 20:32:12,342 [INFO] IPUIPlugin:80 - create IPUIPlugin
2024-04-09 20:32:12,342 [INFO] PluginManager:220 - loadIPPluginJar : add quadspi
2024-04-09 20:32:12,352 [INFO] IPUIPlugin:80 - create IPUIPlugin
2024-04-09 20:32:12,352 [INFO] PluginManager:220 - loadIPPluginJar : add resmgrutility
2024-04-09 20:32:12,393 [INFO] IPUIPlugin:80 - create IPUIPlugin
2024-04-09 20:32:12,393 [INFO] PluginManager:220 - loadIPPluginJar : add sai
2024-04-09 20:32:12,423 [INFO] IPUIPlugin:80 - create IPUIPlugin
2024-04-09 20:32:12,423 [INFO] PluginManager:220 - loadIPPluginJar : add spi
2024-04-09 20:32:12,481 [INFO] IPUIPlugin:80 - create IPUIPlugin
2024-04-09 20:32:12,481 [INFO] PluginManager:220 - loadIPPluginJar : add stm32_wpan
2024-04-09 20:32:12,500 [INFO] IPUIPlugin:80 - create IPUIPlugin
2024-04-09 20:32:12,500 [INFO] PluginManager:220 - loadIPPluginJar : add tim
2024-04-09 20:32:12,550 [INFO] IPUIPlugin:80 - create IPUIPlugin
2024-04-09 20:32:12,550 [INFO] PluginManager:220 - loadIPPluginJar : add touchsensing
2024-04-09 20:32:12,570 [INFO] IPUIPlugin:80 - create IPUIPlugin
2024-04-09 20:32:12,570 [INFO] PluginManager:220 - loadIPPluginJar : add tracer_emb
2024-04-09 20:32:12,589 [INFO] IPUIPlugin:80 - create IPUIPlugin
2024-04-09 20:32:12,590 [INFO] PluginManager:220 - loadIPPluginJar : add ts
2024-04-09 20:32:12,608 [INFO] IPUIPlugin:80 - create IPUIPlugin
2024-04-09 20:32:12,608 [INFO] PluginManager:220 - loadIPPluginJar : add tsc
2024-04-09 20:32:12,626 [INFO] IPUIPlugin:80 - create IPUIPlugin
2024-04-09 20:32:12,626 [INFO] PluginManager:220 - loadIPPluginJar : add ucpd
2024-04-09 20:32:12,664 [INFO] IPUIPlugin:80 - create IPUIPlugin
2024-04-09 20:32:12,664 [INFO] PluginManager:220 - loadIPPluginJar : add usart
2024-04-09 20:32:12,700 [INFO] IPUIPlugin:80 - create IPUIPlugin
2024-04-09 20:32:12,700 [INFO] PluginManager:220 - loadIPPluginJar : add usbx
2024-04-09 20:32:12,824 [INFO] CADModel:165 - CPN selected for project level
2024-04-09 20:32:12,824 [INFO] CADModel:114 - Register for checkConnection events
2024-04-09 20:32:12,825 [FATAL] Updater:308 - Updater called before beeing initialized
2024-04-09 20:32:12,825 [ERROR] CADModel:125 - Updater not yet initialized, retry later 
2024-04-09 20:32:12,963 [INFO] CADModel:165 - CPN selected for project level
2024-04-09 20:32:12,963 [INFO] CADModel:114 - Register for checkConnection events
2024-04-09 20:32:12,963 [FATAL] Updater:308 - Updater called before beeing initialized
2024-04-09 20:32:12,963 [ERROR] CADModel:125 - Updater not yet initialized, retry later 
2024-04-09 20:32:12,965 [FATAL] Updater:308 - Updater called before beeing initialized
2024-04-09 20:32:13,065 [FATAL] Updater:308 - Updater called before beeing initialized
2024-04-09 20:32:13,074 [INFO] DbMcusAds:53 - JSON generation date=Wed Nov 29 02:52:27 PST 2023 (1701255147349)
2024-04-09 20:32:13,074 [FATAL] Updater:308 - Updater called before beeing initialized
2024-04-09 20:32:13,142 [WARN] DetailPanel:346 - Failed to get advertising image, set to default
2024-04-09 20:32:13,229 [FATAL] Updater:308 - Updater called before beeing initialized
2024-04-09 20:32:13,231 [FATAL] Updater:308 - Updater called before beeing initialized
2024-04-09 20:32:13,231 [FATAL] Updater:308 - Updater called before beeing initialized
2024-04-09 20:32:13,231 [WARN] DetailPanel:346 - Failed to get advertising image, set to default
2024-04-09 20:32:13,232 [FATAL] Updater:308 - Updater called before beeing initialized
2024-04-09 20:32:13,327 [ERROR] Updater:1120 - MainUpdater not yet initialized. External WinMGr cannot be set.
2024-04-09 20:32:13,348 [INFO] Updater:1056 - Updater Version found : 6.10.0
2024-04-09 20:32:13,369 [INFO] ApplicationProperties:184 - Using Application install path: C:\ST\STM32CubeIDE_1.14.0\STM32CubeIDE\plugins\com.st.stm32cube.common.mx_6.10.0.202311202037
2024-04-09 20:32:13,508 [INFO] ThirdPartyUpdaterWithRetryManager:70 - Updater plugin not ready yet. [2/15]
2024-04-09 20:32:14,946 [ERROR] LogOutputStream:75 - [STDERR_REDIRECT] Apr 09, 2024 8:32:14 PM java.util.prefs.WindowsPreferences <init>
2024-04-09 20:32:14,947 [ERROR] LogOutputStream:75 - [STDERR_REDIRECT] WARNING: Could not open/create prefs root node Software\JavaSoft\Prefs at root 0xffffffff80000002. Windows RegCreateKeyEx(...) returned error code 5.
2024-04-09 20:32:14,948 [ERROR] LogOutputStream:75 - [STDERR_REDIRECT] 
2024-04-09 20:32:15,409 [INFO] MainUpdater:2873 - connection check result : 10
2024-04-09 20:32:15,410 [INFO] MainUpdater:290 - Updater Check For Update Now.
2024-04-09 20:32:15,410 [INFO] MicroXplorer:498 - Change Database Version : DB.6.0.100
2024-04-09 20:32:15,428 [INFO] McuFinderGlobals:63 - Set McuFinder mode to 2 (CubeIDE integrated)
2024-04-09 20:32:15,446 [INFO] UserAuth:404 - Internet connection configuration mode: 1
2024-04-09 20:32:15,476 [INFO] JxBrowserEngine:152 - Initiate JxBrowser Engine with user profile folder
2024-04-09 20:32:15,617 [INFO] CheckServerUpdateThread:120 - End of CheckServer Thread
2024-04-09 20:32:16,645 [WARN] PackLoader:240 - Cannot read IP mode file for STMicroelectronics.X-CUBE-SMBUS.2.1.0
2024-04-09 20:32:16,663 [WARN] PackLoader:240 - Cannot read IP mode file for STMicroelectronics.X-CUBE-TOUCHGFX.4.23.0
2024-04-09 20:32:16,677 [WARN] PackLoader:240 - Cannot read IP mode file for STMicroelectronics.X-CUBE-TOUCHGFX.4.23.2
2024-04-09 20:32:16,721 [WARN] PackLoader:240 - Cannot read IP mode file for STMicroelectronics.X-CUBE-AZRTOS-F7.1.1.0
2024-04-09 20:32:16,742 [WARN] PackLoader:240 - Cannot read IP mode file for STMicroelectronics.FP-SNS-MOTENV1.4.3.2
2024-04-09 20:32:16,758 [WARN] PackLoader:240 - Cannot read IP mode file for STMicroelectronics.FP-SNS-FLIGHT1.5.0.2
2024-04-09 20:32:16,779 [WARN] PackLoader:240 - Cannot read IP mode file for STMicroelectronics.X-CUBE-DISPLAY.3.0.0
2024-04-09 20:32:16,802 [WARN] PackLoader:240 - Cannot read IP mode file for STMicroelectronics.X-CUBE-BLE1.7.0.0
2024-04-09 20:32:16,816 [WARN] PackLoader:240 - Cannot read IP mode file for emotas.I-CUBE-CANOPEN.1.3.0
2024-04-09 20:32:16,836 [WARN] PackLoader:240 - Cannot read IP mode file for STMicroelectronics.X-CUBE-BLEMGR.3.1.0
2024-04-09 20:32:16,851 [WARN] PackLoader:240 - Cannot read IP mode file for STMicroelectronics.FP-SNS-SMARTAG2.1.2.0
2024-04-09 20:32:16,871 [INFO] LogOutputStream:77 - [STDOUT_REDIRECT] 1 : Invalid condition id : UX_CORESTACK_Condition cause : null
2024-04-09 20:32:16,872 [INFO] LogOutputStream:77 - [STDOUT_REDIRECT] 1 : Invalid condition id : UX_CORESTACK_Condition cause : null
2024-04-09 20:32:16,872 [INFO] LogOutputStream:77 - [STDOUT_REDIRECT] 1 : Invalid condition id : UX_CORESTACK_Condition cause : null
2024-04-09 20:32:16,873 [INFO] LogOutputStream:77 - [STDOUT_REDIRECT] 1 : Invalid condition id : UX_CORESTACK_Condition cause : null
2024-04-09 20:32:16,874 [INFO] LogOutputStream:77 - [STDOUT_REDIRECT] 1 : Invalid condition id : UX_CORESTACK_Condition cause : null
2024-04-09 20:32:16,877 [WARN] PackLoader:240 - Cannot read IP mode file for STMicroelectronics.X-CUBE-AZRTOS-WL.2.0.0
2024-04-09 20:32:16,890 [WARN] PackLoader:240 - Cannot read IP mode file for STMicroelectronics.FP-SNS-MOTENV1.5.0.0
2024-04-09 20:32:16,906 [WARN] PackLoader:240 - Cannot read IP mode file for WES.I-CUBE-Cesium.1.3.0
2024-04-09 20:32:16,918 [WARN] PackLoader:240 - Cannot read IP mode file for STMicroelectronics.X-CUBE-BLE2.3.3.0
2024-04-09 20:32:16,931 [WARN] PackLoader:240 - Cannot read IP mode file for STMicroelectronics.X-CUBE-TCPP.4.1.0
2024-04-09 20:32:16,947 [WARN] PackLoader:240 - Cannot read IP mode file for STMicroelectronics.X-CUBE-ALGOBUILD.1.3.0
2024-04-09 20:32:16,986 [WARN] PackLoader:240 - Cannot read IP mode file for STMicroelectronics.X-CUBE-AZRTOS-G0.1.1.0
2024-04-09 20:32:17,010 [WARN] PackLoader:240 - Cannot read IP mode file for STMicroelectronics.X-CUBE-SAFEA1.1.2.2
2024-04-09 20:32:17,028 [WARN] PackLoader:240 - Cannot read IP mode file for STMicroelectronics.X-CUBE-NFC4.3.0.0
2024-04-09 20:32:17,053 [WARN] PackLoader:240 - Cannot read IP mode file for STMicroelectronics.X-CUBE-BLEMGR.3.0.0
2024-04-09 20:32:17,072 [WARN] PackLoader:240 - Cannot read IP mode file for STMicroelectronics.FP-ATR-SIGFOX1.3.2.0
2024-04-09 20:32:17,090 [WARN] PackLoader:240 - Cannot read IP mode file for STMicroelectronics.X-CUBE-EEPRMA1.5.1.0
2024-04-09 20:32:17,131 [WARN] PackLoader:240 - Cannot read IP mode file for SEGGER.I-CUBE-embOS.1.3.1
2024-04-09 20:32:17,183 [WARN] PackLoader:240 - Cannot read IP mode file for STMicroelectronics.X-CUBE-GNSS1.6.0.0
2024-04-09 20:32:17,214 [WARN] PackLoader:240 - Cannot read IP mode file for STMicroelectronics.X-CUBE-AZRTOS-F4.1.1.0
2024-04-09 20:32:17,232 [WARN] PackLoader:240 - Cannot read IP mode file for wolfSSL.I-CUBE-wolfSSL.5.6.6
2024-04-09 20:32:17,264 [WARN] PackLoader:240 - Cannot read IP mode file for STMicroelectronics.X-CUBE-AZRTOS-L5.2.0.0
2024-04-09 20:32:17,283 [WARN] PackLoader:240 - Cannot read IP mode file for STMicroelectronics.X-CUBE-EEPRMA1.4.2.0
2024-04-09 20:32:17,300 [WARN] PackLoader:240 - Cannot read IP mode file for STMicroelectronics.X-CUBE-NFC6.3.1.0
2024-04-09 20:32:17,315 [WARN] PackLoader:240 - Cannot read IP mode file for ITTIA_DB.I-CUBE-ITTIADB.8.8.0
2024-04-09 20:32:17,331 [WARN] PackLoader:240 - Cannot read IP mode file for STMicroelectronics.X-CUBE-NFC7.1.0.1
2024-04-09 20:32:17,347 [WARN] PackLoader:240 - Cannot read IP mode file for STMicroelectronics.X-CUBE-NFC6.3.0.0
2024-04-09 20:32:17,361 [WARN] PackLoader:240 - Cannot read IP mode file for STMicroelectronics.X-CUBE-AI.8.1.0
2024-04-09 20:32:17,398 [WARN] ConditionMgr:438 - getConditionDescription Invalid condition id : LAN8742 Phy interface Condition cause : null
2024-04-09 20:32:17,399 [WARN] PackLoader:240 - Cannot read IP mode file for STMicroelectronics.X-CUBE-AZRTOS-L4.2.0.0
2024-04-09 20:32:17,401 [WARN] ConditionMgr:1039 - genDependencies : Invalid condition id : LAN8742 Phy interface Condition cause : null
2024-04-09 20:32:17,402 [WARN] ConditionMgr:1039 - genDependencies : Invalid condition id : LAN8742 Phy interface Condition cause : null
2024-04-09 20:32:17,402 [WARN] ConditionMgr:1039 - genDependencies : Invalid condition id : LAN8742 Phy interface Condition cause : null
2024-04-09 20:32:17,422 [WARN] PackLoader:240 - Cannot read IP mode file for STMicroelectronics.X-CUBE-SFXS2LP1.4.0.0
2024-04-09 20:32:17,452 [WARN] ConditionMgr:438 - getConditionDescription Invalid condition id : UX DEVICE CLASS RTOS Condition cause : null
2024-04-09 20:32:17,453 [WARN] ConditionMgr:438 - getConditionDescription Invalid condition id : UX DEVICE CLASS RTOS Condition cause : null
2024-04-09 20:32:17,456 [WARN] PackLoader:240 - Cannot read IP mode file for STMicroelectronics.X-CUBE-AZRTOS-WB.2.0.0
2024-04-09 20:32:17,456 [WARN] ConditionMgr:1039 - genDependencies : Invalid condition id : UX DEVICE CLASS RTOS Condition cause : null
2024-04-09 20:32:17,457 [WARN] ConditionMgr:1039 - genDependencies : Invalid condition id : UX DEVICE CLASS RTOS Condition cause : null
2024-04-09 20:32:17,457 [WARN] ConditionMgr:1039 - genDependencies : Invalid condition id : UX DEVICE CLASS RTOS Condition cause : null
2024-04-09 20:32:17,457 [WARN] ConditionMgr:1039 - genDependencies : Invalid condition id : UX DEVICE CLASS RTOS Condition cause : null
2024-04-09 20:32:17,458 [WARN] ConditionMgr:1039 - genDependencies : Invalid condition id : UX DEVICE CLASS RTOS Condition cause : null
2024-04-09 20:32:17,483 [WARN] PackLoader:240 - Cannot read IP mode file for STMicroelectronics.X-CUBE-SUBG2.5.0.0
2024-04-09 20:32:17,539 [WARN] PackLoader:240 - Cannot read IP mode file for STMicroelectronics.X-CUBE-AZRTOS-G4.2.0.0
2024-04-09 20:32:17,570 [WARN] PackLoader:240 - Cannot read IP mode file for Infineon.AIROC-Wi-Fi-Bluetooth-STM32.1.5.1
2024-04-09 20:32:17,587 [WARN] PackLoader:240 - Cannot read IP mode file for STMicroelectronics.FP-SNS-MOTENVWB1.1.3.1
2024-04-09 20:32:17,599 [WARN] PackLoader:240 - Cannot read IP mode file for STMicroelectronics.X-CUBE-ISPU.2.0.0
2024-04-09 20:32:17,643 [WARN] PackLoader:240 - Cannot read IP mode file for STMicroelectronics.X-CUBE-MEMS1.10.0.0
2024-04-09 20:32:17,858 [WARN] PackLoader:240 - Cannot read IP mode file for STMicroelectronics.X-CUBE-FREERTOS.1.1.0
2024-04-09 20:32:17,872 [WARN] PackLoader:240 - Cannot read IP mode file for portGmbH.I-Cube-SoM-uGOAL.1.1.0
2024-04-09 20:32:17,885 [WARN] PackLoader:240 - Cannot read IP mode file for STMicroelectronics.X-CUBE-ALS.1.0.1
2024-04-09 20:32:17,899 [WARN] PackLoader:240 - Cannot read IP mode file for STMicroelectronics.FP-ATR-ASTRA1.2.0.0
2024-04-09 20:32:17,923 [WARN] PackLoader:240 - Cannot read IP mode file for STMicroelectronics.X-CUBE-TOF1.3.4.0
2024-04-09 20:32:17,953 [WARN] PackLoader:240 - Cannot read IP mode file for STMicroelectronics.X-CUBE-TOF1.3.4.1
2024-04-09 20:32:18,003 [WARN] PackLoader:240 - Cannot read IP mode file for STMicroelectronics.X-CUBE-AZRTOS-H7.3.2.0
2024-04-09 20:32:18,009 [INFO] ThirdParty:978 - Integrity check success = true
2024-04-09 20:32:18,012 [INFO] IntegrityCheckThread:100 - exiting critical section [integrity check]
2024-04-09 20:32:18,013 [INFO] IntegrityCheckThread:103 - End integrity checks thread
2024-04-09 20:32:18,255 [INFO] WebApp:161 - Instantiating new browser for Auth
2024-04-09 20:32:18,911 [INFO] WebApp:780 - Register for checkConnection events
2024-04-09 20:32:18,911 [INFO] WebApp:414 - Apply proxy settings
2024-04-09 20:32:18,911 [INFO] WebApp:499 - Chromium requires no authentication
2024-04-09 20:32:18,924 [INFO] WebApp:442 - Direct internet connection detected
2024-04-09 20:32:19,065 [INFO] WebApp:192 - Starting web application
2024-04-09 20:32:19,066 [INFO] WebApp:544 - Web application path used C:\ST\STM32CubeIDE_1.14.0\STM32CubeIDE\plugins\com.st.stm32cube.common.mx_6.10.0.202311202037\db\plugins\mcufinder\reactClient1\index.html
2024-04-09 20:32:28,869 [ERROR] LogOutputStream:75 - [STDERR_REDIRECT] SLF4J: Failed to load class "org.slf4j.impl.StaticLoggerBinder".
2024-04-09 20:32:28,870 [ERROR] LogOutputStream:75 - [STDERR_REDIRECT] SLF4J: Defaulting to no-operation (NOP) logger implementation
2024-04-09 20:32:28,871 [ERROR] LogOutputStream:75 - [STDERR_REDIRECT] SLF4J: See http://www.slf4j.org/codes.html#StaticLoggerBinder for further details.
2024-04-09 21:29:44,319 [ERROR] LogOutputStream:75 - [STDERR_REDIRECT] 
