2024-05-06 08:17:01,134 [INFO] Activator:176 - 


2024-05-06 08:17:01,143 [INFO] Activator:177 - !SESSION log4j initialized
2024-05-06 08:17:11,693 [INFO] LogOutputStream:77 - [STDOUT_REDIRECT] 
2024-05-06 08:17:17,030 [INFO] ApplicationProperties:184 - Using Application install path: C:\ST\STM32CubeIDE_1.14.0\STM32CubeIDE\plugins\com.st.stm32cube.common.mx_6.10.0.202311202037
2024-05-06 08:17:17,061 [INFO] DbMcusXml:78 - Set database path to: C:\ST\STM32CubeIDE_1.14.0\STM32CubeIDE\plugins\com.st.stm32cube.common.mx_6.10.0.202311202037\\db\/mcu/
2024-05-06 08:17:17,062 [INFO] ApiDb:274 - Set plugin database path to: C:\ST\STM32CubeIDE_1.14.0\STM32CubeIDE\plugins\com.st.stm32cube.common.mx_6.10.0.202311202037\\db\/plugins/boardmanager/
2024-05-06 08:17:17,063 [WARN] ApiDb:259 - Overriding images path with different value:  => C:\ST\STM32CubeIDE_1.14.0\STM32CubeIDE\plugins\com.st.stm32cube.common.mx_6.10.0.202311202037\\db\/plugins/mcufinder/images/
2024-05-06 08:17:17,079 [INFO] ApiDb:250 - Set database path to: C:\Users\thebu\.stmcufinder\plugins\mcufinder//mcu/
2024-05-06 08:17:17,081 [INFO] DbMcusAds:125 - Set database path to: C:\Users\thebu\.stmcufinder\plugins\mcufinder//mcu/
2024-05-06 08:17:17,084 [INFO] CrossReferenceDbSqlite:203 - Set database path to: C:\Users\thebu\.stmcufinder\plugins\mcufinder//mcu/cs/
2024-05-06 08:17:17,334 [INFO] RulesReader:64 - Compatibility file has been processed (297 Rules)
2024-05-06 08:17:17,518 [INFO] DbMcusXml:78 - Set database path to: C:\ST\STM32CubeIDE_1.14.0\STM32CubeIDE\plugins\com.st.stm32cube.common.mx_6.10.0.202311202037\\db\/mcu/
2024-05-06 08:17:17,518 [INFO] ApiDb:274 - Set plugin database path to: C:\ST\STM32CubeIDE_1.14.0\STM32CubeIDE\plugins\com.st.stm32cube.common.mx_6.10.0.202311202037\\db\/plugins/boardmanager/
2024-05-06 08:17:17,519 [INFO] ApiDb:261 - Set plugin images path to: C:\ST\STM32CubeIDE_1.14.0\STM32CubeIDE\plugins\com.st.stm32cube.common.mx_6.10.0.202311202037\\db\/plugins/mcufinder/images/
2024-05-06 08:17:17,520 [WARN] DbFile:41 - Overriding database path with different value: C:\Users\thebu\.stmcufinder\plugins\mcufinder/ => C:\Users\thebu\.stmcufinder\plugins\mcufinder
2024-05-06 08:17:17,520 [INFO] ApiDb:250 - Set database path to: C:\Users\thebu\.stmcufinder\plugins\mcufinder//mcu/
2024-05-06 08:17:17,521 [WARN] DbFile:41 - Overriding database path with different value: C:\Users\thebu\.stmcufinder\plugins\mcufinder/ => C:\Users\thebu\.stmcufinder\plugins\mcufinder
2024-05-06 08:17:17,521 [INFO] DbMcusAds:125 - Set database path to: C:\Users\thebu\.stmcufinder\plugins\mcufinder//mcu/
2024-05-06 08:17:17,521 [WARN] DbFile:41 - Overriding database path with different value: C:\Users\thebu\.stmcufinder\plugins\mcufinder/ => C:\Users\thebu\.stmcufinder\plugins\mcufinder
2024-05-06 08:17:17,521 [WARN] DbFile:41 - Overriding database path with different value: C:\Users\thebu\.stmcufinder\plugins\mcufinder/ => C:\Users\thebu\.stmcufinder\plugins\mcufinder
2024-05-06 08:17:17,522 [INFO] CrossReferenceDbSqlite:203 - Set database path to: C:\Users\thebu\.stmcufinder\plugins\mcufinder//mcu/cs/
2024-05-06 08:17:17,811 [INFO] MainPanel:264 - HeapMemory: 268435456
2024-05-06 08:17:18,084 [INFO] DbMcusXml:78 - Set database path to: C:\ST\STM32CubeIDE_1.14.0\STM32CubeIDE\plugins\com.st.stm32cube.common.mx_6.10.0.202311202037\\db\/mcu/
2024-05-06 08:17:18,084 [INFO] ApiDb:274 - Set plugin database path to: C:\ST\STM32CubeIDE_1.14.0\STM32CubeIDE\plugins\com.st.stm32cube.common.mx_6.10.0.202311202037\\db\/plugins/boardmanager/
2024-05-06 08:17:18,084 [INFO] ApiDb:261 - Set plugin images path to: C:\ST\STM32CubeIDE_1.14.0\STM32CubeIDE\plugins\com.st.stm32cube.common.mx_6.10.0.202311202037\\db\/plugins/mcufinder/images/
2024-05-06 08:17:18,085 [WARN] DbFile:41 - Overriding database path with different value: C:\Users\thebu\.stmcufinder\plugins\mcufinder/ => C:\Users\thebu\.stmcufinder\plugins\mcufinder
2024-05-06 08:17:18,085 [INFO] ApiDb:250 - Set database path to: C:\Users\thebu\.stmcufinder\plugins\mcufinder//mcu/
2024-05-06 08:17:18,086 [WARN] DbFile:41 - Overriding database path with different value: C:\Users\thebu\.stmcufinder\plugins\mcufinder/ => C:\Users\thebu\.stmcufinder\plugins\mcufinder
2024-05-06 08:17:18,086 [INFO] DbMcusAds:125 - Set database path to: C:\Users\thebu\.stmcufinder\plugins\mcufinder//mcu/
2024-05-06 08:17:18,086 [WARN] DbFile:41 - Overriding database path with different value: C:\Users\thebu\.stmcufinder\plugins\mcufinder/ => C:\Users\thebu\.stmcufinder\plugins\mcufinder
2024-05-06 08:17:18,086 [WARN] DbFile:41 - Overriding database path with different value: C:\Users\thebu\.stmcufinder\plugins\mcufinder/ => C:\Users\thebu\.stmcufinder\plugins\mcufinder
2024-05-06 08:17:18,087 [INFO] CrossReferenceDbSqlite:203 - Set database path to: C:\Users\thebu\.stmcufinder\plugins\mcufinder//mcu/cs/
2024-05-06 08:17:18,125 [INFO] ApplicationProperties:184 - Using Application install path: C:\ST\STM32CubeIDE_1.14.0\STM32CubeIDE\plugins\com.st.stm32cube.common.mx_6.10.0.202311202037
2024-05-06 08:17:18,129 [INFO] PluginManage:196 - Search for loadable plugins [exclusion list=, ]
2024-05-06 08:17:18,133 [INFO] PluginManage:310 - Check plugin analytics
2024-05-06 08:17:18,580 [INFO] AnalyticsPlugin:253 - Accepted Software Licenses: 
2024-05-06 08:17:18,581 [INFO] AnalyticsPlugin:255 - Accepted CMSIS Pack Licenses: 
2024-05-06 08:17:18,582 [INFO] AnalyticsPlugin:257 - Accepted Firmware Licenses: FW.L4.1.18.0
2024-05-06 08:17:18,588 [INFO] PluginManage:359 - Loaded plugin analytics (category:tool,tabindex:-1)
2024-05-06 08:17:18,589 [INFO] PluginManage:310 - Check plugin cadmodel
2024-05-06 08:17:18,623 [INFO] CADModel:105 - Init CAD model plugin
2024-05-06 08:17:18,624 [INFO] PluginManage:359 - Loaded plugin cadmodel (category:power,tabindex:5)
2024-05-06 08:17:18,624 [INFO] PluginManage:310 - Check plugin clock
2024-05-06 08:17:18,670 [INFO] PluginManage:359 - Loaded plugin clock (category:base,tabindex:2)
2024-05-06 08:17:18,671 [INFO] PluginManage:310 - Check plugin ddr
2024-05-06 08:17:18,675 [INFO] PluginManage:359 - Loaded plugin ddr (category:tool,tabindex:6)
2024-05-06 08:17:18,675 [INFO] PluginManage:310 - Check plugin filemanager
2024-05-06 08:17:18,955 [INFO] PluginManage:359 - Loaded plugin filemanager (category:base,tabindex:10)
2024-05-06 08:17:18,955 [INFO] PluginManage:310 - Check plugin ipmanager
2024-05-06 08:17:18,970 [INFO] PluginManage:359 - Loaded plugin ipmanager (category:base,tabindex:5)
2024-05-06 08:17:18,970 [INFO] PluginManage:310 - Check plugin lpbam
2024-05-06 08:17:19,014 [INFO] PluginManage:359 - Loaded plugin lpbam (category:base,tabindex:0)
2024-05-06 08:17:19,015 [INFO] PluginManage:310 - Check plugin memorymap
2024-05-06 08:17:19,061 [INFO] PluginManage:359 - Loaded plugin memorymap (category:base,tabindex:4)
2024-05-06 08:17:19,062 [INFO] PluginManage:310 - Check plugin pinoutandconfiguration
2024-05-06 08:17:19,088 [INFO] PluginManage:359 - Loaded plugin pinoutandconfiguration (category:base,tabindex:1)
2024-05-06 08:17:19,088 [INFO] PluginManage:310 - Check plugin pinoutconfig
2024-05-06 08:17:19,243 [WARN] SupportedApi:132 - Cannot load RTOS API schema: s4s-elt-must-match.1: The content of 'definitions' must match (annotation?, (simpleType | complexType)?, (unique | key | keyref)*)). A problem was found starting at: attribute.
2024-05-06 08:17:19,503 [INFO] PluginManage:359 - Loaded plugin pinoutconfig (category:base,tabindex:0)
2024-05-06 08:17:19,503 [INFO] PluginManage:310 - Check plugin power
2024-05-06 08:17:19,535 [INFO] PluginManage:359 - Loaded plugin power (category:power,tabindex:4)
2024-05-06 08:17:19,543 [INFO] PluginManage:310 - Check plugin projectmanager
2024-05-06 08:17:19,567 [INFO] PluginManage:359 - Loaded plugin projectmanager (category:projectmanager,tabindex:3)
2024-05-06 08:17:19,567 [INFO] PluginManage:310 - Check plugin thirdparty
2024-05-06 08:17:20,080 [INFO] PluginManage:359 - Loaded plugin thirdparty (category:base,tabindex:-1)
2024-05-06 08:17:20,080 [INFO] PluginManage:310 - Check plugin tools
2024-05-06 08:17:20,080 [WARN] IntegrityCheckThread:84 - waiting for thirdparty lock release [integrity check]
2024-05-06 08:17:20,080 [INFO] IntegrityCheckThread:86 - entering critical section [integrity check]
2024-05-06 08:17:20,080 [INFO] ThirdPartyUpdaterWithRetryManager:70 - Updater plugin not ready yet. [1/15]
2024-05-06 08:17:20,160 [INFO] PluginManage:359 - Loaded plugin tools (category:base,tabindex:7)
2024-05-06 08:17:20,160 [INFO] PluginManage:310 - Check plugin tutovideos
2024-05-06 08:17:20,568 [INFO] PluginManage:359 - Loaded plugin tutovideos (category:base,tabindex:-1)
2024-05-06 08:17:20,568 [INFO] PluginManage:310 - Check plugin updater
2024-05-06 08:17:20,584 [INFO] PluginManage:359 - Loaded plugin updater (category:base,tabindex:12)
2024-05-06 08:17:20,584 [INFO] PluginManage:310 - Check plugin userauth
2024-05-06 08:17:20,592 [INFO] UserAuth:114 - Init User Auth plugin
2024-05-06 08:17:20,600 [INFO] PluginManage:359 - Loaded plugin userauth (category:base,tabindex:14)
2024-05-06 08:17:20,600 [INFO] PluginManage:283 - PluginManage : Loaded plugins [17]
2024-05-06 08:17:20,968 [INFO] PinOutPanel:1499 - setPackage(No Configuration,No Configuration)
2024-05-06 08:17:21,104 [INFO] CADModel:165 - CPN selected for project level
2024-05-06 08:17:21,104 [INFO] CADModel:114 - Register for checkConnection events
2024-05-06 08:17:21,161 [INFO] IPUIPlugin:80 - create IPUIPlugin
2024-05-06 08:17:21,161 [INFO] PluginManager:220 - loadIPPluginJar : add adc
2024-05-06 08:17:21,224 [INFO] IPUIPlugin:80 - create IPUIPlugin
2024-05-06 08:17:21,224 [INFO] PluginManager:220 - loadIPPluginJar : add aes
2024-05-06 08:17:21,328 [INFO] IPUIPlugin:80 - create IPUIPlugin
2024-05-06 08:17:21,328 [INFO] PluginManager:220 - loadIPPluginJar : add can
2024-05-06 08:17:21,392 [INFO] IPUIPlugin:80 - create IPUIPlugin
2024-05-06 08:17:21,392 [INFO] PluginManager:220 - loadIPPluginJar : add comp
2024-05-06 08:17:21,488 [INFO] IPUIPlugin:80 - create IPUIPlugin
2024-05-06 08:17:21,488 [INFO] PluginManager:220 - loadIPPluginJar : add cryp
2024-05-06 08:17:21,568 [INFO] IPUIPlugin:80 - create IPUIPlugin
2024-05-06 08:17:21,568 [INFO] PluginManager:220 - loadIPPluginJar : add dfsdm
2024-05-06 08:17:21,616 [INFO] IPUIPlugin:80 - create IPUIPlugin
2024-05-06 08:17:21,616 [INFO] PluginManager:220 - loadIPPluginJar : add dma
2024-05-06 08:17:21,736 [INFO] IPUIPlugin:80 - create IPUIPlugin
2024-05-06 08:17:21,736 [INFO] PluginManager:220 - loadIPPluginJar : add dma3
2024-05-06 08:17:21,808 [INFO] IPUIPlugin:80 - create IPUIPlugin
2024-05-06 08:17:21,808 [INFO] PluginManager:220 - loadIPPluginJar : add fatfs
2024-05-06 08:17:21,960 [INFO] IPUIPlugin:80 - create IPUIPlugin
2024-05-06 08:17:21,960 [INFO] PluginManager:220 - loadIPPluginJar : add fmc
2024-05-06 08:17:21,992 [INFO] IPUIPlugin:80 - create IPUIPlugin
2024-05-06 08:17:21,992 [INFO] PluginManager:220 - loadIPPluginJar : add freertos
2024-05-06 08:17:22,049 [INFO] IPUIPlugin:80 - create IPUIPlugin
2024-05-06 08:17:22,049 [INFO] PluginManager:220 - loadIPPluginJar : add genericplugin
2024-05-06 08:17:22,401 [INFO] IPUIPlugin:80 - create IPUIPlugin
2024-05-06 08:17:22,401 [INFO] PluginManager:220 - loadIPPluginJar : add gfxmmu
2024-05-06 08:17:23,162 [INFO] ThirdPartyUpdaterWithRetryManager:70 - Updater plugin not ready yet. [2/15]
2024-05-06 08:17:23,274 [INFO] IPUIPlugin:80 - create IPUIPlugin
2024-05-06 08:17:23,274 [INFO] PluginManager:220 - loadIPPluginJar : add gic
2024-05-06 08:17:23,362 [INFO] IPUIPlugin:80 - create IPUIPlugin
2024-05-06 08:17:23,362 [INFO] PluginManager:220 - loadIPPluginJar : add gpio
2024-05-06 08:17:23,618 [INFO] IPUIPlugin:80 - create IPUIPlugin
2024-05-06 08:17:23,618 [INFO] PluginManager:220 - loadIPPluginJar : add gtzc
2024-05-06 08:17:23,770 [INFO] IPUIPlugin:80 - create IPUIPlugin
2024-05-06 08:17:23,770 [INFO] PluginManager:220 - loadIPPluginJar : add hash
2024-05-06 08:17:23,939 [INFO] IPUIPlugin:80 - create IPUIPlugin
2024-05-06 08:17:23,939 [INFO] PluginManager:220 - loadIPPluginJar : add i2c
2024-05-06 08:17:24,083 [INFO] IPUIPlugin:80 - create IPUIPlugin
2024-05-06 08:17:24,083 [INFO] PluginManager:220 - loadIPPluginJar : add i2s
2024-05-06 08:17:24,427 [INFO] IPUIPlugin:80 - create IPUIPlugin
2024-05-06 08:17:24,427 [INFO] PluginManager:220 - loadIPPluginJar : add i3c
2024-05-06 08:17:24,823 [INFO] IPUIPlugin:80 - create IPUIPlugin
2024-05-06 08:17:24,827 [INFO] PluginManager:220 - loadIPPluginJar : add ipddr
2024-05-06 08:17:25,179 [INFO] IPUIPlugin:80 - create IPUIPlugin
2024-05-06 08:17:25,179 [INFO] PluginManager:220 - loadIPPluginJar : add linkedlist
2024-05-06 08:17:25,291 [INFO] IPUIPlugin:80 - create IPUIPlugin
2024-05-06 08:17:25,291 [INFO] PluginManager:220 - loadIPPluginJar : add lorawan
2024-05-06 08:17:25,420 [INFO] IPUIPlugin:80 - create IPUIPlugin
2024-05-06 08:17:25,428 [INFO] PluginManager:220 - loadIPPluginJar : add ltdc
2024-05-06 08:17:25,468 [INFO] IPUIPlugin:80 - create IPUIPlugin
2024-05-06 08:17:25,468 [INFO] PluginManager:220 - loadIPPluginJar : add mdma
2024-05-06 08:17:25,508 [INFO] IPUIPlugin:80 - create IPUIPlugin
2024-05-06 08:17:25,508 [INFO] PluginManager:220 - loadIPPluginJar : add nvic
2024-05-06 08:17:25,636 [INFO] IPUIPlugin:80 - create IPUIPlugin
2024-05-06 08:17:25,636 [INFO] PluginManager:220 - loadIPPluginJar : add opamp
2024-05-06 08:17:25,852 [INFO] IPUIPlugin:80 - create IPUIPlugin
2024-05-06 08:17:25,852 [INFO] PluginManager:220 - loadIPPluginJar : add openamp
2024-05-06 08:17:25,989 [INFO] IPUIPlugin:80 - create IPUIPlugin
2024-05-06 08:17:25,989 [INFO] PluginManager:220 - loadIPPluginJar : add pdm2pcm
2024-05-06 08:17:26,029 [INFO] IPUIPlugin:80 - create IPUIPlugin
2024-05-06 08:17:26,029 [INFO] PluginManager:220 - loadIPPluginJar : add plateformsettings
2024-05-06 08:17:26,093 [INFO] IPUIPlugin:80 - create IPUIPlugin
2024-05-06 08:17:26,093 [INFO] PluginManager:220 - loadIPPluginJar : add quadspi
2024-05-06 08:17:26,125 [INFO] IPUIPlugin:80 - create IPUIPlugin
2024-05-06 08:17:26,125 [INFO] PluginManager:220 - loadIPPluginJar : add resmgrutility
2024-05-06 08:17:26,173 [INFO] ThirdPartyUpdaterWithRetryManager:70 - Updater plugin not ready yet. [3/15]
2024-05-06 08:17:26,277 [INFO] IPUIPlugin:80 - create IPUIPlugin
2024-05-06 08:17:26,277 [INFO] PluginManager:220 - loadIPPluginJar : add sai
2024-05-06 08:17:26,381 [INFO] IPUIPlugin:80 - create IPUIPlugin
2024-05-06 08:17:26,389 [INFO] PluginManager:220 - loadIPPluginJar : add spi
2024-05-06 08:17:26,631 [INFO] IPUIPlugin:80 - create IPUIPlugin
2024-05-06 08:17:26,631 [INFO] PluginManager:220 - loadIPPluginJar : add stm32_wpan
2024-05-06 08:17:26,718 [INFO] IPUIPlugin:80 - create IPUIPlugin
2024-05-06 08:17:26,726 [INFO] PluginManager:220 - loadIPPluginJar : add tim
2024-05-06 08:17:26,846 [INFO] IPUIPlugin:80 - create IPUIPlugin
2024-05-06 08:17:26,846 [INFO] PluginManager:220 - loadIPPluginJar : add touchsensing
2024-05-06 08:17:26,894 [INFO] IPUIPlugin:80 - create IPUIPlugin
2024-05-06 08:17:26,894 [INFO] PluginManager:220 - loadIPPluginJar : add tracer_emb
2024-05-06 08:17:26,942 [INFO] IPUIPlugin:80 - create IPUIPlugin
2024-05-06 08:17:26,942 [INFO] PluginManager:220 - loadIPPluginJar : add ts
2024-05-06 08:17:26,990 [INFO] IPUIPlugin:80 - create IPUIPlugin
2024-05-06 08:17:26,990 [INFO] PluginManager:220 - loadIPPluginJar : add tsc
2024-05-06 08:17:27,054 [INFO] IPUIPlugin:80 - create IPUIPlugin
2024-05-06 08:17:27,054 [INFO] PluginManager:220 - loadIPPluginJar : add ucpd
2024-05-06 08:17:27,150 [INFO] IPUIPlugin:80 - create IPUIPlugin
2024-05-06 08:17:27,150 [INFO] PluginManager:220 - loadIPPluginJar : add usart
2024-05-06 08:17:27,254 [INFO] IPUIPlugin:80 - create IPUIPlugin
2024-05-06 08:17:27,254 [INFO] PluginManager:220 - loadIPPluginJar : add usbx
2024-05-06 08:17:27,462 [INFO] CADModel:165 - CPN selected for project level
2024-05-06 08:17:27,462 [INFO] CADModel:114 - Register for checkConnection events
2024-05-06 08:17:27,462 [FATAL] Updater:308 - Updater called before beeing initialized
2024-05-06 08:17:27,462 [ERROR] CADModel:125 - Updater not yet initialized, retry later 
2024-05-06 08:17:27,838 [INFO] CADModel:165 - CPN selected for project level
2024-05-06 08:17:27,846 [INFO] CADModel:114 - Register for checkConnection events
2024-05-06 08:17:27,846 [FATAL] Updater:308 - Updater called before beeing initialized
2024-05-06 08:17:27,847 [ERROR] CADModel:125 - Updater not yet initialized, retry later 
2024-05-06 08:17:27,854 [FATAL] Updater:308 - Updater called before beeing initialized
2024-05-06 08:17:28,158 [FATAL] Updater:308 - Updater called before beeing initialized
2024-05-06 08:17:28,182 [INFO] DbMcusAds:53 - JSON generation date=Thu May 02 01:37:29 PDT 2024 (1714639049318)
2024-05-06 08:17:28,182 [FATAL] Updater:308 - Updater called before beeing initialized
2024-05-06 08:17:28,350 [WARN] DetailPanel:346 - Failed to get advertising image, set to default
2024-05-06 08:17:28,582 [FATAL] Updater:308 - Updater called before beeing initialized
2024-05-06 08:17:28,590 [FATAL] Updater:308 - Updater called before beeing initialized
2024-05-06 08:17:28,590 [FATAL] Updater:308 - Updater called before beeing initialized
2024-05-06 08:17:28,590 [WARN] DetailPanel:346 - Failed to get advertising image, set to default
2024-05-06 08:17:28,590 [FATAL] Updater:308 - Updater called before beeing initialized
2024-05-06 08:17:28,824 [ERROR] Updater:1120 - MainUpdater not yet initialized. External WinMGr cannot be set.
2024-05-06 08:17:28,840 [INFO] Updater:1056 - Updater Version found : 6.10.0
2024-05-06 08:17:28,872 [INFO] ApplicationProperties:184 - Using Application install path: C:\ST\STM32CubeIDE_1.14.0\STM32CubeIDE\plugins\com.st.stm32cube.common.mx_6.10.0.202311202037
2024-05-06 08:17:29,177 [INFO] ThirdPartyUpdaterWithRetryManager:70 - Updater plugin not ready yet. [4/15]
2024-05-06 08:17:30,509 [ERROR] LogOutputStream:75 - [STDERR_REDIRECT] May 06, 2024 8:17:30 AM java.util.prefs.WindowsPreferences <init>
2024-05-06 08:17:30,509 [ERROR] LogOutputStream:75 - [STDERR_REDIRECT] WARNING: Could not open/create prefs root node Software\JavaSoft\Prefs at root 0xffffffff80000002. Windows RegCreateKeyEx(...) returned error code 5.
2024-05-06 08:17:30,509 [ERROR] LogOutputStream:75 - [STDERR_REDIRECT] 
2024-05-06 08:17:31,461 [INFO] MainUpdater:2873 - connection check result : 10
2024-05-06 08:17:31,461 [INFO] MainUpdater:290 - Updater Check For Update Now.
2024-05-06 08:17:31,461 [INFO] MicroXplorer:498 - Change Database Version : DB.6.0.100
2024-05-06 08:17:31,533 [INFO] McuFinderGlobals:63 - Set McuFinder mode to 2 (CubeIDE integrated)
2024-05-06 08:17:31,573 [INFO] UserAuth:404 - Internet connection configuration mode: 1
2024-05-06 08:17:31,653 [INFO] JxBrowserEngine:152 - Initiate JxBrowser Engine with user profile folder
2024-05-06 08:17:31,902 [INFO] CheckServerUpdateThread:120 - End of CheckServer Thread
2024-05-06 08:17:32,518 [WARN] PackLoader:240 - Cannot read IP mode file for STMicroelectronics.FP-SNS-MOTENVWB1.1.4.0
2024-05-06 08:17:32,550 [WARN] PackLoader:240 - Cannot read IP mode file for STMicroelectronics.X-CUBE-SMBUS.2.1.0
2024-05-06 08:17:32,574 [WARN] PackLoader:240 - Cannot read IP mode file for STMicroelectronics.X-CUBE-TOUCHGFX.4.23.0
2024-05-06 08:17:32,598 [WARN] PackLoader:240 - Cannot read IP mode file for STMicroelectronics.X-CUBE-TOUCHGFX.4.23.2
2024-05-06 08:17:32,702 [WARN] PackLoader:240 - Cannot read IP mode file for STMicroelectronics.X-CUBE-AZRTOS-F7.1.1.0
2024-05-06 08:17:32,750 [WARN] PackLoader:240 - Cannot read IP mode file for STMicroelectronics.FP-SNS-MOTENV1.4.3.2
2024-05-06 08:17:32,782 [WARN] PackLoader:240 - Cannot read IP mode file for STMicroelectronics.FP-SNS-FLIGHT1.5.0.2
2024-05-06 08:17:32,814 [WARN] PackLoader:240 - Cannot read IP mode file for STMicroelectronics.X-CUBE-DISPLAY.3.0.0
2024-05-06 08:17:32,864 [WARN] PackLoader:240 - Cannot read IP mode file for STMicroelectronics.X-CUBE-BLE1.7.0.0
2024-05-06 08:17:32,894 [WARN] PackLoader:240 - Cannot read IP mode file for emotas.I-CUBE-CANOPEN.1.3.0
2024-05-06 08:17:32,934 [WARN] PackLoader:240 - Cannot read IP mode file for STMicroelectronics.X-CUBE-BLEMGR.3.1.0
2024-05-06 08:17:32,966 [WARN] PackLoader:240 - Cannot read IP mode file for STMicroelectronics.FP-SNS-SMARTAG2.1.2.0
2024-05-06 08:17:33,030 [INFO] LogOutputStream:77 - [STDOUT_REDIRECT] 1 : Invalid condition id : UX_CORESTACK_Condition cause : null
2024-05-06 08:17:33,030 [INFO] LogOutputStream:77 - [STDOUT_REDIRECT] 1 : Invalid condition id : UX_CORESTACK_Condition cause : null
2024-05-06 08:17:33,030 [INFO] LogOutputStream:77 - [STDOUT_REDIRECT] 1 : Invalid condition id : UX_CORESTACK_Condition cause : null
2024-05-06 08:17:33,030 [INFO] LogOutputStream:77 - [STDOUT_REDIRECT] 1 : Invalid condition id : UX_CORESTACK_Condition cause : null
2024-05-06 08:17:33,038 [INFO] LogOutputStream:77 - [STDOUT_REDIRECT] 1 : Invalid condition id : UX_CORESTACK_Condition cause : null
2024-05-06 08:17:33,046 [WARN] PackLoader:240 - Cannot read IP mode file for STMicroelectronics.X-CUBE-AZRTOS-WL.2.0.0
2024-05-06 08:17:33,062 [WARN] PackLoader:240 - Cannot read IP mode file for STMicroelectronics.FP-SNS-MOTENV1.5.0.0
2024-05-06 08:17:33,094 [WARN] PackLoader:240 - Cannot read IP mode file for WES.I-CUBE-Cesium.1.3.0
2024-05-06 08:17:33,110 [WARN] PackLoader:240 - Cannot read IP mode file for STMicroelectronics.X-CUBE-BLE2.3.3.0
2024-05-06 08:17:33,134 [WARN] PackLoader:240 - Cannot read IP mode file for STMicroelectronics.X-CUBE-TCPP.4.1.0
2024-05-06 08:17:33,166 [WARN] PackLoader:240 - Cannot read IP mode file for STMicroelectronics.X-CUBE-ALGOBUILD.1.3.0
2024-05-06 08:17:33,238 [WARN] PackLoader:240 - Cannot read IP mode file for STMicroelectronics.X-CUBE-AZRTOS-G0.1.1.0
2024-05-06 08:17:33,310 [WARN] PackLoader:240 - Cannot read IP mode file for STMicroelectronics.X-CUBE-SAFEA1.1.2.2
2024-05-06 08:17:33,361 [WARN] PackLoader:240 - Cannot read IP mode file for STMicroelectronics.X-CUBE-NFC4.3.0.0
2024-05-06 08:17:33,470 [WARN] PackLoader:240 - Cannot read IP mode file for STMicroelectronics.X-CUBE-BLEMGR.3.0.0
2024-05-06 08:17:33,615 [WARN] PackLoader:240 - Cannot read IP mode file for STMicroelectronics.FP-ATR-SIGFOX1.3.2.0
2024-05-06 08:17:33,695 [WARN] PackLoader:240 - Cannot read IP mode file for STMicroelectronics.X-CUBE-EEPRMA1.5.1.0
2024-05-06 08:17:33,795 [WARN] PackLoader:240 - Cannot read IP mode file for SEGGER.I-CUBE-embOS.1.3.1
2024-05-06 08:17:34,168 [WARN] PackLoader:240 - Cannot read IP mode file for STMicroelectronics.X-CUBE-GNSS1.6.0.0
2024-05-06 08:17:34,222 [WARN] PackLoader:240 - Cannot read IP mode file for STMicroelectronics.X-CUBE-AZRTOS-F4.1.1.0
2024-05-06 08:17:34,266 [WARN] PackLoader:240 - Cannot read IP mode file for STMicroelectronics.X-CUBE-FREERTOS.1.2.0
2024-05-06 08:17:34,296 [WARN] PackLoader:240 - Cannot read IP mode file for wolfSSL.I-CUBE-wolfSSL.5.6.6
2024-05-06 08:17:34,361 [WARN] PackLoader:240 - Cannot read IP mode file for STMicroelectronics.X-CUBE-AZRTOS-L5.2.0.0
2024-05-06 08:17:34,384 [WARN] PackLoader:240 - Cannot read IP mode file for STMicroelectronics.X-CUBE-EEPRMA1.4.2.0
2024-05-06 08:17:34,416 [WARN] PackLoader:240 - Cannot read IP mode file for STMicroelectronics.X-CUBE-NFC6.3.1.0
2024-05-06 08:17:34,449 [WARN] PackLoader:240 - Cannot read IP mode file for ITTIA_DB.I-CUBE-ITTIADB.8.8.0
2024-05-06 08:17:34,481 [WARN] PackLoader:240 - Cannot read IP mode file for STMicroelectronics.X-CUBE-AI.9.0.0
2024-05-06 08:17:34,505 [WARN] PackLoader:240 - Cannot read IP mode file for STMicroelectronics.X-CUBE-NFC7.1.0.1
2024-05-06 08:17:34,537 [WARN] PackLoader:240 - Cannot read IP mode file for STMicroelectronics.X-CUBE-NFC6.3.0.0
2024-05-06 08:17:34,561 [WARN] PackLoader:240 - Cannot read IP mode file for STMicroelectronics.X-CUBE-AI.8.1.0
2024-05-06 08:17:34,617 [WARN] ConditionMgr:438 - getConditionDescription Invalid condition id : LAN8742 Phy interface Condition cause : null
2024-05-06 08:17:34,625 [WARN] PackLoader:240 - Cannot read IP mode file for STMicroelectronics.X-CUBE-AZRTOS-L4.2.0.0
2024-05-06 08:17:34,625 [WARN] ConditionMgr:1039 - genDependencies : Invalid condition id : LAN8742 Phy interface Condition cause : null
2024-05-06 08:17:34,625 [WARN] ConditionMgr:1039 - genDependencies : Invalid condition id : LAN8742 Phy interface Condition cause : null
2024-05-06 08:17:34,625 [WARN] ConditionMgr:1039 - genDependencies : Invalid condition id : LAN8742 Phy interface Condition cause : null
2024-05-06 08:17:34,657 [WARN] PackLoader:240 - Cannot read IP mode file for STMicroelectronics.X-CUBE-SFXS2LP1.4.0.0
2024-05-06 08:17:34,705 [WARN] ConditionMgr:438 - getConditionDescription Invalid condition id : UX DEVICE CLASS RTOS Condition cause : null
2024-05-06 08:17:34,705 [WARN] ConditionMgr:438 - getConditionDescription Invalid condition id : UX DEVICE CLASS RTOS Condition cause : null
2024-05-06 08:17:34,705 [WARN] PackLoader:240 - Cannot read IP mode file for STMicroelectronics.X-CUBE-AZRTOS-WB.2.0.0
2024-05-06 08:17:34,705 [WARN] ConditionMgr:1039 - genDependencies : Invalid condition id : UX DEVICE CLASS RTOS Condition cause : null
2024-05-06 08:17:34,705 [WARN] ConditionMgr:1039 - genDependencies : Invalid condition id : UX DEVICE CLASS RTOS Condition cause : null
2024-05-06 08:17:34,713 [WARN] ConditionMgr:1039 - genDependencies : Invalid condition id : UX DEVICE CLASS RTOS Condition cause : null
2024-05-06 08:17:34,713 [WARN] ConditionMgr:1039 - genDependencies : Invalid condition id : UX DEVICE CLASS RTOS Condition cause : null
2024-05-06 08:17:34,713 [WARN] ConditionMgr:1039 - genDependencies : Invalid condition id : UX DEVICE CLASS RTOS Condition cause : null
2024-05-06 08:17:34,745 [WARN] PackLoader:240 - Cannot read IP mode file for STMicroelectronics.X-CUBE-SUBG2.5.0.0
2024-05-06 08:17:34,817 [WARN] PackLoader:240 - Cannot read IP mode file for STMicroelectronics.X-CUBE-AZRTOS-G4.2.0.0
2024-05-06 08:17:34,865 [WARN] PackLoader:240 - Cannot read IP mode file for Infineon.AIROC-Wi-Fi-Bluetooth-STM32.1.5.1
2024-05-06 08:17:34,889 [WARN] PackLoader:240 - Cannot read IP mode file for STMicroelectronics.FP-SNS-MOTENVWB1.1.3.1
2024-05-06 08:17:34,921 [WARN] PackLoader:240 - Cannot read IP mode file for STMicroelectronics.X-CUBE-ISPU.2.0.0
2024-05-06 08:17:35,041 [WARN] PackLoader:240 - Cannot read IP mode file for STMicroelectronics.X-CUBE-MEMS1.10.0.0
2024-05-06 08:17:35,601 [WARN] PackLoader:240 - Cannot read IP mode file for STMicroelectronics.X-CUBE-FREERTOS.1.1.0
2024-05-06 08:17:35,641 [WARN] PackLoader:240 - Cannot read IP mode file for portGmbH.I-Cube-SoM-uGOAL.1.1.0
2024-05-06 08:17:35,673 [WARN] PackLoader:240 - Cannot read IP mode file for STMicroelectronics.X-CUBE-ALS.1.0.1
2024-05-06 08:17:35,737 [WARN] PackLoader:240 - Cannot read IP mode file for STMicroelectronics.X-CUBE-AZRTOS-H7RS.1.0.0
2024-05-06 08:17:35,769 [WARN] PackLoader:240 - Cannot read IP mode file for STMicroelectronics.FP-ATR-ASTRA1.2.0.0
2024-05-06 08:17:35,841 [WARN] PackLoader:240 - Cannot read IP mode file for STMicroelectronics.X-CUBE-TOF1.3.4.0
2024-05-06 08:17:35,905 [WARN] PackLoader:240 - Cannot read IP mode file for STMicroelectronics.X-CUBE-TOF1.3.4.1
2024-05-06 08:17:36,017 [WARN] PackLoader:240 - Cannot read IP mode file for STMicroelectronics.X-CUBE-AZRTOS-H7.3.2.0
2024-05-06 08:17:36,033 [INFO] ThirdParty:978 - Integrity check success = true
2024-05-06 08:17:36,033 [INFO] IntegrityCheckThread:100 - exiting critical section [integrity check]
2024-05-06 08:17:36,033 [INFO] IntegrityCheckThread:103 - End integrity checks thread
2024-05-06 08:17:36,642 [ERROR] LogOutputStream:75 - [STDERR_REDIRECT] SLF4J: Failed to load class "org.slf4j.impl.StaticLoggerBinder".
2024-05-06 08:17:36,642 [ERROR] LogOutputStream:75 - [STDERR_REDIRECT] SLF4J: Defaulting to no-operation (NOP) logger implementation
2024-05-06 08:17:36,642 [ERROR] LogOutputStream:75 - [STDERR_REDIRECT] SLF4J: See http://www.slf4j.org/codes.html#StaticLoggerBinder for further details.
2024-05-06 08:17:37,734 [INFO] WebApp:161 - Instantiating new browser for Auth
2024-05-06 08:17:39,076 [INFO] WebApp:780 - Register for checkConnection events
2024-05-06 08:17:39,076 [INFO] WebApp:414 - Apply proxy settings
2024-05-06 08:17:39,076 [INFO] WebApp:499 - Chromium requires no authentication
2024-05-06 08:17:39,092 [INFO] WebApp:442 - Direct internet connection detected
2024-05-06 08:17:39,348 [INFO] WebApp:192 - Starting web application
2024-05-06 08:17:39,348 [INFO] WebApp:544 - Web application path used C:\ST\STM32CubeIDE_1.14.0\STM32CubeIDE\plugins\com.st.stm32cube.common.mx_6.10.0.202311202037\db\plugins\mcufinder\reactClient1\index.html
2024-05-06 13:28:53,583 [ERROR] LogOutputStream:75 - [STDERR_REDIRECT] 
