2024-05-03 09:03:28,072 [INFO] Activator:176 - 


2024-05-03 09:03:28,084 [INFO] Activator:177 - !SESSION log4j initialized
2024-05-03 09:03:38,661 [INFO] LogOutputStream:77 - [STDOUT_REDIRECT] 
2024-05-03 09:03:43,686 [INFO] ApplicationProperties:184 - Using Application install path: C:\ST\STM32CubeIDE_1.14.0\STM32CubeIDE\plugins\com.st.stm32cube.common.mx_6.10.0.202311202037
2024-05-03 09:03:43,714 [INFO] DbMcusXml:78 - Set database path to: C:\ST\STM32CubeIDE_1.14.0\STM32CubeIDE\plugins\com.st.stm32cube.common.mx_6.10.0.202311202037\\db\/mcu/
2024-05-03 09:03:43,715 [INFO] ApiDb:274 - Set plugin database path to: C:\ST\STM32CubeIDE_1.14.0\STM32CubeIDE\plugins\com.st.stm32cube.common.mx_6.10.0.202311202037\\db\/plugins/boardmanager/
2024-05-03 09:03:43,715 [WARN] ApiDb:259 - Overriding images path with different value:  => C:\ST\STM32CubeIDE_1.14.0\STM32CubeIDE\plugins\com.st.stm32cube.common.mx_6.10.0.202311202037\\db\/plugins/mcufinder/images/
2024-05-03 09:03:43,727 [INFO] ApiDb:250 - Set database path to: C:\Users\thebu\.stmcufinder\plugins\mcufinder//mcu/
2024-05-03 09:03:43,728 [INFO] DbMcusAds:125 - Set database path to: C:\Users\thebu\.stmcufinder\plugins\mcufinder//mcu/
2024-05-03 09:03:43,731 [INFO] CrossReferenceDbSqlite:203 - Set database path to: C:\Users\thebu\.stmcufinder\plugins\mcufinder//mcu/cs/
2024-05-03 09:03:44,002 [INFO] RulesReader:64 - Compatibility file has been processed (297 Rules)
2024-05-03 09:03:44,205 [INFO] DbMcusXml:78 - Set database path to: C:\ST\STM32CubeIDE_1.14.0\STM32CubeIDE\plugins\com.st.stm32cube.common.mx_6.10.0.202311202037\\db\/mcu/
2024-05-03 09:03:44,206 [INFO] ApiDb:274 - Set plugin database path to: C:\ST\STM32CubeIDE_1.14.0\STM32CubeIDE\plugins\com.st.stm32cube.common.mx_6.10.0.202311202037\\db\/plugins/boardmanager/
2024-05-03 09:03:44,206 [INFO] ApiDb:261 - Set plugin images path to: C:\ST\STM32CubeIDE_1.14.0\STM32CubeIDE\plugins\com.st.stm32cube.common.mx_6.10.0.202311202037\\db\/plugins/mcufinder/images/
2024-05-03 09:03:44,207 [WARN] DbFile:41 - Overriding database path with different value: C:\Users\thebu\.stmcufinder\plugins\mcufinder/ => C:\Users\thebu\.stmcufinder\plugins\mcufinder
2024-05-03 09:03:44,207 [INFO] ApiDb:250 - Set database path to: C:\Users\thebu\.stmcufinder\plugins\mcufinder//mcu/
2024-05-03 09:03:44,207 [WARN] DbFile:41 - Overriding database path with different value: C:\Users\thebu\.stmcufinder\plugins\mcufinder/ => C:\Users\thebu\.stmcufinder\plugins\mcufinder
2024-05-03 09:03:44,207 [INFO] DbMcusAds:125 - Set database path to: C:\Users\thebu\.stmcufinder\plugins\mcufinder//mcu/
2024-05-03 09:03:44,208 [WARN] DbFile:41 - Overriding database path with different value: C:\Users\thebu\.stmcufinder\plugins\mcufinder/ => C:\Users\thebu\.stmcufinder\plugins\mcufinder
2024-05-03 09:03:44,208 [WARN] DbFile:41 - Overriding database path with different value: C:\Users\thebu\.stmcufinder\plugins\mcufinder/ => C:\Users\thebu\.stmcufinder\plugins\mcufinder
2024-05-03 09:03:44,208 [INFO] CrossReferenceDbSqlite:203 - Set database path to: C:\Users\thebu\.stmcufinder\plugins\mcufinder//mcu/cs/
2024-05-03 09:03:44,346 [INFO] MainPanel:264 - HeapMemory: 268435456
2024-05-03 09:03:44,494 [INFO] DbMcusXml:78 - Set database path to: C:\ST\STM32CubeIDE_1.14.0\STM32CubeIDE\plugins\com.st.stm32cube.common.mx_6.10.0.202311202037\\db\/mcu/
2024-05-03 09:03:44,494 [INFO] ApiDb:274 - Set plugin database path to: C:\ST\STM32CubeIDE_1.14.0\STM32CubeIDE\plugins\com.st.stm32cube.common.mx_6.10.0.202311202037\\db\/plugins/boardmanager/
2024-05-03 09:03:44,495 [INFO] ApiDb:261 - Set plugin images path to: C:\ST\STM32CubeIDE_1.14.0\STM32CubeIDE\plugins\com.st.stm32cube.common.mx_6.10.0.202311202037\\db\/plugins/mcufinder/images/
2024-05-03 09:03:44,495 [WARN] DbFile:41 - Overriding database path with different value: C:\Users\thebu\.stmcufinder\plugins\mcufinder/ => C:\Users\thebu\.stmcufinder\plugins\mcufinder
2024-05-03 09:03:44,495 [INFO] ApiDb:250 - Set database path to: C:\Users\thebu\.stmcufinder\plugins\mcufinder//mcu/
2024-05-03 09:03:44,495 [WARN] DbFile:41 - Overriding database path with different value: C:\Users\thebu\.stmcufinder\plugins\mcufinder/ => C:\Users\thebu\.stmcufinder\plugins\mcufinder
2024-05-03 09:03:44,496 [INFO] DbMcusAds:125 - Set database path to: C:\Users\thebu\.stmcufinder\plugins\mcufinder//mcu/
2024-05-03 09:03:44,496 [WARN] DbFile:41 - Overriding database path with different value: C:\Users\thebu\.stmcufinder\plugins\mcufinder/ => C:\Users\thebu\.stmcufinder\plugins\mcufinder
2024-05-03 09:03:44,496 [WARN] DbFile:41 - Overriding database path with different value: C:\Users\thebu\.stmcufinder\plugins\mcufinder/ => C:\Users\thebu\.stmcufinder\plugins\mcufinder
2024-05-03 09:03:44,496 [INFO] CrossReferenceDbSqlite:203 - Set database path to: C:\Users\thebu\.stmcufinder\plugins\mcufinder//mcu/cs/
2024-05-03 09:03:44,532 [INFO] ApplicationProperties:184 - Using Application install path: C:\ST\STM32CubeIDE_1.14.0\STM32CubeIDE\plugins\com.st.stm32cube.common.mx_6.10.0.202311202037
2024-05-03 09:03:44,535 [INFO] PluginManage:196 - Search for loadable plugins [exclusion list=, ]
2024-05-03 09:03:44,536 [INFO] PluginManage:310 - Check plugin analytics
2024-05-03 09:03:44,797 [INFO] AnalyticsPlugin:253 - Accepted Software Licenses: 
2024-05-03 09:03:44,797 [INFO] AnalyticsPlugin:255 - Accepted CMSIS Pack Licenses: 
2024-05-03 09:03:44,798 [INFO] AnalyticsPlugin:257 - Accepted Firmware Licenses: FW.L4.1.18.0
2024-05-03 09:03:44,803 [INFO] PluginManage:359 - Loaded plugin analytics (category:tool,tabindex:-1)
2024-05-03 09:03:44,804 [INFO] PluginManage:310 - Check plugin cadmodel
2024-05-03 09:03:44,834 [INFO] CADModel:105 - Init CAD model plugin
2024-05-03 09:03:44,835 [INFO] PluginManage:359 - Loaded plugin cadmodel (category:power,tabindex:5)
2024-05-03 09:03:44,835 [INFO] PluginManage:310 - Check plugin clock
2024-05-03 09:03:44,877 [INFO] PluginManage:359 - Loaded plugin clock (category:base,tabindex:2)
2024-05-03 09:03:44,877 [INFO] PluginManage:310 - Check plugin ddr
2024-05-03 09:03:44,882 [INFO] PluginManage:359 - Loaded plugin ddr (category:tool,tabindex:6)
2024-05-03 09:03:44,882 [INFO] PluginManage:310 - Check plugin filemanager
2024-05-03 09:03:45,095 [INFO] PluginManage:359 - Loaded plugin filemanager (category:base,tabindex:10)
2024-05-03 09:03:45,095 [INFO] PluginManage:310 - Check plugin ipmanager
2024-05-03 09:03:45,103 [INFO] PluginManage:359 - Loaded plugin ipmanager (category:base,tabindex:5)
2024-05-03 09:03:45,103 [INFO] PluginManage:310 - Check plugin lpbam
2024-05-03 09:03:45,136 [INFO] PluginManage:359 - Loaded plugin lpbam (category:base,tabindex:0)
2024-05-03 09:03:45,136 [INFO] PluginManage:310 - Check plugin memorymap
2024-05-03 09:03:45,168 [INFO] PluginManage:359 - Loaded plugin memorymap (category:base,tabindex:4)
2024-05-03 09:03:45,168 [INFO] PluginManage:310 - Check plugin pinoutandconfiguration
2024-05-03 09:03:45,192 [INFO] PluginManage:359 - Loaded plugin pinoutandconfiguration (category:base,tabindex:1)
2024-05-03 09:03:45,192 [INFO] PluginManage:310 - Check plugin pinoutconfig
2024-05-03 09:03:45,336 [WARN] SupportedApi:132 - Cannot load RTOS API schema: s4s-elt-must-match.1: The content of 'definitions' must match (annotation?, (simpleType | complexType)?, (unique | key | keyref)*)). A problem was found starting at: attribute.
2024-05-03 09:03:45,544 [INFO] PluginManage:359 - Loaded plugin pinoutconfig (category:base,tabindex:0)
2024-05-03 09:03:45,544 [INFO] PluginManage:310 - Check plugin power
2024-05-03 09:03:45,576 [INFO] PluginManage:359 - Loaded plugin power (category:power,tabindex:4)
2024-05-03 09:03:45,576 [INFO] PluginManage:310 - Check plugin projectmanager
2024-05-03 09:03:45,608 [INFO] PluginManage:359 - Loaded plugin projectmanager (category:projectmanager,tabindex:3)
2024-05-03 09:03:45,608 [INFO] PluginManage:310 - Check plugin thirdparty
2024-05-03 09:03:46,033 [INFO] PluginManage:359 - Loaded plugin thirdparty (category:base,tabindex:-1)
2024-05-03 09:03:46,033 [WARN] IntegrityCheckThread:84 - waiting for thirdparty lock release [integrity check]
2024-05-03 09:03:46,033 [INFO] PluginManage:310 - Check plugin tools
2024-05-03 09:03:46,033 [INFO] IntegrityCheckThread:86 - entering critical section [integrity check]
2024-05-03 09:03:46,033 [INFO] ThirdPartyUpdaterWithRetryManager:70 - Updater plugin not ready yet. [1/15]
2024-05-03 09:03:46,097 [INFO] PluginManage:359 - Loaded plugin tools (category:base,tabindex:7)
2024-05-03 09:03:46,097 [INFO] PluginManage:310 - Check plugin tutovideos
2024-05-03 09:03:46,481 [INFO] PluginManage:359 - Loaded plugin tutovideos (category:base,tabindex:-1)
2024-05-03 09:03:46,481 [INFO] PluginManage:310 - Check plugin updater
2024-05-03 09:03:46,505 [INFO] PluginManage:359 - Loaded plugin updater (category:base,tabindex:12)
2024-05-03 09:03:46,505 [INFO] PluginManage:310 - Check plugin userauth
2024-05-03 09:03:46,537 [INFO] UserAuth:114 - Init User Auth plugin
2024-05-03 09:03:46,537 [INFO] PluginManage:359 - Loaded plugin userauth (category:base,tabindex:14)
2024-05-03 09:03:46,537 [INFO] PluginManage:283 - PluginManage : Loaded plugins [17]
2024-05-03 09:03:46,891 [INFO] PinOutPanel:1499 - setPackage(No Configuration,No Configuration)
2024-05-03 09:03:47,043 [INFO] CADModel:165 - CPN selected for project level
2024-05-03 09:03:47,043 [INFO] CADModel:114 - Register for checkConnection events
2024-05-03 09:03:47,099 [INFO] IPUIPlugin:80 - create IPUIPlugin
2024-05-03 09:03:47,099 [INFO] PluginManager:220 - loadIPPluginJar : add adc
2024-05-03 09:03:47,171 [INFO] IPUIPlugin:80 - create IPUIPlugin
2024-05-03 09:03:47,171 [INFO] PluginManager:220 - loadIPPluginJar : add aes
2024-05-03 09:03:47,251 [INFO] IPUIPlugin:80 - create IPUIPlugin
2024-05-03 09:03:47,251 [INFO] PluginManager:220 - loadIPPluginJar : add can
2024-05-03 09:03:47,291 [INFO] IPUIPlugin:80 - create IPUIPlugin
2024-05-03 09:03:47,291 [INFO] PluginManager:220 - loadIPPluginJar : add comp
2024-05-03 09:03:47,339 [INFO] IPUIPlugin:80 - create IPUIPlugin
2024-05-03 09:03:47,339 [INFO] PluginManager:220 - loadIPPluginJar : add cryp
2024-05-03 09:03:47,403 [INFO] IPUIPlugin:80 - create IPUIPlugin
2024-05-03 09:03:47,403 [INFO] PluginManager:220 - loadIPPluginJar : add dfsdm
2024-05-03 09:03:47,436 [INFO] IPUIPlugin:80 - create IPUIPlugin
2024-05-03 09:03:47,436 [INFO] PluginManager:220 - loadIPPluginJar : add dma
2024-05-03 09:03:47,516 [INFO] IPUIPlugin:80 - create IPUIPlugin
2024-05-03 09:03:47,516 [INFO] PluginManager:220 - loadIPPluginJar : add dma3
2024-05-03 09:03:47,548 [INFO] IPUIPlugin:80 - create IPUIPlugin
2024-05-03 09:03:47,548 [INFO] PluginManager:220 - loadIPPluginJar : add fatfs
2024-05-03 09:03:47,612 [INFO] IPUIPlugin:80 - create IPUIPlugin
2024-05-03 09:03:47,612 [INFO] PluginManager:220 - loadIPPluginJar : add fmc
2024-05-03 09:03:47,628 [INFO] IPUIPlugin:80 - create IPUIPlugin
2024-05-03 09:03:47,628 [INFO] PluginManager:220 - loadIPPluginJar : add freertos
2024-05-03 09:03:47,661 [INFO] IPUIPlugin:80 - create IPUIPlugin
2024-05-03 09:03:47,661 [INFO] PluginManager:220 - loadIPPluginJar : add genericplugin
2024-05-03 09:03:47,805 [INFO] IPUIPlugin:80 - create IPUIPlugin
2024-05-03 09:03:47,805 [INFO] PluginManager:220 - loadIPPluginJar : add gfxmmu
2024-05-03 09:03:48,032 [INFO] IPUIPlugin:80 - create IPUIPlugin
2024-05-03 09:03:48,032 [INFO] PluginManager:220 - loadIPPluginJar : add gic
2024-05-03 09:03:48,056 [INFO] IPUIPlugin:80 - create IPUIPlugin
2024-05-03 09:03:48,060 [INFO] PluginManager:220 - loadIPPluginJar : add gpio
2024-05-03 09:03:48,208 [INFO] IPUIPlugin:80 - create IPUIPlugin
2024-05-03 09:03:48,208 [INFO] PluginManager:220 - loadIPPluginJar : add gtzc
2024-05-03 09:03:48,268 [INFO] IPUIPlugin:80 - create IPUIPlugin
2024-05-03 09:03:48,268 [INFO] PluginManager:220 - loadIPPluginJar : add hash
2024-05-03 09:03:48,331 [INFO] IPUIPlugin:80 - create IPUIPlugin
2024-05-03 09:03:48,331 [INFO] PluginManager:220 - loadIPPluginJar : add i2c
2024-05-03 09:03:48,379 [INFO] IPUIPlugin:80 - create IPUIPlugin
2024-05-03 09:03:48,379 [INFO] PluginManager:220 - loadIPPluginJar : add i2s
2024-05-03 09:03:48,436 [INFO] IPUIPlugin:80 - create IPUIPlugin
2024-05-03 09:03:48,436 [INFO] PluginManager:220 - loadIPPluginJar : add i3c
2024-05-03 09:03:48,599 [INFO] IPUIPlugin:80 - create IPUIPlugin
2024-05-03 09:03:48,599 [INFO] PluginManager:220 - loadIPPluginJar : add ipddr
2024-05-03 09:03:48,759 [INFO] IPUIPlugin:80 - create IPUIPlugin
2024-05-03 09:03:48,761 [INFO] PluginManager:220 - loadIPPluginJar : add linkedlist
2024-05-03 09:03:48,816 [INFO] IPUIPlugin:80 - create IPUIPlugin
2024-05-03 09:03:48,816 [INFO] PluginManager:220 - loadIPPluginJar : add lorawan
2024-05-03 09:03:48,872 [INFO] IPUIPlugin:80 - create IPUIPlugin
2024-05-03 09:03:48,872 [INFO] PluginManager:220 - loadIPPluginJar : add ltdc
2024-05-03 09:03:48,896 [INFO] IPUIPlugin:80 - create IPUIPlugin
2024-05-03 09:03:48,896 [INFO] PluginManager:220 - loadIPPluginJar : add mdma
2024-05-03 09:03:48,928 [INFO] IPUIPlugin:80 - create IPUIPlugin
2024-05-03 09:03:48,928 [INFO] PluginManager:220 - loadIPPluginJar : add nvic
2024-05-03 09:03:48,984 [INFO] IPUIPlugin:80 - create IPUIPlugin
2024-05-03 09:03:48,984 [INFO] PluginManager:220 - loadIPPluginJar : add opamp
2024-05-03 09:03:49,040 [INFO] ThirdPartyUpdaterWithRetryManager:70 - Updater plugin not ready yet. [2/15]
2024-05-03 09:03:49,105 [INFO] IPUIPlugin:80 - create IPUIPlugin
2024-05-03 09:03:49,105 [INFO] PluginManager:220 - loadIPPluginJar : add openamp
2024-05-03 09:03:49,169 [INFO] IPUIPlugin:80 - create IPUIPlugin
2024-05-03 09:03:49,169 [INFO] PluginManager:220 - loadIPPluginJar : add pdm2pcm
2024-05-03 09:03:49,193 [INFO] IPUIPlugin:80 - create IPUIPlugin
2024-05-03 09:03:49,193 [INFO] PluginManager:220 - loadIPPluginJar : add plateformsettings
2024-05-03 09:03:49,241 [INFO] IPUIPlugin:80 - create IPUIPlugin
2024-05-03 09:03:49,241 [INFO] PluginManager:220 - loadIPPluginJar : add quadspi
2024-05-03 09:03:49,262 [INFO] IPUIPlugin:80 - create IPUIPlugin
2024-05-03 09:03:49,262 [INFO] PluginManager:220 - loadIPPluginJar : add resmgrutility
2024-05-03 09:03:49,329 [INFO] IPUIPlugin:80 - create IPUIPlugin
2024-05-03 09:03:49,329 [INFO] PluginManager:220 - loadIPPluginJar : add sai
2024-05-03 09:03:49,386 [INFO] IPUIPlugin:80 - create IPUIPlugin
2024-05-03 09:03:49,386 [INFO] PluginManager:220 - loadIPPluginJar : add spi
2024-05-03 09:03:49,490 [INFO] IPUIPlugin:80 - create IPUIPlugin
2024-05-03 09:03:49,490 [INFO] PluginManager:220 - loadIPPluginJar : add stm32_wpan
2024-05-03 09:03:49,522 [INFO] IPUIPlugin:80 - create IPUIPlugin
2024-05-03 09:03:49,522 [INFO] PluginManager:220 - loadIPPluginJar : add tim
2024-05-03 09:03:49,611 [INFO] IPUIPlugin:80 - create IPUIPlugin
2024-05-03 09:03:49,611 [INFO] PluginManager:220 - loadIPPluginJar : add touchsensing
2024-05-03 09:03:49,635 [INFO] IPUIPlugin:80 - create IPUIPlugin
2024-05-03 09:03:49,635 [INFO] PluginManager:220 - loadIPPluginJar : add tracer_emb
2024-05-03 09:03:49,675 [INFO] IPUIPlugin:80 - create IPUIPlugin
2024-05-03 09:03:49,675 [INFO] PluginManager:220 - loadIPPluginJar : add ts
2024-05-03 09:03:49,707 [INFO] IPUIPlugin:80 - create IPUIPlugin
2024-05-03 09:03:49,707 [INFO] PluginManager:220 - loadIPPluginJar : add tsc
2024-05-03 09:03:49,747 [INFO] IPUIPlugin:80 - create IPUIPlugin
2024-05-03 09:03:49,747 [INFO] PluginManager:220 - loadIPPluginJar : add ucpd
2024-05-03 09:03:49,804 [INFO] IPUIPlugin:80 - create IPUIPlugin
2024-05-03 09:03:49,804 [INFO] PluginManager:220 - loadIPPluginJar : add usart
2024-05-03 09:03:49,852 [INFO] IPUIPlugin:80 - create IPUIPlugin
2024-05-03 09:03:49,852 [INFO] PluginManager:220 - loadIPPluginJar : add usbx
2024-05-03 09:03:50,014 [INFO] CADModel:165 - CPN selected for project level
2024-05-03 09:03:50,014 [INFO] CADModel:114 - Register for checkConnection events
2024-05-03 09:03:50,014 [FATAL] Updater:308 - Updater called before beeing initialized
2024-05-03 09:03:50,014 [ERROR] CADModel:125 - Updater not yet initialized, retry later 
2024-05-03 09:03:50,280 [INFO] CADModel:165 - CPN selected for project level
2024-05-03 09:03:50,280 [INFO] CADModel:114 - Register for checkConnection events
2024-05-03 09:03:50,280 [FATAL] Updater:308 - Updater called before beeing initialized
2024-05-03 09:03:50,280 [ERROR] CADModel:125 - Updater not yet initialized, retry later 
2024-05-03 09:03:50,280 [FATAL] Updater:308 - Updater called before beeing initialized
2024-05-03 09:03:50,441 [FATAL] Updater:308 - Updater called before beeing initialized
2024-05-03 09:03:50,457 [INFO] DbMcusAds:53 - JSON generation date=Wed Nov 29 02:52:27 PST 2023 (1701255147349)
2024-05-03 09:03:50,457 [FATAL] Updater:308 - Updater called before beeing initialized
2024-05-03 09:03:50,569 [WARN] DetailPanel:346 - Failed to get advertising image, set to default
2024-05-03 09:03:50,738 [FATAL] Updater:308 - Updater called before beeing initialized
2024-05-03 09:03:50,746 [FATAL] Updater:308 - Updater called before beeing initialized
2024-05-03 09:03:50,746 [FATAL] Updater:308 - Updater called before beeing initialized
2024-05-03 09:03:50,746 [WARN] DetailPanel:346 - Failed to get advertising image, set to default
2024-05-03 09:03:50,746 [FATAL] Updater:308 - Updater called before beeing initialized
2024-05-03 09:03:50,899 [ERROR] Updater:1120 - MainUpdater not yet initialized. External WinMGr cannot be set.
2024-05-03 09:03:50,923 [INFO] Updater:1056 - Updater Version found : 6.10.0
2024-05-03 09:03:50,988 [INFO] ApplicationProperties:184 - Using Application install path: C:\ST\STM32CubeIDE_1.14.0\STM32CubeIDE\plugins\com.st.stm32cube.common.mx_6.10.0.202311202037
2024-05-03 09:03:52,043 [INFO] ThirdPartyUpdaterWithRetryManager:70 - Updater plugin not ready yet. [3/15]
2024-05-03 09:03:52,611 [ERROR] LogOutputStream:75 - [STDERR_REDIRECT] May 03, 2024 9:03:52 AM java.util.prefs.WindowsPreferences <init>
2024-05-03 09:03:52,611 [ERROR] LogOutputStream:75 - [STDERR_REDIRECT] WARNING: Could not open/create prefs root node Software\JavaSoft\Prefs at root 0xffffffff80000002. Windows RegCreateKeyEx(...) returned error code 5.
2024-05-03 09:03:52,616 [ERROR] LogOutputStream:75 - [STDERR_REDIRECT] 
2024-05-03 09:03:53,156 [INFO] MainUpdater:2873 - connection check result : 10
2024-05-03 09:03:53,156 [INFO] MainUpdater:290 - Updater Check For Update Now.
2024-05-03 09:03:53,156 [INFO] MicroXplorer:498 - Change Database Version : DB.6.0.100
2024-05-03 09:03:53,196 [INFO] McuFinderGlobals:63 - Set McuFinder mode to 2 (CubeIDE integrated)
2024-05-03 09:03:53,212 [INFO] UserAuth:404 - Internet connection configuration mode: 1
2024-05-03 09:03:53,260 [INFO] JxBrowserEngine:152 - Initiate JxBrowser Engine with user profile folder
2024-05-03 09:03:53,445 [INFO] CheckServerUpdateThread:120 - End of CheckServer Thread
2024-05-03 09:03:55,287 [WARN] PackLoader:240 - Cannot read IP mode file for STMicroelectronics.FP-SNS-MOTENVWB1.1.4.0
2024-05-03 09:03:55,311 [WARN] PackLoader:240 - Cannot read IP mode file for STMicroelectronics.X-CUBE-SMBUS.2.1.0
2024-05-03 09:03:55,327 [WARN] PackLoader:240 - Cannot read IP mode file for STMicroelectronics.X-CUBE-TOUCHGFX.4.23.0
2024-05-03 09:03:55,343 [WARN] PackLoader:240 - Cannot read IP mode file for STMicroelectronics.X-CUBE-TOUCHGFX.4.23.2
2024-05-03 09:03:55,407 [WARN] PackLoader:240 - Cannot read IP mode file for STMicroelectronics.X-CUBE-AZRTOS-F7.1.1.0
2024-05-03 09:03:55,439 [WARN] PackLoader:240 - Cannot read IP mode file for STMicroelectronics.FP-SNS-MOTENV1.4.3.2
2024-05-03 09:03:55,463 [WARN] PackLoader:240 - Cannot read IP mode file for STMicroelectronics.FP-SNS-FLIGHT1.5.0.2
2024-05-03 09:03:55,495 [WARN] PackLoader:240 - Cannot read IP mode file for STMicroelectronics.X-CUBE-DISPLAY.3.0.0
2024-05-03 09:03:55,519 [WARN] PackLoader:240 - Cannot read IP mode file for STMicroelectronics.X-CUBE-BLE1.7.0.0
2024-05-03 09:03:55,543 [WARN] PackLoader:240 - Cannot read IP mode file for emotas.I-CUBE-CANOPEN.1.3.0
2024-05-03 09:03:55,575 [WARN] PackLoader:240 - Cannot read IP mode file for STMicroelectronics.X-CUBE-BLEMGR.3.1.0
2024-05-03 09:03:55,599 [WARN] PackLoader:240 - Cannot read IP mode file for STMicroelectronics.FP-SNS-SMARTAG2.1.2.0
2024-05-03 09:03:55,639 [INFO] LogOutputStream:77 - [STDOUT_REDIRECT] 1 : Invalid condition id : UX_CORESTACK_Condition cause : null
2024-05-03 09:03:55,639 [INFO] LogOutputStream:77 - [STDOUT_REDIRECT] 1 : Invalid condition id : UX_CORESTACK_Condition cause : null
2024-05-03 09:03:55,639 [INFO] LogOutputStream:77 - [STDOUT_REDIRECT] 1 : Invalid condition id : UX_CORESTACK_Condition cause : null
2024-05-03 09:03:55,639 [INFO] LogOutputStream:77 - [STDOUT_REDIRECT] 1 : Invalid condition id : UX_CORESTACK_Condition cause : null
2024-05-03 09:03:55,639 [INFO] LogOutputStream:77 - [STDOUT_REDIRECT] 1 : Invalid condition id : UX_CORESTACK_Condition cause : null
2024-05-03 09:03:55,647 [WARN] PackLoader:240 - Cannot read IP mode file for STMicroelectronics.X-CUBE-AZRTOS-WL.2.0.0
2024-05-03 09:03:55,663 [WARN] PackLoader:240 - Cannot read IP mode file for STMicroelectronics.FP-SNS-MOTENV1.5.0.0
2024-05-03 09:03:55,687 [WARN] PackLoader:240 - Cannot read IP mode file for WES.I-CUBE-Cesium.1.3.0
2024-05-03 09:03:55,703 [WARN] PackLoader:240 - Cannot read IP mode file for STMicroelectronics.X-CUBE-BLE2.3.3.0
2024-05-03 09:03:55,727 [WARN] PackLoader:240 - Cannot read IP mode file for STMicroelectronics.X-CUBE-TCPP.4.1.0
2024-05-03 09:03:55,743 [WARN] PackLoader:240 - Cannot read IP mode file for STMicroelectronics.X-CUBE-ALGOBUILD.1.3.0
2024-05-03 09:03:55,791 [WARN] PackLoader:240 - Cannot read IP mode file for STMicroelectronics.X-CUBE-AZRTOS-G0.1.1.0
2024-05-03 09:03:55,823 [WARN] PackLoader:240 - Cannot read IP mode file for STMicroelectronics.X-CUBE-SAFEA1.1.2.2
2024-05-03 09:03:55,847 [WARN] PackLoader:240 - Cannot read IP mode file for STMicroelectronics.X-CUBE-NFC4.3.0.0
2024-05-03 09:03:55,888 [WARN] PackLoader:240 - Cannot read IP mode file for STMicroelectronics.X-CUBE-BLEMGR.3.0.0
2024-05-03 09:03:55,936 [WARN] PackLoader:240 - Cannot read IP mode file for STMicroelectronics.FP-ATR-SIGFOX1.3.2.0
2024-05-03 09:03:55,960 [WARN] PackLoader:240 - Cannot read IP mode file for STMicroelectronics.X-CUBE-EEPRMA1.5.1.0
2024-05-03 09:03:56,024 [WARN] PackLoader:240 - Cannot read IP mode file for SEGGER.I-CUBE-embOS.1.3.1
2024-05-03 09:03:56,105 [WARN] PackLoader:240 - Cannot read IP mode file for STMicroelectronics.X-CUBE-GNSS1.6.0.0
2024-05-03 09:03:56,169 [WARN] PackLoader:240 - Cannot read IP mode file for STMicroelectronics.X-CUBE-AZRTOS-F4.1.1.0
2024-05-03 09:03:56,193 [WARN] PackLoader:240 - Cannot read IP mode file for STMicroelectronics.X-CUBE-FREERTOS.1.2.0
2024-05-03 09:03:56,217 [WARN] PackLoader:240 - Cannot read IP mode file for wolfSSL.I-CUBE-wolfSSL.5.6.6
2024-05-03 09:03:56,361 [WARN] PackLoader:240 - Cannot read IP mode file for STMicroelectronics.X-CUBE-AZRTOS-L5.2.0.0
2024-05-03 09:03:56,385 [WARN] PackLoader:240 - Cannot read IP mode file for STMicroelectronics.X-CUBE-EEPRMA1.4.2.0
2024-05-03 09:03:56,409 [WARN] PackLoader:240 - Cannot read IP mode file for STMicroelectronics.X-CUBE-NFC6.3.1.0
2024-05-03 09:03:56,554 [WARN] PackLoader:240 - Cannot read IP mode file for ITTIA_DB.I-CUBE-ITTIADB.8.8.0
2024-05-03 09:03:56,586 [WARN] PackLoader:240 - Cannot read IP mode file for STMicroelectronics.X-CUBE-AI.9.0.0
2024-05-03 09:03:56,610 [WARN] PackLoader:240 - Cannot read IP mode file for STMicroelectronics.X-CUBE-NFC7.1.0.1
2024-05-03 09:03:56,634 [WARN] PackLoader:240 - Cannot read IP mode file for STMicroelectronics.X-CUBE-NFC6.3.0.0
2024-05-03 09:03:56,666 [WARN] PackLoader:240 - Cannot read IP mode file for STMicroelectronics.X-CUBE-AI.8.1.0
2024-05-03 09:03:56,738 [WARN] ConditionMgr:438 - getConditionDescription Invalid condition id : LAN8742 Phy interface Condition cause : null
2024-05-03 09:03:56,754 [WARN] PackLoader:240 - Cannot read IP mode file for STMicroelectronics.X-CUBE-AZRTOS-L4.2.0.0
2024-05-03 09:03:56,754 [WARN] ConditionMgr:1039 - genDependencies : Invalid condition id : LAN8742 Phy interface Condition cause : null
2024-05-03 09:03:56,754 [WARN] ConditionMgr:1039 - genDependencies : Invalid condition id : LAN8742 Phy interface Condition cause : null
2024-05-03 09:03:56,754 [WARN] ConditionMgr:1039 - genDependencies : Invalid condition id : LAN8742 Phy interface Condition cause : null
2024-05-03 09:03:56,818 [WARN] PackLoader:240 - Cannot read IP mode file for STMicroelectronics.X-CUBE-SFXS2LP1.4.0.0
2024-05-03 09:03:56,906 [WARN] ConditionMgr:438 - getConditionDescription Invalid condition id : UX DEVICE CLASS RTOS Condition cause : null
2024-05-03 09:03:56,906 [WARN] ConditionMgr:438 - getConditionDescription Invalid condition id : UX DEVICE CLASS RTOS Condition cause : null
2024-05-03 09:03:56,914 [WARN] PackLoader:240 - Cannot read IP mode file for STMicroelectronics.X-CUBE-AZRTOS-WB.2.0.0
2024-05-03 09:03:56,914 [WARN] ConditionMgr:1039 - genDependencies : Invalid condition id : UX DEVICE CLASS RTOS Condition cause : null
2024-05-03 09:03:56,914 [WARN] ConditionMgr:1039 - genDependencies : Invalid condition id : UX DEVICE CLASS RTOS Condition cause : null
2024-05-03 09:03:56,914 [WARN] ConditionMgr:1039 - genDependencies : Invalid condition id : UX DEVICE CLASS RTOS Condition cause : null
2024-05-03 09:03:56,914 [WARN] ConditionMgr:1039 - genDependencies : Invalid condition id : UX DEVICE CLASS RTOS Condition cause : null
2024-05-03 09:03:56,914 [WARN] ConditionMgr:1039 - genDependencies : Invalid condition id : UX DEVICE CLASS RTOS Condition cause : null
2024-05-03 09:03:57,018 [WARN] PackLoader:240 - Cannot read IP mode file for STMicroelectronics.X-CUBE-SUBG2.5.0.0
2024-05-03 09:03:57,098 [WARN] PackLoader:240 - Cannot read IP mode file for STMicroelectronics.X-CUBE-AZRTOS-G4.2.0.0
2024-05-03 09:03:57,156 [WARN] PackLoader:240 - Cannot read IP mode file for Infineon.AIROC-Wi-Fi-Bluetooth-STM32.1.5.1
2024-05-03 09:03:57,187 [INFO] WebApp:161 - Instantiating new browser for Auth
2024-05-03 09:03:57,203 [WARN] PackLoader:240 - Cannot read IP mode file for STMicroelectronics.FP-SNS-MOTENVWB1.1.3.1
2024-05-03 09:03:57,323 [WARN] PackLoader:240 - Cannot read IP mode file for STMicroelectronics.X-CUBE-ISPU.2.0.0
2024-05-03 09:03:57,571 [WARN] PackLoader:240 - Cannot read IP mode file for STMicroelectronics.X-CUBE-MEMS1.10.0.0
2024-05-03 09:03:57,763 [WARN] PackLoader:240 - Cannot read IP mode file for STMicroelectronics.X-CUBE-FREERTOS.1.1.0
2024-05-03 09:03:57,787 [WARN] PackLoader:240 - Cannot read IP mode file for portGmbH.I-Cube-SoM-uGOAL.1.1.0
2024-05-03 09:03:57,803 [WARN] PackLoader:240 - Cannot read IP mode file for STMicroelectronics.X-CUBE-ALS.1.0.1
2024-05-03 09:03:57,851 [WARN] PackLoader:240 - Cannot read IP mode file for STMicroelectronics.X-CUBE-AZRTOS-H7RS.1.0.0
2024-05-03 09:03:57,875 [WARN] PackLoader:240 - Cannot read IP mode file for STMicroelectronics.FP-ATR-ASTRA1.2.0.0
2024-05-03 09:03:57,907 [WARN] PackLoader:240 - Cannot read IP mode file for STMicroelectronics.X-CUBE-TOF1.3.4.0
2024-05-03 09:03:57,955 [WARN] PackLoader:240 - Cannot read IP mode file for STMicroelectronics.X-CUBE-TOF1.3.4.1
2024-05-03 09:03:58,059 [WARN] PackLoader:240 - Cannot read IP mode file for STMicroelectronics.X-CUBE-AZRTOS-H7.3.2.0
2024-05-03 09:03:58,067 [INFO] ThirdParty:978 - Integrity check success = true
2024-05-03 09:03:58,067 [INFO] IntegrityCheckThread:100 - exiting critical section [integrity check]
2024-05-03 09:03:58,067 [INFO] IntegrityCheckThread:103 - End integrity checks thread
2024-05-03 09:03:58,492 [INFO] WebApp:780 - Register for checkConnection events
2024-05-03 09:03:58,492 [INFO] WebApp:414 - Apply proxy settings
2024-05-03 09:03:58,500 [INFO] WebApp:499 - Chromium requires no authentication
2024-05-03 09:03:58,509 [INFO] WebApp:442 - Direct internet connection detected
2024-05-03 09:03:58,764 [INFO] WebApp:192 - Starting web application
2024-05-03 09:03:58,764 [INFO] WebApp:544 - Web application path used C:\ST\STM32CubeIDE_1.14.0\STM32CubeIDE\plugins\com.st.stm32cube.common.mx_6.10.0.202311202037\db\plugins\mcufinder\reactClient1\index.html
2024-05-03 09:04:03,400 [ERROR] LogOutputStream:75 - [STDERR_REDIRECT] SLF4J: Failed to load class "org.slf4j.impl.StaticLoggerBinder".
2024-05-03 09:04:03,400 [ERROR] LogOutputStream:75 - [STDERR_REDIRECT] SLF4J: Defaulting to no-operation (NOP) logger implementation
2024-05-03 09:04:03,400 [ERROR] LogOutputStream:75 - [STDERR_REDIRECT] SLF4J: See http://www.slf4j.org/codes.html#StaticLoggerBinder for further details.
