2024-04-04 17:04:14,024 [INFO] Activator:176 - 


2024-04-04 17:04:14,027 [INFO] Activator:177 - !SESSION log4j initialized
2024-04-04 17:04:17,613 [INFO] LogOutputStream:77 - [STDOUT_REDIRECT] 
2024-04-04 17:04:20,398 [INFO] ApplicationProperties:184 - Using Application install path: C:\ST\STM32CubeIDE_1.14.0\STM32CubeIDE\plugins\com.st.stm32cube.common.mx_6.10.0.202311202037
2024-04-04 17:04:20,427 [INFO] DbMcusXml:78 - Set database path to: C:\ST\STM32CubeIDE_1.14.0\STM32CubeIDE\plugins\com.st.stm32cube.common.mx_6.10.0.202311202037\\db\/mcu/
2024-04-04 17:04:20,427 [INFO] ApiDb:274 - Set plugin database path to: C:\ST\STM32CubeIDE_1.14.0\STM32CubeIDE\plugins\com.st.stm32cube.common.mx_6.10.0.202311202037\\db\/plugins/boardmanager/
2024-04-04 17:04:20,428 [WARN] ApiDb:259 - Overriding images path with different value:  => C:\ST\STM32CubeIDE_1.14.0\STM32CubeIDE\plugins\com.st.stm32cube.common.mx_6.10.0.202311202037\\db\/plugins/mcufinder/images/
2024-04-04 17:04:20,437 [INFO] ApiDb:250 - Set database path to: C:\Users\thebu\.stmcufinder\plugins\mcufinder//mcu/
2024-04-04 17:04:20,440 [INFO] DbMcusAds:125 - Set database path to: C:\Users\thebu\.stmcufinder\plugins\mcufinder//mcu/
2024-04-04 17:04:20,444 [INFO] CrossReferenceDbSqlite:203 - Set database path to: C:\Users\thebu\.stmcufinder\plugins\mcufinder//mcu/cs/
2024-04-04 17:04:20,629 [INFO] RulesReader:64 - Compatibility file has been processed (297 Rules)
2024-04-04 17:04:20,750 [INFO] DbMcusXml:78 - Set database path to: C:\ST\STM32CubeIDE_1.14.0\STM32CubeIDE\plugins\com.st.stm32cube.common.mx_6.10.0.202311202037\\db\/mcu/
2024-04-04 17:04:20,750 [INFO] ApiDb:274 - Set plugin database path to: C:\ST\STM32CubeIDE_1.14.0\STM32CubeIDE\plugins\com.st.stm32cube.common.mx_6.10.0.202311202037\\db\/plugins/boardmanager/
2024-04-04 17:04:20,750 [INFO] ApiDb:261 - Set plugin images path to: C:\ST\STM32CubeIDE_1.14.0\STM32CubeIDE\plugins\com.st.stm32cube.common.mx_6.10.0.202311202037\\db\/plugins/mcufinder/images/
2024-04-04 17:04:20,751 [WARN] DbFile:41 - Overriding database path with different value: C:\Users\thebu\.stmcufinder\plugins\mcufinder/ => C:\Users\thebu\.stmcufinder\plugins\mcufinder
2024-04-04 17:04:20,751 [INFO] ApiDb:250 - Set database path to: C:\Users\thebu\.stmcufinder\plugins\mcufinder//mcu/
2024-04-04 17:04:20,752 [WARN] DbFile:41 - Overriding database path with different value: C:\Users\thebu\.stmcufinder\plugins\mcufinder/ => C:\Users\thebu\.stmcufinder\plugins\mcufinder
2024-04-04 17:04:20,752 [INFO] DbMcusAds:125 - Set database path to: C:\Users\thebu\.stmcufinder\plugins\mcufinder//mcu/
2024-04-04 17:04:20,752 [WARN] DbFile:41 - Overriding database path with different value: C:\Users\thebu\.stmcufinder\plugins\mcufinder/ => C:\Users\thebu\.stmcufinder\plugins\mcufinder
2024-04-04 17:04:20,752 [WARN] DbFile:41 - Overriding database path with different value: C:\Users\thebu\.stmcufinder\plugins\mcufinder/ => C:\Users\thebu\.stmcufinder\plugins\mcufinder
2024-04-04 17:04:20,752 [INFO] CrossReferenceDbSqlite:203 - Set database path to: C:\Users\thebu\.stmcufinder\plugins\mcufinder//mcu/cs/
2024-04-04 17:04:20,869 [INFO] MainPanel:264 - HeapMemory: 268435456
2024-04-04 17:04:21,009 [INFO] DbMcusXml:78 - Set database path to: C:\ST\STM32CubeIDE_1.14.0\STM32CubeIDE\plugins\com.st.stm32cube.common.mx_6.10.0.202311202037\\db\/mcu/
2024-04-04 17:04:21,009 [INFO] ApiDb:274 - Set plugin database path to: C:\ST\STM32CubeIDE_1.14.0\STM32CubeIDE\plugins\com.st.stm32cube.common.mx_6.10.0.202311202037\\db\/plugins/boardmanager/
2024-04-04 17:04:21,009 [INFO] ApiDb:261 - Set plugin images path to: C:\ST\STM32CubeIDE_1.14.0\STM32CubeIDE\plugins\com.st.stm32cube.common.mx_6.10.0.202311202037\\db\/plugins/mcufinder/images/
2024-04-04 17:04:21,010 [WARN] DbFile:41 - Overriding database path with different value: C:\Users\thebu\.stmcufinder\plugins\mcufinder/ => C:\Users\thebu\.stmcufinder\plugins\mcufinder
2024-04-04 17:04:21,010 [INFO] ApiDb:250 - Set database path to: C:\Users\thebu\.stmcufinder\plugins\mcufinder//mcu/
2024-04-04 17:04:21,010 [WARN] DbFile:41 - Overriding database path with different value: C:\Users\thebu\.stmcufinder\plugins\mcufinder/ => C:\Users\thebu\.stmcufinder\plugins\mcufinder
2024-04-04 17:04:21,010 [INFO] DbMcusAds:125 - Set database path to: C:\Users\thebu\.stmcufinder\plugins\mcufinder//mcu/
2024-04-04 17:04:21,010 [WARN] DbFile:41 - Overriding database path with different value: C:\Users\thebu\.stmcufinder\plugins\mcufinder/ => C:\Users\thebu\.stmcufinder\plugins\mcufinder
2024-04-04 17:04:21,010 [WARN] DbFile:41 - Overriding database path with different value: C:\Users\thebu\.stmcufinder\plugins\mcufinder/ => C:\Users\thebu\.stmcufinder\plugins\mcufinder
2024-04-04 17:04:21,010 [INFO] CrossReferenceDbSqlite:203 - Set database path to: C:\Users\thebu\.stmcufinder\plugins\mcufinder//mcu/cs/
2024-04-04 17:04:21,036 [INFO] ApplicationProperties:184 - Using Application install path: C:\ST\STM32CubeIDE_1.14.0\STM32CubeIDE\plugins\com.st.stm32cube.common.mx_6.10.0.202311202037
2024-04-04 17:04:21,039 [INFO] PluginManage:196 - Search for loadable plugins [exclusion list=, ]
2024-04-04 17:04:21,041 [INFO] PluginManage:310 - Check plugin analytics
2024-04-04 17:04:21,242 [INFO] AnalyticsPlugin:253 - Accepted Software Licenses: 
2024-04-04 17:04:21,242 [INFO] AnalyticsPlugin:255 - Accepted CMSIS Pack Licenses: 
2024-04-04 17:04:21,242 [INFO] AnalyticsPlugin:257 - Accepted Firmware Licenses: FW.L4.1.18.0
2024-04-04 17:04:21,246 [INFO] PluginManage:359 - Loaded plugin analytics (category:tool,tabindex:-1)
2024-04-04 17:04:21,246 [INFO] PluginManage:310 - Check plugin cadmodel
2024-04-04 17:04:21,250 [INFO] CADModel:105 - Init CAD model plugin
2024-04-04 17:04:21,251 [INFO] PluginManage:359 - Loaded plugin cadmodel (category:power,tabindex:5)
2024-04-04 17:04:21,251 [INFO] PluginManage:310 - Check plugin clock
2024-04-04 17:04:21,261 [INFO] PluginManage:359 - Loaded plugin clock (category:base,tabindex:2)
2024-04-04 17:04:21,261 [INFO] PluginManage:310 - Check plugin ddr
2024-04-04 17:04:21,265 [INFO] PluginManage:359 - Loaded plugin ddr (category:tool,tabindex:6)
2024-04-04 17:04:21,265 [INFO] PluginManage:310 - Check plugin filemanager
2024-04-04 17:04:21,488 [INFO] PluginManage:359 - Loaded plugin filemanager (category:base,tabindex:10)
2024-04-04 17:04:21,488 [INFO] PluginManage:310 - Check plugin ipmanager
2024-04-04 17:04:21,500 [INFO] PluginManage:359 - Loaded plugin ipmanager (category:base,tabindex:5)
2024-04-04 17:04:21,500 [INFO] PluginManage:310 - Check plugin lpbam
2024-04-04 17:04:21,514 [INFO] PluginManage:359 - Loaded plugin lpbam (category:base,tabindex:0)
2024-04-04 17:04:21,514 [INFO] PluginManage:310 - Check plugin memorymap
2024-04-04 17:04:21,533 [INFO] PluginManage:359 - Loaded plugin memorymap (category:base,tabindex:4)
2024-04-04 17:04:21,534 [INFO] PluginManage:310 - Check plugin pinoutandconfiguration
2024-04-04 17:04:21,542 [INFO] PluginManage:359 - Loaded plugin pinoutandconfiguration (category:base,tabindex:1)
2024-04-04 17:04:21,542 [INFO] PluginManage:310 - Check plugin pinoutconfig
2024-04-04 17:04:21,667 [WARN] SupportedApi:132 - Cannot load RTOS API schema: s4s-elt-must-match.1: The content of 'definitions' must match (annotation?, (simpleType | complexType)?, (unique | key | keyref)*)). A problem was found starting at: attribute.
2024-04-04 17:04:21,858 [INFO] PluginManage:359 - Loaded plugin pinoutconfig (category:base,tabindex:0)
2024-04-04 17:04:21,859 [INFO] PluginManage:310 - Check plugin power
2024-04-04 17:04:21,871 [INFO] PluginManage:359 - Loaded plugin power (category:power,tabindex:4)
2024-04-04 17:04:21,872 [INFO] PluginManage:310 - Check plugin projectmanager
2024-04-04 17:04:21,894 [INFO] PluginManage:359 - Loaded plugin projectmanager (category:projectmanager,tabindex:3)
2024-04-04 17:04:21,894 [INFO] PluginManage:310 - Check plugin thirdparty
2024-04-04 17:04:22,065 [INFO] PluginManage:359 - Loaded plugin thirdparty (category:base,tabindex:-1)
2024-04-04 17:04:22,065 [INFO] PluginManage:310 - Check plugin tools
2024-04-04 17:04:22,065 [WARN] IntegrityCheckThread:84 - waiting for thirdparty lock release [integrity check]
2024-04-04 17:04:22,066 [INFO] IntegrityCheckThread:86 - entering critical section [integrity check]
2024-04-04 17:04:22,066 [INFO] ThirdPartyUpdaterWithRetryManager:70 - Updater plugin not ready yet. [1/15]
2024-04-04 17:04:22,069 [INFO] PluginManage:359 - Loaded plugin tools (category:base,tabindex:7)
2024-04-04 17:04:22,069 [INFO] PluginManage:310 - Check plugin tutovideos
2024-04-04 17:04:22,306 [INFO] PluginManage:359 - Loaded plugin tutovideos (category:base,tabindex:-1)
2024-04-04 17:04:22,306 [INFO] PluginManage:310 - Check plugin updater
2024-04-04 17:04:22,320 [INFO] PluginManage:359 - Loaded plugin updater (category:base,tabindex:12)
2024-04-04 17:04:22,320 [INFO] PluginManage:310 - Check plugin userauth
2024-04-04 17:04:22,327 [INFO] UserAuth:114 - Init User Auth plugin
2024-04-04 17:04:22,327 [INFO] PluginManage:359 - Loaded plugin userauth (category:base,tabindex:14)
2024-04-04 17:04:22,328 [INFO] PluginManage:283 - PluginManage : Loaded plugins [17]
2024-04-04 17:04:22,623 [INFO] PinOutPanel:1499 - setPackage(No Configuration,No Configuration)
2024-04-04 17:04:22,724 [INFO] CADModel:165 - CPN selected for project level
2024-04-04 17:04:22,724 [INFO] CADModel:114 - Register for checkConnection events
2024-04-04 17:04:22,748 [INFO] IPUIPlugin:80 - create IPUIPlugin
2024-04-04 17:04:22,749 [INFO] PluginManager:220 - loadIPPluginJar : add adc
2024-04-04 17:04:22,751 [INFO] IPUIPlugin:80 - create IPUIPlugin
2024-04-04 17:04:22,751 [INFO] PluginManager:220 - loadIPPluginJar : add aes
2024-04-04 17:04:22,754 [INFO] IPUIPlugin:80 - create IPUIPlugin
2024-04-04 17:04:22,754 [INFO] PluginManager:220 - loadIPPluginJar : add can
2024-04-04 17:04:22,756 [INFO] IPUIPlugin:80 - create IPUIPlugin
2024-04-04 17:04:22,757 [INFO] PluginManager:220 - loadIPPluginJar : add comp
2024-04-04 17:04:22,759 [INFO] IPUIPlugin:80 - create IPUIPlugin
2024-04-04 17:04:22,760 [INFO] PluginManager:220 - loadIPPluginJar : add cryp
2024-04-04 17:04:22,763 [INFO] IPUIPlugin:80 - create IPUIPlugin
2024-04-04 17:04:22,763 [INFO] PluginManager:220 - loadIPPluginJar : add dfsdm
2024-04-04 17:04:22,770 [INFO] IPUIPlugin:80 - create IPUIPlugin
2024-04-04 17:04:22,770 [INFO] PluginManager:220 - loadIPPluginJar : add dma
2024-04-04 17:04:22,774 [INFO] IPUIPlugin:80 - create IPUIPlugin
2024-04-04 17:04:22,774 [INFO] PluginManager:220 - loadIPPluginJar : add dma3
2024-04-04 17:04:22,776 [INFO] IPUIPlugin:80 - create IPUIPlugin
2024-04-04 17:04:22,776 [INFO] PluginManager:220 - loadIPPluginJar : add fatfs
2024-04-04 17:04:22,781 [INFO] IPUIPlugin:80 - create IPUIPlugin
2024-04-04 17:04:22,781 [INFO] PluginManager:220 - loadIPPluginJar : add fmc
2024-04-04 17:04:22,787 [INFO] IPUIPlugin:80 - create IPUIPlugin
2024-04-04 17:04:22,787 [INFO] PluginManager:220 - loadIPPluginJar : add freertos
2024-04-04 17:04:22,789 [INFO] IPUIPlugin:80 - create IPUIPlugin
2024-04-04 17:04:22,789 [INFO] PluginManager:220 - loadIPPluginJar : add genericplugin
2024-04-04 17:04:22,793 [INFO] IPUIPlugin:80 - create IPUIPlugin
2024-04-04 17:04:22,793 [INFO] PluginManager:220 - loadIPPluginJar : add gfxmmu
2024-04-04 17:04:22,800 [INFO] IPUIPlugin:80 - create IPUIPlugin
2024-04-04 17:04:22,800 [INFO] PluginManager:220 - loadIPPluginJar : add gic
2024-04-04 17:04:22,805 [INFO] IPUIPlugin:80 - create IPUIPlugin
2024-04-04 17:04:22,805 [INFO] PluginManager:220 - loadIPPluginJar : add gpio
2024-04-04 17:04:22,808 [INFO] IPUIPlugin:80 - create IPUIPlugin
2024-04-04 17:04:22,809 [INFO] PluginManager:220 - loadIPPluginJar : add gtzc
2024-04-04 17:04:22,813 [INFO] IPUIPlugin:80 - create IPUIPlugin
2024-04-04 17:04:22,814 [INFO] PluginManager:220 - loadIPPluginJar : add hash
2024-04-04 17:04:22,817 [INFO] IPUIPlugin:80 - create IPUIPlugin
2024-04-04 17:04:22,817 [INFO] PluginManager:220 - loadIPPluginJar : add i2c
2024-04-04 17:04:22,820 [INFO] IPUIPlugin:80 - create IPUIPlugin
2024-04-04 17:04:22,820 [INFO] PluginManager:220 - loadIPPluginJar : add i2s
2024-04-04 17:04:22,822 [INFO] IPUIPlugin:80 - create IPUIPlugin
2024-04-04 17:04:22,822 [INFO] PluginManager:220 - loadIPPluginJar : add i3c
2024-04-04 17:04:22,826 [INFO] IPUIPlugin:80 - create IPUIPlugin
2024-04-04 17:04:22,826 [INFO] PluginManager:220 - loadIPPluginJar : add ipddr
2024-04-04 17:04:22,835 [INFO] IPUIPlugin:80 - create IPUIPlugin
2024-04-04 17:04:22,836 [INFO] PluginManager:220 - loadIPPluginJar : add linkedlist
2024-04-04 17:04:22,840 [INFO] IPUIPlugin:80 - create IPUIPlugin
2024-04-04 17:04:22,840 [INFO] PluginManager:220 - loadIPPluginJar : add lorawan
2024-04-04 17:04:22,841 [INFO] IPUIPlugin:80 - create IPUIPlugin
2024-04-04 17:04:22,841 [INFO] PluginManager:220 - loadIPPluginJar : add ltdc
2024-04-04 17:04:22,849 [INFO] IPUIPlugin:80 - create IPUIPlugin
2024-04-04 17:04:22,849 [INFO] PluginManager:220 - loadIPPluginJar : add mdma
2024-04-04 17:04:22,853 [INFO] IPUIPlugin:80 - create IPUIPlugin
2024-04-04 17:04:22,854 [INFO] PluginManager:220 - loadIPPluginJar : add nvic
2024-04-04 17:04:22,856 [INFO] IPUIPlugin:80 - create IPUIPlugin
2024-04-04 17:04:22,856 [INFO] PluginManager:220 - loadIPPluginJar : add opamp
2024-04-04 17:04:22,859 [INFO] IPUIPlugin:80 - create IPUIPlugin
2024-04-04 17:04:22,859 [INFO] PluginManager:220 - loadIPPluginJar : add openamp
2024-04-04 17:04:22,861 [INFO] IPUIPlugin:80 - create IPUIPlugin
2024-04-04 17:04:22,861 [INFO] PluginManager:220 - loadIPPluginJar : add pdm2pcm
2024-04-04 17:04:22,868 [INFO] IPUIPlugin:80 - create IPUIPlugin
2024-04-04 17:04:22,872 [INFO] PluginManager:220 - loadIPPluginJar : add plateformsettings
2024-04-04 17:04:22,874 [INFO] IPUIPlugin:80 - create IPUIPlugin
2024-04-04 17:04:22,874 [INFO] PluginManager:220 - loadIPPluginJar : add quadspi
2024-04-04 17:04:22,878 [INFO] IPUIPlugin:80 - create IPUIPlugin
2024-04-04 17:04:22,878 [INFO] PluginManager:220 - loadIPPluginJar : add resmgrutility
2024-04-04 17:04:22,882 [INFO] IPUIPlugin:80 - create IPUIPlugin
2024-04-04 17:04:22,882 [INFO] PluginManager:220 - loadIPPluginJar : add sai
2024-04-04 17:04:22,885 [INFO] IPUIPlugin:80 - create IPUIPlugin
2024-04-04 17:04:22,885 [INFO] PluginManager:220 - loadIPPluginJar : add spi
2024-04-04 17:04:22,890 [INFO] IPUIPlugin:80 - create IPUIPlugin
2024-04-04 17:04:22,890 [INFO] PluginManager:220 - loadIPPluginJar : add stm32_wpan
2024-04-04 17:04:22,892 [INFO] IPUIPlugin:80 - create IPUIPlugin
2024-04-04 17:04:22,892 [INFO] PluginManager:220 - loadIPPluginJar : add tim
2024-04-04 17:04:22,895 [INFO] IPUIPlugin:80 - create IPUIPlugin
2024-04-04 17:04:22,895 [INFO] PluginManager:220 - loadIPPluginJar : add touchsensing
2024-04-04 17:04:22,897 [INFO] IPUIPlugin:80 - create IPUIPlugin
2024-04-04 17:04:22,897 [INFO] PluginManager:220 - loadIPPluginJar : add tracer_emb
2024-04-04 17:04:22,899 [INFO] IPUIPlugin:80 - create IPUIPlugin
2024-04-04 17:04:22,899 [INFO] PluginManager:220 - loadIPPluginJar : add ts
2024-04-04 17:04:22,901 [INFO] IPUIPlugin:80 - create IPUIPlugin
2024-04-04 17:04:22,901 [INFO] PluginManager:220 - loadIPPluginJar : add tsc
2024-04-04 17:04:22,903 [INFO] IPUIPlugin:80 - create IPUIPlugin
2024-04-04 17:04:22,904 [INFO] PluginManager:220 - loadIPPluginJar : add ucpd
2024-04-04 17:04:22,906 [INFO] IPUIPlugin:80 - create IPUIPlugin
2024-04-04 17:04:22,906 [INFO] PluginManager:220 - loadIPPluginJar : add usart
2024-04-04 17:04:22,909 [INFO] IPUIPlugin:80 - create IPUIPlugin
2024-04-04 17:04:22,909 [INFO] PluginManager:220 - loadIPPluginJar : add usbx
2024-04-04 17:04:23,051 [INFO] CADModel:165 - CPN selected for project level
2024-04-04 17:04:23,051 [INFO] CADModel:114 - Register for checkConnection events
2024-04-04 17:04:23,052 [FATAL] Updater:308 - Updater called before beeing initialized
2024-04-04 17:04:23,052 [ERROR] CADModel:125 - Updater not yet initialized, retry later 
2024-04-04 17:04:23,220 [INFO] CADModel:165 - CPN selected for project level
2024-04-04 17:04:23,220 [INFO] CADModel:114 - Register for checkConnection events
2024-04-04 17:04:23,220 [FATAL] Updater:308 - Updater called before beeing initialized
2024-04-04 17:04:23,220 [ERROR] CADModel:125 - Updater not yet initialized, retry later 
2024-04-04 17:04:23,224 [FATAL] Updater:308 - Updater called before beeing initialized
2024-04-04 17:04:23,343 [FATAL] Updater:308 - Updater called before beeing initialized
2024-04-04 17:04:23,347 [INFO] DbMcusAds:53 - JSON generation date=Wed Nov 29 02:52:27 PST 2023 (1701255147349)
2024-04-04 17:04:23,347 [FATAL] Updater:308 - Updater called before beeing initialized
2024-04-04 17:04:23,389 [WARN] DetailPanel:346 - Failed to get advertising image, set to default
2024-04-04 17:04:23,518 [FATAL] Updater:308 - Updater called before beeing initialized
2024-04-04 17:04:23,520 [FATAL] Updater:308 - Updater called before beeing initialized
2024-04-04 17:04:23,520 [FATAL] Updater:308 - Updater called before beeing initialized
2024-04-04 17:04:23,520 [WARN] DetailPanel:346 - Failed to get advertising image, set to default
2024-04-04 17:04:23,520 [FATAL] Updater:308 - Updater called before beeing initialized
2024-04-04 17:04:23,569 [ERROR] Updater:1120 - MainUpdater not yet initialized. External WinMGr cannot be set.
2024-04-04 17:04:23,571 [INFO] Updater:1056 - Updater Version found : 6.10.0
2024-04-04 17:04:23,600 [INFO] ApplicationProperties:184 - Using Application install path: C:\ST\STM32CubeIDE_1.14.0\STM32CubeIDE\plugins\com.st.stm32cube.common.mx_6.10.0.202311202037
2024-04-04 17:04:25,069 [INFO] ThirdPartyUpdaterWithRetryManager:70 - Updater plugin not ready yet. [2/15]
2024-04-04 17:04:25,174 [ERROR] LogOutputStream:75 - [STDERR_REDIRECT] Apr 04, 2024 5:04:25 PM java.util.prefs.WindowsPreferences <init>
2024-04-04 17:04:25,175 [ERROR] LogOutputStream:75 - [STDERR_REDIRECT] WARNING: Could not open/create prefs root node Software\JavaSoft\Prefs at root 0xffffffff80000002. Windows RegCreateKeyEx(...) returned error code 5.
2024-04-04 17:04:25,175 [ERROR] LogOutputStream:75 - [STDERR_REDIRECT] 
2024-04-04 17:04:25,532 [INFO] MainUpdater:2873 - connection check result : 10
2024-04-04 17:04:25,533 [INFO] MainUpdater:290 - Updater Check For Update Now.
2024-04-04 17:04:25,533 [INFO] MicroXplorer:498 - Change Database Version : DB.6.0.100
2024-04-04 17:04:25,539 [INFO] McuFinderGlobals:63 - Set McuFinder mode to 2 (CubeIDE integrated)
2024-04-04 17:04:25,547 [INFO] UserAuth:404 - Internet connection configuration mode: 1
2024-04-04 17:04:25,574 [INFO] JxBrowserEngine:152 - Initiate JxBrowser Engine with user profile folder
2024-04-04 17:04:25,729 [INFO] CheckServerUpdateThread:120 - End of CheckServer Thread
2024-04-04 17:04:26,253 [INFO] WebApp:161 - Instantiating new browser for Auth
2024-04-04 17:04:27,016 [INFO] WebApp:780 - Register for checkConnection events
2024-04-04 17:04:27,016 [INFO] WebApp:414 - Apply proxy settings
2024-04-04 17:04:27,017 [INFO] WebApp:499 - Chromium requires no authentication
2024-04-04 17:04:27,028 [INFO] WebApp:442 - Direct internet connection detected
2024-04-04 17:04:27,247 [INFO] WebApp:192 - Starting web application
2024-04-04 17:04:27,247 [INFO] WebApp:544 - Web application path used C:\ST\STM32CubeIDE_1.14.0\STM32CubeIDE\plugins\com.st.stm32cube.common.mx_6.10.0.202311202037\db\plugins\mcufinder\reactClient1\index.html
2024-04-04 17:04:27,446 [INFO] McuFinderGlobals:63 - Set McuFinder mode to 2 (CubeIDE integrated)
2024-04-04 17:04:27,490 [INFO] MainUpdater:2873 - connection check result : 10
2024-04-04 17:04:27,527 [INFO] McuFinderGlobals:76 - Set McuFinderConnectedMode to true
2024-04-04 17:04:27,993 [INFO] ServerAccessManage:473 - Download File mcusAds.json._tmp_
2024-04-04 17:04:28,071 [WARN] MainUpdater:1194 - Updater busy. Cannot search thirdparties
2024-04-04 17:04:28,071 [INFO] ThirdPartyUpdaterWithRetryManager:96 - Updater plugin is busy. [1/15]
2024-04-04 17:04:28,113 [INFO] LoadUrlFilesThread:156 - End of LoadUrlFiles Thread
2024-04-04 17:04:28,378 [INFO] ServerAccessManage:473 - Download File cube-finder-db.zip
2024-04-04 17:04:31,072 [WARN] MainUpdater:1194 - Updater busy. Cannot search thirdparties
2024-04-04 17:04:31,072 [INFO] ThirdPartyUpdaterWithRetryManager:96 - Updater plugin is busy. [2/15]
2024-04-04 17:04:34,074 [WARN] MainUpdater:1194 - Updater busy. Cannot search thirdparties
2024-04-04 17:04:34,074 [INFO] ThirdPartyUpdaterWithRetryManager:96 - Updater plugin is busy. [3/15]
2024-04-04 17:04:37,076 [WARN] MainUpdater:1194 - Updater busy. Cannot search thirdparties
2024-04-04 17:04:37,076 [INFO] ThirdPartyUpdaterWithRetryManager:96 - Updater plugin is busy. [4/15]
2024-04-04 17:04:38,808 [INFO] FileExtend:240 - Unzip File : cube-finder-db.zip
2024-04-04 17:04:38,808 [INFO] FileExtend:255 - Standard Zip Deflate
2024-04-04 17:04:38,951 [ERROR] LogOutputStream:75 - [STDERR_REDIRECT] SLF4J: Failed to load class "org.slf4j.impl.StaticLoggerBinder".
2024-04-04 17:04:38,954 [ERROR] LogOutputStream:75 - [STDERR_REDIRECT] SLF4J: Defaulting to no-operation (NOP) logger implementation
2024-04-04 17:04:38,956 [ERROR] LogOutputStream:75 - [STDERR_REDIRECT] SLF4J: See http://www.slf4j.org/codes.html#StaticLoggerBinder for further details.
2024-04-04 17:04:40,078 [WARN] MainUpdater:1194 - Updater busy. Cannot search thirdparties
2024-04-04 17:04:40,078 [INFO] ThirdPartyUpdaterWithRetryManager:96 - Updater plugin is busy. [5/15]
2024-04-04 17:04:40,297 [INFO] LoadUrlFilesThread:156 - End of LoadUrlFiles Thread
2024-04-04 17:04:41,169 [INFO] ServerAccessManage:473 - Download File crdb.zip
2024-04-04 17:04:42,262 [INFO] FileExtend:240 - Unzip File : crdb.zip
2024-04-04 17:04:42,262 [INFO] FileExtend:255 - Standard Zip Deflate
2024-04-04 17:04:42,407 [INFO] LoadUrlFilesThread:156 - End of LoadUrlFiles Thread
2024-04-04 17:04:42,566 [INFO] ServerAccessManage:473 - Download File tutoVideoDB.zip
2024-04-04 17:04:42,595 [INFO] FileExtend:240 - Unzip File : tutoVideoDB.zip
2024-04-04 17:04:42,595 [INFO] FileExtend:255 - Standard Zip Deflate
2024-04-04 17:04:42,734 [INFO] LoadUrlFilesThread:156 - End of LoadUrlFiles Thread
2024-04-04 17:04:42,739 [WARN] DbFile:41 - Overriding database path with different value: C:\Users\thebu\.stmcufinder\plugins\mcufinder/ => C:\Users\thebu\.stmcufinder\plugins\mcufinder
2024-04-04 17:04:42,800 [INFO] ServerAccessManage:473 - Download File api_config.json
2024-04-04 17:04:42,915 [INFO] LoadUrlFilesThread:156 - End of LoadUrlFiles Thread
2024-04-04 17:04:42,917 [INFO] DbMcusAds:53 - JSON generation date=Wed Nov 29 02:52:27 PST 2023 (1701255147349)
2024-04-04 17:04:42,947 [INFO] LoadUrlFilesThread:185 - End of LoadServerUrlFiles without Thread
2024-04-04 17:04:42,948 [INFO] TargetSelectorAdapter:259 - Refresh data is successful
2024-04-04 17:04:43,113 [INFO] ApiDb:581 - Connected to CubeFinder SQLite database (C:\Users\thebu\.stmcufinder\plugins\mcufinder\mcu\cube-finder-db.db)
2024-04-04 17:04:43,209 [INFO] ApiDb:668 - CubeFinder database Data Model version=2.1
2024-04-04 17:04:43,210 [INFO] ApiDb:669 - CubeFinder database Configuration version=3.0.39
2024-04-04 17:04:43,211 [INFO] ApiDb:670 - CubeFinder database generation date=2024-03-25 (1711369621)
2024-04-04 17:04:43,211 [INFO] ApiDb:671 - CubeFinder database FW Pack versions=[FP-ATR-ASTRA1_V2.0.0, FP-SNS-FLIGHT1_V5.0.1, FP-SNS-FLIGHT1_V5.0.2, FP-SNS-MOTENV1_V4.3.1, FP-SNS-MOTENV1_V4.3.2, FP-SNS-MOTENVWB1_V1.3.1, FP-SNS-SMARTAG2_V1.2.0, STM32Cube_FW_C0_V1.1.0, STM32Cube_FW_F4_V1.28.0, STM32Cube_FW_F7_V1.17.0, STM32Cube_FW_G0_V1.6.2, STM32Cube_FW_G4_V1.5.2, STM32Cube_FW_H5_V0.5.1, STM32Cube_FW_H5_V1.1.1, STM32Cube_FW_H5_V1.2.0, STM32Cube_FW_H5_V1.2.0RC4, STM32Cube_FW_H7RS_V1.0.0, STM32Cube_FW_H7RS_V1.0.0RC4, STM32Cube_FW_H7_V1.11.0, STM32Cube_FW_L0_V1.12.2, STM32Cube_FW_L5_V1.5.1, STM32Cube_FW_U0_V1.0.0, STM32Cube_FW_U0_V1.0.0RC1, STM32Cube_FW_U5_V1.3.0RC4, STM32Cube_FW_U5_V1.5.0, STM32Cube_FW_U5_V1.5.0RC1, STM32Cube_FW_WBA_V1.0.0RC1, STM32Cube_FW_WBA_V1.2.0, STM32Cube_FW_WBA_V1.2.0RC2, STM32Cube_FW_WBA_V1.3.0, STM32Cube_FW_WBA_V1.3.0RC1, STM32Cube_FW_WB_V1.15.0RC1, STM32Cube_FW_WB_V1.16.0, STM32Cube_FW_WB_V1.16.0RC2, STM32Cube_FW_WB_V1.18.0, STM32Cube_FW_WB_V1.19.0, STM32Cube_FW_WL_V1.3.0, X-CUBE-ALGOBUILD_V1.3.0, X-CUBE-ALS_V1.0.1, X-CUBE-AZRTOS-F4_V1.1.0, X-CUBE-AZRTOS-F7_V1.1.0, X-CUBE-AZRTOS-G0_V1.1.0, X-CUBE-AZRTOS-G4_V2.0.0, X-CUBE-AZRTOS-H7_V3.2.0, X-CUBE-AZRTOS-L4_V1.0.0, X-CUBE-AZRTOS-L4_V2.0.0, X-CUBE-AZRTOS-L5_V1.1.0, X-CUBE-AZRTOS-WB_V2.0.0, X-CUBE-AZRTOS-WL_V2.0.0, X-CUBE-BLE1_V7.0.0, X-CUBE-BLE2_V3.3.0, X-CUBE-BLEMGR_V3.1.0, X-CUBE-EEPRMA1_V4.1.0, X-CUBE-EEPRMA1_V5.1.0, X-CUBE-FREERTOS_V1.1.0, X-CUBE-GNSS1_V6.0.0, X-CUBE-MEMS1_V10.0.0, X-CUBE-MEMS1_V9.1.0, X-CUBE-MEMS1_V9.4.0, X-CUBE-MEMS1_V9.6.0, X-CUBE-NFC4_V3.0.0, X-CUBE-NFC7_V1.0.1, X-CUBE-SFXS2LP1_V4.0.0, X-CUBE-SUBG2_V5.0.0, X-CUBE-TOF1_V3.4.0]
2024-04-04 17:04:43,304 [WARN] PackLoader:240 - Cannot read IP mode file for STMicroelectronics.X-CUBE-SMBUS.2.1.0
2024-04-04 17:04:43,316 [WARN] PackLoader:240 - Cannot read IP mode file for STMicroelectronics.X-CUBE-TOUCHGFX.4.23.0
2024-04-04 17:04:43,322 [WARN] PackLoader:240 - Cannot read IP mode file for STMicroelectronics.X-CUBE-TOUCHGFX.4.23.2
2024-04-04 17:04:43,390 [WARN] PackLoader:240 - Cannot read IP mode file for STMicroelectronics.X-CUBE-AZRTOS-F7.1.1.0
2024-04-04 17:04:43,418 [WARN] PackLoader:240 - Cannot read IP mode file for STMicroelectronics.FP-SNS-MOTENV1.4.3.2
2024-04-04 17:04:43,433 [WARN] PackLoader:240 - Cannot read IP mode file for STMicroelectronics.FP-SNS-FLIGHT1.5.0.2
2024-04-04 17:04:43,451 [WARN] PackLoader:240 - Cannot read IP mode file for STMicroelectronics.X-CUBE-DISPLAY.3.0.0
2024-04-04 17:04:43,480 [WARN] PackLoader:240 - Cannot read IP mode file for STMicroelectronics.X-CUBE-BLE1.7.0.0
2024-04-04 17:04:43,492 [WARN] PackLoader:240 - Cannot read IP mode file for emotas.I-CUBE-CANOPEN.1.3.0
2024-04-04 17:04:43,523 [WARN] PackLoader:240 - Cannot read IP mode file for STMicroelectronics.X-CUBE-BLEMGR.3.1.0
2024-04-04 17:04:43,543 [WARN] PackLoader:240 - Cannot read IP mode file for STMicroelectronics.FP-SNS-SMARTAG2.1.2.0
2024-04-04 17:04:43,575 [INFO] LogOutputStream:77 - [STDOUT_REDIRECT] 1 : Invalid condition id : UX_CORESTACK_Condition cause : null
2024-04-04 17:04:43,576 [INFO] LogOutputStream:77 - [STDOUT_REDIRECT] 1 : Invalid condition id : UX_CORESTACK_Condition cause : null
2024-04-04 17:04:43,579 [INFO] LogOutputStream:77 - [STDOUT_REDIRECT] 1 : Invalid condition id : UX_CORESTACK_Condition cause : null
2024-04-04 17:04:43,583 [INFO] LogOutputStream:77 - [STDOUT_REDIRECT] 1 : Invalid condition id : UX_CORESTACK_Condition cause : null
2024-04-04 17:04:43,585 [INFO] LogOutputStream:77 - [STDOUT_REDIRECT] 1 : Invalid condition id : UX_CORESTACK_Condition cause : null
2024-04-04 17:04:43,600 [WARN] PackLoader:240 - Cannot read IP mode file for STMicroelectronics.X-CUBE-AZRTOS-WL.2.0.0
2024-04-04 17:04:43,616 [WARN] PackLoader:240 - Cannot read IP mode file for STMicroelectronics.FP-SNS-MOTENV1.5.0.0
2024-04-04 17:04:43,644 [WARN] PackLoader:240 - Cannot read IP mode file for WES.I-CUBE-Cesium.1.3.0
2024-04-04 17:04:43,656 [WARN] PackLoader:240 - Cannot read IP mode file for STMicroelectronics.X-CUBE-BLE2.3.3.0
2024-04-04 17:04:43,677 [WARN] PackLoader:240 - Cannot read IP mode file for STMicroelectronics.X-CUBE-ALGOBUILD.1.3.0
2024-04-04 17:04:43,736 [WARN] PackLoader:240 - Cannot read IP mode file for STMicroelectronics.X-CUBE-AZRTOS-G0.1.1.0
2024-04-04 17:04:43,769 [WARN] PackLoader:240 - Cannot read IP mode file for STMicroelectronics.X-CUBE-SAFEA1.1.2.2
2024-04-04 17:04:43,788 [WARN] PackLoader:240 - Cannot read IP mode file for STMicroelectronics.X-CUBE-NFC4.3.0.0
2024-04-04 17:04:43,829 [WARN] PackLoader:240 - Cannot read IP mode file for STMicroelectronics.X-CUBE-BLEMGR.3.0.0
2024-04-04 17:04:43,853 [WARN] PackLoader:240 - Cannot read IP mode file for STMicroelectronics.FP-ATR-SIGFOX1.3.2.0
2024-04-04 17:04:43,877 [WARN] PackLoader:240 - Cannot read IP mode file for STMicroelectronics.X-CUBE-EEPRMA1.5.1.0
2024-04-04 17:04:44,028 [WARN] PackLoader:240 - Cannot read IP mode file for SEGGER.I-CUBE-embOS.1.3.1
2024-04-04 17:04:44,215 [WARN] PackLoader:240 - Cannot read IP mode file for STMicroelectronics.X-CUBE-GNSS1.6.0.0
2024-04-04 17:04:44,266 [WARN] PackLoader:240 - Cannot read IP mode file for STMicroelectronics.X-CUBE-AZRTOS-F4.1.1.0
2024-04-04 17:04:44,292 [WARN] PackLoader:240 - Cannot read IP mode file for wolfSSL.I-CUBE-wolfSSL.5.6.6
2024-04-04 17:04:44,354 [WARN] PackLoader:240 - Cannot read IP mode file for STMicroelectronics.X-CUBE-AZRTOS-L5.2.0.0
2024-04-04 17:04:44,378 [WARN] PackLoader:240 - Cannot read IP mode file for STMicroelectronics.X-CUBE-EEPRMA1.4.2.0
2024-04-04 17:04:44,407 [WARN] PackLoader:240 - Cannot read IP mode file for STMicroelectronics.X-CUBE-NFC6.3.1.0
2024-04-04 17:04:44,429 [WARN] PackLoader:240 - Cannot read IP mode file for ITTIA_DB.I-CUBE-ITTIADB.8.8.0
2024-04-04 17:04:44,444 [WARN] PackLoader:240 - Cannot read IP mode file for STMicroelectronics.X-CUBE-NFC7.1.0.1
2024-04-04 17:04:44,475 [WARN] PackLoader:240 - Cannot read IP mode file for STMicroelectronics.X-CUBE-NFC6.3.0.0
2024-04-04 17:04:44,496 [WARN] PackLoader:240 - Cannot read IP mode file for STMicroelectronics.X-CUBE-AI.8.1.0
2024-04-04 17:04:44,553 [WARN] ConditionMgr:438 - getConditionDescription Invalid condition id : LAN8742 Phy interface Condition cause : null
2024-04-04 17:04:44,555 [WARN] PackLoader:240 - Cannot read IP mode file for STMicroelectronics.X-CUBE-AZRTOS-L4.2.0.0
2024-04-04 17:04:44,562 [WARN] ConditionMgr:1039 - genDependencies : Invalid condition id : LAN8742 Phy interface Condition cause : null
2024-04-04 17:04:44,563 [WARN] ConditionMgr:1039 - genDependencies : Invalid condition id : LAN8742 Phy interface Condition cause : null
2024-04-04 17:04:44,566 [WARN] ConditionMgr:1039 - genDependencies : Invalid condition id : LAN8742 Phy interface Condition cause : null
2024-04-04 17:04:44,589 [WARN] PackLoader:240 - Cannot read IP mode file for STMicroelectronics.X-CUBE-SFXS2LP1.4.0.0
2024-04-04 17:04:44,635 [WARN] ConditionMgr:438 - getConditionDescription Invalid condition id : UX DEVICE CLASS RTOS Condition cause : null
2024-04-04 17:04:44,636 [WARN] ConditionMgr:438 - getConditionDescription Invalid condition id : UX DEVICE CLASS RTOS Condition cause : null
2024-04-04 17:04:44,642 [WARN] PackLoader:240 - Cannot read IP mode file for STMicroelectronics.X-CUBE-AZRTOS-WB.2.0.0
2024-04-04 17:04:44,643 [WARN] ConditionMgr:1039 - genDependencies : Invalid condition id : UX DEVICE CLASS RTOS Condition cause : null
2024-04-04 17:04:44,644 [WARN] ConditionMgr:1039 - genDependencies : Invalid condition id : UX DEVICE CLASS RTOS Condition cause : null
2024-04-04 17:04:44,645 [WARN] ConditionMgr:1039 - genDependencies : Invalid condition id : UX DEVICE CLASS RTOS Condition cause : null
2024-04-04 17:04:44,646 [WARN] ConditionMgr:1039 - genDependencies : Invalid condition id : UX DEVICE CLASS RTOS Condition cause : null
2024-04-04 17:04:44,646 [WARN] ConditionMgr:1039 - genDependencies : Invalid condition id : UX DEVICE CLASS RTOS Condition cause : null
2024-04-04 17:04:44,680 [WARN] PackLoader:240 - Cannot read IP mode file for STMicroelectronics.X-CUBE-SUBG2.5.0.0
2024-04-04 17:04:44,744 [WARN] PackLoader:240 - Cannot read IP mode file for STMicroelectronics.X-CUBE-AZRTOS-G4.2.0.0
2024-04-04 17:04:44,791 [WARN] PackLoader:240 - Cannot read IP mode file for Infineon.AIROC-Wi-Fi-Bluetooth-STM32.1.5.1
2024-04-04 17:04:44,816 [WARN] PackLoader:240 - Cannot read IP mode file for STMicroelectronics.FP-SNS-MOTENVWB1.1.3.1
2024-04-04 17:04:44,827 [WARN] PackLoader:240 - Cannot read IP mode file for STMicroelectronics.X-CUBE-ISPU.2.0.0
2024-04-04 17:04:44,939 [WARN] PackLoader:240 - Cannot read IP mode file for STMicroelectronics.X-CUBE-MEMS1.10.0.0
2024-04-04 17:04:45,175 [WARN] PackLoader:240 - Cannot read IP mode file for STMicroelectronics.X-CUBE-FREERTOS.1.1.0
2024-04-04 17:04:45,183 [WARN] PackLoader:240 - Cannot read IP mode file for portGmbH.I-Cube-SoM-uGOAL.1.1.0
2024-04-04 17:04:45,189 [WARN] PackLoader:240 - Cannot read IP mode file for STMicroelectronics.X-CUBE-ALS.1.0.1
2024-04-04 17:04:45,197 [WARN] PackLoader:240 - Cannot read IP mode file for STMicroelectronics.FP-ATR-ASTRA1.2.0.0
2024-04-04 17:04:45,217 [WARN] PackLoader:240 - Cannot read IP mode file for STMicroelectronics.X-CUBE-TOF1.3.4.0
2024-04-04 17:04:45,249 [WARN] PackLoader:240 - Cannot read IP mode file for STMicroelectronics.X-CUBE-TOF1.3.4.1
2024-04-04 17:04:45,297 [WARN] PackLoader:240 - Cannot read IP mode file for STMicroelectronics.X-CUBE-AZRTOS-H7.3.2.0
2024-04-04 17:04:45,303 [INFO] ThirdParty:978 - Integrity check success = true
2024-04-04 17:04:45,303 [INFO] IntegrityCheckThread:100 - exiting critical section [integrity check]
2024-04-04 17:04:45,303 [INFO] IntegrityCheckThread:103 - End integrity checks thread
2024-04-04 17:04:47,961 [INFO] ApiDb:240 - Found 371 in-development CPN: [B-G473E-ZEST1S, B-WB1M-WPAN1, B-WL5M-SUBG1, NUCLEO-C031C6, NUCLEO-H503RB, NUCLEO-H563ZI, NUCLEO-U545RE-Q, NUCLEO-U5A5ZJ-Q, NUCLEO-WBA52CG, NUCLEO-WBA55CG, STEVAL-MKBOXPRO, STEVAL-PROTEUS1, STEVAL-STWINBX1, STM320518-EVAL, STM32C0116-DK, STM32C011D6Y3TR, STM32C011D6Y6TR, STM32C011F4P3, STM32C011F4P6, STM32C011F4U3, STM32C011F4U6TR, STM32C011F6P3, STM32C011F6P6, STM32C011F6U3, STM32C011F6U6TR, STM32C011J4M3, STM32C011J4M6, STM32C011J6M3, STM32C011J6M6, STM32C0316-DK, STM32C031C4T3, STM32C031C4T6, STM32C031C4U3, STM32C031C4U6, STM32C031C6T3, STM32C031C6T6, STM32C031C6U3, STM32C031C6U6, STM32C031F4P3, STM32C031F4P6, STM32C031F6P3, STM32C031F6P6, STM32C031G4U3, STM32C031G4U6, STM32C031G6U3, STM32C031G6U6, STM32C031K4T3, STM32C031K4T6, STM32C031K4U3, STM32C031K4U6, STM32C031K6T3, STM32C031K6T6, STM32C031K6U3, STM32C031K6U6, STM32G071K8TXN, STM32G071K8UXN, STM32G081GBU6N, STM32G081KBT6N, STM32G081KBUXN, STM32G0B1CCT6N, STM32G0B1KCT6, STM32G0B1NEY6TR, STM32G0B1RCT6N, STM32G0C1CCT6, STM32G0C1CCT6N, STM32G0C1CCU6N, STM32G0C1CET6N, STM32G0C1CEU6N, STM32G0C1KCT6, STM32G0C1NEY6TR, STM32G0C1RCI6N, STM32G0C1RCT6N, STM32G0C1REI6N, STM32G0C1RET6N, STM32G0C1VCI6, STM32G0C1VEI6, STM32G471CCT6, STM32G471CCU6, STM32G471CET3, STM32G471CET6, STM32G471CEU3, STM32G471CEU6, STM32G471MCT6, STM32G471MET3, STM32G471MET6, STM32G471MEY6TR, STM32G471QCT6, STM32G471QET3, STM32G471RCT6, STM32G471RET3, STM32G471RET6, STM32G471VCH6, STM32G471VCI6, STM32G471VCT6, STM32G471VEH3, STM32G471VEH6, STM32G471VEI3, STM32G471VEI6, STM32G471VET3, STM32G471VET6, STM32G474CCT6, STM32H503CBT6, STM32H503CBU6, STM32H503EBY6TR, STM32H503KBU6, STM32H503RBT6, STM32H562AGI6, STM32H562AII6, STM32H562IGK6, STM32H562IGT6, STM32H562IIK6, STM32H562IIT6, STM32H562RGT6, STM32H562RGV6, STM32H562RIT6, STM32H562RIV6, STM32H562VGT6, STM32H562VIT6, STM32H562ZGT6, STM32H562ZIT6, STM32H563AGI6, STM32H563AII3Q, STM32H563AII6, STM32H563IGK6, STM32H563IGT6, STM32H563IIK3Q, STM32H563IIK6, STM32H563IIT3Q, STM32H563IIT6, STM32H563MIY3QTR, STM32H563RGT6, STM32H563RGV6, STM32H563RIT6, STM32H563RIV6, STM32H563VGT6, STM32H563VIT3Q, STM32H563VIT6, STM32H563ZGT6, STM32H563ZIT3Q, STM32H563ZIT6, STM32H573AII3Q, STM32H573AII6, STM32H573I-DK, STM32H573IIK3Q, STM32H573IIK6, STM32H573IIT3Q, STM32H573IIT6, STM32H573MIY3QTR, STM32H573RIT6, STM32H573RIV6, STM32H573VIT3Q, STM32H573VIT6, STM32H573ZIT3Q, STM32H573ZIT6, STM32L4R5QGI6STR, STM32MP131AAE3, STM32MP131AAF3, STM32MP131AAG3, STM32MP131CAE3, STM32MP131CAF3, STM32MP131CAG3, STM32MP131DAE7, STM32MP131DAF7, STM32MP131DAG7, STM32MP131FAE7, STM32MP131FAF7, STM32MP131FAG7, STM32MP133AAE3, STM32MP133AAF3, STM32MP133AAG3, STM32MP133CAE3, STM32MP133CAF3, STM32MP133CAG3, STM32MP133DAE7, STM32MP133DAF7, STM32MP133DAG7, STM32MP133FAE7, STM32MP133FAF7, STM32MP133FAG7, STM32MP135AAE3, STM32MP135AAF3, STM32MP135AAG3, STM32MP135CAE3, STM32MP135CAF3, STM32MP135CAG3, STM32MP135DAE7, STM32MP135DAF7, STM32MP135DAG7, STM32MP135F-DK, STM32MP135FAE7, STM32MP135FAF7, STM32MP135FAF7T, STM32MP135FAF7U, STM32MP135FAG7, STM32U535CBT6, STM32U535CBT6Q, STM32U535CBU6, STM32U535CBU6Q, STM32U535CCT6, STM32U535CCT6Q, STM32U535CCU6, STM32U535CCU6Q, STM32U535CET6, STM32U535CET6Q, STM32U535CEU6, STM32U535CEU6Q, STM32U535JEY6QTR, STM32U535NCY6QTR, STM32U535NEY6QTR, STM32U535RBI6, STM32U535RBI6Q, STM32U535RBT6, STM32U535RBT6Q, STM32U535RCI6, STM32U535RCI6Q, STM32U535RCT6, STM32U535RCT6Q, STM32U535REI6, STM32U535REI6Q, STM32U535RET6, STM32U535RET6Q, STM32U535VCI6, STM32U535VCI6Q, STM32U535VCT6, STM32U535VCT6Q, STM32U535VEI6, STM32U535VEI6Q, STM32U535VET6, STM32U535VET6Q, STM32U545CET6, STM32U545CET6Q, STM32U545CEU6, STM32U545CEU6Q, STM32U545JEY6QTR, STM32U545NEY6QTR, STM32U545REI6, STM32U545REI6Q, STM32U545RET6, STM32U545RET6Q, STM32U545VEI6, STM32U545VEI6Q, STM32U545VET6, STM32U545VET6Q, STM32U595AIH6, STM32U595AIH6Q, STM32U595AJH6, STM32U595AJH6Q, STM32U595QII6, STM32U595QII6Q, STM32U595QJI6, STM32U595QJI6Q, STM32U595RIT6, STM32U595RIT6Q, STM32U595RJT6, STM32U595RJT6Q, STM32U595VIT6, STM32U595VIT6Q, STM32U595VJT6, STM32U595VJT6Q, STM32U595ZIT6, STM32U595ZIT6Q, STM32U595ZIY6QTR, STM32U595ZJT6, STM32U595ZJT6Q, STM32U595ZJY6QTR, STM32U599BJY6QTR, STM32U599NIH6Q, STM32U599NJH6Q, STM32U599VIT6Q, STM32U599VJT6, STM32U599VJT6Q, STM32U599ZIT6Q, STM32U599ZIY6QTR, STM32U599ZJT6Q, STM32U599ZJY6QTR, STM32U5A5AJH6, STM32U5A5AJH6Q, STM32U5A5QJI6, STM32U5A5QJI6Q, STM32U5A5RJT6, STM32U5A5RJT6Q, STM32U5A5VJT6, STM32U5A5VJT6Q, STM32U5A5ZJT6, STM32U5A5ZJT6Q, STM32U5A5ZJY6QTR, STM32U5A9BJY6QTR, STM32U5A9J-DK, STM32U5A9NJH6Q, STM32U5A9VJT6Q, STM32U5A9ZJT6Q, STM32U5A9ZJY6QTR, STM32U5F7VIT6, STM32U5F7VIT6Q, STM32U5F7VJT6, STM32U5F7VJT6Q, STM32U5F9BJY6QTR, STM32U5F9NJH6Q, STM32U5F9VIT6Q, STM32U5F9VJT6Q, STM32U5F9ZIJ6QTR, STM32U5F9ZIT6Q, STM32U5F9ZJJ6QTR, STM32U5F9ZJT6Q, STM32U5G7VJT6, STM32U5G7VJT6Q, STM32U5G9BJY6QTR, STM32U5G9J-DK1, STM32U5G9J-DK2, STM32U5G9NJH6Q, STM32U5G9VJT6Q, STM32U5G9ZJJ6QTR, STM32U5G9ZJT6Q, STM32WB1MMCH6, STM32WBA50KEU6, STM32WBA50KEU6TR, STM32WBA50KGU6, STM32WBA50KGU6TR, STM32WBA52CEU6, STM32WBA52CEU6TR, STM32WBA52CEU7, STM32WBA52CEU7TR, STM32WBA52CGU6, STM32WBA52CGU6TR, STM32WBA52CGU6U, STM32WBA52CGU7, STM32WBA52CGU7TR, STM32WBA52KEU6, STM32WBA52KEU6TR, STM32WBA52KGU6, STM32WBA52KGU6TR, STM32WBA54CEU6, STM32WBA54CEU6TR, STM32WBA54CEU7, STM32WBA54CEU7TR, STM32WBA54CGU6, STM32WBA54CGU6TR, STM32WBA54CGU7, STM32WBA54CGU7TR, STM32WBA54KEU6, STM32WBA54KEU6TR, STM32WBA54KEU7, STM32WBA54KEU7TR, STM32WBA54KGU6, STM32WBA54KGU6TR, STM32WBA54KGU7, STM32WBA54KGU7TR, STM32WBA55CEU6, STM32WBA55CEU6TR, STM32WBA55CEU7, STM32WBA55CEU7TR, STM32WBA55CGU6, STM32WBA55CGU6TR, STM32WBA55CGU6U, STM32WBA55CGU7, STM32WBA55CGU7TR, STM32WBA55G-DK1, STM32WBA55HEF6, STM32WBA55HEF7, STM32WBA55HGF6, STM32WBA55HGF7, STM32WBA55UEI6, STM32WBA55UEI6TR, STM32WBA55UEI7, STM32WBA55UEI7TR, STM32WBA55UGI6, STM32WBA55UGI6TR, STM32WBA55UGI7, STM32WBA55UGI7TR, STM32WL5MOCH6, STM32WL5MOCH6TR]
2024-04-04 17:04:47,973 [INFO] DbMcus:218 - Found 4069 MCUs, 4069 are supported
2024-04-04 17:04:47,975 [INFO] ApiDb:423 - Load user favorites file C:\Users\thebu/.stm32cubeide/favorites.mcus.txt: 0 item(s)
2024-04-04 17:04:47,975 [INFO] ApiDb:427 - User favorites MCUs=[]
2024-04-04 17:04:47,975 [INFO] DbMcus:224 - Set 0 / 0 favorites MCUs
2024-04-04 17:04:48,658 [INFO] ApiDb:668 - CubeFinder database Data Model version=2.1
2024-04-04 17:04:48,659 [INFO] ApiDb:669 - CubeFinder database Configuration version=3.0.39
2024-04-04 17:04:48,659 [INFO] ApiDb:670 - CubeFinder database generation date=2024-03-25 (1711369621)
2024-04-04 17:04:48,659 [INFO] ApiDb:671 - CubeFinder database FW Pack versions=[FP-ATR-ASTRA1_V2.0.0, FP-SNS-FLIGHT1_V5.0.1, FP-SNS-FLIGHT1_V5.0.2, FP-SNS-MOTENV1_V4.3.1, FP-SNS-MOTENV1_V4.3.2, FP-SNS-MOTENVWB1_V1.3.1, FP-SNS-SMARTAG2_V1.2.0, STM32Cube_FW_C0_V1.1.0, STM32Cube_FW_F4_V1.28.0, STM32Cube_FW_F7_V1.17.0, STM32Cube_FW_G0_V1.6.2, STM32Cube_FW_G4_V1.5.2, STM32Cube_FW_H5_V0.5.1, STM32Cube_FW_H5_V1.1.1, STM32Cube_FW_H5_V1.2.0, STM32Cube_FW_H5_V1.2.0RC4, STM32Cube_FW_H7RS_V1.0.0, STM32Cube_FW_H7RS_V1.0.0RC4, STM32Cube_FW_H7_V1.11.0, STM32Cube_FW_L0_V1.12.2, STM32Cube_FW_L5_V1.5.1, STM32Cube_FW_U0_V1.0.0, STM32Cube_FW_U0_V1.0.0RC1, STM32Cube_FW_U5_V1.3.0RC4, STM32Cube_FW_U5_V1.5.0, STM32Cube_FW_U5_V1.5.0RC1, STM32Cube_FW_WBA_V1.0.0RC1, STM32Cube_FW_WBA_V1.2.0, STM32Cube_FW_WBA_V1.2.0RC2, STM32Cube_FW_WBA_V1.3.0, STM32Cube_FW_WBA_V1.3.0RC1, STM32Cube_FW_WB_V1.15.0RC1, STM32Cube_FW_WB_V1.16.0, STM32Cube_FW_WB_V1.16.0RC2, STM32Cube_FW_WB_V1.18.0, STM32Cube_FW_WB_V1.19.0, STM32Cube_FW_WL_V1.3.0, X-CUBE-ALGOBUILD_V1.3.0, X-CUBE-ALS_V1.0.1, X-CUBE-AZRTOS-F4_V1.1.0, X-CUBE-AZRTOS-F7_V1.1.0, X-CUBE-AZRTOS-G0_V1.1.0, X-CUBE-AZRTOS-G4_V2.0.0, X-CUBE-AZRTOS-H7_V3.2.0, X-CUBE-AZRTOS-L4_V1.0.0, X-CUBE-AZRTOS-L4_V2.0.0, X-CUBE-AZRTOS-L5_V1.1.0, X-CUBE-AZRTOS-WB_V2.0.0, X-CUBE-AZRTOS-WL_V2.0.0, X-CUBE-BLE1_V7.0.0, X-CUBE-BLE2_V3.3.0, X-CUBE-BLEMGR_V3.1.0, X-CUBE-EEPRMA1_V4.1.0, X-CUBE-EEPRMA1_V5.1.0, X-CUBE-FREERTOS_V1.1.0, X-CUBE-GNSS1_V6.0.0, X-CUBE-MEMS1_V10.0.0, X-CUBE-MEMS1_V9.1.0, X-CUBE-MEMS1_V9.4.0, X-CUBE-MEMS1_V9.6.0, X-CUBE-NFC4_V3.0.0, X-CUBE-NFC7_V1.0.1, X-CUBE-SFXS2LP1_V4.0.0, X-CUBE-SUBG2_V5.0.0, X-CUBE-TOF1_V3.4.0]
2024-04-04 17:04:48,773 [INFO] DbBoardsSqlite:226 - include board P-NUCLEO-WB55-NUCLEO as a kit item of type 'Nucleo-64'
2024-04-04 17:04:48,774 [INFO] DbBoardsSqlite:226 - include board P-NUCLEO-WB55-USBDONGLE as a kit item of type 'Nucleo USB Dongle'
2024-04-04 17:04:48,774 [INFO] DbBoardsSqlite:226 - include board STEVAL-IDP005V1 as a kit item of type 'Evaluation Board'
2024-04-04 17:04:48,775 [INFO] DbBoardsSqlite:226 - include board STEVAL-IDP005V2 as a kit item of type 'Evaluation Board'
2024-04-04 17:04:48,874 [INFO] ApiDb:240 - Found 371 in-development CPN: [B-G473E-ZEST1S, B-WB1M-WPAN1, B-WL5M-SUBG1, NUCLEO-C031C6, NUCLEO-H503RB, NUCLEO-H563ZI, NUCLEO-U545RE-Q, NUCLEO-U5A5ZJ-Q, NUCLEO-WBA52CG, NUCLEO-WBA55CG, STEVAL-MKBOXPRO, STEVAL-PROTEUS1, STEVAL-STWINBX1, STM320518-EVAL, STM32C0116-DK, STM32C011D6Y3TR, STM32C011D6Y6TR, STM32C011F4P3, STM32C011F4P6, STM32C011F4U3, STM32C011F4U6TR, STM32C011F6P3, STM32C011F6P6, STM32C011F6U3, STM32C011F6U6TR, STM32C011J4M3, STM32C011J4M6, STM32C011J6M3, STM32C011J6M6, STM32C0316-DK, STM32C031C4T3, STM32C031C4T6, STM32C031C4U3, STM32C031C4U6, STM32C031C6T3, STM32C031C6T6, STM32C031C6U3, STM32C031C6U6, STM32C031F4P3, STM32C031F4P6, STM32C031F6P3, STM32C031F6P6, STM32C031G4U3, STM32C031G4U6, STM32C031G6U3, STM32C031G6U6, STM32C031K4T3, STM32C031K4T6, STM32C031K4U3, STM32C031K4U6, STM32C031K6T3, STM32C031K6T6, STM32C031K6U3, STM32C031K6U6, STM32G071K8TXN, STM32G071K8UXN, STM32G081GBU6N, STM32G081KBT6N, STM32G081KBUXN, STM32G0B1CCT6N, STM32G0B1KCT6, STM32G0B1NEY6TR, STM32G0B1RCT6N, STM32G0C1CCT6, STM32G0C1CCT6N, STM32G0C1CCU6N, STM32G0C1CET6N, STM32G0C1CEU6N, STM32G0C1KCT6, STM32G0C1NEY6TR, STM32G0C1RCI6N, STM32G0C1RCT6N, STM32G0C1REI6N, STM32G0C1RET6N, STM32G0C1VCI6, STM32G0C1VEI6, STM32G471CCT6, STM32G471CCU6, STM32G471CET3, STM32G471CET6, STM32G471CEU3, STM32G471CEU6, STM32G471MCT6, STM32G471MET3, STM32G471MET6, STM32G471MEY6TR, STM32G471QCT6, STM32G471QET3, STM32G471RCT6, STM32G471RET3, STM32G471RET6, STM32G471VCH6, STM32G471VCI6, STM32G471VCT6, STM32G471VEH3, STM32G471VEH6, STM32G471VEI3, STM32G471VEI6, STM32G471VET3, STM32G471VET6, STM32G474CCT6, STM32H503CBT6, STM32H503CBU6, STM32H503EBY6TR, STM32H503KBU6, STM32H503RBT6, STM32H562AGI6, STM32H562AII6, STM32H562IGK6, STM32H562IGT6, STM32H562IIK6, STM32H562IIT6, STM32H562RGT6, STM32H562RGV6, STM32H562RIT6, STM32H562RIV6, STM32H562VGT6, STM32H562VIT6, STM32H562ZGT6, STM32H562ZIT6, STM32H563AGI6, STM32H563AII3Q, STM32H563AII6, STM32H563IGK6, STM32H563IGT6, STM32H563IIK3Q, STM32H563IIK6, STM32H563IIT3Q, STM32H563IIT6, STM32H563MIY3QTR, STM32H563RGT6, STM32H563RGV6, STM32H563RIT6, STM32H563RIV6, STM32H563VGT6, STM32H563VIT3Q, STM32H563VIT6, STM32H563ZGT6, STM32H563ZIT3Q, STM32H563ZIT6, STM32H573AII3Q, STM32H573AII6, STM32H573I-DK, STM32H573IIK3Q, STM32H573IIK6, STM32H573IIT3Q, STM32H573IIT6, STM32H573MIY3QTR, STM32H573RIT6, STM32H573RIV6, STM32H573VIT3Q, STM32H573VIT6, STM32H573ZIT3Q, STM32H573ZIT6, STM32L4R5QGI6STR, STM32MP131AAE3, STM32MP131AAF3, STM32MP131AAG3, STM32MP131CAE3, STM32MP131CAF3, STM32MP131CAG3, STM32MP131DAE7, STM32MP131DAF7, STM32MP131DAG7, STM32MP131FAE7, STM32MP131FAF7, STM32MP131FAG7, STM32MP133AAE3, STM32MP133AAF3, STM32MP133AAG3, STM32MP133CAE3, STM32MP133CAF3, STM32MP133CAG3, STM32MP133DAE7, STM32MP133DAF7, STM32MP133DAG7, STM32MP133FAE7, STM32MP133FAF7, STM32MP133FAG7, STM32MP135AAE3, STM32MP135AAF3, STM32MP135AAG3, STM32MP135CAE3, STM32MP135CAF3, STM32MP135CAG3, STM32MP135DAE7, STM32MP135DAF7, STM32MP135DAG7, STM32MP135F-DK, STM32MP135FAE7, STM32MP135FAF7, STM32MP135FAF7T, STM32MP135FAF7U, STM32MP135FAG7, STM32U535CBT6, STM32U535CBT6Q, STM32U535CBU6, STM32U535CBU6Q, STM32U535CCT6, STM32U535CCT6Q, STM32U535CCU6, STM32U535CCU6Q, STM32U535CET6, STM32U535CET6Q, STM32U535CEU6, STM32U535CEU6Q, STM32U535JEY6QTR, STM32U535NCY6QTR, STM32U535NEY6QTR, STM32U535RBI6, STM32U535RBI6Q, STM32U535RBT6, STM32U535RBT6Q, STM32U535RCI6, STM32U535RCI6Q, STM32U535RCT6, STM32U535RCT6Q, STM32U535REI6, STM32U535REI6Q, STM32U535RET6, STM32U535RET6Q, STM32U535VCI6, STM32U535VCI6Q, STM32U535VCT6, STM32U535VCT6Q, STM32U535VEI6, STM32U535VEI6Q, STM32U535VET6, STM32U535VET6Q, STM32U545CET6, STM32U545CET6Q, STM32U545CEU6, STM32U545CEU6Q, STM32U545JEY6QTR, STM32U545NEY6QTR, STM32U545REI6, STM32U545REI6Q, STM32U545RET6, STM32U545RET6Q, STM32U545VEI6, STM32U545VEI6Q, STM32U545VET6, STM32U545VET6Q, STM32U595AIH6, STM32U595AIH6Q, STM32U595AJH6, STM32U595AJH6Q, STM32U595QII6, STM32U595QII6Q, STM32U595QJI6, STM32U595QJI6Q, STM32U595RIT6, STM32U595RIT6Q, STM32U595RJT6, STM32U595RJT6Q, STM32U595VIT6, STM32U595VIT6Q, STM32U595VJT6, STM32U595VJT6Q, STM32U595ZIT6, STM32U595ZIT6Q, STM32U595ZIY6QTR, STM32U595ZJT6, STM32U595ZJT6Q, STM32U595ZJY6QTR, STM32U599BJY6QTR, STM32U599NIH6Q, STM32U599NJH6Q, STM32U599VIT6Q, STM32U599VJT6, STM32U599VJT6Q, STM32U599ZIT6Q, STM32U599ZIY6QTR, STM32U599ZJT6Q, STM32U599ZJY6QTR, STM32U5A5AJH6, STM32U5A5AJH6Q, STM32U5A5QJI6, STM32U5A5QJI6Q, STM32U5A5RJT6, STM32U5A5RJT6Q, STM32U5A5VJT6, STM32U5A5VJT6Q, STM32U5A5ZJT6, STM32U5A5ZJT6Q, STM32U5A5ZJY6QTR, STM32U5A9BJY6QTR, STM32U5A9J-DK, STM32U5A9NJH6Q, STM32U5A9VJT6Q, STM32U5A9ZJT6Q, STM32U5A9ZJY6QTR, STM32U5F7VIT6, STM32U5F7VIT6Q, STM32U5F7VJT6, STM32U5F7VJT6Q, STM32U5F9BJY6QTR, STM32U5F9NJH6Q, STM32U5F9VIT6Q, STM32U5F9VJT6Q, STM32U5F9ZIJ6QTR, STM32U5F9ZIT6Q, STM32U5F9ZJJ6QTR, STM32U5F9ZJT6Q, STM32U5G7VJT6, STM32U5G7VJT6Q, STM32U5G9BJY6QTR, STM32U5G9J-DK1, STM32U5G9J-DK2, STM32U5G9NJH6Q, STM32U5G9VJT6Q, STM32U5G9ZJJ6QTR, STM32U5G9ZJT6Q, STM32WB1MMCH6, STM32WBA50KEU6, STM32WBA50KEU6TR, STM32WBA50KGU6, STM32WBA50KGU6TR, STM32WBA52CEU6, STM32WBA52CEU6TR, STM32WBA52CEU7, STM32WBA52CEU7TR, STM32WBA52CGU6, STM32WBA52CGU6TR, STM32WBA52CGU6U, STM32WBA52CGU7, STM32WBA52CGU7TR, STM32WBA52KEU6, STM32WBA52KEU6TR, STM32WBA52KGU6, STM32WBA52KGU6TR, STM32WBA54CEU6, STM32WBA54CEU6TR, STM32WBA54CEU7, STM32WBA54CEU7TR, STM32WBA54CGU6, STM32WBA54CGU6TR, STM32WBA54CGU7, STM32WBA54CGU7TR, STM32WBA54KEU6, STM32WBA54KEU6TR, STM32WBA54KEU7, STM32WBA54KEU7TR, STM32WBA54KGU6, STM32WBA54KGU6TR, STM32WBA54KGU7, STM32WBA54KGU7TR, STM32WBA55CEU6, STM32WBA55CEU6TR, STM32WBA55CEU7, STM32WBA55CEU7TR, STM32WBA55CGU6, STM32WBA55CGU6TR, STM32WBA55CGU6U, STM32WBA55CGU7, STM32WBA55CGU7TR, STM32WBA55G-DK1, STM32WBA55HEF6, STM32WBA55HEF7, STM32WBA55HGF6, STM32WBA55HGF7, STM32WBA55UEI6, STM32WBA55UEI6TR, STM32WBA55UEI7, STM32WBA55UEI7TR, STM32WBA55UGI6, STM32WBA55UGI6TR, STM32WBA55UGI7, STM32WBA55UGI7TR, STM32WL5MOCH6, STM32WL5MOCH6TR]
2024-04-04 17:04:49,077 [INFO] BoardInfo:889 - No configuration file found for board NUCLEO-H7S3L8
2024-04-04 17:04:49,078 [INFO] DbBoards:161 - Board is not supported: NUCLEO-H7S3L8
2024-04-04 17:04:49,116 [INFO] BoardInfo:889 - No configuration file found for board NUCLEO-U031R8
2024-04-04 17:04:49,116 [INFO] DbBoards:161 - Board is not supported: NUCLEO-U031R8
2024-04-04 17:04:49,118 [INFO] BoardInfo:889 - No configuration file found for board NUCLEO-U083RC
2024-04-04 17:04:49,118 [INFO] DbBoards:161 - Board is not supported: NUCLEO-U083RC
2024-04-04 17:04:49,139 [INFO] BoardInfo:889 - No configuration file found for board P-NUCLEO-WB55
2024-04-04 17:04:49,139 [INFO] DbBoards:161 - Kit is not supported: P-NUCLEO-WB55
2024-04-04 17:04:49,146 [INFO] BoardInfo:889 - No configuration file found for board STEVAL-BFA001V1B
2024-04-04 17:04:49,147 [INFO] DbBoards:161 - Kit is not supported: STEVAL-BFA001V1B
2024-04-04 17:04:49,148 [INFO] BoardInfo:889 - No configuration file found for board STEVAL-BFA001V2B
2024-04-04 17:04:49,149 [INFO] DbBoards:161 - Kit is not supported: STEVAL-BFA001V2B
2024-04-04 17:04:49,321 [INFO] BoardInfo:889 - No configuration file found for board STM32H7S78-DK
2024-04-04 17:04:49,321 [INFO] DbBoards:161 - Board is not supported: STM32H7S78-DK
2024-04-04 17:04:49,368 [INFO] BoardInfo:889 - No configuration file found for board STM32U083C-DK
2024-04-04 17:04:49,369 [INFO] DbBoards:161 - Board is not supported: STM32U083C-DK
2024-04-04 17:04:49,385 [INFO] DbBoards:168 - Found 198 boards, 190 are supported
2024-04-04 17:04:49,386 [INFO] DbBoards:169 - Found 198 boards, 3 of them is supported for  Bsp
2024-04-04 17:04:49,401 [INFO] ApiDb:423 - Load user favorites file C:\Users\thebu/.stm32cubeide/favorites.boards.txt: 1 item(s)
2024-04-04 17:04:49,402 [INFO] ApiDb:427 - User favorites Boards=[NUCLEO-L476RG]
2024-04-04 17:04:49,402 [INFO] DbBoards:198 - Set 1 / 1 favorites Boards
2024-04-04 17:04:49,406 [INFO] ApiDb:668 - CubeFinder database Data Model version=2.1
2024-04-04 17:04:49,406 [INFO] ApiDb:669 - CubeFinder database Configuration version=3.0.39
2024-04-04 17:04:49,406 [INFO] ApiDb:670 - CubeFinder database generation date=2024-03-25 (1711369621)
2024-04-04 17:04:49,407 [INFO] ApiDb:671 - CubeFinder database FW Pack versions=[FP-ATR-ASTRA1_V2.0.0, FP-SNS-FLIGHT1_V5.0.1, FP-SNS-FLIGHT1_V5.0.2, FP-SNS-MOTENV1_V4.3.1, FP-SNS-MOTENV1_V4.3.2, FP-SNS-MOTENVWB1_V1.3.1, FP-SNS-SMARTAG2_V1.2.0, STM32Cube_FW_C0_V1.1.0, STM32Cube_FW_F4_V1.28.0, STM32Cube_FW_F7_V1.17.0, STM32Cube_FW_G0_V1.6.2, STM32Cube_FW_G4_V1.5.2, STM32Cube_FW_H5_V0.5.1, STM32Cube_FW_H5_V1.1.1, STM32Cube_FW_H5_V1.2.0, STM32Cube_FW_H5_V1.2.0RC4, STM32Cube_FW_H7RS_V1.0.0, STM32Cube_FW_H7RS_V1.0.0RC4, STM32Cube_FW_H7_V1.11.0, STM32Cube_FW_L0_V1.12.2, STM32Cube_FW_L5_V1.5.1, STM32Cube_FW_U0_V1.0.0, STM32Cube_FW_U0_V1.0.0RC1, STM32Cube_FW_U5_V1.3.0RC4, STM32Cube_FW_U5_V1.5.0, STM32Cube_FW_U5_V1.5.0RC1, STM32Cube_FW_WBA_V1.0.0RC1, STM32Cube_FW_WBA_V1.2.0, STM32Cube_FW_WBA_V1.2.0RC2, STM32Cube_FW_WBA_V1.3.0, STM32Cube_FW_WBA_V1.3.0RC1, STM32Cube_FW_WB_V1.15.0RC1, STM32Cube_FW_WB_V1.16.0, STM32Cube_FW_WB_V1.16.0RC2, STM32Cube_FW_WB_V1.18.0, STM32Cube_FW_WB_V1.19.0, STM32Cube_FW_WL_V1.3.0, X-CUBE-ALGOBUILD_V1.3.0, X-CUBE-ALS_V1.0.1, X-CUBE-AZRTOS-F4_V1.1.0, X-CUBE-AZRTOS-F7_V1.1.0, X-CUBE-AZRTOS-G0_V1.1.0, X-CUBE-AZRTOS-G4_V2.0.0, X-CUBE-AZRTOS-H7_V3.2.0, X-CUBE-AZRTOS-L4_V1.0.0, X-CUBE-AZRTOS-L4_V2.0.0, X-CUBE-AZRTOS-L5_V1.1.0, X-CUBE-AZRTOS-WB_V2.0.0, X-CUBE-AZRTOS-WL_V2.0.0, X-CUBE-BLE1_V7.0.0, X-CUBE-BLE2_V3.3.0, X-CUBE-BLEMGR_V3.1.0, X-CUBE-EEPRMA1_V4.1.0, X-CUBE-EEPRMA1_V5.1.0, X-CUBE-FREERTOS_V1.1.0, X-CUBE-GNSS1_V6.0.0, X-CUBE-MEMS1_V10.0.0, X-CUBE-MEMS1_V9.1.0, X-CUBE-MEMS1_V9.4.0, X-CUBE-MEMS1_V9.6.0, X-CUBE-NFC4_V3.0.0, X-CUBE-NFC7_V1.0.1, X-CUBE-SFXS2LP1_V4.0.0, X-CUBE-SUBG2_V5.0.0, X-CUBE-TOF1_V3.4.0]
2024-04-04 17:04:50,690 [ERROR] DbExamplesSqlite:437 - Missing JSON key: board_cpn
2024-04-04 17:04:50,690 [ERROR] DbExamplesSqlite:437 - Missing JSON key: board_cpn
2024-04-04 17:04:50,690 [ERROR] DbExamplesSqlite:437 - Missing JSON key: board_cpn
2024-04-04 17:04:50,692 [ERROR] DbExamplesSqlite:437 - Missing JSON key: board_cpn
2024-04-04 17:04:50,910 [INFO] DbExamplesSqlite:395 - Ignored 60 examples not supported by CubeIDE
2024-04-04 17:04:50,911 [INFO] DbExamplesSqlite:396 - Found 8152 examples active
2024-04-04 17:04:50,911 [INFO] DbExamplesSqlite:397 - Found 871 examples obsolete
2024-04-04 17:04:50,911 [INFO] DbExamplesSqlite:398 - Found 0 examples under development
2024-04-04 17:04:50,911 [INFO] DbExamplesSqlite:399 - Found 10 examples not building
2024-04-04 17:04:50,914 [INFO] DbExamples:125 - Found 8102 examples
2024-04-04 17:04:50,972 [ERROR] DbExamples:208 - Found 48 examples with invalid data (board or MCU)
2024-04-04 17:04:50,973 [INFO] DbExamples:222 - Found 100 boards with related examples
2024-04-04 17:04:50,974 [INFO] DbExamples:235 - Found 85 MCUs with related examples
2024-04-04 17:04:51,006 [INFO] ApiDb:423 - Load user favorites file C:\Users\thebu/.stm32cubeide/favorites.examples.txt: 0 item(s)
2024-04-04 17:04:51,006 [INFO] ApiDb:427 - User favorites Examples=[]
2024-04-04 17:04:51,006 [INFO] DbExamples:250 - Set 0 / 0 favorites Examples
2024-04-04 17:04:51,733 [INFO] McuFinderGlobals:76 - Set McuFinderConnectedMode to true
2024-04-04 17:04:51,748 [INFO] MultiScanPanel:200 - Auto-refresh data requested => check proxy status ongoing
2024-04-04 17:04:51,756 [INFO] FinderPluginLoader:95 - Searching for filters in installed packs
2024-04-04 17:04:54,531 [INFO] LoadUrlFilesThread:185 - End of LoadServerUrlFiles without Thread
2024-04-04 17:04:54,612 [INFO] DetailPanel:341 - Set advertising image to C:/Users/thebu/STM32Cube/Repository/\en.prom-stm32wl3-mcu-finder.jpg
2024-04-04 17:07:57,423 [INFO] McuResultTable:1403 - Mark MCU STM32L4A6ZGT6 as favorite
2024-04-04 17:09:26,035 [INFO] McuResultTable:1403 - Mark MCU STM32L476RGT3 as favorite
2024-04-04 17:13:18,206 [INFO] McuResultTable:1403 - Unmark MCU STM32L476RGT3 as favorite
2024-04-04 17:14:10,027 [INFO] MainUpdater:2873 - connection check result : 10
2024-04-04 17:14:10,027 [INFO] MainUpdater:2873 - connection check result : 10
2024-04-04 17:14:10,080 [INFO] MicroXplorer:468 - Change Database Path : 
2024-04-04 17:14:10,080 [INFO] MicroXplorer:498 - Change Database Version : DB.6.0.100
2024-04-04 17:14:10,086 [WARN] ThirdParty:871 - waiting for thirdparty lock release [close project]
2024-04-04 17:14:10,086 [INFO] ThirdParty:873 - entering critical section [close project]
2024-04-04 17:14:10,087 [INFO] ThirdParty:883 - exiting critical section [close project]
2024-04-04 17:14:10,089 [INFO] PinOutPanel:1499 - setPackage(No Configuration,No Configuration)
2024-04-04 17:14:10,094 [INFO] UtilMem:75 - Begin LoadConfig() Used Memory: 959490696 Bytes (1073741824)
2024-04-04 17:14:10,096 [INFO] MicroXplorer:468 - Change Database Path : 
2024-04-04 17:14:10,096 [INFO] MicroXplorer:498 - Change Database Version : DB.6.0.100
2024-04-04 17:14:10,097 [INFO] OpenFileManager:312 - Change cursor
2024-04-04 17:14:10,150 [INFO] Mcu:2016 - Initializing MCU STM32L4A6ZGTx STM32L4A6ZGTx STM32L4A6ZGT6
2024-04-04 17:14:16,793 [INFO] Context:659 - Trying to add GPIOservice into a context  which must be forbidden
2024-04-04 17:14:18,654 [INFO] ImportTextPane:194 - (OptionalMessage_ERROR) Unable to find key (Mcu.ThirdPartyNb) in loaded IOC file
2024-04-04 17:14:18,654 [INFO] ImportTextPane:194 - (OptionalMessage_ERROR) Unable to find key (Mcu.PinsNb) in loaded IOC file
2024-04-04 17:14:18,654 [INFO] ImportTextPane:194 - (OptionalMessage_ERROR) Unable to find key (Mcu.IPNb) in loaded IOC file
2024-04-04 17:14:19,017 [INFO] RtosManager:555 - Registered RTOS mode: class=CMSIS, group=RTOS, mode=CMSIS_V1, owner=FREERTOS
2024-04-04 17:14:19,017 [INFO] RtosManager:555 - Registered RTOS mode: class=CMSIS, group=RTOS2, mode=CMSIS_V2, owner=FREERTOS
2024-04-04 17:14:19,018 [INFO] RtosManager:555 - Registered RTOS mode: class=RTOS, group=Core, mode=CMSIS_V1, owner=FREERTOS
2024-04-04 17:14:19,018 [INFO] RtosManager:555 - Registered RTOS mode: class=RTOS, group=Core, mode=CMSIS_V2, owner=FREERTOS
2024-04-04 17:14:19,019 [WARN] ModelIntegratedComponent:184 - Missing modes for component STMicroelectronics:FreeRTOS:0.0.1:STMicroelectronics:RTOS:FreeRTOS:Core:::10.2.0:
2024-04-04 17:14:19,091 [WARN] ModelIntegratedComponent:63 - No mode defined for component null
2024-04-04 17:14:19,094 [WARN] ModelIntegratedComponent:63 - No mode defined for component null
2024-04-04 17:14:19,094 [WARN] ModelIntegratedComponent:63 - No mode defined for component null
2024-04-04 17:14:19,094 [WARN] ModelIntegratedComponent:63 - No mode defined for component null
2024-04-04 17:14:19,094 [WARN] ModelIntegratedComponent:63 - No mode defined for component null
2024-04-04 17:14:19,094 [WARN] ModelIntegratedComponent:63 - No mode defined for component null
2024-04-04 17:14:19,095 [WARN] ModelIntegratedComponent:63 - No mode defined for component null
2024-04-04 17:14:19,095 [WARN] ModelIntegratedComponent:63 - No mode defined for component null
2024-04-04 17:14:19,095 [WARN] ModelIntegratedComponent:63 - No mode defined for component null
2024-04-04 17:14:19,095 [WARN] ModelIntegratedComponent:63 - No mode defined for component null
2024-04-04 17:14:19,095 [WARN] ModelIntegratedComponent:63 - No mode defined for component null
2024-04-04 17:14:19,095 [WARN] ModelIntegratedComponent:63 - No mode defined for component null
2024-04-04 17:14:19,095 [WARN] ModelIntegratedComponent:63 - No mode defined for component null
2024-04-04 17:14:19,095 [WARN] ModelIntegratedComponent:63 - No mode defined for component null
2024-04-04 17:14:19,095 [WARN] ModelIntegratedComponent:63 - No mode defined for component null
2024-04-04 17:14:19,095 [WARN] ModelIntegratedComponent:63 - No mode defined for component null
2024-04-04 17:14:19,095 [WARN] ModelIntegratedComponent:63 - No mode defined for component null
2024-04-04 17:14:19,095 [WARN] ModelIntegratedComponent:63 - No mode defined for component null
2024-04-04 17:14:19,096 [WARN] ModelIntegratedComponent:63 - No mode defined for component null
2024-04-04 17:14:19,096 [WARN] ModelIntegratedComponent:63 - No mode defined for component null
2024-04-04 17:14:19,096 [WARN] ModelIntegratedComponent:63 - No mode defined for component null
2024-04-04 17:14:19,096 [WARN] ModelIntegratedComponent:63 - No mode defined for component null
2024-04-04 17:14:19,096 [WARN] ModelIntegratedComponent:63 - No mode defined for component null
2024-04-04 17:14:19,097 [WARN] ModelIntegratedComponent:63 - No mode defined for component null
2024-04-04 17:14:19,097 [WARN] ModelIntegratedComponent:63 - No mode defined for component null
2024-04-04 17:14:19,098 [WARN] ModelIntegratedComponent:63 - No mode defined for component null
2024-04-04 17:14:19,098 [WARN] ModelIntegratedComponent:63 - No mode defined for component null
2024-04-04 17:14:19,098 [WARN] ModelIntegratedComponent:63 - No mode defined for component null
2024-04-04 17:14:19,098 [WARN] ModelIntegratedComponent:63 - No mode defined for component null
2024-04-04 17:14:19,098 [WARN] ModelIntegratedComponent:63 - No mode defined for component null
2024-04-04 17:14:19,098 [WARN] ModelIntegratedComponent:63 - No mode defined for component null
2024-04-04 17:14:19,098 [WARN] ModelIntegratedComponent:63 - No mode defined for component null
2024-04-04 17:14:19,099 [WARN] ModelIntegratedComponent:63 - No mode defined for component null
2024-04-04 17:14:19,388 [INFO] ThirdPartyModel:298 - Start build external matchings
2024-04-04 17:14:20,076 [INFO] ThirdPartyModel:316 - End build external matchings
2024-04-04 17:14:21,322 [INFO] UtilMem:75 - End LoadConfig() Used Memory: 687444440 Bytes (1073741824)
2024-04-04 17:14:21,433 [INFO] MicroXplorer:468 - Change Database Path : 
2024-04-04 17:14:21,434 [INFO] MicroXplorer:498 - Change Database Version : DB.6.0.100
2024-04-04 17:14:21,438 [WARN] ThirdParty:833 - waiting for thirdparty lock release [change project]
2024-04-04 17:14:21,439 [INFO] ThirdParty:835 - entering critical section [change project]
2024-04-04 17:14:21,439 [INFO] ThirdParty:1030 - CMSIS Pack Vendor :STMicroelectronics USBPD 4.1
2024-04-04 17:14:21,439 [INFO] ThirdParty:1030 - CMSIS Pack Vendor :STMicroelectronics X-CUBE-GNSS1 6.0.0
2024-04-04 17:14:21,439 [INFO] ThirdParty:1030 - CMSIS Pack Vendor :STMicroelectronics USB_HOST 2.0.0
2024-04-04 17:14:21,439 [INFO] ThirdParty:1030 - CMSIS Pack Vendor :STMicroelectronics X-CUBE-AZRTOS-F4 1.1.0
2024-04-04 17:14:21,439 [INFO] ThirdParty:1030 - CMSIS Pack Vendor :STMicroelectronics LIBJPEG 8.0.0
2024-04-04 17:14:21,439 [INFO] ThirdParty:1030 - CMSIS Pack Vendor :STMicroelectronics X-CUBE-SMBUS 2.1.0
2024-04-04 17:14:21,439 [INFO] ThirdParty:1030 - CMSIS Pack Vendor :STMicroelectronics USB_DEVICE 3.0.0
2024-04-04 17:14:21,439 [INFO] ThirdParty:1030 - CMSIS Pack Vendor :STMicroelectronics X-CUBE-AZRTOS-WB 2.0.0
2024-04-04 17:14:21,439 [INFO] ThirdParty:1030 - CMSIS Pack Vendor :wolfSSL I-CUBE-wolfSSL 5.6.6
2024-04-04 17:14:21,439 [INFO] ThirdParty:1030 - CMSIS Pack Vendor :STMicroelectronics X-CUBE-TOUCHGFX 4.23.0
2024-04-04 17:14:21,439 [INFO] ThirdParty:1030 - CMSIS Pack Vendor :STMicroelectronics X-CUBE-TOUCHGFX 4.23.2
2024-04-04 17:14:21,439 [INFO] ThirdParty:1030 - CMSIS Pack Vendor :STMicroelectronics X-CUBE-AZRTOS-F7 1.1.0
2024-04-04 17:14:21,444 [INFO] ThirdParty:1030 - CMSIS Pack Vendor :STMicroelectronics X-CUBE-AZRTOS-L5 2.0.0
2024-04-04 17:14:21,445 [INFO] ThirdParty:1030 - CMSIS Pack Vendor :STMicroelectronics USB_DEVICE 2.0.0
2024-04-04 17:14:21,445 [INFO] ThirdParty:1030 - CMSIS Pack Vendor :STMicroelectronics X-CUBE-EEPRMA1 4.2.0
2024-04-04 17:14:21,445 [INFO] ThirdParty:1030 - CMSIS Pack Vendor :STMicroelectronics X-CUBE-NFC6 3.1.0
2024-04-04 17:14:21,445 [INFO] ThirdParty:1030 - CMSIS Pack Vendor :ITTIA_DB I-CUBE-ITTIADB 8.8.0
2024-04-04 17:14:21,445 [INFO] ThirdParty:1030 - CMSIS Pack Vendor :STMicroelectronics FP-SNS-MOTENV1 4.3.2
2024-04-04 17:14:21,445 [INFO] ThirdParty:1030 - CMSIS Pack Vendor :STMicroelectronics X-CUBE-ALGOBUILD 1.3.0
2024-04-04 17:14:21,445 [INFO] ThirdParty:1030 - CMSIS Pack Vendor :STMicroelectronics FreeRTOS 0.0.1
2024-04-04 17:14:21,445 [INFO] ThirdParty:1030 - CMSIS Pack Vendor :STMicroelectronics X-CUBE-AZRTOS-G0 1.1.0
2024-04-04 17:14:21,446 [INFO] ThirdParty:1030 - CMSIS Pack Vendor :STMicroelectronics X-CUBE-SAFEA1 1.2.2
2024-04-04 17:14:21,446 [INFO] ThirdParty:1030 - CMSIS Pack Vendor :STMicroelectronics X-CUBE-NFC4 3.0.0
2024-04-04 17:14:21,450 [INFO] ThirdParty:1030 - CMSIS Pack Vendor :STMicroelectronics X-CUBE-SUBG2 5.0.0
2024-04-04 17:14:21,451 [INFO] ThirdParty:1030 - CMSIS Pack Vendor :STMicroelectronics STM32_WPAN 1.0.0
2024-04-04 17:14:21,451 [INFO] ThirdParty:1030 - CMSIS Pack Vendor :STMicroelectronics lwIP 2.0.3
2024-04-04 17:14:21,451 [INFO] ThirdParty:1030 - CMSIS Pack Vendor :STMicroelectronics FP-SNS-FLIGHT1 5.0.2
2024-04-04 17:14:21,452 [INFO] ThirdParty:1030 - CMSIS Pack Vendor :STMicroelectronics USB_HOST 1.0.0
2024-04-04 17:14:21,455 [INFO] ThirdParty:1030 - CMSIS Pack Vendor :STMicroelectronics X-CUBE-AZRTOS-G4 2.0.0
2024-04-04 17:14:21,455 [INFO] ThirdParty:1030 - CMSIS Pack Vendor :STMicroelectronics PDM2PCM 3.1.0
2024-04-04 17:14:21,455 [INFO] ThirdParty:1030 - CMSIS Pack Vendor :Infineon AIROC-Wi-Fi-Bluetooth-STM32 1.5.1
2024-04-04 17:14:21,455 [INFO] ThirdParty:1030 - CMSIS Pack Vendor :STMicroelectronics X-CUBE-BLEMGR 3.0.0
2024-04-04 17:14:21,455 [INFO] ThirdParty:1030 - CMSIS Pack Vendor :STMicroelectronics PDM2PCM 3.3.0
2024-04-04 17:14:21,455 [INFO] ThirdParty:1030 - CMSIS Pack Vendor :STMicroelectronics X-CUBE-DISPLAY 3.0.0
2024-04-04 17:14:21,455 [INFO] ThirdParty:1030 - CMSIS Pack Vendor :STMicroelectronics FP-SNS-MOTENVWB1 1.3.1
2024-04-04 17:14:21,455 [INFO] ThirdParty:1030 - CMSIS Pack Vendor :STMicroelectronics X-CUBE-BLE1 7.0.0
2024-04-04 17:14:21,455 [INFO] ThirdParty:1030 - CMSIS Pack Vendor :STMicroelectronics FP-ATR-SIGFOX1 3.2.0
2024-04-04 17:14:21,455 [INFO] ThirdParty:1030 - CMSIS Pack Vendor :STMicroelectronics X-CUBE-ISPU 2.0.0
2024-04-04 17:14:21,455 [INFO] ThirdParty:1030 - CMSIS Pack Vendor :STMicroelectronics X-CUBE-EEPRMA1 5.1.0
2024-04-04 17:14:21,455 [INFO] ThirdParty:1030 - CMSIS Pack Vendor :STMicroelectronics HAL Drivers 0.0.0
2024-04-04 17:14:21,455 [INFO] ThirdParty:1030 - CMSIS Pack Vendor :STMicroelectronics MBEDTLS 2.16.2
2024-04-04 17:14:21,455 [INFO] ThirdParty:1030 - CMSIS Pack Vendor :emotas I-CUBE-CANOPEN 1.3.0
2024-04-04 17:14:21,455 [INFO] ThirdParty:1030 - CMSIS Pack Vendor :STMicroelectronics X-CUBE-MEMS1 10.0.0
2024-04-04 17:14:21,456 [INFO] ThirdParty:1030 - CMSIS Pack Vendor :STMicroelectronics X-CUBE-FREERTOS 1.1.0
2024-04-04 17:14:21,456 [INFO] ThirdParty:1030 - CMSIS Pack Vendor :STMicroelectronics X-CUBE-NFC7 1.0.1
2024-04-04 17:14:21,456 [INFO] ThirdParty:1030 - CMSIS Pack Vendor :STMicroelectronics MBEDTLS 2.14.1
2024-04-04 17:14:21,456 [INFO] ThirdParty:1030 - CMSIS Pack Vendor :STMicroelectronics X-CUBE-NFC6 3.0.0
2024-04-04 17:14:21,456 [INFO] ThirdParty:1030 - CMSIS Pack Vendor :portGmbH I-Cube-SoM-uGOAL 1.1.0
2024-04-04 17:14:21,456 [INFO] ThirdParty:1030 - CMSIS Pack Vendor :STMicroelectronics X-CUBE-ALS 1.0.1
2024-04-04 17:14:21,456 [INFO] ThirdParty:1030 - CMSIS Pack Vendor :STMicroelectronics X-CUBE-BLEMGR 3.1.0
2024-04-04 17:14:21,456 [INFO] ThirdParty:1030 - CMSIS Pack Vendor :STMicroelectronics ThreadX 1.0.0
2024-04-04 17:14:21,456 [INFO] ThirdParty:1030 - CMSIS Pack Vendor :STMicroelectronics FP-SNS-SMARTAG2 1.2.0
2024-04-04 17:14:21,456 [INFO] ThirdParty:1030 - CMSIS Pack Vendor :STMicroelectronics X-CUBE-AZRTOS-WL 2.0.0
2024-04-04 17:14:21,456 [INFO] ThirdParty:1030 - CMSIS Pack Vendor :SEGGER I-CUBE-embOS 1.3.1
2024-04-04 17:14:21,456 [INFO] ThirdParty:1030 - CMSIS Pack Vendor :STMicroelectronics FP-SNS-MOTENV1 5.0.0
2024-04-04 17:14:21,457 [INFO] ThirdParty:1030 - CMSIS Pack Vendor :STMicroelectronics USB_DEVICE 1.0.0
2024-04-04 17:14:21,457 [INFO] ThirdParty:1030 - CMSIS Pack Vendor :STMicroelectronics X-CUBE-AI 8.1.0
2024-04-04 17:14:21,457 [INFO] ThirdParty:1030 - CMSIS Pack Vendor :STMicroelectronics X-CUBE-AZRTOS-L4 2.0.0
2024-04-04 17:14:21,457 [INFO] ThirdParty:1030 - CMSIS Pack Vendor :STMicroelectronics ThreadX 0.0.2
2024-04-04 17:14:21,457 [INFO] ThirdParty:1030 - CMSIS Pack Vendor :WES I-CUBE-Cesium 1.3.0
2024-04-04 17:14:21,457 [INFO] ThirdParty:1030 - CMSIS Pack Vendor :STMicroelectronics FP-ATR-ASTRA1 2.0.0
2024-04-04 17:14:21,457 [INFO] ThirdParty:1030 - CMSIS Pack Vendor :STMicroelectronics lwIP 2.1.2
2024-04-04 17:14:21,457 [INFO] ThirdParty:1030 - CMSIS Pack Vendor :STMicroelectronics X-CUBE-SFXS2LP1 4.0.0
2024-04-04 17:14:21,460 [INFO] ThirdParty:1030 - CMSIS Pack Vendor :STMicroelectronics X-CUBE-BLE2 3.3.0
2024-04-04 17:14:21,460 [INFO] ThirdParty:1030 - CMSIS Pack Vendor :STMicroelectronics X-CUBE-TOF1 3.4.0
2024-04-04 17:14:21,460 [INFO] ThirdParty:1030 - CMSIS Pack Vendor :STMicroelectronics X-CUBE-TOF1 3.4.1
2024-04-04 17:14:21,460 [INFO] ThirdParty:1030 - CMSIS Pack Vendor :STMicroelectronics X-CUBE-AZRTOS-H7 3.2.0
2024-04-04 17:14:21,460 [INFO] ThirdParty:1030 - CMSIS Pack Vendor :STMicroelectronics PDM2PCM 3.2.0
2024-04-04 17:14:21,461 [INFO] ThirdParty:841 - exiting critical section [change project]
2024-04-04 17:14:22,799 [INFO] PinOutPanel:1499 - setPackage(No Configuration,No Configuration)
2024-04-04 17:14:22,802 [INFO] PinOutPanel:1499 - setPackage(STM32L4A6ZGTx,LQFP144)
2024-04-04 17:14:24,114 [INFO] UtilMem:75 - Before build in PCC Used Memory: 604806536 Bytes (1073741824)
2024-04-04 17:14:26,185 [INFO] UtilMem:75 - After build in PCC Used Memory: 747939208 Bytes (1073741824)
2024-04-04 17:14:26,247 [INFO] IPUIPlugin:80 - create IPUIPlugin
2024-04-04 17:14:26,247 [INFO] IPUIPlugin:80 - create IPUIPlugin
2024-04-04 17:14:26,247 [INFO] IPUIPlugin:80 - create IPUIPlugin
2024-04-04 17:14:26,247 [INFO] IPUIPlugin:80 - create IPUIPlugin
2024-04-04 17:14:26,248 [INFO] IPUIPlugin:80 - create IPUIPlugin
2024-04-04 17:14:26,248 [INFO] IPUIPlugin:80 - create IPUIPlugin
2024-04-04 17:14:26,248 [INFO] IPUIPlugin:80 - create IPUIPlugin
2024-04-04 17:14:26,248 [INFO] IPUIPlugin:80 - create IPUIPlugin
2024-04-04 17:14:26,248 [INFO] IPUIPlugin:80 - create IPUIPlugin
2024-04-04 17:14:26,249 [INFO] IPUIPlugin:80 - create IPUIPlugin
2024-04-04 17:14:26,249 [INFO] IPUIPlugin:80 - create IPUIPlugin
2024-04-04 17:14:26,249 [INFO] IPUIPlugin:80 - create IPUIPlugin
2024-04-04 17:14:26,249 [INFO] IPUIPlugin:80 - create IPUIPlugin
2024-04-04 17:14:26,250 [INFO] IPUIPlugin:80 - create IPUIPlugin
2024-04-04 17:14:26,251 [INFO] IPUIPlugin:80 - create IPUIPlugin
2024-04-04 17:14:26,251 [INFO] IPUIPlugin:80 - create IPUIPlugin
2024-04-04 17:14:26,252 [INFO] IPUIPlugin:80 - create IPUIPlugin
2024-04-04 17:14:26,252 [INFO] IPUIPlugin:80 - create IPUIPlugin
2024-04-04 17:14:26,252 [INFO] IPUIPlugin:80 - create IPUIPlugin
2024-04-04 17:14:26,253 [INFO] IPUIPlugin:80 - create IPUIPlugin
2024-04-04 17:14:26,253 [INFO] IPUIPlugin:80 - create IPUIPlugin
2024-04-04 17:14:26,253 [INFO] IPUIPlugin:80 - create IPUIPlugin
2024-04-04 17:14:26,253 [INFO] IPUIPlugin:80 - create IPUIPlugin
2024-04-04 17:14:26,254 [INFO] IPUIPlugin:80 - create IPUIPlugin
2024-04-04 17:14:26,254 [INFO] IPUIPlugin:80 - create IPUIPlugin
2024-04-04 17:14:26,255 [INFO] IPUIPlugin:80 - create IPUIPlugin
2024-04-04 17:14:26,255 [INFO] IPUIPlugin:80 - create IPUIPlugin
2024-04-04 17:14:26,255 [INFO] IPUIPlugin:80 - create IPUIPlugin
2024-04-04 17:14:26,256 [INFO] IPUIPlugin:80 - create IPUIPlugin
2024-04-04 17:14:26,256 [INFO] IPUIPlugin:80 - create IPUIPlugin
2024-04-04 17:14:26,256 [INFO] IPUIPlugin:80 - create IPUIPlugin
2024-04-04 17:14:26,256 [INFO] IPUIPlugin:80 - create IPUIPlugin
2024-04-04 17:14:26,257 [INFO] IPUIPlugin:80 - create IPUIPlugin
2024-04-04 17:14:26,258 [INFO] IPUIPlugin:80 - create IPUIPlugin
2024-04-04 17:14:26,258 [INFO] IPUIPlugin:80 - create IPUIPlugin
2024-04-04 17:14:26,259 [INFO] IPUIPlugin:80 - create IPUIPlugin
2024-04-04 17:14:26,259 [INFO] IPUIPlugin:80 - create IPUIPlugin
2024-04-04 17:14:26,260 [INFO] IPUIPlugin:80 - create IPUIPlugin
2024-04-04 17:14:26,260 [INFO] IPUIPlugin:80 - create IPUIPlugin
2024-04-04 17:14:26,260 [INFO] IPUIPlugin:80 - create IPUIPlugin
2024-04-04 17:14:26,261 [INFO] IPUIPlugin:80 - create IPUIPlugin
2024-04-04 17:14:26,261 [INFO] IPUIPlugin:80 - create IPUIPlugin
2024-04-04 17:14:26,262 [INFO] IPUIPlugin:80 - create IPUIPlugin
2024-04-04 17:14:26,262 [INFO] IPUIPlugin:80 - create IPUIPlugin
2024-04-04 17:14:26,263 [INFO] IPUIPlugin:80 - create IPUIPlugin
2024-04-04 17:14:26,264 [INFO] IPUIPlugin:80 - create IPUIPlugin
2024-04-04 17:14:26,264 [INFO] IPUIPlugin:80 - create IPUIPlugin
2024-04-04 17:14:26,265 [INFO] IPUIPlugin:80 - create IPUIPlugin
2024-04-04 17:14:26,265 [INFO] IPUIPlugin:80 - create IPUIPlugin
2024-04-04 17:14:26,266 [INFO] IPUIPlugin:80 - create IPUIPlugin
2024-04-04 17:14:26,266 [INFO] IPUIPlugin:80 - create IPUIPlugin
2024-04-04 17:14:26,266 [INFO] IPUIPlugin:80 - create IPUIPlugin
2024-04-04 17:14:26,267 [INFO] IPUIPlugin:80 - create IPUIPlugin
2024-04-04 17:14:26,267 [INFO] IPUIPlugin:80 - create IPUIPlugin
2024-04-04 17:14:26,267 [INFO] IPUIPlugin:80 - create IPUIPlugin
2024-04-04 17:14:26,268 [INFO] IPUIPlugin:80 - create IPUIPlugin
2024-04-04 17:14:26,269 [INFO] IPUIPlugin:80 - create IPUIPlugin
2024-04-04 17:14:26,270 [INFO] IPUIPlugin:80 - create IPUIPlugin
2024-04-04 17:14:26,270 [INFO] IPUIPlugin:80 - create IPUIPlugin
2024-04-04 17:14:26,270 [INFO] IPUIPlugin:80 - create IPUIPlugin
2024-04-04 17:14:26,271 [INFO] IPUIPlugin:80 - create IPUIPlugin
2024-04-04 17:14:26,271 [INFO] IPUIPlugin:80 - create IPUIPlugin
2024-04-04 17:14:26,273 [INFO] IPUIPlugin:80 - create IPUIPlugin
2024-04-04 17:14:26,273 [INFO] IPUIPlugin:80 - create IPUIPlugin
2024-04-04 17:14:26,274 [INFO] IPUIPlugin:80 - create IPUIPlugin
2024-04-04 17:14:26,275 [INFO] IPUIPlugin:80 - create IPUIPlugin
2024-04-04 17:14:26,618 [INFO] CADModel:165 - CPN selected for project levelSTM32L4A6ZGT6
2024-04-04 17:14:26,618 [INFO] CADModel:114 - Register for checkConnection events
2024-04-04 17:14:26,663 [INFO] OpenFileManager:343 - Restore cursor
2024-04-04 17:14:28,673 [INFO] UtilMem:75 - End SaveConfig() Used Memory: 909419912 Bytes (1073741824)
2024-04-04 17:14:29,247 [INFO] UtilMem:75 - End SaveConfig() Used Memory: 615633856 Bytes (1073741824)
2024-04-04 17:14:31,156 [INFO] BlockDiagram:2759 - set Specific Code input for plugin: RCC
2024-04-04 17:14:31,156 [INFO] BlockDiagram:2759 - set Specific Code input for plugin: NVIC
2024-04-04 17:14:31,160 [INFO] CodeGenerator:807 - code generatio: config db path: C:\ST\STM32CubeIDE_1.14.0\STM32CubeIDE\plugins\com.st.stm32cube.common.mx_6.10.0.202311202037\\db\
2024-04-04 17:14:31,634 [INFO] CodeEngine:255 - oldGeneratedFile, C:\Users\thebu\STM32CubeIDE\workspace_RTOS\A0 hello world\MXTmpFiles\license.tmp_save
2024-04-04 17:14:32,402 [INFO] CodeEngine:279 - Generated code: C:\Users\thebu\STM32CubeIDE\workspace_RTOS\A0 hello world\MXTmpFiles\license.tmp
2024-04-04 17:14:32,447 [INFO] CodeEngine:255 - oldGeneratedFile, C:\Users\thebu\STM32CubeIDE\workspace_RTOS\A0 hello world\Core\Src\stm32l4xx_it.c_save
2024-04-04 17:14:33,643 [INFO] CodeEngine:279 - Generated code: C:\Users\thebu\STM32CubeIDE\workspace_RTOS\A0 hello world\Core\Src\stm32l4xx_it.c
2024-04-04 17:14:33,695 [INFO] CodeEngine:255 - oldGeneratedFile, C:\Users\thebu\STM32CubeIDE\workspace_RTOS\A0 hello world\Core\Inc\stm32l4xx_it.h_save
2024-04-04 17:14:34,308 [INFO] CodeEngine:279 - Generated code: C:\Users\thebu\STM32CubeIDE\workspace_RTOS\A0 hello world\Core\Inc\stm32l4xx_it.h
2024-04-04 17:14:34,610 [INFO] CodeEngine:255 - oldGeneratedFile, C:\Users\thebu\STM32CubeIDE\workspace_RTOS\A0 hello world\Core\Src\stm32l4xx_hal_msp.c_save
2024-04-04 17:14:35,276 [INFO] CodeEngine:279 - Generated code: C:\Users\thebu\STM32CubeIDE\workspace_RTOS\A0 hello world\Core\Src\stm32l4xx_hal_msp.c
2024-04-04 17:14:35,303 [INFO] CodeEngine:255 - oldGeneratedFile, C:\Users\thebu\STM32CubeIDE\workspace_RTOS\A0 hello world\MXTmpFiles\system.tmp_save
2024-04-04 17:14:35,421 [INFO] CodeEngine:279 - Generated code: C:\Users\thebu\STM32CubeIDE\workspace_RTOS\A0 hello world\MXTmpFiles\system.tmp
2024-04-04 17:14:35,445 [INFO] CodeEngine:311 - oldGeneratedFile, C:\Users\thebu\STM32CubeIDE\workspace_RTOS\A0 hello world\Core\Inc\stm32l4xx_hal_conf.h_save
2024-04-04 17:14:35,603 [INFO] CodeEngine:335 - Generated code: C:\Users\thebu\STM32CubeIDE\workspace_RTOS\A0 hello world\Core\Inc\stm32l4xx_hal_conf.h
2024-04-04 17:14:35,734 [INFO] CodeEngine:255 - oldGeneratedFile, C:\Users\thebu\STM32CubeIDE\workspace_RTOS\A0 hello world\Core\Inc\main.h_save
2024-04-04 17:14:35,992 [INFO] CodeEngine:279 - Generated code: C:\Users\thebu\STM32CubeIDE\workspace_RTOS\A0 hello world\Core\Inc\main.h
2024-04-04 17:14:36,012 [INFO] CodeEngine:255 - oldGeneratedFile, C:\Users\thebu\STM32CubeIDE\workspace_RTOS\A0 hello world\Core\Src\main.c_save
2024-04-04 17:14:36,654 [INFO] CodeEngine:279 - Generated code: C:\Users\thebu\STM32CubeIDE\workspace_RTOS\A0 hello world\Core\Src\main.c
2024-04-04 17:14:38,625 [INFO] ProjectBuilder:3076 - Time for Copy HAL[1] : 739mS.
2024-04-04 17:14:38,657 [INFO] ProjectBuilder:4485 - Project Generator version: 4.2.0-B44
2024-04-04 17:14:39,449 [INFO] ConfigFileManager:1495 - The Die is : DIE461
2024-04-04 17:14:39,485 [INFO] ApiDbMcu:508 - Load IP Config File for FATFS
2024-04-04 17:14:39,515 [INFO] ApiDbMcu:508 - Load IP Config File for FREERTOS
2024-04-04 17:14:39,550 [INFO] ApiDbMcu:508 - Load IP Config File for TOUCHSENSING
2024-04-04 17:14:39,574 [INFO] ApiDbMcu:508 - Load IP Config File for USB_DEVICE
2024-04-04 17:14:39,597 [INFO] ApiDbMcu:508 - Load IP Config File for USB_HOST
2024-04-04 17:14:42,014 [INFO] LogOutputStream:77 - [STDOUT_REDIRECT] 
2024-04-04 17:14:48,558 [INFO] ProjectBuilder:4747 - Time for Generating toolchain IDE Files: 9900mS.
2024-04-04 17:14:48,559 [INFO] ProjectBuilder:2947 - Time for Copy CMSIS : 1mS.
2024-04-04 17:14:48,563 [INFO] ProjectBuilder:2947 - Time for Copy CMSIS : 0mS.
2024-04-04 17:14:50,385 [INFO] McuFinderGlobals:76 - Set McuFinderConnectedMode to true
2024-04-04 17:14:50,391 [INFO] ApiDb:448 - Save user favorites file C:\Users\thebu/.stm32cubeide/favorites.mcus.txt: 1 item(s)
2024-04-04 17:14:50,392 [INFO] ApiDb:452 - User favorites MCUs=[STM32L4A6ZGT6]
2024-04-04 18:28:01,143 [INFO] UtilMem:75 - End SaveConfig() Used Memory: 760624928 Bytes (1073741824)
2024-04-04 18:28:02,516 [INFO] UtilMem:75 - End SaveConfig() Used Memory: 602165240 Bytes (1073741824)
2024-04-04 18:28:05,260 [INFO] UtilMem:75 - End SaveConfig() Used Memory: 786714616 Bytes (1073741824)
2024-04-04 18:28:05,633 [INFO] BlockDiagram:2759 - set Specific Code input for plugin: SYS
2024-04-04 18:28:05,633 [INFO] BlockDiagram:2759 - set Specific Code input for plugin: RCC
2024-04-04 18:28:05,633 [INFO] BlockDiagram:2759 - set Specific Code input for plugin: NVIC
2024-04-04 18:28:05,633 [INFO] BlockDiagram:2759 - set Specific Code input for plugin: USART
2024-04-04 18:28:05,634 [INFO] BlockDiagram:2759 - set Specific Code input for plugin: GPIO
2024-04-04 18:28:05,635 [INFO] CodeGenerator:807 - code generatio: config db path: C:\ST\STM32CubeIDE_1.14.0\STM32CubeIDE\plugins\com.st.stm32cube.common.mx_6.10.0.202311202037\\db\
2024-04-04 18:28:05,802 [INFO] CodeEngine:255 - oldGeneratedFile, C:\Users\thebu\STM32CubeIDE\workspace_RTOS\A0 hello world\MXTmpFiles\license.tmp_save
2024-04-04 18:28:05,985 [INFO] CodeEngine:279 - Generated code: C:\Users\thebu\STM32CubeIDE\workspace_RTOS\A0 hello world\MXTmpFiles\license.tmp
2024-04-04 18:28:06,159 [INFO] CodeEngine:255 - oldGeneratedFile, C:\Users\thebu\STM32CubeIDE\workspace_RTOS\A0 hello world\MXTmpFiles\gpio.tmp_save
2024-04-04 18:28:06,524 [INFO] CodeEngine:279 - Generated code: C:\Users\thebu\STM32CubeIDE\workspace_RTOS\A0 hello world\MXTmpFiles\gpio.tmp
2024-04-04 18:28:06,720 [INFO] CodeEngine:255 - oldGeneratedFile, C:\Users\thebu\STM32CubeIDE\workspace_RTOS\A0 hello world\Core\Src\stm32l4xx_it.c_save
2024-04-04 18:28:07,101 [INFO] CodeEngine:279 - Generated code: C:\Users\thebu\STM32CubeIDE\workspace_RTOS\A0 hello world\Core\Src\stm32l4xx_it.c
2024-04-04 18:28:07,125 [INFO] CodeEngine:255 - oldGeneratedFile, C:\Users\thebu\STM32CubeIDE\workspace_RTOS\A0 hello world\Core\Inc\stm32l4xx_it.h_save
2024-04-04 18:28:07,239 [INFO] CodeEngine:279 - Generated code: C:\Users\thebu\STM32CubeIDE\workspace_RTOS\A0 hello world\Core\Inc\stm32l4xx_it.h
2024-04-04 18:28:07,280 [INFO] CodeEngine:255 - oldGeneratedFile, C:\Users\thebu\STM32CubeIDE\workspace_RTOS\A0 hello world\Core\Src\stm32l4xx_hal_msp.c_save
2024-04-04 18:28:07,568 [INFO] CodeEngine:279 - Generated code: C:\Users\thebu\STM32CubeIDE\workspace_RTOS\A0 hello world\Core\Src\stm32l4xx_hal_msp.c
2024-04-04 18:28:07,576 [INFO] CodeEngine:255 - oldGeneratedFile, C:\Users\thebu\STM32CubeIDE\workspace_RTOS\A0 hello world\MXTmpFiles\system.tmp_save
2024-04-04 18:28:07,757 [INFO] CodeEngine:279 - Generated code: C:\Users\thebu\STM32CubeIDE\workspace_RTOS\A0 hello world\MXTmpFiles\system.tmp
2024-04-04 18:28:07,812 [INFO] CodeEngine:311 - oldGeneratedFile, C:\Users\thebu\STM32CubeIDE\workspace_RTOS\A0 hello world\Core\Inc\stm32l4xx_hal_conf.h_save
2024-04-04 18:28:08,089 [INFO] CodeEngine:335 - Generated code: C:\Users\thebu\STM32CubeIDE\workspace_RTOS\A0 hello world\Core\Inc\stm32l4xx_hal_conf.h
2024-04-04 18:28:08,215 [INFO] CodeEngine:255 - oldGeneratedFile, C:\Users\thebu\STM32CubeIDE\workspace_RTOS\A0 hello world\Core\Inc\main.h_save
2024-04-04 18:28:08,526 [INFO] CodeEngine:279 - Generated code: C:\Users\thebu\STM32CubeIDE\workspace_RTOS\A0 hello world\Core\Inc\main.h
2024-04-04 18:28:08,553 [INFO] CodeEngine:255 - oldGeneratedFile, C:\Users\thebu\STM32CubeIDE\workspace_RTOS\A0 hello world\Core\Src\main.c_save
2024-04-04 18:28:08,821 [INFO] CodeEngine:279 - Generated code: C:\Users\thebu\STM32CubeIDE\workspace_RTOS\A0 hello world\Core\Src\main.c
2024-04-04 18:28:09,923 [INFO] ProjectBuilder:3076 - Time for Copy HAL[1] : 268mS.
2024-04-04 18:28:09,928 [INFO] ProjectBuilder:4485 - Project Generator version: 4.2.0-B44
2024-04-04 18:28:10,376 [INFO] ConfigFileManager:1495 - The Die is : DIE461
2024-04-04 18:28:14,523 [INFO] ProjectBuilder:4747 - Time for Generating toolchain IDE Files: 4595mS.
2024-04-04 18:28:14,524 [INFO] ProjectBuilder:2947 - Time for Copy CMSIS : 0mS.
2024-04-04 18:28:14,527 [INFO] ProjectBuilder:2947 - Time for Copy CMSIS : 1mS.
