2024-05-08 11:58:06,617 [INFO] Activator:176 - 


2024-05-08 11:58:06,622 [INFO] Activator:177 - !SESSION log4j initialized
2024-05-08 11:58:11,845 [INFO] LogOutputStream:77 - [STDOUT_REDIRECT] 
2024-05-08 11:58:14,192 [INFO] ApplicationProperties:184 - Using Application install path: C:\ST\STM32CubeIDE_1.14.0\STM32CubeIDE\plugins\com.st.stm32cube.common.mx_6.10.0.202311202037
2024-05-08 11:58:14,209 [INFO] DbMcusXml:78 - Set database path to: C:\ST\STM32CubeIDE_1.14.0\STM32CubeIDE\plugins\com.st.stm32cube.common.mx_6.10.0.202311202037\\db\/mcu/
2024-05-08 11:58:14,209 [INFO] ApiDb:274 - Set plugin database path to: C:\ST\STM32CubeIDE_1.14.0\STM32CubeIDE\plugins\com.st.stm32cube.common.mx_6.10.0.202311202037\\db\/plugins/boardmanager/
2024-05-08 11:58:14,210 [WARN] ApiDb:259 - Overriding images path with different value:  => C:\ST\STM32CubeIDE_1.14.0\STM32CubeIDE\plugins\com.st.stm32cube.common.mx_6.10.0.202311202037\\db\/plugins/mcufinder/images/
2024-05-08 11:58:14,217 [INFO] ApiDb:250 - Set database path to: C:\Users\thebu\.stmcufinder\plugins\mcufinder//mcu/
2024-05-08 11:58:14,217 [INFO] DbMcusAds:125 - Set database path to: C:\Users\thebu\.stmcufinder\plugins\mcufinder//mcu/
2024-05-08 11:58:14,219 [INFO] CrossReferenceDbSqlite:203 - Set database path to: C:\Users\thebu\.stmcufinder\plugins\mcufinder//mcu/cs/
2024-05-08 11:58:14,324 [INFO] RulesReader:64 - Compatibility file has been processed (297 Rules)
2024-05-08 11:58:14,401 [INFO] DbMcusXml:78 - Set database path to: C:\ST\STM32CubeIDE_1.14.0\STM32CubeIDE\plugins\com.st.stm32cube.common.mx_6.10.0.202311202037\\db\/mcu/
2024-05-08 11:58:14,401 [INFO] ApiDb:274 - Set plugin database path to: C:\ST\STM32CubeIDE_1.14.0\STM32CubeIDE\plugins\com.st.stm32cube.common.mx_6.10.0.202311202037\\db\/plugins/boardmanager/
2024-05-08 11:58:14,401 [INFO] ApiDb:261 - Set plugin images path to: C:\ST\STM32CubeIDE_1.14.0\STM32CubeIDE\plugins\com.st.stm32cube.common.mx_6.10.0.202311202037\\db\/plugins/mcufinder/images/
2024-05-08 11:58:14,401 [WARN] DbFile:41 - Overriding database path with different value: C:\Users\thebu\.stmcufinder\plugins\mcufinder/ => C:\Users\thebu\.stmcufinder\plugins\mcufinder
2024-05-08 11:58:14,401 [INFO] ApiDb:250 - Set database path to: C:\Users\thebu\.stmcufinder\plugins\mcufinder//mcu/
2024-05-08 11:58:14,401 [WARN] DbFile:41 - Overriding database path with different value: C:\Users\thebu\.stmcufinder\plugins\mcufinder/ => C:\Users\thebu\.stmcufinder\plugins\mcufinder
2024-05-08 11:58:14,401 [INFO] DbMcusAds:125 - Set database path to: C:\Users\thebu\.stmcufinder\plugins\mcufinder//mcu/
2024-05-08 11:58:14,402 [WARN] DbFile:41 - Overriding database path with different value: C:\Users\thebu\.stmcufinder\plugins\mcufinder/ => C:\Users\thebu\.stmcufinder\plugins\mcufinder
2024-05-08 11:58:14,402 [WARN] DbFile:41 - Overriding database path with different value: C:\Users\thebu\.stmcufinder\plugins\mcufinder/ => C:\Users\thebu\.stmcufinder\plugins\mcufinder
2024-05-08 11:58:14,402 [INFO] CrossReferenceDbSqlite:203 - Set database path to: C:\Users\thebu\.stmcufinder\plugins\mcufinder//mcu/cs/
2024-05-08 11:58:14,482 [INFO] MainPanel:264 - HeapMemory: 268435456
2024-05-08 11:58:14,567 [INFO] DbMcusXml:78 - Set database path to: C:\ST\STM32CubeIDE_1.14.0\STM32CubeIDE\plugins\com.st.stm32cube.common.mx_6.10.0.202311202037\\db\/mcu/
2024-05-08 11:58:14,567 [INFO] ApiDb:274 - Set plugin database path to: C:\ST\STM32CubeIDE_1.14.0\STM32CubeIDE\plugins\com.st.stm32cube.common.mx_6.10.0.202311202037\\db\/plugins/boardmanager/
2024-05-08 11:58:14,567 [INFO] ApiDb:261 - Set plugin images path to: C:\ST\STM32CubeIDE_1.14.0\STM32CubeIDE\plugins\com.st.stm32cube.common.mx_6.10.0.202311202037\\db\/plugins/mcufinder/images/
2024-05-08 11:58:14,568 [WARN] DbFile:41 - Overriding database path with different value: C:\Users\thebu\.stmcufinder\plugins\mcufinder/ => C:\Users\thebu\.stmcufinder\plugins\mcufinder
2024-05-08 11:58:14,568 [INFO] ApiDb:250 - Set database path to: C:\Users\thebu\.stmcufinder\plugins\mcufinder//mcu/
2024-05-08 11:58:14,568 [WARN] DbFile:41 - Overriding database path with different value: C:\Users\thebu\.stmcufinder\plugins\mcufinder/ => C:\Users\thebu\.stmcufinder\plugins\mcufinder
2024-05-08 11:58:14,568 [INFO] DbMcusAds:125 - Set database path to: C:\Users\thebu\.stmcufinder\plugins\mcufinder//mcu/
2024-05-08 11:58:14,568 [WARN] DbFile:41 - Overriding database path with different value: C:\Users\thebu\.stmcufinder\plugins\mcufinder/ => C:\Users\thebu\.stmcufinder\plugins\mcufinder
2024-05-08 11:58:14,568 [WARN] DbFile:41 - Overriding database path with different value: C:\Users\thebu\.stmcufinder\plugins\mcufinder/ => C:\Users\thebu\.stmcufinder\plugins\mcufinder
2024-05-08 11:58:14,568 [INFO] CrossReferenceDbSqlite:203 - Set database path to: C:\Users\thebu\.stmcufinder\plugins\mcufinder//mcu/cs/
2024-05-08 11:58:14,584 [INFO] ApplicationProperties:184 - Using Application install path: C:\ST\STM32CubeIDE_1.14.0\STM32CubeIDE\plugins\com.st.stm32cube.common.mx_6.10.0.202311202037
2024-05-08 11:58:14,586 [INFO] PluginManage:196 - Search for loadable plugins [exclusion list=, ]
2024-05-08 11:58:14,587 [INFO] PluginManage:310 - Check plugin analytics
2024-05-08 11:58:14,747 [INFO] AnalyticsPlugin:253 - Accepted Software Licenses: 
2024-05-08 11:58:14,747 [INFO] AnalyticsPlugin:255 - Accepted CMSIS Pack Licenses: 
2024-05-08 11:58:14,747 [INFO] AnalyticsPlugin:257 - Accepted Firmware Licenses: FW.L4.1.18.0
2024-05-08 11:58:14,750 [INFO] PluginManage:359 - Loaded plugin analytics (category:tool,tabindex:-1)
2024-05-08 11:58:14,750 [INFO] PluginManage:310 - Check plugin cadmodel
2024-05-08 11:58:14,766 [INFO] CADModel:105 - Init CAD model plugin
2024-05-08 11:58:14,766 [INFO] PluginManage:359 - Loaded plugin cadmodel (category:power,tabindex:5)
2024-05-08 11:58:14,767 [INFO] PluginManage:310 - Check plugin clock
2024-05-08 11:58:14,786 [INFO] PluginManage:359 - Loaded plugin clock (category:base,tabindex:2)
2024-05-08 11:58:14,787 [INFO] PluginManage:310 - Check plugin ddr
2024-05-08 11:58:14,789 [INFO] PluginManage:359 - Loaded plugin ddr (category:tool,tabindex:6)
2024-05-08 11:58:14,789 [INFO] PluginManage:310 - Check plugin filemanager
2024-05-08 11:58:14,923 [INFO] PluginManage:359 - Loaded plugin filemanager (category:base,tabindex:10)
2024-05-08 11:58:14,923 [INFO] PluginManage:310 - Check plugin ipmanager
2024-05-08 11:58:14,929 [INFO] PluginManage:359 - Loaded plugin ipmanager (category:base,tabindex:5)
2024-05-08 11:58:14,930 [INFO] PluginManage:310 - Check plugin lpbam
2024-05-08 11:58:14,949 [INFO] PluginManage:359 - Loaded plugin lpbam (category:base,tabindex:0)
2024-05-08 11:58:14,949 [INFO] PluginManage:310 - Check plugin memorymap
2024-05-08 11:58:14,970 [INFO] PluginManage:359 - Loaded plugin memorymap (category:base,tabindex:4)
2024-05-08 11:58:14,970 [INFO] PluginManage:310 - Check plugin pinoutandconfiguration
2024-05-08 11:58:14,985 [INFO] PluginManage:359 - Loaded plugin pinoutandconfiguration (category:base,tabindex:1)
2024-05-08 11:58:14,985 [INFO] PluginManage:310 - Check plugin pinoutconfig
2024-05-08 11:58:15,068 [WARN] SupportedApi:132 - Cannot load RTOS API schema: s4s-elt-must-match.1: The content of 'definitions' must match (annotation?, (simpleType | complexType)?, (unique | key | keyref)*)). A problem was found starting at: attribute.
2024-05-08 11:58:15,187 [INFO] PluginManage:359 - Loaded plugin pinoutconfig (category:base,tabindex:0)
2024-05-08 11:58:15,187 [INFO] PluginManage:310 - Check plugin power
2024-05-08 11:58:15,205 [INFO] PluginManage:359 - Loaded plugin power (category:power,tabindex:4)
2024-05-08 11:58:15,206 [INFO] PluginManage:310 - Check plugin projectmanager
2024-05-08 11:58:15,218 [INFO] PluginManage:359 - Loaded plugin projectmanager (category:projectmanager,tabindex:3)
2024-05-08 11:58:15,218 [INFO] PluginManage:310 - Check plugin thirdparty
2024-05-08 11:58:15,464 [INFO] PluginManage:359 - Loaded plugin thirdparty (category:base,tabindex:-1)
2024-05-08 11:58:15,465 [INFO] PluginManage:310 - Check plugin tools
2024-05-08 11:58:15,465 [WARN] IntegrityCheckThread:84 - waiting for thirdparty lock release [integrity check]
2024-05-08 11:58:15,465 [INFO] IntegrityCheckThread:86 - entering critical section [integrity check]
2024-05-08 11:58:15,466 [INFO] ThirdPartyUpdaterWithRetryManager:70 - Updater plugin not ready yet. [1/15]
2024-05-08 11:58:15,496 [INFO] PluginManage:359 - Loaded plugin tools (category:base,tabindex:7)
2024-05-08 11:58:15,496 [INFO] PluginManage:310 - Check plugin tutovideos
2024-05-08 11:58:15,661 [INFO] PluginManage:359 - Loaded plugin tutovideos (category:base,tabindex:-1)
2024-05-08 11:58:15,661 [INFO] PluginManage:310 - Check plugin updater
2024-05-08 11:58:15,671 [INFO] PluginManage:359 - Loaded plugin updater (category:base,tabindex:12)
2024-05-08 11:58:15,671 [INFO] PluginManage:310 - Check plugin userauth
2024-05-08 11:58:15,677 [INFO] UserAuth:114 - Init User Auth plugin
2024-05-08 11:58:15,677 [INFO] PluginManage:359 - Loaded plugin userauth (category:base,tabindex:14)
2024-05-08 11:58:15,678 [INFO] PluginManage:283 - PluginManage : Loaded plugins [17]
2024-05-08 11:58:15,859 [INFO] PinOutPanel:1499 - setPackage(No Configuration,No Configuration)
2024-05-08 11:58:15,924 [INFO] CADModel:165 - CPN selected for project level
2024-05-08 11:58:15,924 [INFO] CADModel:114 - Register for checkConnection events
2024-05-08 11:58:15,948 [INFO] IPUIPlugin:80 - create IPUIPlugin
2024-05-08 11:58:15,948 [INFO] PluginManager:220 - loadIPPluginJar : add adc
2024-05-08 11:58:15,977 [INFO] IPUIPlugin:80 - create IPUIPlugin
2024-05-08 11:58:15,978 [INFO] PluginManager:220 - loadIPPluginJar : add aes
2024-05-08 11:58:16,011 [INFO] IPUIPlugin:80 - create IPUIPlugin
2024-05-08 11:58:16,011 [INFO] PluginManager:220 - loadIPPluginJar : add can
2024-05-08 11:58:16,030 [INFO] IPUIPlugin:80 - create IPUIPlugin
2024-05-08 11:58:16,030 [INFO] PluginManager:220 - loadIPPluginJar : add comp
2024-05-08 11:58:16,058 [INFO] IPUIPlugin:80 - create IPUIPlugin
2024-05-08 11:58:16,058 [INFO] PluginManager:220 - loadIPPluginJar : add cryp
2024-05-08 11:58:16,084 [INFO] IPUIPlugin:80 - create IPUIPlugin
2024-05-08 11:58:16,084 [INFO] PluginManager:220 - loadIPPluginJar : add dfsdm
2024-05-08 11:58:16,098 [INFO] IPUIPlugin:80 - create IPUIPlugin
2024-05-08 11:58:16,098 [INFO] PluginManager:220 - loadIPPluginJar : add dma
2024-05-08 11:58:16,134 [INFO] IPUIPlugin:80 - create IPUIPlugin
2024-05-08 11:58:16,134 [INFO] PluginManager:220 - loadIPPluginJar : add dma3
2024-05-08 11:58:16,151 [INFO] IPUIPlugin:80 - create IPUIPlugin
2024-05-08 11:58:16,151 [INFO] PluginManager:220 - loadIPPluginJar : add fatfs
2024-05-08 11:58:16,192 [INFO] IPUIPlugin:80 - create IPUIPlugin
2024-05-08 11:58:16,192 [INFO] PluginManager:220 - loadIPPluginJar : add fmc
2024-05-08 11:58:16,206 [INFO] IPUIPlugin:80 - create IPUIPlugin
2024-05-08 11:58:16,206 [INFO] PluginManager:220 - loadIPPluginJar : add freertos
2024-05-08 11:58:16,224 [INFO] IPUIPlugin:80 - create IPUIPlugin
2024-05-08 11:58:16,225 [INFO] PluginManager:220 - loadIPPluginJar : add genericplugin
2024-05-08 11:58:16,302 [INFO] IPUIPlugin:80 - create IPUIPlugin
2024-05-08 11:58:16,302 [INFO] PluginManager:220 - loadIPPluginJar : add gfxmmu
2024-05-08 11:58:16,405 [INFO] IPUIPlugin:80 - create IPUIPlugin
2024-05-08 11:58:16,405 [INFO] PluginManager:220 - loadIPPluginJar : add gic
2024-05-08 11:58:16,418 [INFO] IPUIPlugin:80 - create IPUIPlugin
2024-05-08 11:58:16,418 [INFO] PluginManager:220 - loadIPPluginJar : add gpio
2024-05-08 11:58:16,495 [INFO] IPUIPlugin:80 - create IPUIPlugin
2024-05-08 11:58:16,496 [INFO] PluginManager:220 - loadIPPluginJar : add gtzc
2024-05-08 11:58:16,524 [INFO] IPUIPlugin:80 - create IPUIPlugin
2024-05-08 11:58:16,524 [INFO] PluginManager:220 - loadIPPluginJar : add hash
2024-05-08 11:58:16,567 [INFO] IPUIPlugin:80 - create IPUIPlugin
2024-05-08 11:58:16,567 [INFO] PluginManager:220 - loadIPPluginJar : add i2c
2024-05-08 11:58:16,602 [INFO] IPUIPlugin:80 - create IPUIPlugin
2024-05-08 11:58:16,602 [INFO] PluginManager:220 - loadIPPluginJar : add i2s
2024-05-08 11:58:16,637 [INFO] IPUIPlugin:80 - create IPUIPlugin
2024-05-08 11:58:16,637 [INFO] PluginManager:220 - loadIPPluginJar : add i3c
2024-05-08 11:58:16,727 [INFO] IPUIPlugin:80 - create IPUIPlugin
2024-05-08 11:58:16,727 [INFO] PluginManager:220 - loadIPPluginJar : add ipddr
2024-05-08 11:58:16,809 [INFO] IPUIPlugin:80 - create IPUIPlugin
2024-05-08 11:58:16,809 [INFO] PluginManager:220 - loadIPPluginJar : add linkedlist
2024-05-08 11:58:16,839 [INFO] IPUIPlugin:80 - create IPUIPlugin
2024-05-08 11:58:16,839 [INFO] PluginManager:220 - loadIPPluginJar : add lorawan
2024-05-08 11:58:16,868 [INFO] IPUIPlugin:80 - create IPUIPlugin
2024-05-08 11:58:16,868 [INFO] PluginManager:220 - loadIPPluginJar : add ltdc
2024-05-08 11:58:16,882 [INFO] IPUIPlugin:80 - create IPUIPlugin
2024-05-08 11:58:16,882 [INFO] PluginManager:220 - loadIPPluginJar : add mdma
2024-05-08 11:58:16,894 [INFO] IPUIPlugin:80 - create IPUIPlugin
2024-05-08 11:58:16,894 [INFO] PluginManager:220 - loadIPPluginJar : add nvic
2024-05-08 11:58:16,928 [INFO] IPUIPlugin:80 - create IPUIPlugin
2024-05-08 11:58:16,928 [INFO] PluginManager:220 - loadIPPluginJar : add opamp
2024-05-08 11:58:16,981 [INFO] IPUIPlugin:80 - create IPUIPlugin
2024-05-08 11:58:16,981 [INFO] PluginManager:220 - loadIPPluginJar : add openamp
2024-05-08 11:58:17,020 [INFO] IPUIPlugin:80 - create IPUIPlugin
2024-05-08 11:58:17,020 [INFO] PluginManager:220 - loadIPPluginJar : add pdm2pcm
2024-05-08 11:58:17,033 [INFO] IPUIPlugin:80 - create IPUIPlugin
2024-05-08 11:58:17,035 [INFO] PluginManager:220 - loadIPPluginJar : add plateformsettings
2024-05-08 11:58:17,055 [INFO] IPUIPlugin:80 - create IPUIPlugin
2024-05-08 11:58:17,055 [INFO] PluginManager:220 - loadIPPluginJar : add quadspi
2024-05-08 11:58:17,067 [INFO] IPUIPlugin:80 - create IPUIPlugin
2024-05-08 11:58:17,067 [INFO] PluginManager:220 - loadIPPluginJar : add resmgrutility
2024-05-08 11:58:17,110 [INFO] IPUIPlugin:80 - create IPUIPlugin
2024-05-08 11:58:17,110 [INFO] PluginManager:220 - loadIPPluginJar : add sai
2024-05-08 11:58:17,142 [INFO] IPUIPlugin:80 - create IPUIPlugin
2024-05-08 11:58:17,143 [INFO] PluginManager:220 - loadIPPluginJar : add spi
2024-05-08 11:58:17,206 [INFO] IPUIPlugin:80 - create IPUIPlugin
2024-05-08 11:58:17,206 [INFO] PluginManager:220 - loadIPPluginJar : add stm32_wpan
2024-05-08 11:58:17,229 [INFO] IPUIPlugin:80 - create IPUIPlugin
2024-05-08 11:58:17,229 [INFO] PluginManager:220 - loadIPPluginJar : add tim
2024-05-08 11:58:17,280 [INFO] IPUIPlugin:80 - create IPUIPlugin
2024-05-08 11:58:17,280 [INFO] PluginManager:220 - loadIPPluginJar : add touchsensing
2024-05-08 11:58:17,302 [INFO] IPUIPlugin:80 - create IPUIPlugin
2024-05-08 11:58:17,302 [INFO] PluginManager:220 - loadIPPluginJar : add tracer_emb
2024-05-08 11:58:17,323 [INFO] IPUIPlugin:80 - create IPUIPlugin
2024-05-08 11:58:17,323 [INFO] PluginManager:220 - loadIPPluginJar : add ts
2024-05-08 11:58:17,342 [INFO] IPUIPlugin:80 - create IPUIPlugin
2024-05-08 11:58:17,343 [INFO] PluginManager:220 - loadIPPluginJar : add tsc
2024-05-08 11:58:17,361 [INFO] IPUIPlugin:80 - create IPUIPlugin
2024-05-08 11:58:17,361 [INFO] PluginManager:220 - loadIPPluginJar : add ucpd
2024-05-08 11:58:17,399 [INFO] IPUIPlugin:80 - create IPUIPlugin
2024-05-08 11:58:17,399 [INFO] PluginManager:220 - loadIPPluginJar : add usart
2024-05-08 11:58:17,438 [INFO] IPUIPlugin:80 - create IPUIPlugin
2024-05-08 11:58:17,439 [INFO] PluginManager:220 - loadIPPluginJar : add usbx
2024-05-08 11:58:17,559 [INFO] CADModel:165 - CPN selected for project level
2024-05-08 11:58:17,560 [INFO] CADModel:114 - Register for checkConnection events
2024-05-08 11:58:17,560 [FATAL] Updater:308 - Updater called before beeing initialized
2024-05-08 11:58:17,560 [ERROR] CADModel:125 - Updater not yet initialized, retry later 
2024-05-08 11:58:17,684 [INFO] CADModel:165 - CPN selected for project level
2024-05-08 11:58:17,684 [INFO] CADModel:114 - Register for checkConnection events
2024-05-08 11:58:17,685 [FATAL] Updater:308 - Updater called before beeing initialized
2024-05-08 11:58:17,685 [ERROR] CADModel:125 - Updater not yet initialized, retry later 
2024-05-08 11:58:17,688 [FATAL] Updater:308 - Updater called before beeing initialized
2024-05-08 11:58:17,798 [FATAL] Updater:308 - Updater called before beeing initialized
2024-05-08 11:58:17,811 [INFO] DbMcusAds:53 - JSON generation date=Thu May 02 01:37:29 PDT 2024 (1714639049318)
2024-05-08 11:58:17,811 [FATAL] Updater:308 - Updater called before beeing initialized
2024-05-08 11:58:17,894 [WARN] DetailPanel:346 - Failed to get advertising image, set to default
2024-05-08 11:58:17,971 [FATAL] Updater:308 - Updater called before beeing initialized
2024-05-08 11:58:17,973 [FATAL] Updater:308 - Updater called before beeing initialized
2024-05-08 11:58:17,973 [FATAL] Updater:308 - Updater called before beeing initialized
2024-05-08 11:58:17,973 [WARN] DetailPanel:346 - Failed to get advertising image, set to default
2024-05-08 11:58:17,974 [FATAL] Updater:308 - Updater called before beeing initialized
2024-05-08 11:58:18,026 [ERROR] Updater:1120 - MainUpdater not yet initialized. External WinMGr cannot be set.
2024-05-08 11:58:18,036 [INFO] Updater:1056 - Updater Version found : 6.10.0
2024-05-08 11:58:18,054 [INFO] ApplicationProperties:184 - Using Application install path: C:\ST\STM32CubeIDE_1.14.0\STM32CubeIDE\plugins\com.st.stm32cube.common.mx_6.10.0.202311202037
2024-05-08 11:58:18,466 [INFO] ThirdPartyUpdaterWithRetryManager:70 - Updater plugin not ready yet. [2/15]
2024-05-08 11:58:19,631 [ERROR] LogOutputStream:75 - [STDERR_REDIRECT] May 08, 2024 11:58:19 AM java.util.prefs.WindowsPreferences <init>
2024-05-08 11:58:19,632 [ERROR] LogOutputStream:75 - [STDERR_REDIRECT] WARNING: Could not open/create prefs root node Software\JavaSoft\Prefs at root 0xffffffff80000002. Windows RegCreateKeyEx(...) returned error code 5.
2024-05-08 11:58:19,632 [ERROR] LogOutputStream:75 - [STDERR_REDIRECT] 
2024-05-08 11:58:20,210 [INFO] MainUpdater:2873 - connection check result : 10
2024-05-08 11:58:20,211 [INFO] MainUpdater:290 - Updater Check For Update Now.
2024-05-08 11:58:20,212 [INFO] MicroXplorer:498 - Change Database Version : DB.6.0.100
2024-05-08 11:58:20,231 [INFO] McuFinderGlobals:63 - Set McuFinder mode to 2 (CubeIDE integrated)
2024-05-08 11:58:20,249 [INFO] UserAuth:404 - Internet connection configuration mode: 1
2024-05-08 11:58:20,282 [INFO] JxBrowserEngine:152 - Initiate JxBrowser Engine with user profile folder
2024-05-08 11:58:20,457 [INFO] CheckServerUpdateThread:120 - End of CheckServer Thread
2024-05-08 11:58:21,647 [WARN] PackLoader:240 - Cannot read IP mode file for STMicroelectronics.FP-SNS-MOTENVWB1.1.4.0
2024-05-08 11:58:21,673 [WARN] PackLoader:240 - Cannot read IP mode file for STMicroelectronics.X-CUBE-SMBUS.2.1.0
2024-05-08 11:58:21,691 [WARN] PackLoader:240 - Cannot read IP mode file for STMicroelectronics.X-CUBE-TOUCHGFX.4.23.0
2024-05-08 11:58:21,711 [WARN] PackLoader:240 - Cannot read IP mode file for STMicroelectronics.X-CUBE-TOUCHGFX.4.23.2
2024-05-08 11:58:21,775 [WARN] PackLoader:240 - Cannot read IP mode file for STMicroelectronics.X-CUBE-AZRTOS-F7.1.1.0
2024-05-08 11:58:21,803 [WARN] PackLoader:240 - Cannot read IP mode file for STMicroelectronics.FP-SNS-MOTENV1.4.3.2
2024-05-08 11:58:21,824 [WARN] PackLoader:240 - Cannot read IP mode file for STMicroelectronics.FP-SNS-FLIGHT1.5.0.2
2024-05-08 11:58:21,843 [WARN] PackLoader:240 - Cannot read IP mode file for STMicroelectronics.X-CUBE-DISPLAY.3.0.0
2024-05-08 11:58:21,867 [WARN] PackLoader:240 - Cannot read IP mode file for STMicroelectronics.X-CUBE-BLE1.7.0.0
2024-05-08 11:58:21,883 [WARN] PackLoader:240 - Cannot read IP mode file for emotas.I-CUBE-CANOPEN.1.3.0
2024-05-08 11:58:21,906 [WARN] PackLoader:240 - Cannot read IP mode file for STMicroelectronics.X-CUBE-BLEMGR.3.1.0
2024-05-08 11:58:21,924 [WARN] PackLoader:240 - Cannot read IP mode file for STMicroelectronics.FP-SNS-SMARTAG2.1.2.0
2024-05-08 11:58:21,946 [INFO] LogOutputStream:77 - [STDOUT_REDIRECT] 1 : Invalid condition id : UX_CORESTACK_Condition cause : null
2024-05-08 11:58:21,946 [INFO] LogOutputStream:77 - [STDOUT_REDIRECT] 1 : Invalid condition id : UX_CORESTACK_Condition cause : null
2024-05-08 11:58:21,948 [INFO] LogOutputStream:77 - [STDOUT_REDIRECT] 1 : Invalid condition id : UX_CORESTACK_Condition cause : null
2024-05-08 11:58:21,949 [INFO] LogOutputStream:77 - [STDOUT_REDIRECT] 1 : Invalid condition id : UX_CORESTACK_Condition cause : null
2024-05-08 11:58:21,950 [INFO] LogOutputStream:77 - [STDOUT_REDIRECT] 1 : Invalid condition id : UX_CORESTACK_Condition cause : null
2024-05-08 11:58:21,952 [WARN] PackLoader:240 - Cannot read IP mode file for STMicroelectronics.X-CUBE-AZRTOS-WL.2.0.0
2024-05-08 11:58:21,965 [WARN] PackLoader:240 - Cannot read IP mode file for STMicroelectronics.FP-SNS-MOTENV1.5.0.0
2024-05-08 11:58:21,980 [WARN] PackLoader:240 - Cannot read IP mode file for WES.I-CUBE-Cesium.1.3.0
2024-05-08 11:58:21,992 [WARN] PackLoader:240 - Cannot read IP mode file for STMicroelectronics.X-CUBE-BLE2.3.3.0
2024-05-08 11:58:22,004 [WARN] PackLoader:240 - Cannot read IP mode file for STMicroelectronics.X-CUBE-TCPP.4.1.0
2024-05-08 11:58:22,019 [WARN] PackLoader:240 - Cannot read IP mode file for STMicroelectronics.X-CUBE-ALGOBUILD.1.3.0
2024-05-08 11:58:22,053 [WARN] PackLoader:240 - Cannot read IP mode file for STMicroelectronics.X-CUBE-AZRTOS-G0.1.1.0
2024-05-08 11:58:22,073 [WARN] PackLoader:240 - Cannot read IP mode file for STMicroelectronics.X-CUBE-SAFEA1.1.2.2
2024-05-08 11:58:22,089 [WARN] PackLoader:240 - Cannot read IP mode file for STMicroelectronics.X-CUBE-NFC4.3.0.0
2024-05-08 11:58:22,111 [WARN] PackLoader:240 - Cannot read IP mode file for STMicroelectronics.X-CUBE-BLEMGR.3.0.0
2024-05-08 11:58:22,129 [WARN] PackLoader:240 - Cannot read IP mode file for STMicroelectronics.FP-ATR-SIGFOX1.3.2.0
2024-05-08 11:58:22,146 [WARN] PackLoader:240 - Cannot read IP mode file for STMicroelectronics.X-CUBE-EEPRMA1.5.1.0
2024-05-08 11:58:22,194 [WARN] PackLoader:240 - Cannot read IP mode file for SEGGER.I-CUBE-embOS.1.3.1
2024-05-08 11:58:22,246 [WARN] PackLoader:240 - Cannot read IP mode file for STMicroelectronics.X-CUBE-GNSS1.6.0.0
2024-05-08 11:58:22,277 [WARN] PackLoader:240 - Cannot read IP mode file for STMicroelectronics.X-CUBE-AZRTOS-F4.1.1.0
2024-05-08 11:58:22,290 [WARN] PackLoader:240 - Cannot read IP mode file for STMicroelectronics.X-CUBE-FREERTOS.1.2.0
2024-05-08 11:58:22,301 [WARN] PackLoader:240 - Cannot read IP mode file for wolfSSL.I-CUBE-wolfSSL.5.6.6
2024-05-08 11:58:22,335 [WARN] PackLoader:240 - Cannot read IP mode file for STMicroelectronics.X-CUBE-AZRTOS-L5.2.0.0
2024-05-08 11:58:22,352 [WARN] PackLoader:240 - Cannot read IP mode file for STMicroelectronics.X-CUBE-EEPRMA1.4.2.0
2024-05-08 11:58:22,371 [WARN] PackLoader:240 - Cannot read IP mode file for STMicroelectronics.X-CUBE-NFC6.3.1.0
2024-05-08 11:58:22,385 [WARN] PackLoader:240 - Cannot read IP mode file for ITTIA_DB.I-CUBE-ITTIADB.8.8.0
2024-05-08 11:58:22,402 [WARN] PackLoader:240 - Cannot read IP mode file for STMicroelectronics.X-CUBE-AI.9.0.0
2024-05-08 11:58:22,413 [WARN] PackLoader:240 - Cannot read IP mode file for STMicroelectronics.X-CUBE-NFC7.1.0.1
2024-05-08 11:58:22,426 [WARN] PackLoader:240 - Cannot read IP mode file for STMicroelectronics.X-CUBE-NFC6.3.0.0
2024-05-08 11:58:22,437 [WARN] PackLoader:240 - Cannot read IP mode file for STMicroelectronics.X-CUBE-AI.8.1.0
2024-05-08 11:58:22,470 [WARN] ConditionMgr:438 - getConditionDescription Invalid condition id : LAN8742 Phy interface Condition cause : null
2024-05-08 11:58:22,470 [WARN] PackLoader:240 - Cannot read IP mode file for STMicroelectronics.X-CUBE-AZRTOS-L4.2.0.0
2024-05-08 11:58:22,471 [WARN] ConditionMgr:1039 - genDependencies : Invalid condition id : LAN8742 Phy interface Condition cause : null
2024-05-08 11:58:22,471 [WARN] ConditionMgr:1039 - genDependencies : Invalid condition id : LAN8742 Phy interface Condition cause : null
2024-05-08 11:58:22,472 [WARN] ConditionMgr:1039 - genDependencies : Invalid condition id : LAN8742 Phy interface Condition cause : null
2024-05-08 11:58:22,488 [WARN] PackLoader:240 - Cannot read IP mode file for STMicroelectronics.X-CUBE-SFXS2LP1.4.0.0
2024-05-08 11:58:22,514 [WARN] ConditionMgr:438 - getConditionDescription Invalid condition id : UX DEVICE CLASS RTOS Condition cause : null
2024-05-08 11:58:22,514 [WARN] ConditionMgr:438 - getConditionDescription Invalid condition id : UX DEVICE CLASS RTOS Condition cause : null
2024-05-08 11:58:22,516 [WARN] PackLoader:240 - Cannot read IP mode file for STMicroelectronics.X-CUBE-AZRTOS-WB.2.0.0
2024-05-08 11:58:22,517 [WARN] ConditionMgr:1039 - genDependencies : Invalid condition id : UX DEVICE CLASS RTOS Condition cause : null
2024-05-08 11:58:22,517 [WARN] ConditionMgr:1039 - genDependencies : Invalid condition id : UX DEVICE CLASS RTOS Condition cause : null
2024-05-08 11:58:22,518 [WARN] ConditionMgr:1039 - genDependencies : Invalid condition id : UX DEVICE CLASS RTOS Condition cause : null
2024-05-08 11:58:22,518 [WARN] ConditionMgr:1039 - genDependencies : Invalid condition id : UX DEVICE CLASS RTOS Condition cause : null
2024-05-08 11:58:22,518 [WARN] ConditionMgr:1039 - genDependencies : Invalid condition id : UX DEVICE CLASS RTOS Condition cause : null
2024-05-08 11:58:22,537 [WARN] PackLoader:240 - Cannot read IP mode file for STMicroelectronics.X-CUBE-SUBG2.5.0.0
2024-05-08 11:58:22,646 [WARN] PackLoader:240 - Cannot read IP mode file for STMicroelectronics.X-CUBE-AZRTOS-G4.2.0.0
2024-05-08 11:58:22,676 [WARN] PackLoader:240 - Cannot read IP mode file for Infineon.AIROC-Wi-Fi-Bluetooth-STM32.1.5.1
2024-05-08 11:58:22,698 [WARN] PackLoader:240 - Cannot read IP mode file for STMicroelectronics.FP-SNS-MOTENVWB1.1.3.1
2024-05-08 11:58:22,761 [WARN] PackLoader:240 - Cannot read IP mode file for STMicroelectronics.X-CUBE-ISPU.2.0.0
2024-05-08 11:58:22,932 [WARN] PackLoader:240 - Cannot read IP mode file for STMicroelectronics.X-CUBE-MEMS1.10.0.0
2024-05-08 11:58:23,120 [WARN] PackLoader:240 - Cannot read IP mode file for STMicroelectronics.X-CUBE-FREERTOS.1.1.0
2024-05-08 11:58:23,165 [WARN] PackLoader:240 - Cannot read IP mode file for portGmbH.I-Cube-SoM-uGOAL.1.1.0
2024-05-08 11:58:23,185 [WARN] PackLoader:240 - Cannot read IP mode file for STMicroelectronics.X-CUBE-ALS.1.0.1
2024-05-08 11:58:23,228 [WARN] PackLoader:240 - Cannot read IP mode file for STMicroelectronics.X-CUBE-AZRTOS-H7RS.1.0.0
2024-05-08 11:58:23,247 [WARN] PackLoader:240 - Cannot read IP mode file for STMicroelectronics.FP-ATR-ASTRA1.2.0.0
2024-05-08 11:58:23,255 [INFO] WebApp:161 - Instantiating new browser for Auth
2024-05-08 11:58:23,274 [WARN] PackLoader:240 - Cannot read IP mode file for STMicroelectronics.X-CUBE-TOF1.3.4.0
2024-05-08 11:58:23,369 [WARN] PackLoader:240 - Cannot read IP mode file for STMicroelectronics.X-CUBE-TOF1.3.4.1
2024-05-08 11:58:23,429 [WARN] PackLoader:240 - Cannot read IP mode file for STMicroelectronics.X-CUBE-AZRTOS-H7.3.2.0
2024-05-08 11:58:23,433 [INFO] ThirdParty:978 - Integrity check success = true
2024-05-08 11:58:23,433 [INFO] IntegrityCheckThread:100 - exiting critical section [integrity check]
2024-05-08 11:58:23,433 [INFO] IntegrityCheckThread:103 - End integrity checks thread
2024-05-08 11:58:24,034 [INFO] WebApp:780 - Register for checkConnection events
2024-05-08 11:58:24,034 [INFO] WebApp:414 - Apply proxy settings
2024-05-08 11:58:24,034 [INFO] WebApp:499 - Chromium requires no authentication
2024-05-08 11:58:24,041 [INFO] WebApp:442 - Direct internet connection detected
2024-05-08 11:58:24,192 [INFO] WebApp:192 - Starting web application
2024-05-08 11:58:24,193 [INFO] WebApp:544 - Web application path used C:\ST\STM32CubeIDE_1.14.0\STM32CubeIDE\plugins\com.st.stm32cube.common.mx_6.10.0.202311202037\db\plugins\mcufinder\reactClient1\index.html
2024-05-08 11:58:34,057 [ERROR] LogOutputStream:75 - [STDERR_REDIRECT] SLF4J: Failed to load class "org.slf4j.impl.StaticLoggerBinder".
2024-05-08 11:58:34,058 [ERROR] LogOutputStream:75 - [STDERR_REDIRECT] SLF4J: Defaulting to no-operation (NOP) logger implementation
2024-05-08 11:58:34,058 [ERROR] LogOutputStream:75 - [STDERR_REDIRECT] SLF4J: See http://www.slf4j.org/codes.html#StaticLoggerBinder for further details.
2024-05-08 11:59:16,728 [ERROR] LogOutputStream:75 - [STDERR_REDIRECT] 
2024-05-08 11:59:16,730 [ERROR] LogOutputStream:75 - [STDERR_REDIRECT] 
2024-05-08 17:13:54,210 [INFO] Activator:176 - 


2024-05-08 17:13:54,212 [INFO] Activator:177 - !SESSION log4j initialized
2024-05-08 17:14:00,775 [INFO] LogOutputStream:77 - [STDOUT_REDIRECT] 
2024-05-08 17:14:03,361 [INFO] ApplicationProperties:184 - Using Application install path: C:\ST\STM32CubeIDE_1.14.0\STM32CubeIDE\plugins\com.st.stm32cube.common.mx_6.10.0.202311202037
2024-05-08 17:14:03,385 [INFO] DbMcusXml:78 - Set database path to: C:\ST\STM32CubeIDE_1.14.0\STM32CubeIDE\plugins\com.st.stm32cube.common.mx_6.10.0.202311202037\\db\/mcu/
2024-05-08 17:14:03,385 [INFO] ApiDb:274 - Set plugin database path to: C:\ST\STM32CubeIDE_1.14.0\STM32CubeIDE\plugins\com.st.stm32cube.common.mx_6.10.0.202311202037\\db\/plugins/boardmanager/
2024-05-08 17:14:03,386 [WARN] ApiDb:259 - Overriding images path with different value:  => C:\ST\STM32CubeIDE_1.14.0\STM32CubeIDE\plugins\com.st.stm32cube.common.mx_6.10.0.202311202037\\db\/plugins/mcufinder/images/
2024-05-08 17:14:03,398 [INFO] ApiDb:250 - Set database path to: C:\Users\thebu\.stmcufinder\plugins\mcufinder//mcu/
2024-05-08 17:14:03,400 [INFO] DbMcusAds:125 - Set database path to: C:\Users\thebu\.stmcufinder\plugins\mcufinder//mcu/
2024-05-08 17:14:03,403 [INFO] CrossReferenceDbSqlite:203 - Set database path to: C:\Users\thebu\.stmcufinder\plugins\mcufinder//mcu/cs/
2024-05-08 17:14:03,546 [INFO] RulesReader:64 - Compatibility file has been processed (297 Rules)
2024-05-08 17:14:03,641 [INFO] DbMcusXml:78 - Set database path to: C:\ST\STM32CubeIDE_1.14.0\STM32CubeIDE\plugins\com.st.stm32cube.common.mx_6.10.0.202311202037\\db\/mcu/
2024-05-08 17:14:03,641 [INFO] ApiDb:274 - Set plugin database path to: C:\ST\STM32CubeIDE_1.14.0\STM32CubeIDE\plugins\com.st.stm32cube.common.mx_6.10.0.202311202037\\db\/plugins/boardmanager/
2024-05-08 17:14:03,642 [INFO] ApiDb:261 - Set plugin images path to: C:\ST\STM32CubeIDE_1.14.0\STM32CubeIDE\plugins\com.st.stm32cube.common.mx_6.10.0.202311202037\\db\/plugins/mcufinder/images/
2024-05-08 17:14:03,642 [WARN] DbFile:41 - Overriding database path with different value: C:\Users\thebu\.stmcufinder\plugins\mcufinder/ => C:\Users\thebu\.stmcufinder\plugins\mcufinder
2024-05-08 17:14:03,642 [INFO] ApiDb:250 - Set database path to: C:\Users\thebu\.stmcufinder\plugins\mcufinder//mcu/
2024-05-08 17:14:03,642 [WARN] DbFile:41 - Overriding database path with different value: C:\Users\thebu\.stmcufinder\plugins\mcufinder/ => C:\Users\thebu\.stmcufinder\plugins\mcufinder
2024-05-08 17:14:03,642 [INFO] DbMcusAds:125 - Set database path to: C:\Users\thebu\.stmcufinder\plugins\mcufinder//mcu/
2024-05-08 17:14:03,642 [WARN] DbFile:41 - Overriding database path with different value: C:\Users\thebu\.stmcufinder\plugins\mcufinder/ => C:\Users\thebu\.stmcufinder\plugins\mcufinder
2024-05-08 17:14:03,642 [WARN] DbFile:41 - Overriding database path with different value: C:\Users\thebu\.stmcufinder\plugins\mcufinder/ => C:\Users\thebu\.stmcufinder\plugins\mcufinder
2024-05-08 17:14:03,642 [INFO] CrossReferenceDbSqlite:203 - Set database path to: C:\Users\thebu\.stmcufinder\plugins\mcufinder//mcu/cs/
2024-05-08 17:14:03,723 [INFO] MainPanel:264 - HeapMemory: 268435456
2024-05-08 17:14:03,832 [INFO] DbMcusXml:78 - Set database path to: C:\ST\STM32CubeIDE_1.14.0\STM32CubeIDE\plugins\com.st.stm32cube.common.mx_6.10.0.202311202037\\db\/mcu/
2024-05-08 17:14:03,832 [INFO] ApiDb:274 - Set plugin database path to: C:\ST\STM32CubeIDE_1.14.0\STM32CubeIDE\plugins\com.st.stm32cube.common.mx_6.10.0.202311202037\\db\/plugins/boardmanager/
2024-05-08 17:14:03,832 [INFO] ApiDb:261 - Set plugin images path to: C:\ST\STM32CubeIDE_1.14.0\STM32CubeIDE\plugins\com.st.stm32cube.common.mx_6.10.0.202311202037\\db\/plugins/mcufinder/images/
2024-05-08 17:14:03,832 [WARN] DbFile:41 - Overriding database path with different value: C:\Users\thebu\.stmcufinder\plugins\mcufinder/ => C:\Users\thebu\.stmcufinder\plugins\mcufinder
2024-05-08 17:14:03,832 [INFO] ApiDb:250 - Set database path to: C:\Users\thebu\.stmcufinder\plugins\mcufinder//mcu/
2024-05-08 17:14:03,832 [WARN] DbFile:41 - Overriding database path with different value: C:\Users\thebu\.stmcufinder\plugins\mcufinder/ => C:\Users\thebu\.stmcufinder\plugins\mcufinder
2024-05-08 17:14:03,832 [INFO] DbMcusAds:125 - Set database path to: C:\Users\thebu\.stmcufinder\plugins\mcufinder//mcu/
2024-05-08 17:14:03,833 [WARN] DbFile:41 - Overriding database path with different value: C:\Users\thebu\.stmcufinder\plugins\mcufinder/ => C:\Users\thebu\.stmcufinder\plugins\mcufinder
2024-05-08 17:14:03,833 [WARN] DbFile:41 - Overriding database path with different value: C:\Users\thebu\.stmcufinder\plugins\mcufinder/ => C:\Users\thebu\.stmcufinder\plugins\mcufinder
2024-05-08 17:14:03,833 [INFO] CrossReferenceDbSqlite:203 - Set database path to: C:\Users\thebu\.stmcufinder\plugins\mcufinder//mcu/cs/
2024-05-08 17:14:03,852 [INFO] ApplicationProperties:184 - Using Application install path: C:\ST\STM32CubeIDE_1.14.0\STM32CubeIDE\plugins\com.st.stm32cube.common.mx_6.10.0.202311202037
2024-05-08 17:14:03,854 [INFO] PluginManage:196 - Search for loadable plugins [exclusion list=, ]
2024-05-08 17:14:03,855 [INFO] PluginManage:310 - Check plugin analytics
2024-05-08 17:14:04,029 [INFO] AnalyticsPlugin:253 - Accepted Software Licenses: 
2024-05-08 17:14:04,030 [INFO] AnalyticsPlugin:255 - Accepted CMSIS Pack Licenses: 
2024-05-08 17:14:04,030 [INFO] AnalyticsPlugin:257 - Accepted Firmware Licenses: FW.L4.1.18.0
2024-05-08 17:14:04,033 [INFO] PluginManage:359 - Loaded plugin analytics (category:tool,tabindex:-1)
2024-05-08 17:14:04,033 [INFO] PluginManage:310 - Check plugin cadmodel
2024-05-08 17:14:04,039 [INFO] CADModel:105 - Init CAD model plugin
2024-05-08 17:14:04,039 [INFO] PluginManage:359 - Loaded plugin cadmodel (category:power,tabindex:5)
2024-05-08 17:14:04,039 [INFO] PluginManage:310 - Check plugin clock
2024-05-08 17:14:04,050 [INFO] PluginManage:359 - Loaded plugin clock (category:base,tabindex:2)
2024-05-08 17:14:04,050 [INFO] PluginManage:310 - Check plugin ddr
2024-05-08 17:14:04,052 [INFO] PluginManage:359 - Loaded plugin ddr (category:tool,tabindex:6)
2024-05-08 17:14:04,052 [INFO] PluginManage:310 - Check plugin filemanager
2024-05-08 17:14:04,196 [INFO] PluginManage:359 - Loaded plugin filemanager (category:base,tabindex:10)
2024-05-08 17:14:04,196 [INFO] PluginManage:310 - Check plugin ipmanager
2024-05-08 17:14:04,204 [INFO] PluginManage:359 - Loaded plugin ipmanager (category:base,tabindex:5)
2024-05-08 17:14:04,204 [INFO] PluginManage:310 - Check plugin lpbam
2024-05-08 17:14:04,212 [INFO] PluginManage:359 - Loaded plugin lpbam (category:base,tabindex:0)
2024-05-08 17:14:04,213 [INFO] PluginManage:310 - Check plugin memorymap
2024-05-08 17:14:04,232 [INFO] PluginManage:359 - Loaded plugin memorymap (category:base,tabindex:4)
2024-05-08 17:14:04,232 [INFO] PluginManage:310 - Check plugin pinoutandconfiguration
2024-05-08 17:14:04,243 [INFO] PluginManage:359 - Loaded plugin pinoutandconfiguration (category:base,tabindex:1)
2024-05-08 17:14:04,244 [INFO] PluginManage:310 - Check plugin pinoutconfig
2024-05-08 17:14:04,357 [WARN] SupportedApi:132 - Cannot load RTOS API schema: s4s-elt-must-match.1: The content of 'definitions' must match (annotation?, (simpleType | complexType)?, (unique | key | keyref)*)). A problem was found starting at: attribute.
2024-05-08 17:14:04,568 [INFO] PluginManage:359 - Loaded plugin pinoutconfig (category:base,tabindex:0)
2024-05-08 17:14:04,569 [INFO] PluginManage:310 - Check plugin power
2024-05-08 17:14:04,583 [INFO] PluginManage:359 - Loaded plugin power (category:power,tabindex:4)
2024-05-08 17:14:04,583 [INFO] PluginManage:310 - Check plugin projectmanager
2024-05-08 17:14:04,605 [INFO] PluginManage:359 - Loaded plugin projectmanager (category:projectmanager,tabindex:3)
2024-05-08 17:14:04,606 [INFO] PluginManage:310 - Check plugin thirdparty
2024-05-08 17:14:04,782 [INFO] PluginManage:359 - Loaded plugin thirdparty (category:base,tabindex:-1)
2024-05-08 17:14:04,782 [INFO] PluginManage:310 - Check plugin tools
2024-05-08 17:14:04,782 [WARN] IntegrityCheckThread:84 - waiting for thirdparty lock release [integrity check]
2024-05-08 17:14:04,783 [INFO] IntegrityCheckThread:86 - entering critical section [integrity check]
2024-05-08 17:14:04,783 [INFO] ThirdPartyUpdaterWithRetryManager:70 - Updater plugin not ready yet. [1/15]
2024-05-08 17:14:04,786 [INFO] PluginManage:359 - Loaded plugin tools (category:base,tabindex:7)
2024-05-08 17:14:04,787 [INFO] PluginManage:310 - Check plugin tutovideos
2024-05-08 17:14:05,164 [INFO] PluginManage:359 - Loaded plugin tutovideos (category:base,tabindex:-1)
2024-05-08 17:14:05,164 [INFO] PluginManage:310 - Check plugin updater
2024-05-08 17:14:05,186 [INFO] PluginManage:359 - Loaded plugin updater (category:base,tabindex:12)
2024-05-08 17:14:05,186 [INFO] PluginManage:310 - Check plugin userauth
2024-05-08 17:14:05,198 [INFO] UserAuth:114 - Init User Auth plugin
2024-05-08 17:14:05,199 [INFO] PluginManage:359 - Loaded plugin userauth (category:base,tabindex:14)
2024-05-08 17:14:05,201 [INFO] PluginManage:283 - PluginManage : Loaded plugins [17]
2024-05-08 17:14:05,549 [INFO] PinOutPanel:1499 - setPackage(No Configuration,No Configuration)
2024-05-08 17:14:05,683 [INFO] CADModel:165 - CPN selected for project level
2024-05-08 17:14:05,683 [INFO] CADModel:114 - Register for checkConnection events
2024-05-08 17:14:05,707 [INFO] IPUIPlugin:80 - create IPUIPlugin
2024-05-08 17:14:05,707 [INFO] PluginManager:220 - loadIPPluginJar : add adc
2024-05-08 17:14:05,711 [INFO] IPUIPlugin:80 - create IPUIPlugin
2024-05-08 17:14:05,711 [INFO] PluginManager:220 - loadIPPluginJar : add aes
2024-05-08 17:14:05,714 [INFO] IPUIPlugin:80 - create IPUIPlugin
2024-05-08 17:14:05,714 [INFO] PluginManager:220 - loadIPPluginJar : add can
2024-05-08 17:14:05,716 [INFO] IPUIPlugin:80 - create IPUIPlugin
2024-05-08 17:14:05,716 [INFO] PluginManager:220 - loadIPPluginJar : add comp
2024-05-08 17:14:05,719 [INFO] IPUIPlugin:80 - create IPUIPlugin
2024-05-08 17:14:05,719 [INFO] PluginManager:220 - loadIPPluginJar : add cryp
2024-05-08 17:14:05,721 [INFO] IPUIPlugin:80 - create IPUIPlugin
2024-05-08 17:14:05,721 [INFO] PluginManager:220 - loadIPPluginJar : add dfsdm
2024-05-08 17:14:05,729 [INFO] IPUIPlugin:80 - create IPUIPlugin
2024-05-08 17:14:05,729 [INFO] PluginManager:220 - loadIPPluginJar : add dma
2024-05-08 17:14:05,732 [INFO] IPUIPlugin:80 - create IPUIPlugin
2024-05-08 17:14:05,732 [INFO] PluginManager:220 - loadIPPluginJar : add dma3
2024-05-08 17:14:05,734 [INFO] IPUIPlugin:80 - create IPUIPlugin
2024-05-08 17:14:05,734 [INFO] PluginManager:220 - loadIPPluginJar : add fatfs
2024-05-08 17:14:05,738 [INFO] IPUIPlugin:80 - create IPUIPlugin
2024-05-08 17:14:05,739 [INFO] PluginManager:220 - loadIPPluginJar : add fmc
2024-05-08 17:14:05,745 [INFO] IPUIPlugin:80 - create IPUIPlugin
2024-05-08 17:14:05,745 [INFO] PluginManager:220 - loadIPPluginJar : add freertos
2024-05-08 17:14:05,747 [INFO] IPUIPlugin:80 - create IPUIPlugin
2024-05-08 17:14:05,747 [INFO] PluginManager:220 - loadIPPluginJar : add genericplugin
2024-05-08 17:14:05,750 [INFO] IPUIPlugin:80 - create IPUIPlugin
2024-05-08 17:14:05,750 [INFO] PluginManager:220 - loadIPPluginJar : add gfxmmu
2024-05-08 17:14:05,755 [INFO] IPUIPlugin:80 - create IPUIPlugin
2024-05-08 17:14:05,755 [INFO] PluginManager:220 - loadIPPluginJar : add gic
2024-05-08 17:14:05,760 [INFO] IPUIPlugin:80 - create IPUIPlugin
2024-05-08 17:14:05,760 [INFO] PluginManager:220 - loadIPPluginJar : add gpio
2024-05-08 17:14:05,763 [INFO] IPUIPlugin:80 - create IPUIPlugin
2024-05-08 17:14:05,763 [INFO] PluginManager:220 - loadIPPluginJar : add gtzc
2024-05-08 17:14:05,766 [INFO] IPUIPlugin:80 - create IPUIPlugin
2024-05-08 17:14:05,766 [INFO] PluginManager:220 - loadIPPluginJar : add hash
2024-05-08 17:14:05,768 [INFO] IPUIPlugin:80 - create IPUIPlugin
2024-05-08 17:14:05,768 [INFO] PluginManager:220 - loadIPPluginJar : add i2c
2024-05-08 17:14:05,771 [INFO] IPUIPlugin:80 - create IPUIPlugin
2024-05-08 17:14:05,771 [INFO] PluginManager:220 - loadIPPluginJar : add i2s
2024-05-08 17:14:05,774 [INFO] IPUIPlugin:80 - create IPUIPlugin
2024-05-08 17:14:05,774 [INFO] PluginManager:220 - loadIPPluginJar : add i3c
2024-05-08 17:14:05,777 [INFO] IPUIPlugin:80 - create IPUIPlugin
2024-05-08 17:14:05,777 [INFO] PluginManager:220 - loadIPPluginJar : add ipddr
2024-05-08 17:14:05,786 [INFO] IPUIPlugin:80 - create IPUIPlugin
2024-05-08 17:14:05,786 [INFO] PluginManager:220 - loadIPPluginJar : add linkedlist
2024-05-08 17:14:05,789 [INFO] IPUIPlugin:80 - create IPUIPlugin
2024-05-08 17:14:05,789 [INFO] PluginManager:220 - loadIPPluginJar : add lorawan
2024-05-08 17:14:05,791 [INFO] IPUIPlugin:80 - create IPUIPlugin
2024-05-08 17:14:05,791 [INFO] PluginManager:220 - loadIPPluginJar : add ltdc
2024-05-08 17:14:05,798 [INFO] IPUIPlugin:80 - create IPUIPlugin
2024-05-08 17:14:05,798 [INFO] PluginManager:220 - loadIPPluginJar : add mdma
2024-05-08 17:14:05,802 [INFO] IPUIPlugin:80 - create IPUIPlugin
2024-05-08 17:14:05,802 [INFO] PluginManager:220 - loadIPPluginJar : add nvic
2024-05-08 17:14:05,805 [INFO] IPUIPlugin:80 - create IPUIPlugin
2024-05-08 17:14:05,805 [INFO] PluginManager:220 - loadIPPluginJar : add opamp
2024-05-08 17:14:05,808 [INFO] IPUIPlugin:80 - create IPUIPlugin
2024-05-08 17:14:05,809 [INFO] PluginManager:220 - loadIPPluginJar : add openamp
2024-05-08 17:14:05,811 [INFO] IPUIPlugin:80 - create IPUIPlugin
2024-05-08 17:14:05,812 [INFO] PluginManager:220 - loadIPPluginJar : add pdm2pcm
2024-05-08 17:14:05,818 [INFO] IPUIPlugin:80 - create IPUIPlugin
2024-05-08 17:14:05,821 [INFO] PluginManager:220 - loadIPPluginJar : add plateformsettings
2024-05-08 17:14:05,823 [INFO] IPUIPlugin:80 - create IPUIPlugin
2024-05-08 17:14:05,823 [INFO] PluginManager:220 - loadIPPluginJar : add quadspi
2024-05-08 17:14:05,828 [INFO] IPUIPlugin:80 - create IPUIPlugin
2024-05-08 17:14:05,828 [INFO] PluginManager:220 - loadIPPluginJar : add resmgrutility
2024-05-08 17:14:05,831 [INFO] IPUIPlugin:80 - create IPUIPlugin
2024-05-08 17:14:05,831 [INFO] PluginManager:220 - loadIPPluginJar : add sai
2024-05-08 17:14:05,833 [INFO] IPUIPlugin:80 - create IPUIPlugin
2024-05-08 17:14:05,833 [INFO] PluginManager:220 - loadIPPluginJar : add spi
2024-05-08 17:14:05,839 [INFO] IPUIPlugin:80 - create IPUIPlugin
2024-05-08 17:14:05,839 [INFO] PluginManager:220 - loadIPPluginJar : add stm32_wpan
2024-05-08 17:14:05,841 [INFO] IPUIPlugin:80 - create IPUIPlugin
2024-05-08 17:14:05,841 [INFO] PluginManager:220 - loadIPPluginJar : add tim
2024-05-08 17:14:05,844 [INFO] IPUIPlugin:80 - create IPUIPlugin
2024-05-08 17:14:05,844 [INFO] PluginManager:220 - loadIPPluginJar : add touchsensing
2024-05-08 17:14:05,846 [INFO] IPUIPlugin:80 - create IPUIPlugin
2024-05-08 17:14:05,846 [INFO] PluginManager:220 - loadIPPluginJar : add tracer_emb
2024-05-08 17:14:05,848 [INFO] IPUIPlugin:80 - create IPUIPlugin
2024-05-08 17:14:05,848 [INFO] PluginManager:220 - loadIPPluginJar : add ts
2024-05-08 17:14:05,850 [INFO] IPUIPlugin:80 - create IPUIPlugin
2024-05-08 17:14:05,850 [INFO] PluginManager:220 - loadIPPluginJar : add tsc
2024-05-08 17:14:05,852 [INFO] IPUIPlugin:80 - create IPUIPlugin
2024-05-08 17:14:05,852 [INFO] PluginManager:220 - loadIPPluginJar : add ucpd
2024-05-08 17:14:05,855 [INFO] IPUIPlugin:80 - create IPUIPlugin
2024-05-08 17:14:05,856 [INFO] PluginManager:220 - loadIPPluginJar : add usart
2024-05-08 17:14:05,859 [INFO] IPUIPlugin:80 - create IPUIPlugin
2024-05-08 17:14:05,859 [INFO] PluginManager:220 - loadIPPluginJar : add usbx
2024-05-08 17:14:06,000 [INFO] CADModel:165 - CPN selected for project level
2024-05-08 17:14:06,000 [INFO] CADModel:114 - Register for checkConnection events
2024-05-08 17:14:06,000 [FATAL] Updater:308 - Updater called before beeing initialized
2024-05-08 17:14:06,001 [ERROR] CADModel:125 - Updater not yet initialized, retry later 
2024-05-08 17:14:06,190 [INFO] CADModel:165 - CPN selected for project level
2024-05-08 17:14:06,190 [INFO] CADModel:114 - Register for checkConnection events
2024-05-08 17:14:06,190 [FATAL] Updater:308 - Updater called before beeing initialized
2024-05-08 17:14:06,190 [ERROR] CADModel:125 - Updater not yet initialized, retry later 
2024-05-08 17:14:06,195 [FATAL] Updater:308 - Updater called before beeing initialized
2024-05-08 17:14:06,342 [FATAL] Updater:308 - Updater called before beeing initialized
2024-05-08 17:14:06,347 [INFO] DbMcusAds:53 - JSON generation date=Thu May 02 01:37:29 PDT 2024 (1714639049318)
2024-05-08 17:14:06,347 [FATAL] Updater:308 - Updater called before beeing initialized
2024-05-08 17:14:06,405 [WARN] DetailPanel:346 - Failed to get advertising image, set to default
2024-05-08 17:14:06,580 [FATAL] Updater:308 - Updater called before beeing initialized
2024-05-08 17:14:06,599 [FATAL] Updater:308 - Updater called before beeing initialized
2024-05-08 17:14:06,600 [FATAL] Updater:308 - Updater called before beeing initialized
2024-05-08 17:14:06,601 [WARN] DetailPanel:346 - Failed to get advertising image, set to default
2024-05-08 17:14:06,604 [FATAL] Updater:308 - Updater called before beeing initialized
2024-05-08 17:14:06,712 [ERROR] Updater:1120 - MainUpdater not yet initialized. External WinMGr cannot be set.
2024-05-08 17:14:06,714 [INFO] Updater:1056 - Updater Version found : 6.10.0
2024-05-08 17:14:06,740 [INFO] ApplicationProperties:184 - Using Application install path: C:\ST\STM32CubeIDE_1.14.0\STM32CubeIDE\plugins\com.st.stm32cube.common.mx_6.10.0.202311202037
2024-05-08 17:14:07,794 [INFO] ThirdPartyUpdaterWithRetryManager:70 - Updater plugin not ready yet. [2/15]
2024-05-08 17:14:08,365 [ERROR] LogOutputStream:75 - [STDERR_REDIRECT] May 08, 2024 5:14:08 PM java.util.prefs.WindowsPreferences <init>
2024-05-08 17:14:08,366 [ERROR] LogOutputStream:75 - [STDERR_REDIRECT] WARNING: Could not open/create prefs root node Software\JavaSoft\Prefs at root 0xffffffff80000002. Windows RegCreateKeyEx(...) returned error code 5.
2024-05-08 17:14:08,366 [ERROR] LogOutputStream:75 - [STDERR_REDIRECT] 
2024-05-08 17:14:08,780 [INFO] MainUpdater:2873 - connection check result : 10
2024-05-08 17:14:08,780 [INFO] MainUpdater:290 - Updater Check For Update Now.
2024-05-08 17:14:08,781 [INFO] MicroXplorer:498 - Change Database Version : DB.6.0.100
2024-05-08 17:14:08,786 [INFO] McuFinderGlobals:63 - Set McuFinder mode to 2 (CubeIDE integrated)
2024-05-08 17:14:08,791 [INFO] UserAuth:404 - Internet connection configuration mode: 1
2024-05-08 17:14:08,809 [INFO] JxBrowserEngine:152 - Initiate JxBrowser Engine with user profile folder
2024-05-08 17:14:08,946 [INFO] CheckServerUpdateThread:120 - End of CheckServer Thread
2024-05-08 17:14:11,144 [WARN] PackLoader:240 - Cannot read IP mode file for STMicroelectronics.FP-SNS-MOTENVWB1.1.4.0
2024-05-08 17:14:11,159 [WARN] PackLoader:240 - Cannot read IP mode file for STMicroelectronics.X-CUBE-SMBUS.2.1.0
2024-05-08 17:14:11,165 [WARN] PackLoader:240 - Cannot read IP mode file for STMicroelectronics.X-CUBE-TOUCHGFX.4.23.0
2024-05-08 17:14:11,169 [WARN] PackLoader:240 - Cannot read IP mode file for STMicroelectronics.X-CUBE-TOUCHGFX.4.23.2
2024-05-08 17:14:11,380 [WARN] PackLoader:240 - Cannot read IP mode file for STMicroelectronics.X-CUBE-AZRTOS-F7.1.1.0
2024-05-08 17:14:11,395 [WARN] PackLoader:240 - Cannot read IP mode file for STMicroelectronics.FP-SNS-MOTENV1.4.3.2
2024-05-08 17:14:11,404 [WARN] PackLoader:240 - Cannot read IP mode file for STMicroelectronics.FP-SNS-FLIGHT1.5.0.2
2024-05-08 17:14:11,416 [WARN] PackLoader:240 - Cannot read IP mode file for STMicroelectronics.X-CUBE-DISPLAY.3.0.0
2024-05-08 17:14:11,434 [WARN] PackLoader:240 - Cannot read IP mode file for STMicroelectronics.X-CUBE-BLE1.7.0.0
2024-05-08 17:14:11,443 [WARN] PackLoader:240 - Cannot read IP mode file for emotas.I-CUBE-CANOPEN.1.3.0
2024-05-08 17:14:11,466 [WARN] PackLoader:240 - Cannot read IP mode file for STMicroelectronics.X-CUBE-BLEMGR.3.1.0
2024-05-08 17:14:11,477 [WARN] PackLoader:240 - Cannot read IP mode file for STMicroelectronics.FP-SNS-SMARTAG2.1.2.0
2024-05-08 17:14:11,493 [INFO] LogOutputStream:77 - [STDOUT_REDIRECT] 1 : Invalid condition id : UX_CORESTACK_Condition cause : null
2024-05-08 17:14:11,493 [INFO] LogOutputStream:77 - [STDOUT_REDIRECT] 1 : Invalid condition id : UX_CORESTACK_Condition cause : null
2024-05-08 17:14:11,495 [INFO] LogOutputStream:77 - [STDOUT_REDIRECT] 1 : Invalid condition id : UX_CORESTACK_Condition cause : null
2024-05-08 17:14:11,496 [INFO] LogOutputStream:77 - [STDOUT_REDIRECT] 1 : Invalid condition id : UX_CORESTACK_Condition cause : null
2024-05-08 17:14:11,498 [INFO] LogOutputStream:77 - [STDOUT_REDIRECT] 1 : Invalid condition id : UX_CORESTACK_Condition cause : null
2024-05-08 17:14:11,505 [WARN] PackLoader:240 - Cannot read IP mode file for STMicroelectronics.X-CUBE-AZRTOS-WL.2.0.0
2024-05-08 17:14:11,514 [WARN] PackLoader:240 - Cannot read IP mode file for STMicroelectronics.FP-SNS-MOTENV1.5.0.0
2024-05-08 17:14:11,530 [WARN] PackLoader:240 - Cannot read IP mode file for WES.I-CUBE-Cesium.1.3.0
2024-05-08 17:14:11,538 [WARN] PackLoader:240 - Cannot read IP mode file for STMicroelectronics.X-CUBE-BLE2.3.3.0
2024-05-08 17:14:11,564 [WARN] PackLoader:240 - Cannot read IP mode file for STMicroelectronics.X-CUBE-TCPP.4.1.0
2024-05-08 17:14:11,612 [WARN] PackLoader:240 - Cannot read IP mode file for STMicroelectronics.X-CUBE-ALGOBUILD.1.3.0
2024-05-08 17:14:11,700 [WARN] PackLoader:240 - Cannot read IP mode file for STMicroelectronics.X-CUBE-AZRTOS-G0.1.1.0
2024-05-08 17:14:11,723 [WARN] PackLoader:240 - Cannot read IP mode file for STMicroelectronics.X-CUBE-SAFEA1.1.2.2
2024-05-08 17:14:11,736 [WARN] PackLoader:240 - Cannot read IP mode file for STMicroelectronics.X-CUBE-NFC4.3.0.0
2024-05-08 17:14:11,756 [WARN] PackLoader:240 - Cannot read IP mode file for STMicroelectronics.X-CUBE-BLEMGR.3.0.0
2024-05-08 17:14:11,818 [WARN] PackLoader:240 - Cannot read IP mode file for STMicroelectronics.FP-ATR-SIGFOX1.3.2.0
2024-05-08 17:14:11,834 [WARN] PackLoader:240 - Cannot read IP mode file for STMicroelectronics.X-CUBE-EEPRMA1.5.1.0
2024-05-08 17:14:11,910 [INFO] WebApp:161 - Instantiating new browser for Auth
2024-05-08 17:14:11,961 [WARN] PackLoader:240 - Cannot read IP mode file for SEGGER.I-CUBE-embOS.1.3.1
2024-05-08 17:14:12,267 [WARN] PackLoader:240 - Cannot read IP mode file for STMicroelectronics.X-CUBE-GNSS1.6.0.0
2024-05-08 17:14:12,373 [WARN] PackLoader:240 - Cannot read IP mode file for STMicroelectronics.X-CUBE-AZRTOS-F4.1.1.0
2024-05-08 17:14:12,425 [WARN] PackLoader:240 - Cannot read IP mode file for STMicroelectronics.X-CUBE-FREERTOS.1.2.0
2024-05-08 17:14:12,439 [WARN] PackLoader:240 - Cannot read IP mode file for wolfSSL.I-CUBE-wolfSSL.5.6.6
2024-05-08 17:14:12,536 [WARN] PackLoader:240 - Cannot read IP mode file for STMicroelectronics.X-CUBE-AZRTOS-L5.2.0.0
2024-05-08 17:14:12,575 [WARN] PackLoader:240 - Cannot read IP mode file for STMicroelectronics.X-CUBE-EEPRMA1.4.2.0
2024-05-08 17:14:12,611 [WARN] PackLoader:240 - Cannot read IP mode file for STMicroelectronics.X-CUBE-NFC6.3.1.0
2024-05-08 17:14:12,641 [WARN] PackLoader:240 - Cannot read IP mode file for ITTIA_DB.I-CUBE-ITTIADB.8.8.0
2024-05-08 17:14:12,649 [WARN] PackLoader:240 - Cannot read IP mode file for STMicroelectronics.X-CUBE-AI.9.0.0
2024-05-08 17:14:12,660 [WARN] PackLoader:240 - Cannot read IP mode file for STMicroelectronics.X-CUBE-NFC7.1.0.1
2024-05-08 17:14:12,691 [WARN] PackLoader:240 - Cannot read IP mode file for STMicroelectronics.X-CUBE-NFC6.3.0.0
2024-05-08 17:14:12,699 [WARN] PackLoader:240 - Cannot read IP mode file for STMicroelectronics.X-CUBE-AI.8.1.0
2024-05-08 17:14:12,731 [WARN] ConditionMgr:438 - getConditionDescription Invalid condition id : LAN8742 Phy interface Condition cause : null
2024-05-08 17:14:12,732 [WARN] PackLoader:240 - Cannot read IP mode file for STMicroelectronics.X-CUBE-AZRTOS-L4.2.0.0
2024-05-08 17:14:12,735 [WARN] ConditionMgr:1039 - genDependencies : Invalid condition id : LAN8742 Phy interface Condition cause : null
2024-05-08 17:14:12,735 [WARN] ConditionMgr:1039 - genDependencies : Invalid condition id : LAN8742 Phy interface Condition cause : null
2024-05-08 17:14:12,737 [WARN] ConditionMgr:1039 - genDependencies : Invalid condition id : LAN8742 Phy interface Condition cause : null
2024-05-08 17:14:12,747 [WARN] PackLoader:240 - Cannot read IP mode file for STMicroelectronics.X-CUBE-SFXS2LP1.4.0.0
2024-05-08 17:14:12,766 [WARN] ConditionMgr:438 - getConditionDescription Invalid condition id : UX DEVICE CLASS RTOS Condition cause : null
2024-05-08 17:14:12,767 [WARN] ConditionMgr:438 - getConditionDescription Invalid condition id : UX DEVICE CLASS RTOS Condition cause : null
2024-05-08 17:14:12,770 [WARN] PackLoader:240 - Cannot read IP mode file for STMicroelectronics.X-CUBE-AZRTOS-WB.2.0.0
2024-05-08 17:14:12,771 [WARN] ConditionMgr:1039 - genDependencies : Invalid condition id : UX DEVICE CLASS RTOS Condition cause : null
2024-05-08 17:14:12,771 [WARN] ConditionMgr:1039 - genDependencies : Invalid condition id : UX DEVICE CLASS RTOS Condition cause : null
2024-05-08 17:14:12,772 [WARN] ConditionMgr:1039 - genDependencies : Invalid condition id : UX DEVICE CLASS RTOS Condition cause : null
2024-05-08 17:14:12,772 [WARN] ConditionMgr:1039 - genDependencies : Invalid condition id : UX DEVICE CLASS RTOS Condition cause : null
2024-05-08 17:14:12,772 [WARN] ConditionMgr:1039 - genDependencies : Invalid condition id : UX DEVICE CLASS RTOS Condition cause : null
2024-05-08 17:14:12,786 [WARN] PackLoader:240 - Cannot read IP mode file for STMicroelectronics.X-CUBE-SUBG2.5.0.0
2024-05-08 17:14:12,813 [WARN] PackLoader:240 - Cannot read IP mode file for STMicroelectronics.X-CUBE-AZRTOS-G4.2.0.0
2024-05-08 17:14:12,828 [WARN] PackLoader:240 - Cannot read IP mode file for Infineon.AIROC-Wi-Fi-Bluetooth-STM32.1.5.1
2024-05-08 17:14:12,836 [WARN] PackLoader:240 - Cannot read IP mode file for STMicroelectronics.FP-SNS-MOTENVWB1.1.3.1
2024-05-08 17:14:12,842 [WARN] PackLoader:240 - Cannot read IP mode file for STMicroelectronics.X-CUBE-ISPU.2.0.0
2024-05-08 17:14:12,909 [WARN] PackLoader:240 - Cannot read IP mode file for STMicroelectronics.X-CUBE-MEMS1.10.0.0
2024-05-08 17:14:13,179 [WARN] PackLoader:240 - Cannot read IP mode file for STMicroelectronics.X-CUBE-FREERTOS.1.1.0
2024-05-08 17:14:13,204 [WARN] PackLoader:240 - Cannot read IP mode file for portGmbH.I-Cube-SoM-uGOAL.1.1.0
2024-05-08 17:14:13,223 [WARN] PackLoader:240 - Cannot read IP mode file for STMicroelectronics.X-CUBE-ALS.1.0.1
2024-05-08 17:14:13,264 [WARN] PackLoader:240 - Cannot read IP mode file for STMicroelectronics.X-CUBE-AZRTOS-H7RS.1.0.0
2024-05-08 17:14:13,275 [WARN] PackLoader:240 - Cannot read IP mode file for STMicroelectronics.FP-ATR-ASTRA1.2.0.0
2024-05-08 17:14:13,302 [WARN] PackLoader:240 - Cannot read IP mode file for STMicroelectronics.X-CUBE-TOF1.3.4.0
2024-05-08 17:14:13,364 [WARN] PackLoader:240 - Cannot read IP mode file for STMicroelectronics.X-CUBE-TOF1.3.4.1
2024-05-08 17:14:13,544 [WARN] PackLoader:240 - Cannot read IP mode file for STMicroelectronics.X-CUBE-AZRTOS-H7.3.2.0
2024-05-08 17:14:13,554 [INFO] ThirdParty:978 - Integrity check success = true
2024-05-08 17:14:13,554 [INFO] IntegrityCheckThread:100 - exiting critical section [integrity check]
2024-05-08 17:14:13,554 [INFO] IntegrityCheckThread:103 - End integrity checks thread
2024-05-08 17:14:13,727 [INFO] WebApp:780 - Register for checkConnection events
2024-05-08 17:14:13,728 [INFO] WebApp:414 - Apply proxy settings
2024-05-08 17:14:13,729 [INFO] WebApp:499 - Chromium requires no authentication
2024-05-08 17:14:13,746 [INFO] WebApp:442 - Direct internet connection detected
2024-05-08 17:14:14,050 [INFO] WebApp:192 - Starting web application
2024-05-08 17:14:14,051 [INFO] WebApp:544 - Web application path used C:\ST\STM32CubeIDE_1.14.0\STM32CubeIDE\plugins\com.st.stm32cube.common.mx_6.10.0.202311202037\db\plugins\mcufinder\reactClient1\index.html
2024-05-08 17:14:23,445 [ERROR] LogOutputStream:75 - [STDERR_REDIRECT] SLF4J: Failed to load class "org.slf4j.impl.StaticLoggerBinder".
2024-05-08 17:14:23,446 [ERROR] LogOutputStream:75 - [STDERR_REDIRECT] SLF4J: Defaulting to no-operation (NOP) logger implementation
2024-05-08 17:14:23,448 [ERROR] LogOutputStream:75 - [STDERR_REDIRECT] SLF4J: See http://www.slf4j.org/codes.html#StaticLoggerBinder for further details.
2024-05-08 17:24:24,835 [ERROR] LogOutputStream:75 - [STDERR_REDIRECT] 
2024-05-08 17:24:24,837 [ERROR] LogOutputStream:75 - [STDERR_REDIRECT] 
