2024-04-25 10:00:42,717 [ERROR] LogOutputStream:75 - [STDERR_REDIRECT] 
2024-04-25 13:10:15,701 [INFO] Activator:176 - 


2024-04-25 13:10:15,701 [INFO] Activator:177 - !SESSION log4j initialized
2024-04-25 13:10:25,673 [INFO] LogOutputStream:77 - [STDOUT_REDIRECT] 
2024-04-25 13:10:29,659 [INFO] ApplicationProperties:184 - Using Application install path: C:\ST\STM32CubeIDE_1.14.0\STM32CubeIDE\plugins\com.st.stm32cube.common.mx_6.10.0.202311202037
2024-04-25 13:10:29,681 [INFO] DbMcusXml:78 - Set database path to: C:\ST\STM32CubeIDE_1.14.0\STM32CubeIDE\plugins\com.st.stm32cube.common.mx_6.10.0.202311202037\\db\/mcu/
2024-04-25 13:10:29,682 [INFO] ApiDb:274 - Set plugin database path to: C:\ST\STM32CubeIDE_1.14.0\STM32CubeIDE\plugins\com.st.stm32cube.common.mx_6.10.0.202311202037\\db\/plugins/boardmanager/
2024-04-25 13:10:29,682 [WARN] ApiDb:259 - Overriding images path with different value:  => C:\ST\STM32CubeIDE_1.14.0\STM32CubeIDE\plugins\com.st.stm32cube.common.mx_6.10.0.202311202037\\db\/plugins/mcufinder/images/
2024-04-25 13:10:29,692 [INFO] ApiDb:250 - Set database path to: C:\Users\thebu\.stmcufinder\plugins\mcufinder//mcu/
2024-04-25 13:10:29,693 [INFO] DbMcusAds:125 - Set database path to: C:\Users\thebu\.stmcufinder\plugins\mcufinder//mcu/
2024-04-25 13:10:29,696 [INFO] CrossReferenceDbSqlite:203 - Set database path to: C:\Users\thebu\.stmcufinder\plugins\mcufinder//mcu/cs/
2024-04-25 13:10:29,852 [INFO] RulesReader:64 - Compatibility file has been processed (297 Rules)
2024-04-25 13:10:29,947 [INFO] DbMcusXml:78 - Set database path to: C:\ST\STM32CubeIDE_1.14.0\STM32CubeIDE\plugins\com.st.stm32cube.common.mx_6.10.0.202311202037\\db\/mcu/
2024-04-25 13:10:29,947 [INFO] ApiDb:274 - Set plugin database path to: C:\ST\STM32CubeIDE_1.14.0\STM32CubeIDE\plugins\com.st.stm32cube.common.mx_6.10.0.202311202037\\db\/plugins/boardmanager/
2024-04-25 13:10:29,948 [INFO] ApiDb:261 - Set plugin images path to: C:\ST\STM32CubeIDE_1.14.0\STM32CubeIDE\plugins\com.st.stm32cube.common.mx_6.10.0.202311202037\\db\/plugins/mcufinder/images/
2024-04-25 13:10:29,948 [WARN] DbFile:41 - Overriding database path with different value: C:\Users\thebu\.stmcufinder\plugins\mcufinder/ => C:\Users\thebu\.stmcufinder\plugins\mcufinder
2024-04-25 13:10:29,948 [INFO] ApiDb:250 - Set database path to: C:\Users\thebu\.stmcufinder\plugins\mcufinder//mcu/
2024-04-25 13:10:29,949 [WARN] DbFile:41 - Overriding database path with different value: C:\Users\thebu\.stmcufinder\plugins\mcufinder/ => C:\Users\thebu\.stmcufinder\plugins\mcufinder
2024-04-25 13:10:29,949 [INFO] DbMcusAds:125 - Set database path to: C:\Users\thebu\.stmcufinder\plugins\mcufinder//mcu/
2024-04-25 13:10:29,949 [WARN] DbFile:41 - Overriding database path with different value: C:\Users\thebu\.stmcufinder\plugins\mcufinder/ => C:\Users\thebu\.stmcufinder\plugins\mcufinder
2024-04-25 13:10:29,949 [WARN] DbFile:41 - Overriding database path with different value: C:\Users\thebu\.stmcufinder\plugins\mcufinder/ => C:\Users\thebu\.stmcufinder\plugins\mcufinder
2024-04-25 13:10:29,949 [INFO] CrossReferenceDbSqlite:203 - Set database path to: C:\Users\thebu\.stmcufinder\plugins\mcufinder//mcu/cs/
2024-04-25 13:10:30,046 [INFO] MainPanel:264 - HeapMemory: 268435456
2024-04-25 13:10:30,172 [INFO] DbMcusXml:78 - Set database path to: C:\ST\STM32CubeIDE_1.14.0\STM32CubeIDE\plugins\com.st.stm32cube.common.mx_6.10.0.202311202037\\db\/mcu/
2024-04-25 13:10:30,172 [INFO] ApiDb:274 - Set plugin database path to: C:\ST\STM32CubeIDE_1.14.0\STM32CubeIDE\plugins\com.st.stm32cube.common.mx_6.10.0.202311202037\\db\/plugins/boardmanager/
2024-04-25 13:10:30,173 [INFO] ApiDb:261 - Set plugin images path to: C:\ST\STM32CubeIDE_1.14.0\STM32CubeIDE\plugins\com.st.stm32cube.common.mx_6.10.0.202311202037\\db\/plugins/mcufinder/images/
2024-04-25 13:10:30,173 [WARN] DbFile:41 - Overriding database path with different value: C:\Users\thebu\.stmcufinder\plugins\mcufinder/ => C:\Users\thebu\.stmcufinder\plugins\mcufinder
2024-04-25 13:10:30,173 [INFO] ApiDb:250 - Set database path to: C:\Users\thebu\.stmcufinder\plugins\mcufinder//mcu/
2024-04-25 13:10:30,173 [WARN] DbFile:41 - Overriding database path with different value: C:\Users\thebu\.stmcufinder\plugins\mcufinder/ => C:\Users\thebu\.stmcufinder\plugins\mcufinder
2024-04-25 13:10:30,173 [INFO] DbMcusAds:125 - Set database path to: C:\Users\thebu\.stmcufinder\plugins\mcufinder//mcu/
2024-04-25 13:10:30,173 [WARN] DbFile:41 - Overriding database path with different value: C:\Users\thebu\.stmcufinder\plugins\mcufinder/ => C:\Users\thebu\.stmcufinder\plugins\mcufinder
2024-04-25 13:10:30,173 [WARN] DbFile:41 - Overriding database path with different value: C:\Users\thebu\.stmcufinder\plugins\mcufinder/ => C:\Users\thebu\.stmcufinder\plugins\mcufinder
2024-04-25 13:10:30,174 [INFO] CrossReferenceDbSqlite:203 - Set database path to: C:\Users\thebu\.stmcufinder\plugins\mcufinder//mcu/cs/
2024-04-25 13:10:30,199 [INFO] ApplicationProperties:184 - Using Application install path: C:\ST\STM32CubeIDE_1.14.0\STM32CubeIDE\plugins\com.st.stm32cube.common.mx_6.10.0.202311202037
2024-04-25 13:10:30,201 [INFO] PluginManage:196 - Search for loadable plugins [exclusion list=, ]
2024-04-25 13:10:30,203 [INFO] PluginManage:310 - Check plugin analytics
2024-04-25 13:10:30,438 [INFO] AnalyticsPlugin:253 - Accepted Software Licenses: 
2024-04-25 13:10:30,438 [INFO] AnalyticsPlugin:255 - Accepted CMSIS Pack Licenses: 
2024-04-25 13:10:30,438 [INFO] AnalyticsPlugin:257 - Accepted Firmware Licenses: FW.L4.1.18.0
2024-04-25 13:10:30,442 [INFO] PluginManage:359 - Loaded plugin analytics (category:tool,tabindex:-1)
2024-04-25 13:10:30,442 [INFO] PluginManage:310 - Check plugin cadmodel
2024-04-25 13:10:30,458 [INFO] CADModel:105 - Init CAD model plugin
2024-04-25 13:10:30,458 [INFO] PluginManage:359 - Loaded plugin cadmodel (category:power,tabindex:5)
2024-04-25 13:10:30,458 [INFO] PluginManage:310 - Check plugin clock
2024-04-25 13:10:30,481 [INFO] PluginManage:359 - Loaded plugin clock (category:base,tabindex:2)
2024-04-25 13:10:30,481 [INFO] PluginManage:310 - Check plugin ddr
2024-04-25 13:10:30,483 [INFO] PluginManage:359 - Loaded plugin ddr (category:tool,tabindex:6)
2024-04-25 13:10:30,484 [INFO] PluginManage:310 - Check plugin filemanager
2024-04-25 13:10:30,652 [INFO] PluginManage:359 - Loaded plugin filemanager (category:base,tabindex:10)
2024-04-25 13:10:30,652 [INFO] PluginManage:310 - Check plugin ipmanager
2024-04-25 13:10:30,662 [INFO] PluginManage:359 - Loaded plugin ipmanager (category:base,tabindex:5)
2024-04-25 13:10:30,662 [INFO] PluginManage:310 - Check plugin lpbam
2024-04-25 13:10:30,686 [INFO] PluginManage:359 - Loaded plugin lpbam (category:base,tabindex:0)
2024-04-25 13:10:30,686 [INFO] PluginManage:310 - Check plugin memorymap
2024-04-25 13:10:30,714 [INFO] PluginManage:359 - Loaded plugin memorymap (category:base,tabindex:4)
2024-04-25 13:10:30,715 [INFO] PluginManage:310 - Check plugin pinoutandconfiguration
2024-04-25 13:10:30,734 [INFO] PluginManage:359 - Loaded plugin pinoutandconfiguration (category:base,tabindex:1)
2024-04-25 13:10:30,734 [INFO] PluginManage:310 - Check plugin pinoutconfig
2024-04-25 13:10:30,878 [WARN] SupportedApi:132 - Cannot load RTOS API schema: s4s-elt-must-match.1: The content of 'definitions' must match (annotation?, (simpleType | complexType)?, (unique | key | keyref)*)). A problem was found starting at: attribute.
2024-04-25 13:10:31,055 [INFO] PluginManage:359 - Loaded plugin pinoutconfig (category:base,tabindex:0)
2024-04-25 13:10:31,056 [INFO] PluginManage:310 - Check plugin power
2024-04-25 13:10:31,082 [INFO] PluginManage:359 - Loaded plugin power (category:power,tabindex:4)
2024-04-25 13:10:31,082 [INFO] PluginManage:310 - Check plugin projectmanager
2024-04-25 13:10:31,102 [INFO] PluginManage:359 - Loaded plugin projectmanager (category:projectmanager,tabindex:3)
2024-04-25 13:10:31,103 [INFO] PluginManage:310 - Check plugin thirdparty
2024-04-25 13:10:31,499 [INFO] PluginManage:359 - Loaded plugin thirdparty (category:base,tabindex:-1)
2024-04-25 13:10:31,499 [WARN] IntegrityCheckThread:84 - waiting for thirdparty lock release [integrity check]
2024-04-25 13:10:31,499 [INFO] PluginManage:310 - Check plugin tools
2024-04-25 13:10:31,499 [INFO] IntegrityCheckThread:86 - entering critical section [integrity check]
2024-04-25 13:10:31,500 [INFO] ThirdPartyUpdaterWithRetryManager:70 - Updater plugin not ready yet. [1/15]
2024-04-25 13:10:31,548 [INFO] PluginManage:359 - Loaded plugin tools (category:base,tabindex:7)
2024-04-25 13:10:31,548 [INFO] PluginManage:310 - Check plugin tutovideos
2024-04-25 13:10:31,797 [INFO] PluginManage:359 - Loaded plugin tutovideos (category:base,tabindex:-1)
2024-04-25 13:10:31,798 [INFO] PluginManage:310 - Check plugin updater
2024-04-25 13:10:31,813 [INFO] PluginManage:359 - Loaded plugin updater (category:base,tabindex:12)
2024-04-25 13:10:31,813 [INFO] PluginManage:310 - Check plugin userauth
2024-04-25 13:10:31,821 [INFO] UserAuth:114 - Init User Auth plugin
2024-04-25 13:10:31,821 [INFO] PluginManage:359 - Loaded plugin userauth (category:base,tabindex:14)
2024-04-25 13:10:31,822 [INFO] PluginManage:283 - PluginManage : Loaded plugins [17]
2024-04-25 13:10:32,104 [INFO] PinOutPanel:1499 - setPackage(No Configuration,No Configuration)
2024-04-25 13:10:32,210 [INFO] CADModel:165 - CPN selected for project level
2024-04-25 13:10:32,210 [INFO] CADModel:114 - Register for checkConnection events
2024-04-25 13:10:32,250 [INFO] IPUIPlugin:80 - create IPUIPlugin
2024-04-25 13:10:32,251 [INFO] PluginManager:220 - loadIPPluginJar : add adc
2024-04-25 13:10:32,319 [INFO] IPUIPlugin:80 - create IPUIPlugin
2024-04-25 13:10:32,319 [INFO] PluginManager:220 - loadIPPluginJar : add aes
2024-04-25 13:10:32,401 [INFO] IPUIPlugin:80 - create IPUIPlugin
2024-04-25 13:10:32,401 [INFO] PluginManager:220 - loadIPPluginJar : add can
2024-04-25 13:10:32,433 [INFO] IPUIPlugin:80 - create IPUIPlugin
2024-04-25 13:10:32,433 [INFO] PluginManager:220 - loadIPPluginJar : add comp
2024-04-25 13:10:32,487 [INFO] IPUIPlugin:80 - create IPUIPlugin
2024-04-25 13:10:32,487 [INFO] PluginManager:220 - loadIPPluginJar : add cryp
2024-04-25 13:10:32,520 [INFO] IPUIPlugin:80 - create IPUIPlugin
2024-04-25 13:10:32,520 [INFO] PluginManager:220 - loadIPPluginJar : add dfsdm
2024-04-25 13:10:32,539 [INFO] IPUIPlugin:80 - create IPUIPlugin
2024-04-25 13:10:32,540 [INFO] PluginManager:220 - loadIPPluginJar : add dma
2024-04-25 13:10:32,595 [INFO] IPUIPlugin:80 - create IPUIPlugin
2024-04-25 13:10:32,597 [INFO] PluginManager:220 - loadIPPluginJar : add dma3
2024-04-25 13:10:32,620 [INFO] IPUIPlugin:80 - create IPUIPlugin
2024-04-25 13:10:32,620 [INFO] PluginManager:220 - loadIPPluginJar : add fatfs
2024-04-25 13:10:32,679 [INFO] IPUIPlugin:80 - create IPUIPlugin
2024-04-25 13:10:32,679 [INFO] PluginManager:220 - loadIPPluginJar : add fmc
2024-04-25 13:10:32,695 [INFO] IPUIPlugin:80 - create IPUIPlugin
2024-04-25 13:10:32,696 [INFO] PluginManager:220 - loadIPPluginJar : add freertos
2024-04-25 13:10:32,719 [INFO] IPUIPlugin:80 - create IPUIPlugin
2024-04-25 13:10:32,719 [INFO] PluginManager:220 - loadIPPluginJar : add genericplugin
2024-04-25 13:10:32,826 [INFO] IPUIPlugin:80 - create IPUIPlugin
2024-04-25 13:10:32,826 [INFO] PluginManager:220 - loadIPPluginJar : add gfxmmu
2024-04-25 13:10:33,011 [INFO] IPUIPlugin:80 - create IPUIPlugin
2024-04-25 13:10:33,011 [INFO] PluginManager:220 - loadIPPluginJar : add gic
2024-04-25 13:10:33,028 [INFO] IPUIPlugin:80 - create IPUIPlugin
2024-04-25 13:10:33,028 [INFO] PluginManager:220 - loadIPPluginJar : add gpio
2024-04-25 13:10:33,156 [INFO] IPUIPlugin:80 - create IPUIPlugin
2024-04-25 13:10:33,156 [INFO] PluginManager:220 - loadIPPluginJar : add gtzc
2024-04-25 13:10:33,201 [INFO] IPUIPlugin:80 - create IPUIPlugin
2024-04-25 13:10:33,201 [INFO] PluginManager:220 - loadIPPluginJar : add hash
2024-04-25 13:10:33,273 [INFO] IPUIPlugin:80 - create IPUIPlugin
2024-04-25 13:10:33,273 [INFO] PluginManager:220 - loadIPPluginJar : add i2c
2024-04-25 13:10:33,326 [INFO] IPUIPlugin:80 - create IPUIPlugin
2024-04-25 13:10:33,326 [INFO] PluginManager:220 - loadIPPluginJar : add i2s
2024-04-25 13:10:33,379 [INFO] IPUIPlugin:80 - create IPUIPlugin
2024-04-25 13:10:33,380 [INFO] PluginManager:220 - loadIPPluginJar : add i3c
2024-04-25 13:10:33,516 [INFO] IPUIPlugin:80 - create IPUIPlugin
2024-04-25 13:10:33,516 [INFO] PluginManager:220 - loadIPPluginJar : add ipddr
2024-04-25 13:10:33,636 [INFO] IPUIPlugin:80 - create IPUIPlugin
2024-04-25 13:10:33,636 [INFO] PluginManager:220 - loadIPPluginJar : add linkedlist
2024-04-25 13:10:33,688 [INFO] IPUIPlugin:80 - create IPUIPlugin
2024-04-25 13:10:33,689 [INFO] PluginManager:220 - loadIPPluginJar : add lorawan
2024-04-25 13:10:33,728 [INFO] IPUIPlugin:80 - create IPUIPlugin
2024-04-25 13:10:33,729 [INFO] PluginManager:220 - loadIPPluginJar : add ltdc
2024-04-25 13:10:33,752 [INFO] IPUIPlugin:80 - create IPUIPlugin
2024-04-25 13:10:33,752 [INFO] PluginManager:220 - loadIPPluginJar : add mdma
2024-04-25 13:10:33,766 [INFO] IPUIPlugin:80 - create IPUIPlugin
2024-04-25 13:10:33,767 [INFO] PluginManager:220 - loadIPPluginJar : add nvic
2024-04-25 13:10:33,807 [INFO] IPUIPlugin:80 - create IPUIPlugin
2024-04-25 13:10:33,807 [INFO] PluginManager:220 - loadIPPluginJar : add opamp
2024-04-25 13:10:33,882 [INFO] IPUIPlugin:80 - create IPUIPlugin
2024-04-25 13:10:33,882 [INFO] PluginManager:220 - loadIPPluginJar : add openamp
2024-04-25 13:10:33,925 [INFO] IPUIPlugin:80 - create IPUIPlugin
2024-04-25 13:10:33,925 [INFO] PluginManager:220 - loadIPPluginJar : add pdm2pcm
2024-04-25 13:10:33,942 [INFO] IPUIPlugin:80 - create IPUIPlugin
2024-04-25 13:10:33,945 [INFO] PluginManager:220 - loadIPPluginJar : add plateformsettings
2024-04-25 13:10:33,968 [INFO] IPUIPlugin:80 - create IPUIPlugin
2024-04-25 13:10:33,968 [INFO] PluginManager:220 - loadIPPluginJar : add quadspi
2024-04-25 13:10:33,979 [INFO] IPUIPlugin:80 - create IPUIPlugin
2024-04-25 13:10:33,979 [INFO] PluginManager:220 - loadIPPluginJar : add resmgrutility
2024-04-25 13:10:34,024 [INFO] IPUIPlugin:80 - create IPUIPlugin
2024-04-25 13:10:34,024 [INFO] PluginManager:220 - loadIPPluginJar : add sai
2024-04-25 13:10:34,055 [INFO] IPUIPlugin:80 - create IPUIPlugin
2024-04-25 13:10:34,055 [INFO] PluginManager:220 - loadIPPluginJar : add spi
2024-04-25 13:10:34,107 [INFO] IPUIPlugin:80 - create IPUIPlugin
2024-04-25 13:10:34,107 [INFO] PluginManager:220 - loadIPPluginJar : add stm32_wpan
2024-04-25 13:10:34,127 [INFO] IPUIPlugin:80 - create IPUIPlugin
2024-04-25 13:10:34,127 [INFO] PluginManager:220 - loadIPPluginJar : add tim
2024-04-25 13:10:34,191 [INFO] IPUIPlugin:80 - create IPUIPlugin
2024-04-25 13:10:34,191 [INFO] PluginManager:220 - loadIPPluginJar : add touchsensing
2024-04-25 13:10:34,219 [INFO] IPUIPlugin:80 - create IPUIPlugin
2024-04-25 13:10:34,219 [INFO] PluginManager:220 - loadIPPluginJar : add tracer_emb
2024-04-25 13:10:34,254 [INFO] IPUIPlugin:80 - create IPUIPlugin
2024-04-25 13:10:34,254 [INFO] PluginManager:220 - loadIPPluginJar : add ts
2024-04-25 13:10:34,281 [INFO] IPUIPlugin:80 - create IPUIPlugin
2024-04-25 13:10:34,282 [INFO] PluginManager:220 - loadIPPluginJar : add tsc
2024-04-25 13:10:34,305 [INFO] IPUIPlugin:80 - create IPUIPlugin
2024-04-25 13:10:34,305 [INFO] PluginManager:220 - loadIPPluginJar : add ucpd
2024-04-25 13:10:34,343 [INFO] IPUIPlugin:80 - create IPUIPlugin
2024-04-25 13:10:34,343 [INFO] PluginManager:220 - loadIPPluginJar : add usart
2024-04-25 13:10:34,382 [INFO] IPUIPlugin:80 - create IPUIPlugin
2024-04-25 13:10:34,382 [INFO] PluginManager:220 - loadIPPluginJar : add usbx
2024-04-25 13:10:34,504 [INFO] ThirdPartyUpdaterWithRetryManager:70 - Updater plugin not ready yet. [2/15]
2024-04-25 13:10:34,546 [INFO] CADModel:165 - CPN selected for project level
2024-04-25 13:10:34,547 [INFO] CADModel:114 - Register for checkConnection events
2024-04-25 13:10:34,547 [FATAL] Updater:308 - Updater called before beeing initialized
2024-04-25 13:10:34,547 [ERROR] CADModel:125 - Updater not yet initialized, retry later 
2024-04-25 13:10:34,737 [INFO] CADModel:165 - CPN selected for project level
2024-04-25 13:10:34,737 [INFO] CADModel:114 - Register for checkConnection events
2024-04-25 13:10:34,738 [FATAL] Updater:308 - Updater called before beeing initialized
2024-04-25 13:10:34,738 [ERROR] CADModel:125 - Updater not yet initialized, retry later 
2024-04-25 13:10:34,742 [FATAL] Updater:308 - Updater called before beeing initialized
2024-04-25 13:10:34,868 [FATAL] Updater:308 - Updater called before beeing initialized
2024-04-25 13:10:34,880 [INFO] DbMcusAds:53 - JSON generation date=Wed Nov 29 02:52:27 PST 2023 (1701255147349)
2024-04-25 13:10:34,880 [FATAL] Updater:308 - Updater called before beeing initialized
2024-04-25 13:10:34,970 [WARN] DetailPanel:346 - Failed to get advertising image, set to default
2024-04-25 13:10:35,109 [FATAL] Updater:308 - Updater called before beeing initialized
2024-04-25 13:10:35,111 [FATAL] Updater:308 - Updater called before beeing initialized
2024-04-25 13:10:35,111 [FATAL] Updater:308 - Updater called before beeing initialized
2024-04-25 13:10:35,111 [WARN] DetailPanel:346 - Failed to get advertising image, set to default
2024-04-25 13:10:35,112 [FATAL] Updater:308 - Updater called before beeing initialized
2024-04-25 13:10:35,180 [ERROR] Updater:1120 - MainUpdater not yet initialized. External WinMGr cannot be set.
2024-04-25 13:10:35,194 [INFO] Updater:1056 - Updater Version found : 6.10.0
2024-04-25 13:10:35,222 [INFO] ApplicationProperties:184 - Using Application install path: C:\ST\STM32CubeIDE_1.14.0\STM32CubeIDE\plugins\com.st.stm32cube.common.mx_6.10.0.202311202037
2024-04-25 13:10:36,808 [ERROR] LogOutputStream:75 - [STDERR_REDIRECT] Apr 25, 2024 1:10:36 PM java.util.prefs.WindowsPreferences <init>
2024-04-25 13:10:36,810 [ERROR] LogOutputStream:75 - [STDERR_REDIRECT] WARNING: Could not open/create prefs root node Software\JavaSoft\Prefs at root 0xffffffff80000002. Windows RegCreateKeyEx(...) returned error code 5.
2024-04-25 13:10:36,810 [ERROR] LogOutputStream:75 - [STDERR_REDIRECT] 
2024-04-25 13:10:37,177 [INFO] MainUpdater:2873 - connection check result : 10
2024-04-25 13:10:37,178 [INFO] MainUpdater:290 - Updater Check For Update Now.
2024-04-25 13:10:37,179 [INFO] MicroXplorer:498 - Change Database Version : DB.6.0.100
2024-04-25 13:10:37,200 [INFO] McuFinderGlobals:63 - Set McuFinder mode to 2 (CubeIDE integrated)
2024-04-25 13:10:37,217 [INFO] UserAuth:404 - Internet connection configuration mode: 1
2024-04-25 13:10:37,257 [INFO] JxBrowserEngine:152 - Initiate JxBrowser Engine with user profile folder
2024-04-25 13:10:37,435 [INFO] CheckServerUpdateThread:120 - End of CheckServer Thread
2024-04-25 13:10:37,677 [WARN] PackLoader:240 - Cannot read IP mode file for STMicroelectronics.FP-SNS-MOTENVWB1.1.4.0
2024-04-25 13:10:37,700 [WARN] PackLoader:240 - Cannot read IP mode file for STMicroelectronics.X-CUBE-SMBUS.2.1.0
2024-04-25 13:10:37,710 [WARN] PackLoader:240 - Cannot read IP mode file for STMicroelectronics.X-CUBE-TOUCHGFX.4.23.0
2024-04-25 13:10:37,726 [WARN] PackLoader:240 - Cannot read IP mode file for STMicroelectronics.X-CUBE-TOUCHGFX.4.23.2
2024-04-25 13:10:37,775 [WARN] PackLoader:240 - Cannot read IP mode file for STMicroelectronics.X-CUBE-AZRTOS-F7.1.1.0
2024-04-25 13:10:37,791 [WARN] PackLoader:240 - Cannot read IP mode file for STMicroelectronics.FP-SNS-MOTENV1.4.3.2
2024-04-25 13:10:37,807 [WARN] PackLoader:240 - Cannot read IP mode file for STMicroelectronics.FP-SNS-FLIGHT1.5.0.2
2024-04-25 13:10:37,824 [WARN] PackLoader:240 - Cannot read IP mode file for STMicroelectronics.X-CUBE-DISPLAY.3.0.0
2024-04-25 13:10:37,850 [WARN] PackLoader:240 - Cannot read IP mode file for STMicroelectronics.X-CUBE-BLE1.7.0.0
2024-04-25 13:10:37,867 [WARN] PackLoader:240 - Cannot read IP mode file for emotas.I-CUBE-CANOPEN.1.3.0
2024-04-25 13:10:37,921 [WARN] PackLoader:240 - Cannot read IP mode file for STMicroelectronics.X-CUBE-BLEMGR.3.1.0
2024-04-25 13:10:37,938 [WARN] PackLoader:240 - Cannot read IP mode file for STMicroelectronics.FP-SNS-SMARTAG2.1.2.0
2024-04-25 13:10:37,962 [INFO] LogOutputStream:77 - [STDOUT_REDIRECT] 1 : Invalid condition id : UX_CORESTACK_Condition cause : null
2024-04-25 13:10:37,962 [INFO] LogOutputStream:77 - [STDOUT_REDIRECT] 1 : Invalid condition id : UX_CORESTACK_Condition cause : null
2024-04-25 13:10:37,970 [INFO] LogOutputStream:77 - [STDOUT_REDIRECT] 1 : Invalid condition id : UX_CORESTACK_Condition cause : null
2024-04-25 13:10:37,970 [INFO] LogOutputStream:77 - [STDOUT_REDIRECT] 1 : Invalid condition id : UX_CORESTACK_Condition cause : null
2024-04-25 13:10:37,970 [INFO] LogOutputStream:77 - [STDOUT_REDIRECT] 1 : Invalid condition id : UX_CORESTACK_Condition cause : null
2024-04-25 13:10:37,970 [WARN] PackLoader:240 - Cannot read IP mode file for STMicroelectronics.X-CUBE-AZRTOS-WL.2.0.0
2024-04-25 13:10:37,994 [WARN] PackLoader:240 - Cannot read IP mode file for STMicroelectronics.FP-SNS-MOTENV1.5.0.0
2024-04-25 13:10:38,010 [WARN] PackLoader:240 - Cannot read IP mode file for WES.I-CUBE-Cesium.1.3.0
2024-04-25 13:10:38,026 [WARN] PackLoader:240 - Cannot read IP mode file for STMicroelectronics.X-CUBE-BLE2.3.3.0
2024-04-25 13:10:38,042 [WARN] PackLoader:240 - Cannot read IP mode file for STMicroelectronics.X-CUBE-TCPP.4.1.0
2024-04-25 13:10:38,058 [WARN] PackLoader:240 - Cannot read IP mode file for STMicroelectronics.X-CUBE-ALGOBUILD.1.3.0
2024-04-25 13:10:38,101 [WARN] PackLoader:240 - Cannot read IP mode file for STMicroelectronics.X-CUBE-AZRTOS-G0.1.1.0
2024-04-25 13:10:38,123 [WARN] PackLoader:240 - Cannot read IP mode file for STMicroelectronics.X-CUBE-SAFEA1.1.2.2
2024-04-25 13:10:38,139 [WARN] PackLoader:240 - Cannot read IP mode file for STMicroelectronics.X-CUBE-NFC4.3.0.0
2024-04-25 13:10:38,168 [WARN] PackLoader:240 - Cannot read IP mode file for STMicroelectronics.X-CUBE-BLEMGR.3.0.0
2024-04-25 13:10:38,188 [WARN] PackLoader:240 - Cannot read IP mode file for STMicroelectronics.FP-ATR-SIGFOX1.3.2.0
2024-04-25 13:10:38,204 [WARN] PackLoader:240 - Cannot read IP mode file for STMicroelectronics.X-CUBE-EEPRMA1.5.1.0
2024-04-25 13:10:38,269 [WARN] PackLoader:240 - Cannot read IP mode file for SEGGER.I-CUBE-embOS.1.3.1
2024-04-25 13:10:38,360 [WARN] PackLoader:240 - Cannot read IP mode file for STMicroelectronics.X-CUBE-GNSS1.6.0.0
2024-04-25 13:10:38,411 [WARN] PackLoader:240 - Cannot read IP mode file for STMicroelectronics.X-CUBE-AZRTOS-F4.1.1.0
2024-04-25 13:10:38,450 [WARN] PackLoader:240 - Cannot read IP mode file for wolfSSL.I-CUBE-wolfSSL.5.6.6
2024-04-25 13:10:38,492 [WARN] PackLoader:240 - Cannot read IP mode file for STMicroelectronics.X-CUBE-AZRTOS-L5.2.0.0
2024-04-25 13:10:38,518 [WARN] PackLoader:240 - Cannot read IP mode file for STMicroelectronics.X-CUBE-EEPRMA1.4.2.0
2024-04-25 13:10:38,541 [WARN] PackLoader:240 - Cannot read IP mode file for STMicroelectronics.X-CUBE-NFC6.3.1.0
2024-04-25 13:10:38,597 [WARN] PackLoader:240 - Cannot read IP mode file for ITTIA_DB.I-CUBE-ITTIADB.8.8.0
2024-04-25 13:10:38,621 [WARN] PackLoader:240 - Cannot read IP mode file for STMicroelectronics.X-CUBE-AI.9.0.0
2024-04-25 13:10:38,638 [WARN] PackLoader:240 - Cannot read IP mode file for STMicroelectronics.X-CUBE-NFC7.1.0.1
2024-04-25 13:10:38,654 [WARN] PackLoader:240 - Cannot read IP mode file for STMicroelectronics.X-CUBE-NFC6.3.0.0
2024-04-25 13:10:38,711 [WARN] PackLoader:240 - Cannot read IP mode file for STMicroelectronics.X-CUBE-AI.8.1.0
2024-04-25 13:10:38,785 [WARN] ConditionMgr:438 - getConditionDescription Invalid condition id : LAN8742 Phy interface Condition cause : null
2024-04-25 13:10:38,785 [WARN] PackLoader:240 - Cannot read IP mode file for STMicroelectronics.X-CUBE-AZRTOS-L4.2.0.0
2024-04-25 13:10:38,785 [WARN] ConditionMgr:1039 - genDependencies : Invalid condition id : LAN8742 Phy interface Condition cause : null
2024-04-25 13:10:38,785 [WARN] ConditionMgr:1039 - genDependencies : Invalid condition id : LAN8742 Phy interface Condition cause : null
2024-04-25 13:10:38,792 [WARN] ConditionMgr:1039 - genDependencies : Invalid condition id : LAN8742 Phy interface Condition cause : null
2024-04-25 13:10:38,808 [WARN] PackLoader:240 - Cannot read IP mode file for STMicroelectronics.X-CUBE-SFXS2LP1.4.0.0
2024-04-25 13:10:38,840 [WARN] ConditionMgr:438 - getConditionDescription Invalid condition id : UX DEVICE CLASS RTOS Condition cause : null
2024-04-25 13:10:38,848 [WARN] ConditionMgr:438 - getConditionDescription Invalid condition id : UX DEVICE CLASS RTOS Condition cause : null
2024-04-25 13:10:38,848 [WARN] PackLoader:240 - Cannot read IP mode file for STMicroelectronics.X-CUBE-AZRTOS-WB.2.0.0
2024-04-25 13:10:38,851 [WARN] ConditionMgr:1039 - genDependencies : Invalid condition id : UX DEVICE CLASS RTOS Condition cause : null
2024-04-25 13:10:38,851 [WARN] ConditionMgr:1039 - genDependencies : Invalid condition id : UX DEVICE CLASS RTOS Condition cause : null
2024-04-25 13:10:38,851 [WARN] ConditionMgr:1039 - genDependencies : Invalid condition id : UX DEVICE CLASS RTOS Condition cause : null
2024-04-25 13:10:38,851 [WARN] ConditionMgr:1039 - genDependencies : Invalid condition id : UX DEVICE CLASS RTOS Condition cause : null
2024-04-25 13:10:38,851 [WARN] ConditionMgr:1039 - genDependencies : Invalid condition id : UX DEVICE CLASS RTOS Condition cause : null
2024-04-25 13:10:38,868 [WARN] PackLoader:240 - Cannot read IP mode file for STMicroelectronics.X-CUBE-SUBG2.5.0.0
2024-04-25 13:10:38,906 [WARN] PackLoader:240 - Cannot read IP mode file for STMicroelectronics.X-CUBE-AZRTOS-G4.2.0.0
2024-04-25 13:10:38,930 [WARN] PackLoader:240 - Cannot read IP mode file for Infineon.AIROC-Wi-Fi-Bluetooth-STM32.1.5.1
2024-04-25 13:10:38,938 [WARN] PackLoader:240 - Cannot read IP mode file for STMicroelectronics.FP-SNS-MOTENVWB1.1.3.1
2024-04-25 13:10:38,954 [WARN] PackLoader:240 - Cannot read IP mode file for STMicroelectronics.X-CUBE-ISPU.2.0.0
2024-04-25 13:10:39,002 [WARN] PackLoader:240 - Cannot read IP mode file for STMicroelectronics.X-CUBE-MEMS1.10.0.0
2024-04-25 13:10:39,149 [WARN] PackLoader:240 - Cannot read IP mode file for STMicroelectronics.X-CUBE-FREERTOS.1.1.0
2024-04-25 13:10:39,157 [WARN] PackLoader:240 - Cannot read IP mode file for portGmbH.I-Cube-SoM-uGOAL.1.1.0
2024-04-25 13:10:39,173 [WARN] PackLoader:240 - Cannot read IP mode file for STMicroelectronics.X-CUBE-ALS.1.0.1
2024-04-25 13:10:39,214 [WARN] PackLoader:240 - Cannot read IP mode file for STMicroelectronics.X-CUBE-AZRTOS-H7RS.1.0.0
2024-04-25 13:10:39,235 [WARN] PackLoader:240 - Cannot read IP mode file for STMicroelectronics.FP-ATR-ASTRA1.2.0.0
2024-04-25 13:10:39,254 [WARN] PackLoader:240 - Cannot read IP mode file for STMicroelectronics.X-CUBE-TOF1.3.4.0
2024-04-25 13:10:39,287 [WARN] PackLoader:240 - Cannot read IP mode file for STMicroelectronics.X-CUBE-TOF1.3.4.1
2024-04-25 13:10:39,335 [WARN] PackLoader:240 - Cannot read IP mode file for STMicroelectronics.X-CUBE-AZRTOS-H7.3.2.0
2024-04-25 13:10:39,343 [INFO] ThirdParty:978 - Integrity check success = true
2024-04-25 13:10:39,343 [INFO] IntegrityCheckThread:100 - exiting critical section [integrity check]
2024-04-25 13:10:39,343 [INFO] IntegrityCheckThread:103 - End integrity checks thread
2024-04-25 13:10:40,853 [INFO] WebApp:161 - Instantiating new browser for Auth
2024-04-25 13:10:41,460 [INFO] WebApp:780 - Register for checkConnection events
2024-04-25 13:10:41,460 [INFO] WebApp:414 - Apply proxy settings
2024-04-25 13:10:41,460 [INFO] WebApp:499 - Chromium requires no authentication
2024-04-25 13:10:41,468 [INFO] WebApp:442 - Direct internet connection detected
2024-04-25 13:10:41,606 [INFO] WebApp:192 - Starting web application
2024-04-25 13:10:41,606 [INFO] WebApp:544 - Web application path used C:\ST\STM32CubeIDE_1.14.0\STM32CubeIDE\plugins\com.st.stm32cube.common.mx_6.10.0.202311202037\db\plugins\mcufinder\reactClient1\index.html
2024-04-25 13:10:49,708 [ERROR] LogOutputStream:75 - [STDERR_REDIRECT] SLF4J: Failed to load class "org.slf4j.impl.StaticLoggerBinder".
2024-04-25 13:10:49,708 [ERROR] LogOutputStream:75 - [STDERR_REDIRECT] SLF4J: Defaulting to no-operation (NOP) logger implementation
2024-04-25 13:10:49,709 [ERROR] LogOutputStream:75 - [STDERR_REDIRECT] SLF4J: See http://www.slf4j.org/codes.html#StaticLoggerBinder for further details.
2024-04-25 15:42:15,879 [ERROR] LogOutputStream:75 - [STDERR_REDIRECT] 
2024-04-25 15:42:15,883 [ERROR] LogOutputStream:75 - [STDERR_REDIRECT] 
2024-04-25 17:06:21,406 [INFO] Activator:176 - 


2024-04-25 17:06:21,409 [INFO] Activator:177 - !SESSION log4j initialized
2024-04-25 17:06:30,970 [INFO] LogOutputStream:77 - [STDOUT_REDIRECT] 
2024-04-25 17:06:39,361 [INFO] ApplicationProperties:184 - Using Application install path: C:\ST\STM32CubeIDE_1.14.0\STM32CubeIDE\plugins\com.st.stm32cube.common.mx_6.10.0.202311202037
2024-04-25 17:06:39,390 [INFO] DbMcusXml:78 - Set database path to: C:\ST\STM32CubeIDE_1.14.0\STM32CubeIDE\plugins\com.st.stm32cube.common.mx_6.10.0.202311202037\\db\/mcu/
2024-04-25 17:06:39,390 [INFO] ApiDb:274 - Set plugin database path to: C:\ST\STM32CubeIDE_1.14.0\STM32CubeIDE\plugins\com.st.stm32cube.common.mx_6.10.0.202311202037\\db\/plugins/boardmanager/
2024-04-25 17:06:39,390 [WARN] ApiDb:259 - Overriding images path with different value:  => C:\ST\STM32CubeIDE_1.14.0\STM32CubeIDE\plugins\com.st.stm32cube.common.mx_6.10.0.202311202037\\db\/plugins/mcufinder/images/
2024-04-25 17:06:39,403 [INFO] ApiDb:250 - Set database path to: C:\Users\thebu\.stmcufinder\plugins\mcufinder//mcu/
2024-04-25 17:06:39,405 [INFO] DbMcusAds:125 - Set database path to: C:\Users\thebu\.stmcufinder\plugins\mcufinder//mcu/
2024-04-25 17:06:39,408 [INFO] CrossReferenceDbSqlite:203 - Set database path to: C:\Users\thebu\.stmcufinder\plugins\mcufinder//mcu/cs/
2024-04-25 17:06:39,574 [INFO] RulesReader:64 - Compatibility file has been processed (297 Rules)
2024-04-25 17:06:39,688 [INFO] DbMcusXml:78 - Set database path to: C:\ST\STM32CubeIDE_1.14.0\STM32CubeIDE\plugins\com.st.stm32cube.common.mx_6.10.0.202311202037\\db\/mcu/
2024-04-25 17:06:39,688 [INFO] ApiDb:274 - Set plugin database path to: C:\ST\STM32CubeIDE_1.14.0\STM32CubeIDE\plugins\com.st.stm32cube.common.mx_6.10.0.202311202037\\db\/plugins/boardmanager/
2024-04-25 17:06:39,689 [INFO] ApiDb:261 - Set plugin images path to: C:\ST\STM32CubeIDE_1.14.0\STM32CubeIDE\plugins\com.st.stm32cube.common.mx_6.10.0.202311202037\\db\/plugins/mcufinder/images/
2024-04-25 17:06:39,689 [WARN] DbFile:41 - Overriding database path with different value: C:\Users\thebu\.stmcufinder\plugins\mcufinder/ => C:\Users\thebu\.stmcufinder\plugins\mcufinder
2024-04-25 17:06:39,689 [INFO] ApiDb:250 - Set database path to: C:\Users\thebu\.stmcufinder\plugins\mcufinder//mcu/
2024-04-25 17:06:39,689 [WARN] DbFile:41 - Overriding database path with different value: C:\Users\thebu\.stmcufinder\plugins\mcufinder/ => C:\Users\thebu\.stmcufinder\plugins\mcufinder
2024-04-25 17:06:39,689 [INFO] DbMcusAds:125 - Set database path to: C:\Users\thebu\.stmcufinder\plugins\mcufinder//mcu/
2024-04-25 17:06:39,689 [WARN] DbFile:41 - Overriding database path with different value: C:\Users\thebu\.stmcufinder\plugins\mcufinder/ => C:\Users\thebu\.stmcufinder\plugins\mcufinder
2024-04-25 17:06:39,689 [WARN] DbFile:41 - Overriding database path with different value: C:\Users\thebu\.stmcufinder\plugins\mcufinder/ => C:\Users\thebu\.stmcufinder\plugins\mcufinder
2024-04-25 17:06:39,690 [INFO] CrossReferenceDbSqlite:203 - Set database path to: C:\Users\thebu\.stmcufinder\plugins\mcufinder//mcu/cs/
2024-04-25 17:06:39,786 [INFO] MainPanel:264 - HeapMemory: 268435456
2024-04-25 17:06:39,909 [INFO] DbMcusXml:78 - Set database path to: C:\ST\STM32CubeIDE_1.14.0\STM32CubeIDE\plugins\com.st.stm32cube.common.mx_6.10.0.202311202037\\db\/mcu/
2024-04-25 17:06:39,909 [INFO] ApiDb:274 - Set plugin database path to: C:\ST\STM32CubeIDE_1.14.0\STM32CubeIDE\plugins\com.st.stm32cube.common.mx_6.10.0.202311202037\\db\/plugins/boardmanager/
2024-04-25 17:06:39,909 [INFO] ApiDb:261 - Set plugin images path to: C:\ST\STM32CubeIDE_1.14.0\STM32CubeIDE\plugins\com.st.stm32cube.common.mx_6.10.0.202311202037\\db\/plugins/mcufinder/images/
2024-04-25 17:06:39,910 [WARN] DbFile:41 - Overriding database path with different value: C:\Users\thebu\.stmcufinder\plugins\mcufinder/ => C:\Users\thebu\.stmcufinder\plugins\mcufinder
2024-04-25 17:06:39,910 [INFO] ApiDb:250 - Set database path to: C:\Users\thebu\.stmcufinder\plugins\mcufinder//mcu/
2024-04-25 17:06:39,910 [WARN] DbFile:41 - Overriding database path with different value: C:\Users\thebu\.stmcufinder\plugins\mcufinder/ => C:\Users\thebu\.stmcufinder\plugins\mcufinder
2024-04-25 17:06:39,910 [INFO] DbMcusAds:125 - Set database path to: C:\Users\thebu\.stmcufinder\plugins\mcufinder//mcu/
2024-04-25 17:06:39,910 [WARN] DbFile:41 - Overriding database path with different value: C:\Users\thebu\.stmcufinder\plugins\mcufinder/ => C:\Users\thebu\.stmcufinder\plugins\mcufinder
2024-04-25 17:06:39,910 [WARN] DbFile:41 - Overriding database path with different value: C:\Users\thebu\.stmcufinder\plugins\mcufinder/ => C:\Users\thebu\.stmcufinder\plugins\mcufinder
2024-04-25 17:06:39,911 [INFO] CrossReferenceDbSqlite:203 - Set database path to: C:\Users\thebu\.stmcufinder\plugins\mcufinder//mcu/cs/
2024-04-25 17:06:39,935 [INFO] ApplicationProperties:184 - Using Application install path: C:\ST\STM32CubeIDE_1.14.0\STM32CubeIDE\plugins\com.st.stm32cube.common.mx_6.10.0.202311202037
2024-04-25 17:06:39,937 [INFO] PluginManage:196 - Search for loadable plugins [exclusion list=, ]
2024-04-25 17:06:39,939 [INFO] PluginManage:310 - Check plugin analytics
2024-04-25 17:06:45,120 [INFO] AnalyticsPlugin:253 - Accepted Software Licenses: 
2024-04-25 17:06:45,120 [INFO] AnalyticsPlugin:255 - Accepted CMSIS Pack Licenses: 
2024-04-25 17:06:45,120 [INFO] AnalyticsPlugin:257 - Accepted Firmware Licenses: FW.L4.1.18.0
2024-04-25 17:06:45,124 [INFO] PluginManage:359 - Loaded plugin analytics (category:tool,tabindex:-1)
2024-04-25 17:06:45,125 [INFO] PluginManage:310 - Check plugin cadmodel
2024-04-25 17:06:45,133 [INFO] CADModel:105 - Init CAD model plugin
2024-04-25 17:06:45,133 [INFO] PluginManage:359 - Loaded plugin cadmodel (category:power,tabindex:5)
2024-04-25 17:06:45,133 [INFO] PluginManage:310 - Check plugin clock
2024-04-25 17:06:45,147 [INFO] PluginManage:359 - Loaded plugin clock (category:base,tabindex:2)
2024-04-25 17:06:45,147 [INFO] PluginManage:310 - Check plugin ddr
2024-04-25 17:06:45,149 [INFO] PluginManage:359 - Loaded plugin ddr (category:tool,tabindex:6)
2024-04-25 17:06:45,149 [INFO] PluginManage:310 - Check plugin filemanager
2024-04-25 17:06:45,367 [INFO] PluginManage:359 - Loaded plugin filemanager (category:base,tabindex:10)
2024-04-25 17:06:45,367 [INFO] PluginManage:310 - Check plugin ipmanager
2024-04-25 17:06:45,378 [INFO] PluginManage:359 - Loaded plugin ipmanager (category:base,tabindex:5)
2024-04-25 17:06:45,378 [INFO] PluginManage:310 - Check plugin lpbam
2024-04-25 17:06:45,389 [INFO] PluginManage:359 - Loaded plugin lpbam (category:base,tabindex:0)
2024-04-25 17:06:45,389 [INFO] PluginManage:310 - Check plugin memorymap
2024-04-25 17:06:45,407 [INFO] PluginManage:359 - Loaded plugin memorymap (category:base,tabindex:4)
2024-04-25 17:06:45,407 [INFO] PluginManage:310 - Check plugin pinoutandconfiguration
2024-04-25 17:06:45,418 [INFO] PluginManage:359 - Loaded plugin pinoutandconfiguration (category:base,tabindex:1)
2024-04-25 17:06:45,418 [INFO] PluginManage:310 - Check plugin pinoutconfig
2024-04-25 17:06:45,551 [WARN] SupportedApi:132 - Cannot load RTOS API schema: s4s-elt-must-match.1: The content of 'definitions' must match (annotation?, (simpleType | complexType)?, (unique | key | keyref)*)). A problem was found starting at: attribute.
2024-04-25 17:06:45,744 [INFO] PluginManage:359 - Loaded plugin pinoutconfig (category:base,tabindex:0)
2024-04-25 17:06:45,745 [INFO] PluginManage:310 - Check plugin power
2024-04-25 17:06:45,759 [INFO] PluginManage:359 - Loaded plugin power (category:power,tabindex:4)
2024-04-25 17:06:45,759 [INFO] PluginManage:310 - Check plugin projectmanager
2024-04-25 17:06:45,782 [INFO] PluginManage:359 - Loaded plugin projectmanager (category:projectmanager,tabindex:3)
2024-04-25 17:06:45,782 [INFO] PluginManage:310 - Check plugin thirdparty
2024-04-25 17:06:46,116 [INFO] PluginManage:359 - Loaded plugin thirdparty (category:base,tabindex:-1)
2024-04-25 17:06:46,116 [WARN] IntegrityCheckThread:84 - waiting for thirdparty lock release [integrity check]
2024-04-25 17:06:46,116 [INFO] PluginManage:310 - Check plugin tools
2024-04-25 17:06:46,116 [INFO] IntegrityCheckThread:86 - entering critical section [integrity check]
2024-04-25 17:06:46,118 [INFO] ThirdPartyUpdaterWithRetryManager:70 - Updater plugin not ready yet. [1/15]
2024-04-25 17:06:46,119 [INFO] PluginManage:359 - Loaded plugin tools (category:base,tabindex:7)
2024-04-25 17:06:46,119 [INFO] PluginManage:310 - Check plugin tutovideos
2024-04-25 17:06:46,346 [INFO] PluginManage:359 - Loaded plugin tutovideos (category:base,tabindex:-1)
2024-04-25 17:06:46,347 [INFO] PluginManage:310 - Check plugin updater
2024-04-25 17:06:46,362 [INFO] PluginManage:359 - Loaded plugin updater (category:base,tabindex:12)
2024-04-25 17:06:46,363 [INFO] PluginManage:310 - Check plugin userauth
2024-04-25 17:06:46,370 [INFO] UserAuth:114 - Init User Auth plugin
2024-04-25 17:06:46,370 [INFO] PluginManage:359 - Loaded plugin userauth (category:base,tabindex:14)
2024-04-25 17:06:46,371 [INFO] PluginManage:283 - PluginManage : Loaded plugins [17]
2024-04-25 17:06:46,616 [INFO] PinOutPanel:1499 - setPackage(No Configuration,No Configuration)
2024-04-25 17:06:46,700 [INFO] CADModel:165 - CPN selected for project level
2024-04-25 17:06:46,700 [INFO] CADModel:114 - Register for checkConnection events
2024-04-25 17:06:46,719 [INFO] IPUIPlugin:80 - create IPUIPlugin
2024-04-25 17:06:46,720 [INFO] PluginManager:220 - loadIPPluginJar : add adc
2024-04-25 17:06:46,722 [INFO] IPUIPlugin:80 - create IPUIPlugin
2024-04-25 17:06:46,722 [INFO] PluginManager:220 - loadIPPluginJar : add aes
2024-04-25 17:06:46,725 [INFO] IPUIPlugin:80 - create IPUIPlugin
2024-04-25 17:06:46,725 [INFO] PluginManager:220 - loadIPPluginJar : add can
2024-04-25 17:06:46,727 [INFO] IPUIPlugin:80 - create IPUIPlugin
2024-04-25 17:06:46,727 [INFO] PluginManager:220 - loadIPPluginJar : add comp
2024-04-25 17:06:46,730 [INFO] IPUIPlugin:80 - create IPUIPlugin
2024-04-25 17:06:46,730 [INFO] PluginManager:220 - loadIPPluginJar : add cryp
2024-04-25 17:06:46,732 [INFO] IPUIPlugin:80 - create IPUIPlugin
2024-04-25 17:06:46,732 [INFO] PluginManager:220 - loadIPPluginJar : add dfsdm
2024-04-25 17:06:46,738 [INFO] IPUIPlugin:80 - create IPUIPlugin
2024-04-25 17:06:46,739 [INFO] PluginManager:220 - loadIPPluginJar : add dma
2024-04-25 17:06:46,742 [INFO] IPUIPlugin:80 - create IPUIPlugin
2024-04-25 17:06:46,742 [INFO] PluginManager:220 - loadIPPluginJar : add dma3
2024-04-25 17:06:46,743 [INFO] IPUIPlugin:80 - create IPUIPlugin
2024-04-25 17:06:46,743 [INFO] PluginManager:220 - loadIPPluginJar : add fatfs
2024-04-25 17:06:46,747 [INFO] IPUIPlugin:80 - create IPUIPlugin
2024-04-25 17:06:46,747 [INFO] PluginManager:220 - loadIPPluginJar : add fmc
2024-04-25 17:06:46,753 [INFO] IPUIPlugin:80 - create IPUIPlugin
2024-04-25 17:06:46,753 [INFO] PluginManager:220 - loadIPPluginJar : add freertos
2024-04-25 17:06:46,755 [INFO] IPUIPlugin:80 - create IPUIPlugin
2024-04-25 17:06:46,755 [INFO] PluginManager:220 - loadIPPluginJar : add genericplugin
2024-04-25 17:06:46,757 [INFO] IPUIPlugin:80 - create IPUIPlugin
2024-04-25 17:06:46,757 [INFO] PluginManager:220 - loadIPPluginJar : add gfxmmu
2024-04-25 17:06:46,762 [INFO] IPUIPlugin:80 - create IPUIPlugin
2024-04-25 17:06:46,763 [INFO] PluginManager:220 - loadIPPluginJar : add gic
2024-04-25 17:06:46,767 [INFO] IPUIPlugin:80 - create IPUIPlugin
2024-04-25 17:06:46,767 [INFO] PluginManager:220 - loadIPPluginJar : add gpio
2024-04-25 17:06:46,771 [INFO] IPUIPlugin:80 - create IPUIPlugin
2024-04-25 17:06:46,771 [INFO] PluginManager:220 - loadIPPluginJar : add gtzc
2024-04-25 17:06:46,774 [INFO] IPUIPlugin:80 - create IPUIPlugin
2024-04-25 17:06:46,774 [INFO] PluginManager:220 - loadIPPluginJar : add hash
2024-04-25 17:06:46,776 [INFO] IPUIPlugin:80 - create IPUIPlugin
2024-04-25 17:06:46,776 [INFO] PluginManager:220 - loadIPPluginJar : add i2c
2024-04-25 17:06:46,778 [INFO] IPUIPlugin:80 - create IPUIPlugin
2024-04-25 17:06:46,778 [INFO] PluginManager:220 - loadIPPluginJar : add i2s
2024-04-25 17:06:46,781 [INFO] IPUIPlugin:80 - create IPUIPlugin
2024-04-25 17:06:46,781 [INFO] PluginManager:220 - loadIPPluginJar : add i3c
2024-04-25 17:06:46,926 [INFO] IPUIPlugin:80 - create IPUIPlugin
2024-04-25 17:06:46,926 [INFO] PluginManager:220 - loadIPPluginJar : add ipddr
2024-04-25 17:06:46,935 [INFO] IPUIPlugin:80 - create IPUIPlugin
2024-04-25 17:06:46,935 [INFO] PluginManager:220 - loadIPPluginJar : add linkedlist
2024-04-25 17:06:46,938 [INFO] IPUIPlugin:80 - create IPUIPlugin
2024-04-25 17:06:46,939 [INFO] PluginManager:220 - loadIPPluginJar : add lorawan
2024-04-25 17:06:46,940 [INFO] IPUIPlugin:80 - create IPUIPlugin
2024-04-25 17:06:46,940 [INFO] PluginManager:220 - loadIPPluginJar : add ltdc
2024-04-25 17:06:46,948 [INFO] IPUIPlugin:80 - create IPUIPlugin
2024-04-25 17:06:46,948 [INFO] PluginManager:220 - loadIPPluginJar : add mdma
2024-04-25 17:06:46,955 [INFO] IPUIPlugin:80 - create IPUIPlugin
2024-04-25 17:06:46,955 [INFO] PluginManager:220 - loadIPPluginJar : add nvic
2024-04-25 17:06:46,959 [INFO] IPUIPlugin:80 - create IPUIPlugin
2024-04-25 17:06:46,959 [INFO] PluginManager:220 - loadIPPluginJar : add opamp
2024-04-25 17:06:46,963 [INFO] IPUIPlugin:80 - create IPUIPlugin
2024-04-25 17:06:46,964 [INFO] PluginManager:220 - loadIPPluginJar : add openamp
2024-04-25 17:06:46,968 [INFO] IPUIPlugin:80 - create IPUIPlugin
2024-04-25 17:06:46,968 [INFO] PluginManager:220 - loadIPPluginJar : add pdm2pcm
2024-04-25 17:06:46,976 [INFO] IPUIPlugin:80 - create IPUIPlugin
2024-04-25 17:06:46,978 [INFO] PluginManager:220 - loadIPPluginJar : add plateformsettings
2024-04-25 17:06:46,980 [INFO] IPUIPlugin:80 - create IPUIPlugin
2024-04-25 17:06:46,980 [INFO] PluginManager:220 - loadIPPluginJar : add quadspi
2024-04-25 17:06:46,985 [INFO] IPUIPlugin:80 - create IPUIPlugin
2024-04-25 17:06:46,985 [INFO] PluginManager:220 - loadIPPluginJar : add resmgrutility
2024-04-25 17:06:46,989 [INFO] IPUIPlugin:80 - create IPUIPlugin
2024-04-25 17:06:46,989 [INFO] PluginManager:220 - loadIPPluginJar : add sai
2024-04-25 17:06:46,992 [INFO] IPUIPlugin:80 - create IPUIPlugin
2024-04-25 17:06:46,992 [INFO] PluginManager:220 - loadIPPluginJar : add spi
2024-04-25 17:06:46,997 [INFO] IPUIPlugin:80 - create IPUIPlugin
2024-04-25 17:06:46,997 [INFO] PluginManager:220 - loadIPPluginJar : add stm32_wpan
2024-04-25 17:06:46,999 [INFO] IPUIPlugin:80 - create IPUIPlugin
2024-04-25 17:06:47,001 [INFO] PluginManager:220 - loadIPPluginJar : add tim
2024-04-25 17:06:47,004 [INFO] IPUIPlugin:80 - create IPUIPlugin
2024-04-25 17:06:47,004 [INFO] PluginManager:220 - loadIPPluginJar : add touchsensing
2024-04-25 17:06:47,007 [INFO] IPUIPlugin:80 - create IPUIPlugin
2024-04-25 17:06:47,007 [INFO] PluginManager:220 - loadIPPluginJar : add tracer_emb
2024-04-25 17:06:47,009 [INFO] IPUIPlugin:80 - create IPUIPlugin
2024-04-25 17:06:47,010 [INFO] PluginManager:220 - loadIPPluginJar : add ts
2024-04-25 17:06:47,012 [INFO] IPUIPlugin:80 - create IPUIPlugin
2024-04-25 17:06:47,012 [INFO] PluginManager:220 - loadIPPluginJar : add tsc
2024-04-25 17:06:47,015 [INFO] IPUIPlugin:80 - create IPUIPlugin
2024-04-25 17:06:47,015 [INFO] PluginManager:220 - loadIPPluginJar : add ucpd
2024-04-25 17:06:47,020 [INFO] IPUIPlugin:80 - create IPUIPlugin
2024-04-25 17:06:47,020 [INFO] PluginManager:220 - loadIPPluginJar : add usart
2024-04-25 17:06:47,037 [INFO] IPUIPlugin:80 - create IPUIPlugin
2024-04-25 17:06:47,037 [INFO] PluginManager:220 - loadIPPluginJar : add usbx
2024-04-25 17:06:47,215 [INFO] CADModel:165 - CPN selected for project level
2024-04-25 17:06:47,215 [INFO] CADModel:114 - Register for checkConnection events
2024-04-25 17:06:47,217 [FATAL] Updater:308 - Updater called before beeing initialized
2024-04-25 17:06:47,217 [ERROR] CADModel:125 - Updater not yet initialized, retry later 
2024-04-25 17:06:47,397 [INFO] CADModel:165 - CPN selected for project level
2024-04-25 17:06:47,397 [INFO] CADModel:114 - Register for checkConnection events
2024-04-25 17:06:47,397 [FATAL] Updater:308 - Updater called before beeing initialized
2024-04-25 17:06:47,397 [ERROR] CADModel:125 - Updater not yet initialized, retry later 
2024-04-25 17:06:47,401 [FATAL] Updater:308 - Updater called before beeing initialized
2024-04-25 17:06:47,550 [FATAL] Updater:308 - Updater called before beeing initialized
2024-04-25 17:06:47,564 [INFO] DbMcusAds:53 - JSON generation date=Wed Nov 29 02:52:27 PST 2023 (1701255147349)
2024-04-25 17:06:47,565 [FATAL] Updater:308 - Updater called before beeing initialized
2024-04-25 17:06:47,615 [WARN] DetailPanel:346 - Failed to get advertising image, set to default
2024-04-25 17:06:47,731 [FATAL] Updater:308 - Updater called before beeing initialized
2024-04-25 17:06:47,734 [FATAL] Updater:308 - Updater called before beeing initialized
2024-04-25 17:06:47,734 [FATAL] Updater:308 - Updater called before beeing initialized
2024-04-25 17:06:47,734 [WARN] DetailPanel:346 - Failed to get advertising image, set to default
2024-04-25 17:06:47,736 [FATAL] Updater:308 - Updater called before beeing initialized
2024-04-25 17:06:47,822 [ERROR] Updater:1120 - MainUpdater not yet initialized. External WinMGr cannot be set.
2024-04-25 17:06:47,837 [INFO] Updater:1056 - Updater Version found : 6.10.0
2024-04-25 17:06:47,861 [INFO] ApplicationProperties:184 - Using Application install path: C:\ST\STM32CubeIDE_1.14.0\STM32CubeIDE\plugins\com.st.stm32cube.common.mx_6.10.0.202311202037
2024-04-25 17:06:49,122 [INFO] ThirdPartyUpdaterWithRetryManager:70 - Updater plugin not ready yet. [2/15]
2024-04-25 17:06:49,445 [ERROR] LogOutputStream:75 - [STDERR_REDIRECT] Apr 25, 2024 5:06:49 PM java.util.prefs.WindowsPreferences <init>
2024-04-25 17:06:49,446 [ERROR] LogOutputStream:75 - [STDERR_REDIRECT] WARNING: Could not open/create prefs root node Software\JavaSoft\Prefs at root 0xffffffff80000002. Windows RegCreateKeyEx(...) returned error code 5.
2024-04-25 17:06:49,446 [ERROR] LogOutputStream:75 - [STDERR_REDIRECT] 
2024-04-25 17:06:49,884 [INFO] MainUpdater:2873 - connection check result : 10
2024-04-25 17:06:49,885 [INFO] MainUpdater:290 - Updater Check For Update Now.
2024-04-25 17:06:49,885 [INFO] MicroXplorer:498 - Change Database Version : DB.6.0.100
2024-04-25 17:06:49,916 [INFO] McuFinderGlobals:63 - Set McuFinder mode to 2 (CubeIDE integrated)
2024-04-25 17:06:49,940 [INFO] UserAuth:404 - Internet connection configuration mode: 1
2024-04-25 17:06:49,981 [INFO] JxBrowserEngine:152 - Initiate JxBrowser Engine with user profile folder
2024-04-25 17:06:50,220 [INFO] CheckServerUpdateThread:120 - End of CheckServer Thread
2024-04-25 17:06:52,330 [INFO] WebApp:161 - Instantiating new browser for Auth
2024-04-25 17:06:52,418 [WARN] PackLoader:240 - Cannot read IP mode file for STMicroelectronics.FP-SNS-MOTENVWB1.1.4.0
2024-04-25 17:06:52,453 [WARN] PackLoader:240 - Cannot read IP mode file for STMicroelectronics.X-CUBE-SMBUS.2.1.0
2024-04-25 17:06:52,484 [WARN] PackLoader:240 - Cannot read IP mode file for STMicroelectronics.X-CUBE-TOUCHGFX.4.23.0
2024-04-25 17:06:52,504 [WARN] PackLoader:240 - Cannot read IP mode file for STMicroelectronics.X-CUBE-TOUCHGFX.4.23.2
2024-04-25 17:06:52,600 [WARN] PackLoader:240 - Cannot read IP mode file for STMicroelectronics.X-CUBE-AZRTOS-F7.1.1.0
2024-04-25 17:06:52,660 [WARN] PackLoader:240 - Cannot read IP mode file for STMicroelectronics.FP-SNS-MOTENV1.4.3.2
2024-04-25 17:06:52,692 [WARN] PackLoader:240 - Cannot read IP mode file for STMicroelectronics.FP-SNS-FLIGHT1.5.0.2
2024-04-25 17:06:52,725 [WARN] PackLoader:240 - Cannot read IP mode file for STMicroelectronics.X-CUBE-DISPLAY.3.0.0
2024-04-25 17:06:52,764 [WARN] PackLoader:240 - Cannot read IP mode file for STMicroelectronics.X-CUBE-BLE1.7.0.0
2024-04-25 17:06:52,791 [WARN] PackLoader:240 - Cannot read IP mode file for emotas.I-CUBE-CANOPEN.1.3.0
2024-04-25 17:06:52,827 [WARN] PackLoader:240 - Cannot read IP mode file for STMicroelectronics.X-CUBE-BLEMGR.3.1.0
2024-04-25 17:06:52,857 [WARN] PackLoader:240 - Cannot read IP mode file for STMicroelectronics.FP-SNS-SMARTAG2.1.2.0
2024-04-25 17:06:52,900 [INFO] LogOutputStream:77 - [STDOUT_REDIRECT] 1 : Invalid condition id : UX_CORESTACK_Condition cause : null
2024-04-25 17:06:52,901 [INFO] LogOutputStream:77 - [STDOUT_REDIRECT] 1 : Invalid condition id : UX_CORESTACK_Condition cause : null
2024-04-25 17:06:52,903 [INFO] LogOutputStream:77 - [STDOUT_REDIRECT] 1 : Invalid condition id : UX_CORESTACK_Condition cause : null
2024-04-25 17:06:52,906 [INFO] LogOutputStream:77 - [STDOUT_REDIRECT] 1 : Invalid condition id : UX_CORESTACK_Condition cause : null
2024-04-25 17:06:52,907 [INFO] LogOutputStream:77 - [STDOUT_REDIRECT] 1 : Invalid condition id : UX_CORESTACK_Condition cause : null
2024-04-25 17:06:52,914 [WARN] PackLoader:240 - Cannot read IP mode file for STMicroelectronics.X-CUBE-AZRTOS-WL.2.0.0
2024-04-25 17:06:52,937 [WARN] PackLoader:240 - Cannot read IP mode file for STMicroelectronics.FP-SNS-MOTENV1.5.0.0
2024-04-25 17:06:52,966 [WARN] PackLoader:240 - Cannot read IP mode file for WES.I-CUBE-Cesium.1.3.0
2024-04-25 17:06:52,989 [WARN] PackLoader:240 - Cannot read IP mode file for STMicroelectronics.X-CUBE-BLE2.3.3.0
2024-04-25 17:06:53,012 [WARN] PackLoader:240 - Cannot read IP mode file for STMicroelectronics.X-CUBE-TCPP.4.1.0
2024-04-25 17:06:53,040 [WARN] PackLoader:240 - Cannot read IP mode file for STMicroelectronics.X-CUBE-ALGOBUILD.1.3.0
2024-04-25 17:06:53,114 [WARN] PackLoader:240 - Cannot read IP mode file for STMicroelectronics.X-CUBE-AZRTOS-G0.1.1.0
2024-04-25 17:06:53,143 [WARN] PackLoader:240 - Cannot read IP mode file for STMicroelectronics.X-CUBE-SAFEA1.1.2.2
2024-04-25 17:06:53,173 [WARN] PackLoader:240 - Cannot read IP mode file for STMicroelectronics.X-CUBE-NFC4.3.0.0
2024-04-25 17:06:53,214 [WARN] PackLoader:240 - Cannot read IP mode file for STMicroelectronics.X-CUBE-BLEMGR.3.0.0
2024-04-25 17:06:53,251 [WARN] PackLoader:240 - Cannot read IP mode file for STMicroelectronics.FP-ATR-SIGFOX1.3.2.0
2024-04-25 17:06:53,277 [WARN] PackLoader:240 - Cannot read IP mode file for STMicroelectronics.X-CUBE-EEPRMA1.5.1.0
2024-04-25 17:06:53,361 [WARN] PackLoader:240 - Cannot read IP mode file for SEGGER.I-CUBE-embOS.1.3.1
2024-04-25 17:06:53,439 [WARN] PackLoader:240 - Cannot read IP mode file for STMicroelectronics.X-CUBE-GNSS1.6.0.0
2024-04-25 17:06:53,488 [WARN] PackLoader:240 - Cannot read IP mode file for STMicroelectronics.X-CUBE-AZRTOS-F4.1.1.0
2024-04-25 17:06:53,518 [WARN] PackLoader:240 - Cannot read IP mode file for wolfSSL.I-CUBE-wolfSSL.5.6.6
2024-04-25 17:06:53,580 [INFO] WebApp:780 - Register for checkConnection events
2024-04-25 17:06:53,580 [INFO] WebApp:414 - Apply proxy settings
2024-04-25 17:06:53,581 [INFO] WebApp:499 - Chromium requires no authentication
2024-04-25 17:06:53,595 [WARN] PackLoader:240 - Cannot read IP mode file for STMicroelectronics.X-CUBE-AZRTOS-L5.2.0.0
2024-04-25 17:06:53,623 [INFO] WebApp:442 - Direct internet connection detected
2024-04-25 17:06:53,645 [WARN] PackLoader:240 - Cannot read IP mode file for STMicroelectronics.X-CUBE-EEPRMA1.4.2.0
2024-04-25 17:06:53,678 [WARN] PackLoader:240 - Cannot read IP mode file for STMicroelectronics.X-CUBE-NFC6.3.1.0
2024-04-25 17:06:53,787 [WARN] PackLoader:240 - Cannot read IP mode file for ITTIA_DB.I-CUBE-ITTIADB.8.8.0
2024-04-25 17:06:53,815 [WARN] PackLoader:240 - Cannot read IP mode file for STMicroelectronics.X-CUBE-AI.9.0.0
2024-04-25 17:06:53,847 [WARN] PackLoader:240 - Cannot read IP mode file for STMicroelectronics.X-CUBE-NFC7.1.0.1
2024-04-25 17:06:53,882 [WARN] PackLoader:240 - Cannot read IP mode file for STMicroelectronics.X-CUBE-NFC6.3.0.0
2024-04-25 17:06:53,910 [WARN] PackLoader:240 - Cannot read IP mode file for STMicroelectronics.X-CUBE-AI.8.1.0
2024-04-25 17:06:53,976 [WARN] ConditionMgr:438 - getConditionDescription Invalid condition id : LAN8742 Phy interface Condition cause : null
2024-04-25 17:06:53,978 [WARN] PackLoader:240 - Cannot read IP mode file for STMicroelectronics.X-CUBE-AZRTOS-L4.2.0.0
2024-04-25 17:06:53,982 [WARN] ConditionMgr:1039 - genDependencies : Invalid condition id : LAN8742 Phy interface Condition cause : null
2024-04-25 17:06:53,982 [WARN] ConditionMgr:1039 - genDependencies : Invalid condition id : LAN8742 Phy interface Condition cause : null
2024-04-25 17:06:53,983 [WARN] ConditionMgr:1039 - genDependencies : Invalid condition id : LAN8742 Phy interface Condition cause : null
2024-04-25 17:06:54,019 [WARN] PackLoader:240 - Cannot read IP mode file for STMicroelectronics.X-CUBE-SFXS2LP1.4.0.0
2024-04-25 17:06:54,071 [WARN] ConditionMgr:438 - getConditionDescription Invalid condition id : UX DEVICE CLASS RTOS Condition cause : null
2024-04-25 17:06:54,072 [WARN] ConditionMgr:438 - getConditionDescription Invalid condition id : UX DEVICE CLASS RTOS Condition cause : null
2024-04-25 17:06:54,075 [WARN] PackLoader:240 - Cannot read IP mode file for STMicroelectronics.X-CUBE-AZRTOS-WB.2.0.0
2024-04-25 17:06:54,076 [WARN] ConditionMgr:1039 - genDependencies : Invalid condition id : UX DEVICE CLASS RTOS Condition cause : null
2024-04-25 17:06:54,076 [WARN] ConditionMgr:1039 - genDependencies : Invalid condition id : UX DEVICE CLASS RTOS Condition cause : null
2024-04-25 17:06:54,077 [WARN] ConditionMgr:1039 - genDependencies : Invalid condition id : UX DEVICE CLASS RTOS Condition cause : null
2024-04-25 17:06:54,078 [WARN] ConditionMgr:1039 - genDependencies : Invalid condition id : UX DEVICE CLASS RTOS Condition cause : null
2024-04-25 17:06:54,078 [WARN] ConditionMgr:1039 - genDependencies : Invalid condition id : UX DEVICE CLASS RTOS Condition cause : null
2024-04-25 17:06:54,112 [WARN] PackLoader:240 - Cannot read IP mode file for STMicroelectronics.X-CUBE-SUBG2.5.0.0
2024-04-25 17:06:54,137 [INFO] WebApp:192 - Starting web application
2024-04-25 17:06:54,137 [INFO] WebApp:544 - Web application path used C:\ST\STM32CubeIDE_1.14.0\STM32CubeIDE\plugins\com.st.stm32cube.common.mx_6.10.0.202311202037\db\plugins\mcufinder\reactClient1\index.html
2024-04-25 17:06:54,154 [WARN] PackLoader:240 - Cannot read IP mode file for STMicroelectronics.X-CUBE-AZRTOS-G4.2.0.0
2024-04-25 17:06:54,192 [WARN] PackLoader:240 - Cannot read IP mode file for Infineon.AIROC-Wi-Fi-Bluetooth-STM32.1.5.1
2024-04-25 17:06:54,217 [WARN] PackLoader:240 - Cannot read IP mode file for STMicroelectronics.FP-SNS-MOTENVWB1.1.3.1
2024-04-25 17:06:54,240 [WARN] PackLoader:240 - Cannot read IP mode file for STMicroelectronics.X-CUBE-ISPU.2.0.0
2024-04-25 17:06:54,353 [WARN] PackLoader:240 - Cannot read IP mode file for STMicroelectronics.X-CUBE-MEMS1.10.0.0
2024-04-25 17:06:54,584 [WARN] PackLoader:240 - Cannot read IP mode file for STMicroelectronics.X-CUBE-FREERTOS.1.1.0
2024-04-25 17:06:54,615 [WARN] PackLoader:240 - Cannot read IP mode file for portGmbH.I-Cube-SoM-uGOAL.1.1.0
2024-04-25 17:06:54,639 [WARN] PackLoader:240 - Cannot read IP mode file for STMicroelectronics.X-CUBE-ALS.1.0.1
2024-04-25 17:06:54,697 [WARN] PackLoader:240 - Cannot read IP mode file for STMicroelectronics.X-CUBE-AZRTOS-H7RS.1.0.0
2024-04-25 17:06:54,741 [WARN] PackLoader:240 - Cannot read IP mode file for STMicroelectronics.FP-ATR-ASTRA1.2.0.0
2024-04-25 17:06:54,804 [WARN] PackLoader:240 - Cannot read IP mode file for STMicroelectronics.X-CUBE-TOF1.3.4.0
2024-04-25 17:06:54,907 [WARN] PackLoader:240 - Cannot read IP mode file for STMicroelectronics.X-CUBE-TOF1.3.4.1
2024-04-25 17:06:55,040 [WARN] PackLoader:240 - Cannot read IP mode file for STMicroelectronics.X-CUBE-AZRTOS-H7.3.2.0
2024-04-25 17:06:55,047 [INFO] ThirdParty:978 - Integrity check success = true
2024-04-25 17:06:55,047 [INFO] IntegrityCheckThread:100 - exiting critical section [integrity check]
2024-04-25 17:06:55,047 [INFO] IntegrityCheckThread:103 - End integrity checks thread
2024-04-25 17:06:58,939 [ERROR] LogOutputStream:75 - [STDERR_REDIRECT] SLF4J: Failed to load class "org.slf4j.impl.StaticLoggerBinder".
2024-04-25 17:06:58,942 [ERROR] LogOutputStream:75 - [STDERR_REDIRECT] SLF4J: Defaulting to no-operation (NOP) logger implementation
2024-04-25 17:06:58,944 [ERROR] LogOutputStream:75 - [STDERR_REDIRECT] SLF4J: See http://www.slf4j.org/codes.html#StaticLoggerBinder for further details.
