2024-05-13 16:39:16,262 [INFO] Activator:176 - 


2024-05-13 16:39:16,271 [INFO] Activator:177 - !SESSION log4j initialized
2024-05-13 16:39:24,659 [INFO] LogOutputStream:77 - [STDOUT_REDIRECT] 
2024-05-13 16:39:28,153 [INFO] ApplicationProperties:184 - Using Application install path: C:\ST\STM32CubeIDE_1.14.0\STM32CubeIDE\plugins\com.st.stm32cube.common.mx_6.10.0.202311202037
2024-05-13 16:39:28,177 [INFO] DbMcusXml:78 - Set database path to: C:\ST\STM32CubeIDE_1.14.0\STM32CubeIDE\plugins\com.st.stm32cube.common.mx_6.10.0.202311202037\\db\/mcu/
2024-05-13 16:39:28,178 [INFO] ApiDb:274 - Set plugin database path to: C:\ST\STM32CubeIDE_1.14.0\STM32CubeIDE\plugins\com.st.stm32cube.common.mx_6.10.0.202311202037\\db\/plugins/boardmanager/
2024-05-13 16:39:28,178 [WARN] ApiDb:259 - Overriding images path with different value:  => C:\ST\STM32CubeIDE_1.14.0\STM32CubeIDE\plugins\com.st.stm32cube.common.mx_6.10.0.202311202037\\db\/plugins/mcufinder/images/
2024-05-13 16:39:28,190 [INFO] ApiDb:250 - Set database path to: C:\Users\thebu\.stmcufinder\plugins\mcufinder//mcu/
2024-05-13 16:39:28,192 [INFO] DbMcusAds:125 - Set database path to: C:\Users\thebu\.stmcufinder\plugins\mcufinder//mcu/
2024-05-13 16:39:28,194 [INFO] CrossReferenceDbSqlite:203 - Set database path to: C:\Users\thebu\.stmcufinder\plugins\mcufinder//mcu/cs/
2024-05-13 16:39:28,363 [INFO] RulesReader:64 - Compatibility file has been processed (297 Rules)
2024-05-13 16:39:28,473 [INFO] DbMcusXml:78 - Set database path to: C:\ST\STM32CubeIDE_1.14.0\STM32CubeIDE\plugins\com.st.stm32cube.common.mx_6.10.0.202311202037\\db\/mcu/
2024-05-13 16:39:28,474 [INFO] ApiDb:274 - Set plugin database path to: C:\ST\STM32CubeIDE_1.14.0\STM32CubeIDE\plugins\com.st.stm32cube.common.mx_6.10.0.202311202037\\db\/plugins/boardmanager/
2024-05-13 16:39:28,474 [INFO] ApiDb:261 - Set plugin images path to: C:\ST\STM32CubeIDE_1.14.0\STM32CubeIDE\plugins\com.st.stm32cube.common.mx_6.10.0.202311202037\\db\/plugins/mcufinder/images/
2024-05-13 16:39:28,474 [WARN] DbFile:41 - Overriding database path with different value: C:\Users\thebu\.stmcufinder\plugins\mcufinder/ => C:\Users\thebu\.stmcufinder\plugins\mcufinder
2024-05-13 16:39:28,474 [INFO] ApiDb:250 - Set database path to: C:\Users\thebu\.stmcufinder\plugins\mcufinder//mcu/
2024-05-13 16:39:28,474 [WARN] DbFile:41 - Overriding database path with different value: C:\Users\thebu\.stmcufinder\plugins\mcufinder/ => C:\Users\thebu\.stmcufinder\plugins\mcufinder
2024-05-13 16:39:28,474 [INFO] DbMcusAds:125 - Set database path to: C:\Users\thebu\.stmcufinder\plugins\mcufinder//mcu/
2024-05-13 16:39:28,475 [WARN] DbFile:41 - Overriding database path with different value: C:\Users\thebu\.stmcufinder\plugins\mcufinder/ => C:\Users\thebu\.stmcufinder\plugins\mcufinder
2024-05-13 16:39:28,475 [WARN] DbFile:41 - Overriding database path with different value: C:\Users\thebu\.stmcufinder\plugins\mcufinder/ => C:\Users\thebu\.stmcufinder\plugins\mcufinder
2024-05-13 16:39:28,475 [INFO] CrossReferenceDbSqlite:203 - Set database path to: C:\Users\thebu\.stmcufinder\plugins\mcufinder//mcu/cs/
2024-05-13 16:39:28,567 [INFO] MainPanel:264 - HeapMemory: 268435456
2024-05-13 16:39:28,689 [INFO] DbMcusXml:78 - Set database path to: C:\ST\STM32CubeIDE_1.14.0\STM32CubeIDE\plugins\com.st.stm32cube.common.mx_6.10.0.202311202037\\db\/mcu/
2024-05-13 16:39:28,689 [INFO] ApiDb:274 - Set plugin database path to: C:\ST\STM32CubeIDE_1.14.0\STM32CubeIDE\plugins\com.st.stm32cube.common.mx_6.10.0.202311202037\\db\/plugins/boardmanager/
2024-05-13 16:39:28,689 [INFO] ApiDb:261 - Set plugin images path to: C:\ST\STM32CubeIDE_1.14.0\STM32CubeIDE\plugins\com.st.stm32cube.common.mx_6.10.0.202311202037\\db\/plugins/mcufinder/images/
2024-05-13 16:39:28,690 [WARN] DbFile:41 - Overriding database path with different value: C:\Users\thebu\.stmcufinder\plugins\mcufinder/ => C:\Users\thebu\.stmcufinder\plugins\mcufinder
2024-05-13 16:39:28,690 [INFO] ApiDb:250 - Set database path to: C:\Users\thebu\.stmcufinder\plugins\mcufinder//mcu/
2024-05-13 16:39:28,690 [WARN] DbFile:41 - Overriding database path with different value: C:\Users\thebu\.stmcufinder\plugins\mcufinder/ => C:\Users\thebu\.stmcufinder\plugins\mcufinder
2024-05-13 16:39:28,690 [INFO] DbMcusAds:125 - Set database path to: C:\Users\thebu\.stmcufinder\plugins\mcufinder//mcu/
2024-05-13 16:39:28,690 [WARN] DbFile:41 - Overriding database path with different value: C:\Users\thebu\.stmcufinder\plugins\mcufinder/ => C:\Users\thebu\.stmcufinder\plugins\mcufinder
2024-05-13 16:39:28,691 [WARN] DbFile:41 - Overriding database path with different value: C:\Users\thebu\.stmcufinder\plugins\mcufinder/ => C:\Users\thebu\.stmcufinder\plugins\mcufinder
2024-05-13 16:39:28,691 [INFO] CrossReferenceDbSqlite:203 - Set database path to: C:\Users\thebu\.stmcufinder\plugins\mcufinder//mcu/cs/
2024-05-13 16:39:28,716 [INFO] ApplicationProperties:184 - Using Application install path: C:\ST\STM32CubeIDE_1.14.0\STM32CubeIDE\plugins\com.st.stm32cube.common.mx_6.10.0.202311202037
2024-05-13 16:39:28,718 [INFO] PluginManage:196 - Search for loadable plugins [exclusion list=, ]
2024-05-13 16:39:28,720 [INFO] PluginManage:310 - Check plugin analytics
2024-05-13 16:39:28,933 [INFO] AnalyticsPlugin:253 - Accepted Software Licenses: 
2024-05-13 16:39:28,934 [INFO] AnalyticsPlugin:255 - Accepted CMSIS Pack Licenses: 
2024-05-13 16:39:28,934 [INFO] AnalyticsPlugin:257 - Accepted Firmware Licenses: FW.L4.1.18.0
2024-05-13 16:39:28,937 [INFO] PluginManage:359 - Loaded plugin analytics (category:tool,tabindex:-1)
2024-05-13 16:39:28,937 [INFO] PluginManage:310 - Check plugin cadmodel
2024-05-13 16:39:28,958 [INFO] CADModel:105 - Init CAD model plugin
2024-05-13 16:39:28,958 [INFO] PluginManage:359 - Loaded plugin cadmodel (category:power,tabindex:5)
2024-05-13 16:39:28,959 [INFO] PluginManage:310 - Check plugin clock
2024-05-13 16:39:28,983 [INFO] PluginManage:359 - Loaded plugin clock (category:base,tabindex:2)
2024-05-13 16:39:28,983 [INFO] PluginManage:310 - Check plugin ddr
2024-05-13 16:39:28,986 [INFO] PluginManage:359 - Loaded plugin ddr (category:tool,tabindex:6)
2024-05-13 16:39:28,987 [INFO] PluginManage:310 - Check plugin filemanager
2024-05-13 16:39:29,174 [INFO] PluginManage:359 - Loaded plugin filemanager (category:base,tabindex:10)
2024-05-13 16:39:29,174 [INFO] PluginManage:310 - Check plugin ipmanager
2024-05-13 16:39:29,185 [INFO] PluginManage:359 - Loaded plugin ipmanager (category:base,tabindex:5)
2024-05-13 16:39:29,185 [INFO] PluginManage:310 - Check plugin lpbam
2024-05-13 16:39:29,211 [INFO] PluginManage:359 - Loaded plugin lpbam (category:base,tabindex:0)
2024-05-13 16:39:29,211 [INFO] PluginManage:310 - Check plugin memorymap
2024-05-13 16:39:29,244 [INFO] PluginManage:359 - Loaded plugin memorymap (category:base,tabindex:4)
2024-05-13 16:39:29,244 [INFO] PluginManage:310 - Check plugin pinoutandconfiguration
2024-05-13 16:39:29,264 [INFO] PluginManage:359 - Loaded plugin pinoutandconfiguration (category:base,tabindex:1)
2024-05-13 16:39:29,264 [INFO] PluginManage:310 - Check plugin pinoutconfig
2024-05-13 16:39:29,378 [WARN] SupportedApi:132 - Cannot load RTOS API schema: s4s-elt-must-match.1: The content of 'definitions' must match (annotation?, (simpleType | complexType)?, (unique | key | keyref)*)). A problem was found starting at: attribute.
2024-05-13 16:39:29,540 [INFO] PluginManage:359 - Loaded plugin pinoutconfig (category:base,tabindex:0)
2024-05-13 16:39:29,540 [INFO] PluginManage:310 - Check plugin power
2024-05-13 16:39:29,565 [INFO] PluginManage:359 - Loaded plugin power (category:power,tabindex:4)
2024-05-13 16:39:29,565 [INFO] PluginManage:310 - Check plugin projectmanager
2024-05-13 16:39:29,584 [INFO] PluginManage:359 - Loaded plugin projectmanager (category:projectmanager,tabindex:3)
2024-05-13 16:39:29,584 [INFO] PluginManage:310 - Check plugin thirdparty
2024-05-13 16:39:29,983 [INFO] PluginManage:359 - Loaded plugin thirdparty (category:base,tabindex:-1)
2024-05-13 16:39:29,983 [WARN] IntegrityCheckThread:84 - waiting for thirdparty lock release [integrity check]
2024-05-13 16:39:29,983 [INFO] IntegrityCheckThread:86 - entering critical section [integrity check]
2024-05-13 16:39:29,983 [INFO] PluginManage:310 - Check plugin tools
2024-05-13 16:39:29,984 [INFO] ThirdPartyUpdaterWithRetryManager:70 - Updater plugin not ready yet. [1/15]
2024-05-13 16:39:30,030 [INFO] PluginManage:359 - Loaded plugin tools (category:base,tabindex:7)
2024-05-13 16:39:30,031 [INFO] PluginManage:310 - Check plugin tutovideos
2024-05-13 16:39:30,253 [INFO] PluginManage:359 - Loaded plugin tutovideos (category:base,tabindex:-1)
2024-05-13 16:39:30,253 [INFO] PluginManage:310 - Check plugin updater
2024-05-13 16:39:30,266 [INFO] PluginManage:359 - Loaded plugin updater (category:base,tabindex:12)
2024-05-13 16:39:30,267 [INFO] PluginManage:310 - Check plugin userauth
2024-05-13 16:39:30,272 [INFO] UserAuth:114 - Init User Auth plugin
2024-05-13 16:39:30,273 [INFO] PluginManage:359 - Loaded plugin userauth (category:base,tabindex:14)
2024-05-13 16:39:30,273 [INFO] PluginManage:283 - PluginManage : Loaded plugins [17]
2024-05-13 16:39:30,518 [INFO] PinOutPanel:1499 - setPackage(No Configuration,No Configuration)
2024-05-13 16:39:30,602 [INFO] CADModel:165 - CPN selected for project level
2024-05-13 16:39:30,602 [INFO] CADModel:114 - Register for checkConnection events
2024-05-13 16:39:30,632 [INFO] IPUIPlugin:80 - create IPUIPlugin
2024-05-13 16:39:30,632 [INFO] PluginManager:220 - loadIPPluginJar : add adc
2024-05-13 16:39:30,678 [INFO] IPUIPlugin:80 - create IPUIPlugin
2024-05-13 16:39:30,678 [INFO] PluginManager:220 - loadIPPluginJar : add aes
2024-05-13 16:39:30,728 [INFO] IPUIPlugin:80 - create IPUIPlugin
2024-05-13 16:39:30,728 [INFO] PluginManager:220 - loadIPPluginJar : add can
2024-05-13 16:39:30,756 [INFO] IPUIPlugin:80 - create IPUIPlugin
2024-05-13 16:39:30,756 [INFO] PluginManager:220 - loadIPPluginJar : add comp
2024-05-13 16:39:30,794 [INFO] IPUIPlugin:80 - create IPUIPlugin
2024-05-13 16:39:30,794 [INFO] PluginManager:220 - loadIPPluginJar : add cryp
2024-05-13 16:39:30,831 [INFO] IPUIPlugin:80 - create IPUIPlugin
2024-05-13 16:39:30,831 [INFO] PluginManager:220 - loadIPPluginJar : add dfsdm
2024-05-13 16:39:30,849 [INFO] IPUIPlugin:80 - create IPUIPlugin
2024-05-13 16:39:30,850 [INFO] PluginManager:220 - loadIPPluginJar : add dma
2024-05-13 16:39:30,903 [INFO] IPUIPlugin:80 - create IPUIPlugin
2024-05-13 16:39:30,903 [INFO] PluginManager:220 - loadIPPluginJar : add dma3
2024-05-13 16:39:30,928 [INFO] IPUIPlugin:80 - create IPUIPlugin
2024-05-13 16:39:30,928 [INFO] PluginManager:220 - loadIPPluginJar : add fatfs
2024-05-13 16:39:30,981 [INFO] IPUIPlugin:80 - create IPUIPlugin
2024-05-13 16:39:30,981 [INFO] PluginManager:220 - loadIPPluginJar : add fmc
2024-05-13 16:39:30,998 [INFO] IPUIPlugin:80 - create IPUIPlugin
2024-05-13 16:39:30,998 [INFO] PluginManager:220 - loadIPPluginJar : add freertos
2024-05-13 16:39:31,023 [INFO] IPUIPlugin:80 - create IPUIPlugin
2024-05-13 16:39:31,024 [INFO] PluginManager:220 - loadIPPluginJar : add genericplugin
2024-05-13 16:39:31,130 [INFO] IPUIPlugin:80 - create IPUIPlugin
2024-05-13 16:39:31,130 [INFO] PluginManager:220 - loadIPPluginJar : add gfxmmu
2024-05-13 16:39:31,278 [INFO] IPUIPlugin:80 - create IPUIPlugin
2024-05-13 16:39:31,278 [INFO] PluginManager:220 - loadIPPluginJar : add gic
2024-05-13 16:39:31,295 [INFO] IPUIPlugin:80 - create IPUIPlugin
2024-05-13 16:39:31,295 [INFO] PluginManager:220 - loadIPPluginJar : add gpio
2024-05-13 16:39:31,394 [INFO] IPUIPlugin:80 - create IPUIPlugin
2024-05-13 16:39:31,394 [INFO] PluginManager:220 - loadIPPluginJar : add gtzc
2024-05-13 16:39:31,429 [INFO] IPUIPlugin:80 - create IPUIPlugin
2024-05-13 16:39:31,429 [INFO] PluginManager:220 - loadIPPluginJar : add hash
2024-05-13 16:39:31,490 [INFO] IPUIPlugin:80 - create IPUIPlugin
2024-05-13 16:39:31,490 [INFO] PluginManager:220 - loadIPPluginJar : add i2c
2024-05-13 16:39:31,534 [INFO] IPUIPlugin:80 - create IPUIPlugin
2024-05-13 16:39:31,534 [INFO] PluginManager:220 - loadIPPluginJar : add i2s
2024-05-13 16:39:31,576 [INFO] IPUIPlugin:80 - create IPUIPlugin
2024-05-13 16:39:31,576 [INFO] PluginManager:220 - loadIPPluginJar : add i3c
2024-05-13 16:39:31,684 [INFO] IPUIPlugin:80 - create IPUIPlugin
2024-05-13 16:39:31,684 [INFO] PluginManager:220 - loadIPPluginJar : add ipddr
2024-05-13 16:39:31,779 [INFO] IPUIPlugin:80 - create IPUIPlugin
2024-05-13 16:39:31,780 [INFO] PluginManager:220 - loadIPPluginJar : add linkedlist
2024-05-13 16:39:31,820 [INFO] IPUIPlugin:80 - create IPUIPlugin
2024-05-13 16:39:31,820 [INFO] PluginManager:220 - loadIPPluginJar : add lorawan
2024-05-13 16:39:31,861 [INFO] IPUIPlugin:80 - create IPUIPlugin
2024-05-13 16:39:31,861 [INFO] PluginManager:220 - loadIPPluginJar : add ltdc
2024-05-13 16:39:31,876 [INFO] IPUIPlugin:80 - create IPUIPlugin
2024-05-13 16:39:31,877 [INFO] PluginManager:220 - loadIPPluginJar : add mdma
2024-05-13 16:39:31,890 [INFO] IPUIPlugin:80 - create IPUIPlugin
2024-05-13 16:39:31,890 [INFO] PluginManager:220 - loadIPPluginJar : add nvic
2024-05-13 16:39:31,929 [INFO] IPUIPlugin:80 - create IPUIPlugin
2024-05-13 16:39:31,929 [INFO] PluginManager:220 - loadIPPluginJar : add opamp
2024-05-13 16:39:31,990 [INFO] IPUIPlugin:80 - create IPUIPlugin
2024-05-13 16:39:31,990 [INFO] PluginManager:220 - loadIPPluginJar : add openamp
2024-05-13 16:39:32,036 [INFO] IPUIPlugin:80 - create IPUIPlugin
2024-05-13 16:39:32,036 [INFO] PluginManager:220 - loadIPPluginJar : add pdm2pcm
2024-05-13 16:39:32,051 [INFO] IPUIPlugin:80 - create IPUIPlugin
2024-05-13 16:39:32,052 [INFO] PluginManager:220 - loadIPPluginJar : add plateformsettings
2024-05-13 16:39:32,075 [INFO] IPUIPlugin:80 - create IPUIPlugin
2024-05-13 16:39:32,075 [INFO] PluginManager:220 - loadIPPluginJar : add quadspi
2024-05-13 16:39:32,092 [INFO] IPUIPlugin:80 - create IPUIPlugin
2024-05-13 16:39:32,092 [INFO] PluginManager:220 - loadIPPluginJar : add resmgrutility
2024-05-13 16:39:32,148 [INFO] IPUIPlugin:80 - create IPUIPlugin
2024-05-13 16:39:32,148 [INFO] PluginManager:220 - loadIPPluginJar : add sai
2024-05-13 16:39:32,186 [INFO] IPUIPlugin:80 - create IPUIPlugin
2024-05-13 16:39:32,186 [INFO] PluginManager:220 - loadIPPluginJar : add spi
2024-05-13 16:39:32,255 [INFO] IPUIPlugin:80 - create IPUIPlugin
2024-05-13 16:39:32,255 [INFO] PluginManager:220 - loadIPPluginJar : add stm32_wpan
2024-05-13 16:39:32,279 [INFO] IPUIPlugin:80 - create IPUIPlugin
2024-05-13 16:39:32,279 [INFO] PluginManager:220 - loadIPPluginJar : add tim
2024-05-13 16:39:32,344 [INFO] IPUIPlugin:80 - create IPUIPlugin
2024-05-13 16:39:32,344 [INFO] PluginManager:220 - loadIPPluginJar : add touchsensing
2024-05-13 16:39:32,373 [INFO] IPUIPlugin:80 - create IPUIPlugin
2024-05-13 16:39:32,373 [INFO] PluginManager:220 - loadIPPluginJar : add tracer_emb
2024-05-13 16:39:32,400 [INFO] IPUIPlugin:80 - create IPUIPlugin
2024-05-13 16:39:32,400 [INFO] PluginManager:220 - loadIPPluginJar : add ts
2024-05-13 16:39:32,425 [INFO] IPUIPlugin:80 - create IPUIPlugin
2024-05-13 16:39:32,425 [INFO] PluginManager:220 - loadIPPluginJar : add tsc
2024-05-13 16:39:32,450 [INFO] IPUIPlugin:80 - create IPUIPlugin
2024-05-13 16:39:32,450 [INFO] PluginManager:220 - loadIPPluginJar : add ucpd
2024-05-13 16:39:32,507 [INFO] IPUIPlugin:80 - create IPUIPlugin
2024-05-13 16:39:32,507 [INFO] PluginManager:220 - loadIPPluginJar : add usart
2024-05-13 16:39:32,556 [INFO] IPUIPlugin:80 - create IPUIPlugin
2024-05-13 16:39:32,556 [INFO] PluginManager:220 - loadIPPluginJar : add usbx
2024-05-13 16:39:32,686 [INFO] CADModel:165 - CPN selected for project level
2024-05-13 16:39:32,686 [INFO] CADModel:114 - Register for checkConnection events
2024-05-13 16:39:32,687 [FATAL] Updater:308 - Updater called before beeing initialized
2024-05-13 16:39:32,687 [ERROR] CADModel:125 - Updater not yet initialized, retry later 
2024-05-13 16:39:32,837 [INFO] CADModel:165 - CPN selected for project level
2024-05-13 16:39:32,837 [INFO] CADModel:114 - Register for checkConnection events
2024-05-13 16:39:32,837 [FATAL] Updater:308 - Updater called before beeing initialized
2024-05-13 16:39:32,837 [ERROR] CADModel:125 - Updater not yet initialized, retry later 
2024-05-13 16:39:32,841 [FATAL] Updater:308 - Updater called before beeing initialized
2024-05-13 16:39:32,984 [FATAL] Updater:308 - Updater called before beeing initialized
2024-05-13 16:39:32,986 [INFO] ThirdPartyUpdaterWithRetryManager:70 - Updater plugin not ready yet. [2/15]
2024-05-13 16:39:32,997 [INFO] DbMcusAds:53 - JSON generation date=Thu May 02 01:37:29 PDT 2024 (1714639049318)
2024-05-13 16:39:32,997 [FATAL] Updater:308 - Updater called before beeing initialized
2024-05-13 16:39:33,113 [WARN] DetailPanel:346 - Failed to get advertising image, set to default
2024-05-13 16:39:33,229 [FATAL] Updater:308 - Updater called before beeing initialized
2024-05-13 16:39:33,232 [FATAL] Updater:308 - Updater called before beeing initialized
2024-05-13 16:39:33,232 [FATAL] Updater:308 - Updater called before beeing initialized
2024-05-13 16:39:33,232 [WARN] DetailPanel:346 - Failed to get advertising image, set to default
2024-05-13 16:39:33,233 [FATAL] Updater:308 - Updater called before beeing initialized
2024-05-13 16:39:33,318 [ERROR] Updater:1120 - MainUpdater not yet initialized. External WinMGr cannot be set.
2024-05-13 16:39:33,334 [INFO] Updater:1056 - Updater Version found : 6.10.0
2024-05-13 16:39:33,356 [INFO] ApplicationProperties:184 - Using Application install path: C:\ST\STM32CubeIDE_1.14.0\STM32CubeIDE\plugins\com.st.stm32cube.common.mx_6.10.0.202311202037
2024-05-13 16:39:34,943 [ERROR] LogOutputStream:75 - [STDERR_REDIRECT] May 13, 2024 4:39:34 PM java.util.prefs.WindowsPreferences <init>
2024-05-13 16:39:34,944 [ERROR] LogOutputStream:75 - [STDERR_REDIRECT] WARNING: Could not open/create prefs root node Software\JavaSoft\Prefs at root 0xffffffff80000002. Windows RegCreateKeyEx(...) returned error code 5.
2024-05-13 16:39:34,944 [ERROR] LogOutputStream:75 - [STDERR_REDIRECT] 
2024-05-13 16:39:35,987 [FATAL] Updater:308 - Updater called before beeing initialized
2024-05-13 16:39:35,987 [ERROR] IntegrityCheckThread:130 - Cannot retrieve database content from updater: error 21
2024-05-13 16:39:35,988 [INFO] ThirdParty:978 - Integrity check success = false
2024-05-13 16:39:35,988 [INFO] IntegrityCheckThread:100 - exiting critical section [integrity check]
2024-05-13 16:39:35,988 [INFO] IntegrityCheckThread:103 - End integrity checks thread
2024-05-13 16:39:36,042 [INFO] MainUpdater:2873 - connection check result : 10
2024-05-13 16:39:36,043 [INFO] MainUpdater:290 - Updater Check For Update Now.
2024-05-13 16:39:36,043 [INFO] MicroXplorer:498 - Change Database Version : DB.6.0.100
2024-05-13 16:39:36,070 [INFO] McuFinderGlobals:63 - Set McuFinder mode to 2 (CubeIDE integrated)
2024-05-13 16:39:36,089 [INFO] UserAuth:404 - Internet connection configuration mode: 1
2024-05-13 16:39:36,130 [INFO] JxBrowserEngine:152 - Initiate JxBrowser Engine with user profile folder
2024-05-13 16:39:36,320 [INFO] CheckServerUpdateThread:120 - End of CheckServer Thread
2024-05-13 16:39:40,303 [INFO] WebApp:161 - Instantiating new browser for Auth
2024-05-13 16:39:41,255 [INFO] WebApp:780 - Register for checkConnection events
2024-05-13 16:39:41,256 [INFO] WebApp:414 - Apply proxy settings
2024-05-13 16:39:41,256 [INFO] WebApp:499 - Chromium requires no authentication
2024-05-13 16:39:41,269 [INFO] WebApp:442 - Direct internet connection detected
2024-05-13 16:39:41,623 [INFO] WebApp:192 - Starting web application
2024-05-13 16:39:41,624 [INFO] WebApp:544 - Web application path used C:\ST\STM32CubeIDE_1.14.0\STM32CubeIDE\plugins\com.st.stm32cube.common.mx_6.10.0.202311202037\db\plugins\mcufinder\reactClient1\index.html
2024-05-13 16:39:48,203 [ERROR] LogOutputStream:75 - [STDERR_REDIRECT] SLF4J: Failed to load class "org.slf4j.impl.StaticLoggerBinder".
2024-05-13 16:39:48,204 [ERROR] LogOutputStream:75 - [STDERR_REDIRECT] SLF4J: Defaulting to no-operation (NOP) logger implementation
2024-05-13 16:39:48,206 [ERROR] LogOutputStream:75 - [STDERR_REDIRECT] SLF4J: See http://www.slf4j.org/codes.html#StaticLoggerBinder for further details.
2024-05-13 21:35:52,553 [ERROR] LogOutputStream:75 - [STDERR_REDIRECT] 
2024-05-13 21:35:52,555 [ERROR] LogOutputStream:75 - [STDERR_REDIRECT] 
