2024-05-11 10:34:48,716 [INFO] Activator:176 - 


2024-05-11 10:34:48,721 [INFO] Activator:177 - !SESSION log4j initialized
2024-05-11 10:34:54,324 [INFO] LogOutputStream:77 - [STDOUT_REDIRECT] 
2024-05-11 10:34:57,183 [INFO] ApplicationProperties:184 - Using Application install path: C:\ST\STM32CubeIDE_1.14.0\STM32CubeIDE\plugins\com.st.stm32cube.common.mx_6.10.0.202311202037
2024-05-11 10:34:57,203 [INFO] DbMcusXml:78 - Set database path to: C:\ST\STM32CubeIDE_1.14.0\STM32CubeIDE\plugins\com.st.stm32cube.common.mx_6.10.0.202311202037\\db\/mcu/
2024-05-11 10:34:57,204 [INFO] ApiDb:274 - Set plugin database path to: C:\ST\STM32CubeIDE_1.14.0\STM32CubeIDE\plugins\com.st.stm32cube.common.mx_6.10.0.202311202037\\db\/plugins/boardmanager/
2024-05-11 10:34:57,204 [WARN] ApiDb:259 - Overriding images path with different value:  => C:\ST\STM32CubeIDE_1.14.0\STM32CubeIDE\plugins\com.st.stm32cube.common.mx_6.10.0.202311202037\\db\/plugins/mcufinder/images/
2024-05-11 10:34:57,212 [INFO] ApiDb:250 - Set database path to: C:\Users\thebu\.stmcufinder\plugins\mcufinder//mcu/
2024-05-11 10:34:57,213 [INFO] DbMcusAds:125 - Set database path to: C:\Users\thebu\.stmcufinder\plugins\mcufinder//mcu/
2024-05-11 10:34:57,215 [INFO] CrossReferenceDbSqlite:203 - Set database path to: C:\Users\thebu\.stmcufinder\plugins\mcufinder//mcu/cs/
2024-05-11 10:34:57,324 [INFO] RulesReader:64 - Compatibility file has been processed (297 Rules)
2024-05-11 10:34:57,412 [INFO] DbMcusXml:78 - Set database path to: C:\ST\STM32CubeIDE_1.14.0\STM32CubeIDE\plugins\com.st.stm32cube.common.mx_6.10.0.202311202037\\db\/mcu/
2024-05-11 10:34:57,413 [INFO] ApiDb:274 - Set plugin database path to: C:\ST\STM32CubeIDE_1.14.0\STM32CubeIDE\plugins\com.st.stm32cube.common.mx_6.10.0.202311202037\\db\/plugins/boardmanager/
2024-05-11 10:34:57,413 [INFO] ApiDb:261 - Set plugin images path to: C:\ST\STM32CubeIDE_1.14.0\STM32CubeIDE\plugins\com.st.stm32cube.common.mx_6.10.0.202311202037\\db\/plugins/mcufinder/images/
2024-05-11 10:34:57,413 [WARN] DbFile:41 - Overriding database path with different value: C:\Users\thebu\.stmcufinder\plugins\mcufinder/ => C:\Users\thebu\.stmcufinder\plugins\mcufinder
2024-05-11 10:34:57,413 [INFO] ApiDb:250 - Set database path to: C:\Users\thebu\.stmcufinder\plugins\mcufinder//mcu/
2024-05-11 10:34:57,413 [WARN] DbFile:41 - Overriding database path with different value: C:\Users\thebu\.stmcufinder\plugins\mcufinder/ => C:\Users\thebu\.stmcufinder\plugins\mcufinder
2024-05-11 10:34:57,413 [INFO] DbMcusAds:125 - Set database path to: C:\Users\thebu\.stmcufinder\plugins\mcufinder//mcu/
2024-05-11 10:34:57,413 [WARN] DbFile:41 - Overriding database path with different value: C:\Users\thebu\.stmcufinder\plugins\mcufinder/ => C:\Users\thebu\.stmcufinder\plugins\mcufinder
2024-05-11 10:34:57,414 [WARN] DbFile:41 - Overriding database path with different value: C:\Users\thebu\.stmcufinder\plugins\mcufinder/ => C:\Users\thebu\.stmcufinder\plugins\mcufinder
2024-05-11 10:34:57,414 [INFO] CrossReferenceDbSqlite:203 - Set database path to: C:\Users\thebu\.stmcufinder\plugins\mcufinder//mcu/cs/
2024-05-11 10:34:57,502 [INFO] MainPanel:264 - HeapMemory: 268435456
2024-05-11 10:34:57,606 [INFO] DbMcusXml:78 - Set database path to: C:\ST\STM32CubeIDE_1.14.0\STM32CubeIDE\plugins\com.st.stm32cube.common.mx_6.10.0.202311202037\\db\/mcu/
2024-05-11 10:34:57,606 [INFO] ApiDb:274 - Set plugin database path to: C:\ST\STM32CubeIDE_1.14.0\STM32CubeIDE\plugins\com.st.stm32cube.common.mx_6.10.0.202311202037\\db\/plugins/boardmanager/
2024-05-11 10:34:57,606 [INFO] ApiDb:261 - Set plugin images path to: C:\ST\STM32CubeIDE_1.14.0\STM32CubeIDE\plugins\com.st.stm32cube.common.mx_6.10.0.202311202037\\db\/plugins/mcufinder/images/
2024-05-11 10:34:57,607 [WARN] DbFile:41 - Overriding database path with different value: C:\Users\thebu\.stmcufinder\plugins\mcufinder/ => C:\Users\thebu\.stmcufinder\plugins\mcufinder
2024-05-11 10:34:57,607 [INFO] ApiDb:250 - Set database path to: C:\Users\thebu\.stmcufinder\plugins\mcufinder//mcu/
2024-05-11 10:34:57,607 [WARN] DbFile:41 - Overriding database path with different value: C:\Users\thebu\.stmcufinder\plugins\mcufinder/ => C:\Users\thebu\.stmcufinder\plugins\mcufinder
2024-05-11 10:34:57,607 [INFO] DbMcusAds:125 - Set database path to: C:\Users\thebu\.stmcufinder\plugins\mcufinder//mcu/
2024-05-11 10:34:57,607 [WARN] DbFile:41 - Overriding database path with different value: C:\Users\thebu\.stmcufinder\plugins\mcufinder/ => C:\Users\thebu\.stmcufinder\plugins\mcufinder
2024-05-11 10:34:57,607 [WARN] DbFile:41 - Overriding database path with different value: C:\Users\thebu\.stmcufinder\plugins\mcufinder/ => C:\Users\thebu\.stmcufinder\plugins\mcufinder
2024-05-11 10:34:57,607 [INFO] CrossReferenceDbSqlite:203 - Set database path to: C:\Users\thebu\.stmcufinder\plugins\mcufinder//mcu/cs/
2024-05-11 10:34:57,624 [INFO] ApplicationProperties:184 - Using Application install path: C:\ST\STM32CubeIDE_1.14.0\STM32CubeIDE\plugins\com.st.stm32cube.common.mx_6.10.0.202311202037
2024-05-11 10:34:57,626 [INFO] PluginManage:196 - Search for loadable plugins [exclusion list=, ]
2024-05-11 10:34:57,627 [INFO] PluginManage:310 - Check plugin analytics
2024-05-11 10:34:57,784 [INFO] AnalyticsPlugin:253 - Accepted Software Licenses: 
2024-05-11 10:34:57,784 [INFO] AnalyticsPlugin:255 - Accepted CMSIS Pack Licenses: 
2024-05-11 10:34:57,784 [INFO] AnalyticsPlugin:257 - Accepted Firmware Licenses: FW.L4.1.18.0
2024-05-11 10:34:57,787 [INFO] PluginManage:359 - Loaded plugin analytics (category:tool,tabindex:-1)
2024-05-11 10:34:57,787 [INFO] PluginManage:310 - Check plugin cadmodel
2024-05-11 10:34:57,802 [INFO] CADModel:105 - Init CAD model plugin
2024-05-11 10:34:57,802 [INFO] PluginManage:359 - Loaded plugin cadmodel (category:power,tabindex:5)
2024-05-11 10:34:57,803 [INFO] PluginManage:310 - Check plugin clock
2024-05-11 10:34:57,823 [INFO] PluginManage:359 - Loaded plugin clock (category:base,tabindex:2)
2024-05-11 10:34:57,823 [INFO] PluginManage:310 - Check plugin ddr
2024-05-11 10:34:57,825 [INFO] PluginManage:359 - Loaded plugin ddr (category:tool,tabindex:6)
2024-05-11 10:34:57,826 [INFO] PluginManage:310 - Check plugin filemanager
2024-05-11 10:34:57,970 [INFO] PluginManage:359 - Loaded plugin filemanager (category:base,tabindex:10)
2024-05-11 10:34:57,970 [INFO] PluginManage:310 - Check plugin ipmanager
2024-05-11 10:34:57,976 [INFO] PluginManage:359 - Loaded plugin ipmanager (category:base,tabindex:5)
2024-05-11 10:34:57,976 [INFO] PluginManage:310 - Check plugin lpbam
2024-05-11 10:34:57,993 [INFO] PluginManage:359 - Loaded plugin lpbam (category:base,tabindex:0)
2024-05-11 10:34:57,993 [INFO] PluginManage:310 - Check plugin memorymap
2024-05-11 10:34:58,022 [INFO] PluginManage:359 - Loaded plugin memorymap (category:base,tabindex:4)
2024-05-11 10:34:58,022 [INFO] PluginManage:310 - Check plugin pinoutandconfiguration
2024-05-11 10:34:58,037 [INFO] PluginManage:359 - Loaded plugin pinoutandconfiguration (category:base,tabindex:1)
2024-05-11 10:34:58,037 [INFO] PluginManage:310 - Check plugin pinoutconfig
2024-05-11 10:34:58,122 [WARN] SupportedApi:132 - Cannot load RTOS API schema: s4s-elt-must-match.1: The content of 'definitions' must match (annotation?, (simpleType | complexType)?, (unique | key | keyref)*)). A problem was found starting at: attribute.
2024-05-11 10:34:58,247 [INFO] PluginManage:359 - Loaded plugin pinoutconfig (category:base,tabindex:0)
2024-05-11 10:34:58,247 [INFO] PluginManage:310 - Check plugin power
2024-05-11 10:34:58,264 [INFO] PluginManage:359 - Loaded plugin power (category:power,tabindex:4)
2024-05-11 10:34:58,264 [INFO] PluginManage:310 - Check plugin projectmanager
2024-05-11 10:34:58,277 [INFO] PluginManage:359 - Loaded plugin projectmanager (category:projectmanager,tabindex:3)
2024-05-11 10:34:58,277 [INFO] PluginManage:310 - Check plugin thirdparty
2024-05-11 10:34:58,541 [INFO] PluginManage:359 - Loaded plugin thirdparty (category:base,tabindex:-1)
2024-05-11 10:34:58,541 [WARN] IntegrityCheckThread:84 - waiting for thirdparty lock release [integrity check]
2024-05-11 10:34:58,541 [INFO] PluginManage:310 - Check plugin tools
2024-05-11 10:34:58,541 [INFO] IntegrityCheckThread:86 - entering critical section [integrity check]
2024-05-11 10:34:58,542 [INFO] ThirdPartyUpdaterWithRetryManager:70 - Updater plugin not ready yet. [1/15]
2024-05-11 10:34:58,586 [INFO] PluginManage:359 - Loaded plugin tools (category:base,tabindex:7)
2024-05-11 10:34:58,587 [INFO] PluginManage:310 - Check plugin tutovideos
2024-05-11 10:34:58,766 [INFO] PluginManage:359 - Loaded plugin tutovideos (category:base,tabindex:-1)
2024-05-11 10:34:58,767 [INFO] PluginManage:310 - Check plugin updater
2024-05-11 10:34:58,779 [INFO] PluginManage:359 - Loaded plugin updater (category:base,tabindex:12)
2024-05-11 10:34:58,779 [INFO] PluginManage:310 - Check plugin userauth
2024-05-11 10:34:58,785 [INFO] UserAuth:114 - Init User Auth plugin
2024-05-11 10:34:58,785 [INFO] PluginManage:359 - Loaded plugin userauth (category:base,tabindex:14)
2024-05-11 10:34:58,785 [INFO] PluginManage:283 - PluginManage : Loaded plugins [17]
2024-05-11 10:34:59,022 [INFO] PinOutPanel:1499 - setPackage(No Configuration,No Configuration)
2024-05-11 10:34:59,100 [INFO] CADModel:165 - CPN selected for project level
2024-05-11 10:34:59,100 [INFO] CADModel:114 - Register for checkConnection events
2024-05-11 10:34:59,126 [INFO] IPUIPlugin:80 - create IPUIPlugin
2024-05-11 10:34:59,127 [INFO] PluginManager:220 - loadIPPluginJar : add adc
2024-05-11 10:34:59,159 [INFO] IPUIPlugin:80 - create IPUIPlugin
2024-05-11 10:34:59,159 [INFO] PluginManager:220 - loadIPPluginJar : add aes
2024-05-11 10:34:59,200 [INFO] IPUIPlugin:80 - create IPUIPlugin
2024-05-11 10:34:59,200 [INFO] PluginManager:220 - loadIPPluginJar : add can
2024-05-11 10:34:59,222 [INFO] IPUIPlugin:80 - create IPUIPlugin
2024-05-11 10:34:59,222 [INFO] PluginManager:220 - loadIPPluginJar : add comp
2024-05-11 10:34:59,257 [INFO] IPUIPlugin:80 - create IPUIPlugin
2024-05-11 10:34:59,257 [INFO] PluginManager:220 - loadIPPluginJar : add cryp
2024-05-11 10:34:59,288 [INFO] IPUIPlugin:80 - create IPUIPlugin
2024-05-11 10:34:59,288 [INFO] PluginManager:220 - loadIPPluginJar : add dfsdm
2024-05-11 10:34:59,301 [INFO] IPUIPlugin:80 - create IPUIPlugin
2024-05-11 10:34:59,301 [INFO] PluginManager:220 - loadIPPluginJar : add dma
2024-05-11 10:34:59,337 [INFO] IPUIPlugin:80 - create IPUIPlugin
2024-05-11 10:34:59,337 [INFO] PluginManager:220 - loadIPPluginJar : add dma3
2024-05-11 10:34:59,355 [INFO] IPUIPlugin:80 - create IPUIPlugin
2024-05-11 10:34:59,355 [INFO] PluginManager:220 - loadIPPluginJar : add fatfs
2024-05-11 10:34:59,392 [INFO] IPUIPlugin:80 - create IPUIPlugin
2024-05-11 10:34:59,392 [INFO] PluginManager:220 - loadIPPluginJar : add fmc
2024-05-11 10:34:59,405 [INFO] IPUIPlugin:80 - create IPUIPlugin
2024-05-11 10:34:59,405 [INFO] PluginManager:220 - loadIPPluginJar : add freertos
2024-05-11 10:34:59,423 [INFO] IPUIPlugin:80 - create IPUIPlugin
2024-05-11 10:34:59,423 [INFO] PluginManager:220 - loadIPPluginJar : add genericplugin
2024-05-11 10:34:59,495 [INFO] IPUIPlugin:80 - create IPUIPlugin
2024-05-11 10:34:59,495 [INFO] PluginManager:220 - loadIPPluginJar : add gfxmmu
2024-05-11 10:34:59,592 [INFO] IPUIPlugin:80 - create IPUIPlugin
2024-05-11 10:34:59,592 [INFO] PluginManager:220 - loadIPPluginJar : add gic
2024-05-11 10:34:59,604 [INFO] IPUIPlugin:80 - create IPUIPlugin
2024-05-11 10:34:59,604 [INFO] PluginManager:220 - loadIPPluginJar : add gpio
2024-05-11 10:34:59,672 [INFO] IPUIPlugin:80 - create IPUIPlugin
2024-05-11 10:34:59,672 [INFO] PluginManager:220 - loadIPPluginJar : add gtzc
2024-05-11 10:34:59,699 [INFO] IPUIPlugin:80 - create IPUIPlugin
2024-05-11 10:34:59,699 [INFO] PluginManager:220 - loadIPPluginJar : add hash
2024-05-11 10:34:59,740 [INFO] IPUIPlugin:80 - create IPUIPlugin
2024-05-11 10:34:59,740 [INFO] PluginManager:220 - loadIPPluginJar : add i2c
2024-05-11 10:34:59,771 [INFO] IPUIPlugin:80 - create IPUIPlugin
2024-05-11 10:34:59,771 [INFO] PluginManager:220 - loadIPPluginJar : add i2s
2024-05-11 10:34:59,802 [INFO] IPUIPlugin:80 - create IPUIPlugin
2024-05-11 10:34:59,802 [INFO] PluginManager:220 - loadIPPluginJar : add i3c
2024-05-11 10:34:59,882 [INFO] IPUIPlugin:80 - create IPUIPlugin
2024-05-11 10:34:59,882 [INFO] PluginManager:220 - loadIPPluginJar : add ipddr
2024-05-11 10:34:59,957 [INFO] IPUIPlugin:80 - create IPUIPlugin
2024-05-11 10:34:59,958 [INFO] PluginManager:220 - loadIPPluginJar : add linkedlist
2024-05-11 10:34:59,985 [INFO] IPUIPlugin:80 - create IPUIPlugin
2024-05-11 10:34:59,985 [INFO] PluginManager:220 - loadIPPluginJar : add lorawan
2024-05-11 10:35:00,050 [INFO] IPUIPlugin:80 - create IPUIPlugin
2024-05-11 10:35:00,051 [INFO] PluginManager:220 - loadIPPluginJar : add ltdc
2024-05-11 10:35:00,074 [INFO] IPUIPlugin:80 - create IPUIPlugin
2024-05-11 10:35:00,074 [INFO] PluginManager:220 - loadIPPluginJar : add mdma
2024-05-11 10:35:00,085 [INFO] IPUIPlugin:80 - create IPUIPlugin
2024-05-11 10:35:00,086 [INFO] PluginManager:220 - loadIPPluginJar : add nvic
2024-05-11 10:35:00,117 [INFO] IPUIPlugin:80 - create IPUIPlugin
2024-05-11 10:35:00,117 [INFO] PluginManager:220 - loadIPPluginJar : add opamp
2024-05-11 10:35:00,165 [INFO] IPUIPlugin:80 - create IPUIPlugin
2024-05-11 10:35:00,165 [INFO] PluginManager:220 - loadIPPluginJar : add openamp
2024-05-11 10:35:00,201 [INFO] IPUIPlugin:80 - create IPUIPlugin
2024-05-11 10:35:00,201 [INFO] PluginManager:220 - loadIPPluginJar : add pdm2pcm
2024-05-11 10:35:00,214 [INFO] IPUIPlugin:80 - create IPUIPlugin
2024-05-11 10:35:00,216 [INFO] PluginManager:220 - loadIPPluginJar : add plateformsettings
2024-05-11 10:35:00,237 [INFO] IPUIPlugin:80 - create IPUIPlugin
2024-05-11 10:35:00,237 [INFO] PluginManager:220 - loadIPPluginJar : add quadspi
2024-05-11 10:35:00,248 [INFO] IPUIPlugin:80 - create IPUIPlugin
2024-05-11 10:35:00,248 [INFO] PluginManager:220 - loadIPPluginJar : add resmgrutility
2024-05-11 10:35:00,286 [INFO] IPUIPlugin:80 - create IPUIPlugin
2024-05-11 10:35:00,287 [INFO] PluginManager:220 - loadIPPluginJar : add sai
2024-05-11 10:35:00,316 [INFO] IPUIPlugin:80 - create IPUIPlugin
2024-05-11 10:35:00,316 [INFO] PluginManager:220 - loadIPPluginJar : add spi
2024-05-11 10:35:00,370 [INFO] IPUIPlugin:80 - create IPUIPlugin
2024-05-11 10:35:00,370 [INFO] PluginManager:220 - loadIPPluginJar : add stm32_wpan
2024-05-11 10:35:00,388 [INFO] IPUIPlugin:80 - create IPUIPlugin
2024-05-11 10:35:00,388 [INFO] PluginManager:220 - loadIPPluginJar : add tim
2024-05-11 10:35:00,431 [INFO] IPUIPlugin:80 - create IPUIPlugin
2024-05-11 10:35:00,431 [INFO] PluginManager:220 - loadIPPluginJar : add touchsensing
2024-05-11 10:35:00,453 [INFO] IPUIPlugin:80 - create IPUIPlugin
2024-05-11 10:35:00,454 [INFO] PluginManager:220 - loadIPPluginJar : add tracer_emb
2024-05-11 10:35:00,473 [INFO] IPUIPlugin:80 - create IPUIPlugin
2024-05-11 10:35:00,473 [INFO] PluginManager:220 - loadIPPluginJar : add ts
2024-05-11 10:35:00,491 [INFO] IPUIPlugin:80 - create IPUIPlugin
2024-05-11 10:35:00,491 [INFO] PluginManager:220 - loadIPPluginJar : add tsc
2024-05-11 10:35:00,510 [INFO] IPUIPlugin:80 - create IPUIPlugin
2024-05-11 10:35:00,511 [INFO] PluginManager:220 - loadIPPluginJar : add ucpd
2024-05-11 10:35:00,546 [INFO] IPUIPlugin:80 - create IPUIPlugin
2024-05-11 10:35:00,546 [INFO] PluginManager:220 - loadIPPluginJar : add usart
2024-05-11 10:35:00,579 [INFO] IPUIPlugin:80 - create IPUIPlugin
2024-05-11 10:35:00,579 [INFO] PluginManager:220 - loadIPPluginJar : add usbx
2024-05-11 10:35:00,700 [INFO] CADModel:165 - CPN selected for project level
2024-05-11 10:35:00,700 [INFO] CADModel:114 - Register for checkConnection events
2024-05-11 10:35:00,700 [FATAL] Updater:308 - Updater called before beeing initialized
2024-05-11 10:35:00,701 [ERROR] CADModel:125 - Updater not yet initialized, retry later 
2024-05-11 10:35:00,840 [INFO] CADModel:165 - CPN selected for project level
2024-05-11 10:35:00,840 [INFO] CADModel:114 - Register for checkConnection events
2024-05-11 10:35:00,840 [FATAL] Updater:308 - Updater called before beeing initialized
2024-05-11 10:35:00,841 [ERROR] CADModel:125 - Updater not yet initialized, retry later 
2024-05-11 10:35:00,844 [FATAL] Updater:308 - Updater called before beeing initialized
2024-05-11 10:35:00,951 [FATAL] Updater:308 - Updater called before beeing initialized
2024-05-11 10:35:00,959 [INFO] DbMcusAds:53 - JSON generation date=Thu May 02 01:37:29 PDT 2024 (1714639049318)
2024-05-11 10:35:00,959 [FATAL] Updater:308 - Updater called before beeing initialized
2024-05-11 10:35:01,040 [WARN] DetailPanel:346 - Failed to get advertising image, set to default
2024-05-11 10:35:01,129 [FATAL] Updater:308 - Updater called before beeing initialized
2024-05-11 10:35:01,131 [FATAL] Updater:308 - Updater called before beeing initialized
2024-05-11 10:35:01,131 [FATAL] Updater:308 - Updater called before beeing initialized
2024-05-11 10:35:01,131 [WARN] DetailPanel:346 - Failed to get advertising image, set to default
2024-05-11 10:35:01,132 [FATAL] Updater:308 - Updater called before beeing initialized
2024-05-11 10:35:01,216 [ERROR] Updater:1120 - MainUpdater not yet initialized. External WinMGr cannot be set.
2024-05-11 10:35:01,225 [INFO] Updater:1056 - Updater Version found : 6.10.0
2024-05-11 10:35:01,240 [INFO] ApplicationProperties:184 - Using Application install path: C:\ST\STM32CubeIDE_1.14.0\STM32CubeIDE\plugins\com.st.stm32cube.common.mx_6.10.0.202311202037
2024-05-11 10:35:01,543 [INFO] ThirdPartyUpdaterWithRetryManager:70 - Updater plugin not ready yet. [2/15]
2024-05-11 10:35:02,820 [ERROR] LogOutputStream:75 - [STDERR_REDIRECT] May 11, 2024 10:35:02 AM java.util.prefs.WindowsPreferences <init>
2024-05-11 10:35:02,821 [ERROR] LogOutputStream:75 - [STDERR_REDIRECT] WARNING: Could not open/create prefs root node Software\JavaSoft\Prefs at root 0xffffffff80000002. Windows RegCreateKeyEx(...) returned error code 5.
2024-05-11 10:35:02,821 [ERROR] LogOutputStream:75 - [STDERR_REDIRECT] 
2024-05-11 10:35:03,490 [INFO] MainUpdater:2873 - connection check result : 10
2024-05-11 10:35:03,490 [INFO] MainUpdater:3567 - Updater definition file requires update
2024-05-11 10:35:03,491 [INFO] MainUpdater:290 - Updater Check For Update Now.
2024-05-11 10:35:03,491 [INFO] MicroXplorer:498 - Change Database Version : DB.6.0.100
2024-05-11 10:35:03,508 [INFO] McuFinderGlobals:63 - Set McuFinder mode to 2 (CubeIDE integrated)
2024-05-11 10:35:03,519 [INFO] UserAuth:404 - Internet connection configuration mode: 1
2024-05-11 10:35:03,544 [INFO] JxBrowserEngine:152 - Initiate JxBrowser Engine with user profile folder
2024-05-11 10:35:03,660 [INFO] ServerAccessManage:473 - Download File updaters.zip
2024-05-11 10:35:03,769 [INFO] FileExtend:240 - Unzip File : updaters.zip
2024-05-11 10:35:03,769 [INFO] FileExtend:255 - Standard Zip Deflate
2024-05-11 10:35:04,061 [INFO] ServerAccessManage:473 - Download File PacksControlFlags.xml
2024-05-11 10:35:04,156 [INFO] ServerAccessManage:473 - Download File cubemx.pidx
2024-05-11 10:35:04,543 [WARN] MainUpdater:1194 - Updater busy. Cannot search thirdparties
2024-05-11 10:35:04,544 [INFO] ThirdPartyUpdaterWithRetryManager:96 - Updater plugin is busy. [1/15]
2024-05-11 10:35:05,267 [INFO] ServerAccessManage:473 - Download File STMicroelectronics.X-CUBE-ALGOBUILD.pdsc
2024-05-11 10:35:06,929 [INFO] WebApp:161 - Instantiating new browser for Auth
2024-05-11 10:35:06,972 [INFO] ServerAccessManage:473 - Download File Cesanta.I-CUBE-Mongoose.pdsc
2024-05-11 10:35:07,504 [INFO] WebApp:780 - Register for checkConnection events
2024-05-11 10:35:07,504 [INFO] WebApp:414 - Apply proxy settings
2024-05-11 10:35:07,504 [INFO] WebApp:499 - Chromium requires no authentication
2024-05-11 10:35:07,513 [INFO] WebApp:442 - Direct internet connection detected
2024-05-11 10:35:07,545 [WARN] MainUpdater:1194 - Updater busy. Cannot search thirdparties
2024-05-11 10:35:07,545 [INFO] ThirdPartyUpdaterWithRetryManager:96 - Updater plugin is busy. [2/15]
2024-05-11 10:35:07,693 [INFO] WebApp:192 - Starting web application
2024-05-11 10:35:07,693 [INFO] WebApp:544 - Web application path used C:\ST\STM32CubeIDE_1.14.0\STM32CubeIDE\plugins\com.st.stm32cube.common.mx_6.10.0.202311202037\db\plugins\mcufinder\reactClient1\index.html
2024-05-11 10:35:08,014 [ERROR] ServerAccessManage:1089 - Problem, file not found on Server
2024-05-11 10:35:08,121 [WARN] PackLoader:240 - Cannot read IP mode file for STMicroelectronics.X-CUBE-ALGOBUILD.1.4.0
2024-05-11 10:35:08,134 [WARN] PackLoader:240 - Cannot read IP mode file for Cesanta.I-CUBE-Mongoose.7.13.0
2024-05-11 10:35:08,135 [INFO] PopulateThirdPartyThread:66 - Ending populate Thread
2024-05-11 10:35:08,138 [INFO] ThirdParty:1030 - CMSIS Pack Vendor :Cesanta I-CUBE-Mongoose 7.13.0
2024-05-11 10:35:08,139 [INFO] ThirdParty:1030 - CMSIS Pack Vendor :STMicroelectronics X-CUBE-ALGOBUILD 1.4.0
2024-05-11 10:35:08,139 [INFO] LoadServerUpdatesThread:375 - End of LoadServerUpdate Thread
2024-05-11 10:35:08,293 [INFO] CheckServerUpdateThread:120 - End of CheckServer Thread
2024-05-11 10:35:10,718 [WARN] PackLoader:240 - Cannot read IP mode file for STMicroelectronics.FP-SNS-MOTENVWB1.1.4.0
2024-05-11 10:35:10,736 [WARN] PackLoader:240 - Cannot read IP mode file for STMicroelectronics.X-CUBE-SMBUS.2.1.0
2024-05-11 10:35:10,751 [WARN] PackLoader:240 - Cannot read IP mode file for STMicroelectronics.X-CUBE-TOUCHGFX.4.23.0
2024-05-11 10:35:10,764 [WARN] PackLoader:240 - Cannot read IP mode file for STMicroelectronics.X-CUBE-TOUCHGFX.4.23.2
2024-05-11 10:35:10,802 [WARN] PackLoader:240 - Cannot read IP mode file for STMicroelectronics.X-CUBE-AZRTOS-F7.1.1.0
2024-05-11 10:35:10,829 [WARN] PackLoader:240 - Cannot read IP mode file for STMicroelectronics.FP-SNS-MOTENV1.4.3.2
2024-05-11 10:35:10,840 [WARN] PackLoader:240 - Cannot read IP mode file for STMicroelectronics.FP-SNS-FLIGHT1.5.0.2
2024-05-11 10:35:10,861 [WARN] PackLoader:240 - Cannot read IP mode file for STMicroelectronics.X-CUBE-DISPLAY.3.0.0
2024-05-11 10:35:10,887 [WARN] PackLoader:240 - Cannot read IP mode file for STMicroelectronics.X-CUBE-BLE1.7.0.0
2024-05-11 10:35:10,906 [WARN] PackLoader:240 - Cannot read IP mode file for emotas.I-CUBE-CANOPEN.1.3.0
2024-05-11 10:35:10,933 [WARN] PackLoader:240 - Cannot read IP mode file for STMicroelectronics.X-CUBE-BLEMGR.3.1.0
2024-05-11 10:35:10,953 [WARN] PackLoader:240 - Cannot read IP mode file for STMicroelectronics.FP-SNS-SMARTAG2.1.2.0
2024-05-11 10:35:10,974 [INFO] LogOutputStream:77 - [STDOUT_REDIRECT] 1 : Invalid condition id : UX_CORESTACK_Condition cause : null
2024-05-11 10:35:10,974 [INFO] LogOutputStream:77 - [STDOUT_REDIRECT] 1 : Invalid condition id : UX_CORESTACK_Condition cause : null
2024-05-11 10:35:10,975 [INFO] LogOutputStream:77 - [STDOUT_REDIRECT] 1 : Invalid condition id : UX_CORESTACK_Condition cause : null
2024-05-11 10:35:10,976 [INFO] LogOutputStream:77 - [STDOUT_REDIRECT] 1 : Invalid condition id : UX_CORESTACK_Condition cause : null
2024-05-11 10:35:10,977 [INFO] LogOutputStream:77 - [STDOUT_REDIRECT] 1 : Invalid condition id : UX_CORESTACK_Condition cause : null
2024-05-11 10:35:10,979 [WARN] PackLoader:240 - Cannot read IP mode file for STMicroelectronics.X-CUBE-AZRTOS-WL.2.0.0
2024-05-11 10:35:10,993 [WARN] PackLoader:240 - Cannot read IP mode file for STMicroelectronics.FP-SNS-MOTENV1.5.0.0
2024-05-11 10:35:11,010 [WARN] PackLoader:240 - Cannot read IP mode file for WES.I-CUBE-Cesium.1.3.0
2024-05-11 10:35:11,023 [WARN] PackLoader:240 - Cannot read IP mode file for STMicroelectronics.X-CUBE-BLE2.3.3.0
2024-05-11 10:35:11,037 [WARN] PackLoader:240 - Cannot read IP mode file for STMicroelectronics.X-CUBE-TCPP.4.1.0
2024-05-11 10:35:11,054 [WARN] PackLoader:240 - Cannot read IP mode file for STMicroelectronics.X-CUBE-ALGOBUILD.1.3.0
2024-05-11 10:35:11,084 [WARN] PackLoader:240 - Cannot read IP mode file for STMicroelectronics.X-CUBE-AZRTOS-G0.1.1.0
2024-05-11 10:35:11,114 [WARN] PackLoader:240 - Cannot read IP mode file for STMicroelectronics.X-CUBE-SAFEA1.1.2.2
2024-05-11 10:35:11,136 [WARN] PackLoader:240 - Cannot read IP mode file for STMicroelectronics.X-CUBE-NFC4.3.0.0
2024-05-11 10:35:11,161 [WARN] PackLoader:240 - Cannot read IP mode file for STMicroelectronics.X-CUBE-BLEMGR.3.0.0
2024-05-11 10:35:11,175 [WARN] PackLoader:240 - Cannot read IP mode file for STMicroelectronics.FP-ATR-SIGFOX1.3.2.0
2024-05-11 10:35:11,194 [WARN] PackLoader:240 - Cannot read IP mode file for STMicroelectronics.X-CUBE-EEPRMA1.5.1.0
2024-05-11 10:35:11,250 [WARN] PackLoader:240 - Cannot read IP mode file for SEGGER.I-CUBE-embOS.1.3.1
2024-05-11 10:35:11,302 [WARN] PackLoader:240 - Cannot read IP mode file for STMicroelectronics.X-CUBE-ALGOBUILD.1.4.0
2024-05-11 10:35:11,327 [WARN] PackLoader:240 - Cannot read IP mode file for STMicroelectronics.X-CUBE-GNSS1.6.0.0
2024-05-11 10:35:11,367 [WARN] PackLoader:240 - Cannot read IP mode file for STMicroelectronics.X-CUBE-AZRTOS-F4.1.1.0
2024-05-11 10:35:11,391 [WARN] PackLoader:240 - Cannot read IP mode file for STMicroelectronics.X-CUBE-FREERTOS.1.2.0
2024-05-11 10:35:11,408 [WARN] PackLoader:240 - Cannot read IP mode file for wolfSSL.I-CUBE-wolfSSL.5.6.6
2024-05-11 10:35:11,453 [WARN] PackLoader:240 - Cannot read IP mode file for STMicroelectronics.X-CUBE-AZRTOS-L5.2.0.0
2024-05-11 10:35:11,475 [WARN] PackLoader:240 - Cannot read IP mode file for STMicroelectronics.X-CUBE-EEPRMA1.4.2.0
2024-05-11 10:35:11,499 [WARN] PackLoader:240 - Cannot read IP mode file for STMicroelectronics.X-CUBE-NFC6.3.1.0
2024-05-11 10:35:11,518 [WARN] PackLoader:240 - Cannot read IP mode file for ITTIA_DB.I-CUBE-ITTIADB.8.8.0
2024-05-11 10:35:11,535 [WARN] PackLoader:240 - Cannot read IP mode file for STMicroelectronics.X-CUBE-AI.9.0.0
2024-05-11 10:35:11,551 [WARN] PackLoader:240 - Cannot read IP mode file for STMicroelectronics.X-CUBE-NFC7.1.0.1
2024-05-11 10:35:11,571 [WARN] PackLoader:240 - Cannot read IP mode file for STMicroelectronics.X-CUBE-NFC6.3.0.0
2024-05-11 10:35:11,585 [WARN] PackLoader:240 - Cannot read IP mode file for STMicroelectronics.X-CUBE-AI.8.1.0
2024-05-11 10:35:11,614 [WARN] ConditionMgr:438 - getConditionDescription Invalid condition id : LAN8742 Phy interface Condition cause : null
2024-05-11 10:35:11,615 [WARN] PackLoader:240 - Cannot read IP mode file for STMicroelectronics.X-CUBE-AZRTOS-L4.2.0.0
2024-05-11 10:35:11,617 [WARN] ConditionMgr:1039 - genDependencies : Invalid condition id : LAN8742 Phy interface Condition cause : null
2024-05-11 10:35:11,617 [WARN] ConditionMgr:1039 - genDependencies : Invalid condition id : LAN8742 Phy interface Condition cause : null
2024-05-11 10:35:11,618 [WARN] ConditionMgr:1039 - genDependencies : Invalid condition id : LAN8742 Phy interface Condition cause : null
2024-05-11 10:35:11,634 [WARN] PackLoader:240 - Cannot read IP mode file for STMicroelectronics.X-CUBE-SFXS2LP1.4.0.0
2024-05-11 10:35:11,658 [WARN] ConditionMgr:438 - getConditionDescription Invalid condition id : UX DEVICE CLASS RTOS Condition cause : null
2024-05-11 10:35:11,658 [WARN] ConditionMgr:438 - getConditionDescription Invalid condition id : UX DEVICE CLASS RTOS Condition cause : null
2024-05-11 10:35:11,659 [WARN] PackLoader:240 - Cannot read IP mode file for STMicroelectronics.X-CUBE-AZRTOS-WB.2.0.0
2024-05-11 10:35:11,659 [WARN] ConditionMgr:1039 - genDependencies : Invalid condition id : UX DEVICE CLASS RTOS Condition cause : null
2024-05-11 10:35:11,660 [WARN] ConditionMgr:1039 - genDependencies : Invalid condition id : UX DEVICE CLASS RTOS Condition cause : null
2024-05-11 10:35:11,660 [WARN] ConditionMgr:1039 - genDependencies : Invalid condition id : UX DEVICE CLASS RTOS Condition cause : null
2024-05-11 10:35:11,660 [WARN] ConditionMgr:1039 - genDependencies : Invalid condition id : UX DEVICE CLASS RTOS Condition cause : null
2024-05-11 10:35:11,660 [WARN] ConditionMgr:1039 - genDependencies : Invalid condition id : UX DEVICE CLASS RTOS Condition cause : null
2024-05-11 10:35:11,683 [WARN] PackLoader:240 - Cannot read IP mode file for STMicroelectronics.X-CUBE-SUBG2.5.0.0
2024-05-11 10:35:11,717 [WARN] PackLoader:240 - Cannot read IP mode file for STMicroelectronics.X-CUBE-AZRTOS-G4.2.0.0
2024-05-11 10:35:11,741 [WARN] PackLoader:240 - Cannot read IP mode file for Infineon.AIROC-Wi-Fi-Bluetooth-STM32.1.5.1
2024-05-11 10:35:11,759 [WARN] PackLoader:240 - Cannot read IP mode file for STMicroelectronics.FP-SNS-MOTENVWB1.1.3.1
2024-05-11 10:35:11,773 [WARN] PackLoader:240 - Cannot read IP mode file for STMicroelectronics.X-CUBE-ISPU.2.0.0
2024-05-11 10:35:11,818 [WARN] PackLoader:240 - Cannot read IP mode file for STMicroelectronics.X-CUBE-MEMS1.10.0.0
2024-05-11 10:35:11,938 [WARN] PackLoader:240 - Cannot read IP mode file for STMicroelectronics.X-CUBE-FREERTOS.1.1.0
2024-05-11 10:35:11,961 [WARN] PackLoader:240 - Cannot read IP mode file for portGmbH.I-Cube-SoM-uGOAL.1.1.0
2024-05-11 10:35:11,980 [WARN] PackLoader:240 - Cannot read IP mode file for STMicroelectronics.X-CUBE-ALS.1.0.1
2024-05-11 10:35:12,023 [WARN] PackLoader:240 - Cannot read IP mode file for STMicroelectronics.X-CUBE-AZRTOS-H7RS.1.0.0
2024-05-11 10:35:12,031 [WARN] PackLoader:240 - Cannot read IP mode file for STMicroelectronics.FP-ATR-ASTRA1.2.0.0
2024-05-11 10:35:12,067 [WARN] PackLoader:240 - Cannot read IP mode file for STMicroelectronics.X-CUBE-TOF1.3.4.0
2024-05-11 10:35:12,103 [WARN] PackLoader:240 - Cannot read IP mode file for STMicroelectronics.X-CUBE-TOF1.3.4.1
2024-05-11 10:35:12,142 [WARN] PackLoader:240 - Cannot read IP mode file for STMicroelectronics.X-CUBE-AZRTOS-H7.3.2.0
2024-05-11 10:35:12,145 [INFO] ThirdParty:978 - Integrity check success = true
2024-05-11 10:35:12,145 [INFO] IntegrityCheckThread:100 - exiting critical section [integrity check]
2024-05-11 10:35:12,145 [INFO] IntegrityCheckThread:103 - End integrity checks thread
2024-05-11 10:35:13,403 [INFO] McuFinderGlobals:63 - Set McuFinder mode to 2 (CubeIDE integrated)
2024-05-11 10:35:13,429 [INFO] MainUpdater:2873 - connection check result : 10
2024-05-11 10:35:13,457 [INFO] McuFinderGlobals:76 - Set McuFinderConnectedMode to true
2024-05-11 10:35:13,750 [INFO] ServerAccessManage:473 - Download File mcusAds.json._tmp_
2024-05-11 10:35:13,868 [INFO] LoadUrlFilesThread:156 - End of LoadUrlFiles Thread
2024-05-11 10:35:14,072 [INFO] ServerAccessManage:473 - Download File cube-finder-db.zip
2024-05-11 10:35:17,078 [ERROR] LogOutputStream:75 - [STDERR_REDIRECT] SLF4J: Failed to load class "org.slf4j.impl.StaticLoggerBinder".
2024-05-11 10:35:17,079 [ERROR] LogOutputStream:75 - [STDERR_REDIRECT] SLF4J: Defaulting to no-operation (NOP) logger implementation
2024-05-11 10:35:17,081 [ERROR] LogOutputStream:75 - [STDERR_REDIRECT] SLF4J: See http://www.slf4j.org/codes.html#StaticLoggerBinder for further details.
2024-05-11 10:35:21,345 [INFO] FileExtend:240 - Unzip File : cube-finder-db.zip
2024-05-11 10:35:21,345 [INFO] FileExtend:255 - Standard Zip Deflate
2024-05-11 10:35:22,257 [INFO] LoadUrlFilesThread:156 - End of LoadUrlFiles Thread
2024-05-11 10:35:23,161 [INFO] ServerAccessManage:473 - Download File crdb.zip
2024-05-11 10:35:24,120 [INFO] FileExtend:240 - Unzip File : crdb.zip
2024-05-11 10:35:24,120 [INFO] FileExtend:255 - Standard Zip Deflate
2024-05-11 10:35:24,252 [INFO] LoadUrlFilesThread:156 - End of LoadUrlFiles Thread
2024-05-11 10:35:24,388 [INFO] ServerAccessManage:473 - Download File tutoVideoDB.zip
2024-05-11 10:35:24,422 [INFO] FileExtend:240 - Unzip File : tutoVideoDB.zip
2024-05-11 10:35:24,422 [INFO] FileExtend:255 - Standard Zip Deflate
2024-05-11 10:35:24,547 [INFO] LoadUrlFilesThread:156 - End of LoadUrlFiles Thread
2024-05-11 10:35:24,550 [WARN] DbFile:41 - Overriding database path with different value: C:\Users\thebu\.stmcufinder\plugins\mcufinder/ => C:\Users\thebu\.stmcufinder\plugins\mcufinder
2024-05-11 10:35:24,673 [INFO] ServerAccessManage:473 - Download File api_config.json
2024-05-11 10:35:24,783 [INFO] LoadUrlFilesThread:156 - End of LoadUrlFiles Thread
2024-05-11 10:35:24,784 [INFO] DbMcusAds:53 - JSON generation date=Thu May 02 01:37:29 PDT 2024 (1714639049318)
2024-05-11 10:35:24,812 [INFO] LoadUrlFilesThread:185 - End of LoadServerUrlFiles without Thread
2024-05-11 10:35:24,812 [INFO] TargetSelectorAdapter:259 - Refresh data is successful
2024-05-11 10:35:24,950 [INFO] ApiDb:581 - Connected to CubeFinder SQLite database (C:\Users\thebu\.stmcufinder\plugins\mcufinder\mcu\cube-finder-db.db)
2024-05-11 10:35:25,003 [INFO] ApiDb:668 - CubeFinder database Data Model version=2.1
2024-05-11 10:35:25,003 [INFO] ApiDb:669 - CubeFinder database Configuration version=3.0.39
2024-05-11 10:35:25,004 [INFO] ApiDb:670 - CubeFinder database generation date=2024-04-15 (1713193726)
2024-05-11 10:35:25,004 [INFO] ApiDb:671 - CubeFinder database FW Pack versions=[FP-ATR-ASTRA1_V2.0.0, FP-SNS-FLIGHT1_V5.0.1, FP-SNS-FLIGHT1_V5.0.2, FP-SNS-MOTENV1_V4.3.1, FP-SNS-MOTENV1_V4.3.2, FP-SNS-MOTENVWB1_V1.3.1, FP-SNS-SMARTAG2_V1.2.0, STM32Cube_FW_C0_V1.1.0, STM32Cube_FW_F4_V1.28.0, STM32Cube_FW_F7_V1.17.0, STM32Cube_FW_G0_V1.6.2, STM32Cube_FW_G4_V1.5.2, STM32Cube_FW_H5_V0.5.1, STM32Cube_FW_H5_V1.1.1, STM32Cube_FW_H5_V1.2.0, STM32Cube_FW_H5_V1.2.0RC4, STM32Cube_FW_H7RS_V1.0.0, STM32Cube_FW_H7RS_V1.0.0RC4, STM32Cube_FW_H7_V1.11.0, STM32Cube_FW_L0_V1.12.2, STM32Cube_FW_L5_V1.5.1, STM32Cube_FW_U0_V1.0.0, STM32Cube_FW_U0_V1.0.0RC1, STM32Cube_FW_U5_V1.3.0RC4, STM32Cube_FW_U5_V1.5.0, STM32Cube_FW_U5_V1.5.0RC1, STM32Cube_FW_WBA_V1.0.0RC1, STM32Cube_FW_WBA_V1.2.0, STM32Cube_FW_WBA_V1.2.0RC2, STM32Cube_FW_WBA_V1.3.0, STM32Cube_FW_WBA_V1.3.0RC1, STM32Cube_FW_WB_V1.15.0RC1, STM32Cube_FW_WB_V1.16.0, STM32Cube_FW_WB_V1.16.0RC2, STM32Cube_FW_WB_V1.18.0, STM32Cube_FW_WB_V1.19.0, STM32Cube_FW_WL_V1.3.0, X-CUBE-ALGOBUILD_V1.3.0, X-CUBE-ALS_V1.0.1, X-CUBE-AZRTOS-F4_V1.1.0, X-CUBE-AZRTOS-F7_V1.1.0, X-CUBE-AZRTOS-G0_V1.1.0, X-CUBE-AZRTOS-G4_V2.0.0, X-CUBE-AZRTOS-H7_V3.2.0, X-CUBE-AZRTOS-L4_V1.0.0, X-CUBE-AZRTOS-L4_V2.0.0, X-CUBE-AZRTOS-L5_V1.1.0, X-CUBE-AZRTOS-WB_V2.0.0, X-CUBE-AZRTOS-WL_V2.0.0, X-CUBE-BLE1_V7.0.0, X-CUBE-BLE2_V3.3.0, X-CUBE-BLEMGR_V3.1.0, X-CUBE-EEPRMA1_V4.1.0, X-CUBE-EEPRMA1_V5.1.0, X-CUBE-FREERTOS_V1.1.0, X-CUBE-GNSS1_V6.0.0, X-CUBE-MEMS1_V10.0.0, X-CUBE-MEMS1_V9.1.0, X-CUBE-MEMS1_V9.4.0, X-CUBE-MEMS1_V9.6.0, X-CUBE-NFC4_V3.0.0, X-CUBE-NFC7_V1.0.1, X-CUBE-SFXS2LP1_V4.0.0, X-CUBE-SUBG2_V5.0.0, X-CUBE-TOF1_V3.4.0]
2024-05-11 10:35:27,306 [INFO] ApiDb:240 - Found 371 in-development CPN: [B-G473E-ZEST1S, B-WB1M-WPAN1, B-WL5M-SUBG1, NUCLEO-C031C6, NUCLEO-H503RB, NUCLEO-H563ZI, NUCLEO-U545RE-Q, NUCLEO-U5A5ZJ-Q, NUCLEO-WBA52CG, NUCLEO-WBA55CG, STEVAL-MKBOXPRO, STEVAL-PROTEUS1, STEVAL-STWINBX1, STM320518-EVAL, STM32C0116-DK, STM32C011D6Y3TR, STM32C011D6Y6TR, STM32C011F4P3, STM32C011F4P6, STM32C011F4U3, STM32C011F4U6TR, STM32C011F6P3, STM32C011F6P6, STM32C011F6U3, STM32C011F6U6TR, STM32C011J4M3, STM32C011J4M6, STM32C011J6M3, STM32C011J6M6, STM32C0316-DK, STM32C031C4T3, STM32C031C4T6, STM32C031C4U3, STM32C031C4U6, STM32C031C6T3, STM32C031C6T6, STM32C031C6U3, STM32C031C6U6, STM32C031F4P3, STM32C031F4P6, STM32C031F6P3, STM32C031F6P6, STM32C031G4U3, STM32C031G4U6, STM32C031G6U3, STM32C031G6U6, STM32C031K4T3, STM32C031K4T6, STM32C031K4U3, STM32C031K4U6, STM32C031K6T3, STM32C031K6T6, STM32C031K6U3, STM32C031K6U6, STM32G071K8TXN, STM32G071K8UXN, STM32G081GBU6N, STM32G081KBT6N, STM32G081KBUXN, STM32G0B1CCT6N, STM32G0B1KCT6, STM32G0B1NEY6TR, STM32G0B1RCT6N, STM32G0C1CCT6, STM32G0C1CCT6N, STM32G0C1CCU6N, STM32G0C1CET6N, STM32G0C1CEU6N, STM32G0C1KCT6, STM32G0C1NEY6TR, STM32G0C1RCI6N, STM32G0C1RCT6N, STM32G0C1REI6N, STM32G0C1RET6N, STM32G0C1VCI6, STM32G0C1VEI6, STM32G471CCT6, STM32G471CCU6, STM32G471CET3, STM32G471CET6, STM32G471CEU3, STM32G471CEU6, STM32G471MCT6, STM32G471MET3, STM32G471MET6, STM32G471MEY6TR, STM32G471QCT6, STM32G471QET3, STM32G471RCT6, STM32G471RET3, STM32G471RET6, STM32G471VCH6, STM32G471VCI6, STM32G471VCT6, STM32G471VEH3, STM32G471VEH6, STM32G471VEI3, STM32G471VEI6, STM32G471VET3, STM32G471VET6, STM32G474CCT6, STM32H503CBT6, STM32H503CBU6, STM32H503EBY6TR, STM32H503KBU6, STM32H503RBT6, STM32H562AGI6, STM32H562AII6, STM32H562IGK6, STM32H562IGT6, STM32H562IIK6, STM32H562IIT6, STM32H562RGT6, STM32H562RGV6, STM32H562RIT6, STM32H562RIV6, STM32H562VGT6, STM32H562VIT6, STM32H562ZGT6, STM32H562ZIT6, STM32H563AGI6, STM32H563AII3Q, STM32H563AII6, STM32H563IGK6, STM32H563IGT6, STM32H563IIK3Q, STM32H563IIK6, STM32H563IIT3Q, STM32H563IIT6, STM32H563MIY3QTR, STM32H563RGT6, STM32H563RGV6, STM32H563RIT6, STM32H563RIV6, STM32H563VGT6, STM32H563VIT3Q, STM32H563VIT6, STM32H563ZGT6, STM32H563ZIT3Q, STM32H563ZIT6, STM32H573AII3Q, STM32H573AII6, STM32H573I-DK, STM32H573IIK3Q, STM32H573IIK6, STM32H573IIT3Q, STM32H573IIT6, STM32H573MIY3QTR, STM32H573RIT6, STM32H573RIV6, STM32H573VIT3Q, STM32H573VIT6, STM32H573ZIT3Q, STM32H573ZIT6, STM32L4R5QGI6STR, STM32MP131AAE3, STM32MP131AAF3, STM32MP131AAG3, STM32MP131CAE3, STM32MP131CAF3, STM32MP131CAG3, STM32MP131DAE7, STM32MP131DAF7, STM32MP131DAG7, STM32MP131FAE7, STM32MP131FAF7, STM32MP131FAG7, STM32MP133AAE3, STM32MP133AAF3, STM32MP133AAG3, STM32MP133CAE3, STM32MP133CAF3, STM32MP133CAG3, STM32MP133DAE7, STM32MP133DAF7, STM32MP133DAG7, STM32MP133FAE7, STM32MP133FAF7, STM32MP133FAG7, STM32MP135AAE3, STM32MP135AAF3, STM32MP135AAG3, STM32MP135CAE3, STM32MP135CAF3, STM32MP135CAG3, STM32MP135DAE7, STM32MP135DAF7, STM32MP135DAG7, STM32MP135F-DK, STM32MP135FAE7, STM32MP135FAF7, STM32MP135FAF7T, STM32MP135FAF7U, STM32MP135FAG7, STM32U535CBT6, STM32U535CBT6Q, STM32U535CBU6, STM32U535CBU6Q, STM32U535CCT6, STM32U535CCT6Q, STM32U535CCU6, STM32U535CCU6Q, STM32U535CET6, STM32U535CET6Q, STM32U535CEU6, STM32U535CEU6Q, STM32U535JEY6QTR, STM32U535NCY6QTR, STM32U535NEY6QTR, STM32U535RBI6, STM32U535RBI6Q, STM32U535RBT6, STM32U535RBT6Q, STM32U535RCI6, STM32U535RCI6Q, STM32U535RCT6, STM32U535RCT6Q, STM32U535REI6, STM32U535REI6Q, STM32U535RET6, STM32U535RET6Q, STM32U535VCI6, STM32U535VCI6Q, STM32U535VCT6, STM32U535VCT6Q, STM32U535VEI6, STM32U535VEI6Q, STM32U535VET6, STM32U535VET6Q, STM32U545CET6, STM32U545CET6Q, STM32U545CEU6, STM32U545CEU6Q, STM32U545JEY6QTR, STM32U545NEY6QTR, STM32U545REI6, STM32U545REI6Q, STM32U545RET6, STM32U545RET6Q, STM32U545VEI6, STM32U545VEI6Q, STM32U545VET6, STM32U545VET6Q, STM32U595AIH6, STM32U595AIH6Q, STM32U595AJH6, STM32U595AJH6Q, STM32U595QII6, STM32U595QII6Q, STM32U595QJI6, STM32U595QJI6Q, STM32U595RIT6, STM32U595RIT6Q, STM32U595RJT6, STM32U595RJT6Q, STM32U595VIT6, STM32U595VIT6Q, STM32U595VJT6, STM32U595VJT6Q, STM32U595ZIT6, STM32U595ZIT6Q, STM32U595ZIY6QTR, STM32U595ZJT6, STM32U595ZJT6Q, STM32U595ZJY6QTR, STM32U599BJY6QTR, STM32U599NIH6Q, STM32U599NJH6Q, STM32U599VIT6Q, STM32U599VJT6, STM32U599VJT6Q, STM32U599ZIT6Q, STM32U599ZIY6QTR, STM32U599ZJT6Q, STM32U599ZJY6QTR, STM32U5A5AJH6, STM32U5A5AJH6Q, STM32U5A5QJI6, STM32U5A5QJI6Q, STM32U5A5RJT6, STM32U5A5RJT6Q, STM32U5A5VJT6, STM32U5A5VJT6Q, STM32U5A5ZJT6, STM32U5A5ZJT6Q, STM32U5A5ZJY6QTR, STM32U5A9BJY6QTR, STM32U5A9J-DK, STM32U5A9NJH6Q, STM32U5A9VJT6Q, STM32U5A9ZJT6Q, STM32U5A9ZJY6QTR, STM32U5F7VIT6, STM32U5F7VIT6Q, STM32U5F7VJT6, STM32U5F7VJT6Q, STM32U5F9BJY6QTR, STM32U5F9NJH6Q, STM32U5F9VIT6Q, STM32U5F9VJT6Q, STM32U5F9ZIJ6QTR, STM32U5F9ZIT6Q, STM32U5F9ZJJ6QTR, STM32U5F9ZJT6Q, STM32U5G7VJT6, STM32U5G7VJT6Q, STM32U5G9BJY6QTR, STM32U5G9J-DK1, STM32U5G9J-DK2, STM32U5G9NJH6Q, STM32U5G9VJT6Q, STM32U5G9ZJJ6QTR, STM32U5G9ZJT6Q, STM32WB1MMCH6, STM32WBA50KEU6, STM32WBA50KEU6TR, STM32WBA50KGU6, STM32WBA50KGU6TR, STM32WBA52CEU6, STM32WBA52CEU6TR, STM32WBA52CEU7, STM32WBA52CEU7TR, STM32WBA52CGU6, STM32WBA52CGU6TR, STM32WBA52CGU6U, STM32WBA52CGU7, STM32WBA52CGU7TR, STM32WBA52KEU6, STM32WBA52KEU6TR, STM32WBA52KGU6, STM32WBA52KGU6TR, STM32WBA54CEU6, STM32WBA54CEU6TR, STM32WBA54CEU7, STM32WBA54CEU7TR, STM32WBA54CGU6, STM32WBA54CGU6TR, STM32WBA54CGU7, STM32WBA54CGU7TR, STM32WBA54KEU6, STM32WBA54KEU6TR, STM32WBA54KEU7, STM32WBA54KEU7TR, STM32WBA54KGU6, STM32WBA54KGU6TR, STM32WBA54KGU7, STM32WBA54KGU7TR, STM32WBA55CEU6, STM32WBA55CEU6TR, STM32WBA55CEU7, STM32WBA55CEU7TR, STM32WBA55CGU6, STM32WBA55CGU6TR, STM32WBA55CGU6U, STM32WBA55CGU7, STM32WBA55CGU7TR, STM32WBA55G-DK1, STM32WBA55HEF6, STM32WBA55HEF7, STM32WBA55HGF6, STM32WBA55HGF7, STM32WBA55UEI6, STM32WBA55UEI6TR, STM32WBA55UEI7, STM32WBA55UEI7TR, STM32WBA55UGI6, STM32WBA55UGI6TR, STM32WBA55UGI7, STM32WBA55UGI7TR, STM32WL5MOCH6, STM32WL5MOCH6TR]
2024-05-11 10:35:27,312 [INFO] DbMcus:218 - Found 4092 MCUs, 4092 are supported
2024-05-11 10:35:27,319 [INFO] ApiDb:423 - Load user favorites file C:\Users\thebu/.stm32cubeide/favorites.mcus.txt: 1 item(s)
2024-05-11 10:35:27,320 [INFO] ApiDb:427 - User favorites MCUs=[STM32L476RGT3]
2024-05-11 10:35:27,320 [INFO] DbMcus:224 - Set 1 / 1 favorites MCUs
2024-05-11 10:35:27,816 [INFO] ApiDb:668 - CubeFinder database Data Model version=2.1
2024-05-11 10:35:27,816 [INFO] ApiDb:669 - CubeFinder database Configuration version=3.0.39
2024-05-11 10:35:27,816 [INFO] ApiDb:670 - CubeFinder database generation date=2024-04-15 (1713193726)
2024-05-11 10:35:27,816 [INFO] ApiDb:671 - CubeFinder database FW Pack versions=[FP-ATR-ASTRA1_V2.0.0, FP-SNS-FLIGHT1_V5.0.1, FP-SNS-FLIGHT1_V5.0.2, FP-SNS-MOTENV1_V4.3.1, FP-SNS-MOTENV1_V4.3.2, FP-SNS-MOTENVWB1_V1.3.1, FP-SNS-SMARTAG2_V1.2.0, STM32Cube_FW_C0_V1.1.0, STM32Cube_FW_F4_V1.28.0, STM32Cube_FW_F7_V1.17.0, STM32Cube_FW_G0_V1.6.2, STM32Cube_FW_G4_V1.5.2, STM32Cube_FW_H5_V0.5.1, STM32Cube_FW_H5_V1.1.1, STM32Cube_FW_H5_V1.2.0, STM32Cube_FW_H5_V1.2.0RC4, STM32Cube_FW_H7RS_V1.0.0, STM32Cube_FW_H7RS_V1.0.0RC4, STM32Cube_FW_H7_V1.11.0, STM32Cube_FW_L0_V1.12.2, STM32Cube_FW_L5_V1.5.1, STM32Cube_FW_U0_V1.0.0, STM32Cube_FW_U0_V1.0.0RC1, STM32Cube_FW_U5_V1.3.0RC4, STM32Cube_FW_U5_V1.5.0, STM32Cube_FW_U5_V1.5.0RC1, STM32Cube_FW_WBA_V1.0.0RC1, STM32Cube_FW_WBA_V1.2.0, STM32Cube_FW_WBA_V1.2.0RC2, STM32Cube_FW_WBA_V1.3.0, STM32Cube_FW_WBA_V1.3.0RC1, STM32Cube_FW_WB_V1.15.0RC1, STM32Cube_FW_WB_V1.16.0, STM32Cube_FW_WB_V1.16.0RC2, STM32Cube_FW_WB_V1.18.0, STM32Cube_FW_WB_V1.19.0, STM32Cube_FW_WL_V1.3.0, X-CUBE-ALGOBUILD_V1.3.0, X-CUBE-ALS_V1.0.1, X-CUBE-AZRTOS-F4_V1.1.0, X-CUBE-AZRTOS-F7_V1.1.0, X-CUBE-AZRTOS-G0_V1.1.0, X-CUBE-AZRTOS-G4_V2.0.0, X-CUBE-AZRTOS-H7_V3.2.0, X-CUBE-AZRTOS-L4_V1.0.0, X-CUBE-AZRTOS-L4_V2.0.0, X-CUBE-AZRTOS-L5_V1.1.0, X-CUBE-AZRTOS-WB_V2.0.0, X-CUBE-AZRTOS-WL_V2.0.0, X-CUBE-BLE1_V7.0.0, X-CUBE-BLE2_V3.3.0, X-CUBE-BLEMGR_V3.1.0, X-CUBE-EEPRMA1_V4.1.0, X-CUBE-EEPRMA1_V5.1.0, X-CUBE-FREERTOS_V1.1.0, X-CUBE-GNSS1_V6.0.0, X-CUBE-MEMS1_V10.0.0, X-CUBE-MEMS1_V9.1.0, X-CUBE-MEMS1_V9.4.0, X-CUBE-MEMS1_V9.6.0, X-CUBE-NFC4_V3.0.0, X-CUBE-NFC7_V1.0.1, X-CUBE-SFXS2LP1_V4.0.0, X-CUBE-SUBG2_V5.0.0, X-CUBE-TOF1_V3.4.0]
2024-05-11 10:35:27,881 [INFO] DbBoardsSqlite:226 - include board P-NUCLEO-WB55-NUCLEO as a kit item of type 'Nucleo-64'
2024-05-11 10:35:27,881 [INFO] DbBoardsSqlite:226 - include board P-NUCLEO-WB55-USBDONGLE as a kit item of type 'Nucleo USB Dongle'
2024-05-11 10:35:27,881 [INFO] DbBoardsSqlite:226 - include board STEVAL-IDP005V1 as a kit item of type 'Evaluation Board'
2024-05-11 10:35:27,882 [INFO] DbBoardsSqlite:226 - include board STEVAL-IDP005V2 as a kit item of type 'Evaluation Board'
2024-05-11 10:35:27,935 [INFO] ApiDb:240 - Found 371 in-development CPN: [B-G473E-ZEST1S, B-WB1M-WPAN1, B-WL5M-SUBG1, NUCLEO-C031C6, NUCLEO-H503RB, NUCLEO-H563ZI, NUCLEO-U545RE-Q, NUCLEO-U5A5ZJ-Q, NUCLEO-WBA52CG, NUCLEO-WBA55CG, STEVAL-MKBOXPRO, STEVAL-PROTEUS1, STEVAL-STWINBX1, STM320518-EVAL, STM32C0116-DK, STM32C011D6Y3TR, STM32C011D6Y6TR, STM32C011F4P3, STM32C011F4P6, STM32C011F4U3, STM32C011F4U6TR, STM32C011F6P3, STM32C011F6P6, STM32C011F6U3, STM32C011F6U6TR, STM32C011J4M3, STM32C011J4M6, STM32C011J6M3, STM32C011J6M6, STM32C0316-DK, STM32C031C4T3, STM32C031C4T6, STM32C031C4U3, STM32C031C4U6, STM32C031C6T3, STM32C031C6T6, STM32C031C6U3, STM32C031C6U6, STM32C031F4P3, STM32C031F4P6, STM32C031F6P3, STM32C031F6P6, STM32C031G4U3, STM32C031G4U6, STM32C031G6U3, STM32C031G6U6, STM32C031K4T3, STM32C031K4T6, STM32C031K4U3, STM32C031K4U6, STM32C031K6T3, STM32C031K6T6, STM32C031K6U3, STM32C031K6U6, STM32G071K8TXN, STM32G071K8UXN, STM32G081GBU6N, STM32G081KBT6N, STM32G081KBUXN, STM32G0B1CCT6N, STM32G0B1KCT6, STM32G0B1NEY6TR, STM32G0B1RCT6N, STM32G0C1CCT6, STM32G0C1CCT6N, STM32G0C1CCU6N, STM32G0C1CET6N, STM32G0C1CEU6N, STM32G0C1KCT6, STM32G0C1NEY6TR, STM32G0C1RCI6N, STM32G0C1RCT6N, STM32G0C1REI6N, STM32G0C1RET6N, STM32G0C1VCI6, STM32G0C1VEI6, STM32G471CCT6, STM32G471CCU6, STM32G471CET3, STM32G471CET6, STM32G471CEU3, STM32G471CEU6, STM32G471MCT6, STM32G471MET3, STM32G471MET6, STM32G471MEY6TR, STM32G471QCT6, STM32G471QET3, STM32G471RCT6, STM32G471RET3, STM32G471RET6, STM32G471VCH6, STM32G471VCI6, STM32G471VCT6, STM32G471VEH3, STM32G471VEH6, STM32G471VEI3, STM32G471VEI6, STM32G471VET3, STM32G471VET6, STM32G474CCT6, STM32H503CBT6, STM32H503CBU6, STM32H503EBY6TR, STM32H503KBU6, STM32H503RBT6, STM32H562AGI6, STM32H562AII6, STM32H562IGK6, STM32H562IGT6, STM32H562IIK6, STM32H562IIT6, STM32H562RGT6, STM32H562RGV6, STM32H562RIT6, STM32H562RIV6, STM32H562VGT6, STM32H562VIT6, STM32H562ZGT6, STM32H562ZIT6, STM32H563AGI6, STM32H563AII3Q, STM32H563AII6, STM32H563IGK6, STM32H563IGT6, STM32H563IIK3Q, STM32H563IIK6, STM32H563IIT3Q, STM32H563IIT6, STM32H563MIY3QTR, STM32H563RGT6, STM32H563RGV6, STM32H563RIT6, STM32H563RIV6, STM32H563VGT6, STM32H563VIT3Q, STM32H563VIT6, STM32H563ZGT6, STM32H563ZIT3Q, STM32H563ZIT6, STM32H573AII3Q, STM32H573AII6, STM32H573I-DK, STM32H573IIK3Q, STM32H573IIK6, STM32H573IIT3Q, STM32H573IIT6, STM32H573MIY3QTR, STM32H573RIT6, STM32H573RIV6, STM32H573VIT3Q, STM32H573VIT6, STM32H573ZIT3Q, STM32H573ZIT6, STM32L4R5QGI6STR, STM32MP131AAE3, STM32MP131AAF3, STM32MP131AAG3, STM32MP131CAE3, STM32MP131CAF3, STM32MP131CAG3, STM32MP131DAE7, STM32MP131DAF7, STM32MP131DAG7, STM32MP131FAE7, STM32MP131FAF7, STM32MP131FAG7, STM32MP133AAE3, STM32MP133AAF3, STM32MP133AAG3, STM32MP133CAE3, STM32MP133CAF3, STM32MP133CAG3, STM32MP133DAE7, STM32MP133DAF7, STM32MP133DAG7, STM32MP133FAE7, STM32MP133FAF7, STM32MP133FAG7, STM32MP135AAE3, STM32MP135AAF3, STM32MP135AAG3, STM32MP135CAE3, STM32MP135CAF3, STM32MP135CAG3, STM32MP135DAE7, STM32MP135DAF7, STM32MP135DAG7, STM32MP135F-DK, STM32MP135FAE7, STM32MP135FAF7, STM32MP135FAF7T, STM32MP135FAF7U, STM32MP135FAG7, STM32U535CBT6, STM32U535CBT6Q, STM32U535CBU6, STM32U535CBU6Q, STM32U535CCT6, STM32U535CCT6Q, STM32U535CCU6, STM32U535CCU6Q, STM32U535CET6, STM32U535CET6Q, STM32U535CEU6, STM32U535CEU6Q, STM32U535JEY6QTR, STM32U535NCY6QTR, STM32U535NEY6QTR, STM32U535RBI6, STM32U535RBI6Q, STM32U535RBT6, STM32U535RBT6Q, STM32U535RCI6, STM32U535RCI6Q, STM32U535RCT6, STM32U535RCT6Q, STM32U535REI6, STM32U535REI6Q, STM32U535RET6, STM32U535RET6Q, STM32U535VCI6, STM32U535VCI6Q, STM32U535VCT6, STM32U535VCT6Q, STM32U535VEI6, STM32U535VEI6Q, STM32U535VET6, STM32U535VET6Q, STM32U545CET6, STM32U545CET6Q, STM32U545CEU6, STM32U545CEU6Q, STM32U545JEY6QTR, STM32U545NEY6QTR, STM32U545REI6, STM32U545REI6Q, STM32U545RET6, STM32U545RET6Q, STM32U545VEI6, STM32U545VEI6Q, STM32U545VET6, STM32U545VET6Q, STM32U595AIH6, STM32U595AIH6Q, STM32U595AJH6, STM32U595AJH6Q, STM32U595QII6, STM32U595QII6Q, STM32U595QJI6, STM32U595QJI6Q, STM32U595RIT6, STM32U595RIT6Q, STM32U595RJT6, STM32U595RJT6Q, STM32U595VIT6, STM32U595VIT6Q, STM32U595VJT6, STM32U595VJT6Q, STM32U595ZIT6, STM32U595ZIT6Q, STM32U595ZIY6QTR, STM32U595ZJT6, STM32U595ZJT6Q, STM32U595ZJY6QTR, STM32U599BJY6QTR, STM32U599NIH6Q, STM32U599NJH6Q, STM32U599VIT6Q, STM32U599VJT6, STM32U599VJT6Q, STM32U599ZIT6Q, STM32U599ZIY6QTR, STM32U599ZJT6Q, STM32U599ZJY6QTR, STM32U5A5AJH6, STM32U5A5AJH6Q, STM32U5A5QJI6, STM32U5A5QJI6Q, STM32U5A5RJT6, STM32U5A5RJT6Q, STM32U5A5VJT6, STM32U5A5VJT6Q, STM32U5A5ZJT6, STM32U5A5ZJT6Q, STM32U5A5ZJY6QTR, STM32U5A9BJY6QTR, STM32U5A9J-DK, STM32U5A9NJH6Q, STM32U5A9VJT6Q, STM32U5A9ZJT6Q, STM32U5A9ZJY6QTR, STM32U5F7VIT6, STM32U5F7VIT6Q, STM32U5F7VJT6, STM32U5F7VJT6Q, STM32U5F9BJY6QTR, STM32U5F9NJH6Q, STM32U5F9VIT6Q, STM32U5F9VJT6Q, STM32U5F9ZIJ6QTR, STM32U5F9ZIT6Q, STM32U5F9ZJJ6QTR, STM32U5F9ZJT6Q, STM32U5G7VJT6, STM32U5G7VJT6Q, STM32U5G9BJY6QTR, STM32U5G9J-DK1, STM32U5G9J-DK2, STM32U5G9NJH6Q, STM32U5G9VJT6Q, STM32U5G9ZJJ6QTR, STM32U5G9ZJT6Q, STM32WB1MMCH6, STM32WBA50KEU6, STM32WBA50KEU6TR, STM32WBA50KGU6, STM32WBA50KGU6TR, STM32WBA52CEU6, STM32WBA52CEU6TR, STM32WBA52CEU7, STM32WBA52CEU7TR, STM32WBA52CGU6, STM32WBA52CGU6TR, STM32WBA52CGU6U, STM32WBA52CGU7, STM32WBA52CGU7TR, STM32WBA52KEU6, STM32WBA52KEU6TR, STM32WBA52KGU6, STM32WBA52KGU6TR, STM32WBA54CEU6, STM32WBA54CEU6TR, STM32WBA54CEU7, STM32WBA54CEU7TR, STM32WBA54CGU6, STM32WBA54CGU6TR, STM32WBA54CGU7, STM32WBA54CGU7TR, STM32WBA54KEU6, STM32WBA54KEU6TR, STM32WBA54KEU7, STM32WBA54KEU7TR, STM32WBA54KGU6, STM32WBA54KGU6TR, STM32WBA54KGU7, STM32WBA54KGU7TR, STM32WBA55CEU6, STM32WBA55CEU6TR, STM32WBA55CEU7, STM32WBA55CEU7TR, STM32WBA55CGU6, STM32WBA55CGU6TR, STM32WBA55CGU6U, STM32WBA55CGU7, STM32WBA55CGU7TR, STM32WBA55G-DK1, STM32WBA55HEF6, STM32WBA55HEF7, STM32WBA55HGF6, STM32WBA55HGF7, STM32WBA55UEI6, STM32WBA55UEI6TR, STM32WBA55UEI7, STM32WBA55UEI7TR, STM32WBA55UGI6, STM32WBA55UGI6TR, STM32WBA55UGI7, STM32WBA55UGI7TR, STM32WL5MOCH6, STM32WL5MOCH6TR]
2024-05-11 10:35:28,060 [INFO] BoardInfo:889 - No configuration file found for board NUCLEO-H533RE
2024-05-11 10:35:28,062 [INFO] DbBoards:161 - Board is not supported: NUCLEO-H533RE
2024-05-11 10:35:28,080 [INFO] BoardInfo:889 - No configuration file found for board NUCLEO-H7S3L8
2024-05-11 10:35:28,081 [INFO] DbBoards:161 - Board is not supported: NUCLEO-H7S3L8
2024-05-11 10:35:28,124 [INFO] BoardInfo:889 - No configuration file found for board NUCLEO-U031R8
2024-05-11 10:35:28,125 [INFO] DbBoards:161 - Board is not supported: NUCLEO-U031R8
2024-05-11 10:35:28,128 [INFO] BoardInfo:889 - No configuration file found for board NUCLEO-U083RC
2024-05-11 10:35:28,128 [INFO] DbBoards:161 - Board is not supported: NUCLEO-U083RC
2024-05-11 10:35:28,163 [INFO] BoardInfo:889 - No configuration file found for board P-NUCLEO-WB55
2024-05-11 10:35:28,164 [INFO] DbBoards:161 - Kit is not supported: P-NUCLEO-WB55
2024-05-11 10:35:28,171 [INFO] BoardInfo:889 - No configuration file found for board STEVAL-BFA001V1B
2024-05-11 10:35:28,171 [INFO] DbBoards:161 - Kit is not supported: STEVAL-BFA001V1B
2024-05-11 10:35:28,172 [INFO] BoardInfo:889 - No configuration file found for board STEVAL-BFA001V2B
2024-05-11 10:35:28,172 [INFO] DbBoards:161 - Kit is not supported: STEVAL-BFA001V2B
2024-05-11 10:35:28,335 [INFO] BoardInfo:889 - No configuration file found for board STM32H7S78-DK
2024-05-11 10:35:28,339 [INFO] DbBoards:161 - Board is not supported: STM32H7S78-DK
2024-05-11 10:35:28,369 [INFO] BoardInfo:889 - No configuration file found for board STM32U083C-DK
2024-05-11 10:35:28,369 [INFO] DbBoards:161 - Board is not supported: STM32U083C-DK
2024-05-11 10:35:28,381 [INFO] DbBoards:168 - Found 199 boards, 190 are supported
2024-05-11 10:35:28,381 [INFO] DbBoards:169 - Found 199 boards, 3 of them is supported for  Bsp
2024-05-11 10:35:28,389 [INFO] ApiDb:423 - Load user favorites file C:\Users\thebu/.stm32cubeide/favorites.boards.txt: 1 item(s)
2024-05-11 10:35:28,389 [INFO] ApiDb:427 - User favorites Boards=[NUCLEO-L476RG]
2024-05-11 10:35:28,390 [INFO] DbBoards:198 - Set 1 / 1 favorites Boards
2024-05-11 10:35:28,392 [INFO] ApiDb:668 - CubeFinder database Data Model version=2.1
2024-05-11 10:35:28,392 [INFO] ApiDb:669 - CubeFinder database Configuration version=3.0.39
2024-05-11 10:35:28,393 [INFO] ApiDb:670 - CubeFinder database generation date=2024-04-15 (1713193726)
2024-05-11 10:35:28,393 [INFO] ApiDb:671 - CubeFinder database FW Pack versions=[FP-ATR-ASTRA1_V2.0.0, FP-SNS-FLIGHT1_V5.0.1, FP-SNS-FLIGHT1_V5.0.2, FP-SNS-MOTENV1_V4.3.1, FP-SNS-MOTENV1_V4.3.2, FP-SNS-MOTENVWB1_V1.3.1, FP-SNS-SMARTAG2_V1.2.0, STM32Cube_FW_C0_V1.1.0, STM32Cube_FW_F4_V1.28.0, STM32Cube_FW_F7_V1.17.0, STM32Cube_FW_G0_V1.6.2, STM32Cube_FW_G4_V1.5.2, STM32Cube_FW_H5_V0.5.1, STM32Cube_FW_H5_V1.1.1, STM32Cube_FW_H5_V1.2.0, STM32Cube_FW_H5_V1.2.0RC4, STM32Cube_FW_H7RS_V1.0.0, STM32Cube_FW_H7RS_V1.0.0RC4, STM32Cube_FW_H7_V1.11.0, STM32Cube_FW_L0_V1.12.2, STM32Cube_FW_L5_V1.5.1, STM32Cube_FW_U0_V1.0.0, STM32Cube_FW_U0_V1.0.0RC1, STM32Cube_FW_U5_V1.3.0RC4, STM32Cube_FW_U5_V1.5.0, STM32Cube_FW_U5_V1.5.0RC1, STM32Cube_FW_WBA_V1.0.0RC1, STM32Cube_FW_WBA_V1.2.0, STM32Cube_FW_WBA_V1.2.0RC2, STM32Cube_FW_WBA_V1.3.0, STM32Cube_FW_WBA_V1.3.0RC1, STM32Cube_FW_WB_V1.15.0RC1, STM32Cube_FW_WB_V1.16.0, STM32Cube_FW_WB_V1.16.0RC2, STM32Cube_FW_WB_V1.18.0, STM32Cube_FW_WB_V1.19.0, STM32Cube_FW_WL_V1.3.0, X-CUBE-ALGOBUILD_V1.3.0, X-CUBE-ALS_V1.0.1, X-CUBE-AZRTOS-F4_V1.1.0, X-CUBE-AZRTOS-F7_V1.1.0, X-CUBE-AZRTOS-G0_V1.1.0, X-CUBE-AZRTOS-G4_V2.0.0, X-CUBE-AZRTOS-H7_V3.2.0, X-CUBE-AZRTOS-L4_V1.0.0, X-CUBE-AZRTOS-L4_V2.0.0, X-CUBE-AZRTOS-L5_V1.1.0, X-CUBE-AZRTOS-WB_V2.0.0, X-CUBE-AZRTOS-WL_V2.0.0, X-CUBE-BLE1_V7.0.0, X-CUBE-BLE2_V3.3.0, X-CUBE-BLEMGR_V3.1.0, X-CUBE-EEPRMA1_V4.1.0, X-CUBE-EEPRMA1_V5.1.0, X-CUBE-FREERTOS_V1.1.0, X-CUBE-GNSS1_V6.0.0, X-CUBE-MEMS1_V10.0.0, X-CUBE-MEMS1_V9.1.0, X-CUBE-MEMS1_V9.4.0, X-CUBE-MEMS1_V9.6.0, X-CUBE-NFC4_V3.0.0, X-CUBE-NFC7_V1.0.1, X-CUBE-SFXS2LP1_V4.0.0, X-CUBE-SUBG2_V5.0.0, X-CUBE-TOF1_V3.4.0]
2024-05-11 10:35:29,380 [ERROR] DbExamplesSqlite:437 - Missing JSON key: board_cpn
2024-05-11 10:35:29,380 [ERROR] DbExamplesSqlite:437 - Missing JSON key: board_cpn
2024-05-11 10:35:29,381 [ERROR] DbExamplesSqlite:437 - Missing JSON key: board_cpn
2024-05-11 10:35:29,382 [ERROR] DbExamplesSqlite:437 - Missing JSON key: board_cpn
2024-05-11 10:35:29,502 [INFO] DbExamplesSqlite:395 - Ignored 60 examples not supported by CubeIDE
2024-05-11 10:35:29,503 [INFO] DbExamplesSqlite:396 - Found 8152 examples active
2024-05-11 10:35:29,503 [INFO] DbExamplesSqlite:397 - Found 871 examples obsolete
2024-05-11 10:35:29,503 [INFO] DbExamplesSqlite:398 - Found 0 examples under development
2024-05-11 10:35:29,503 [INFO] DbExamplesSqlite:399 - Found 10 examples not building
2024-05-11 10:35:29,506 [INFO] DbExamples:125 - Found 8102 examples
2024-05-11 10:35:29,524 [INFO] DbExamples:222 - Found 101 boards with related examples
2024-05-11 10:35:29,525 [INFO] DbExamples:235 - Found 86 MCUs with related examples
2024-05-11 10:35:29,547 [INFO] ApiDb:423 - Load user favorites file C:\Users\thebu/.stm32cubeide/favorites.examples.txt: 0 item(s)
2024-05-11 10:35:29,547 [INFO] ApiDb:427 - User favorites Examples=[]
2024-05-11 10:35:29,547 [INFO] DbExamples:250 - Set 0 / 0 favorites Examples
2024-05-11 10:35:29,948 [INFO] McuFinderGlobals:76 - Set McuFinderConnectedMode to true
2024-05-11 10:35:29,959 [INFO] MultiScanPanel:200 - Auto-refresh data requested => check proxy status ongoing
2024-05-11 10:35:29,962 [INFO] FinderPluginLoader:95 - Searching for filters in installed packs
2024-05-11 10:35:31,428 [INFO] LoadUrlFilesThread:185 - End of LoadServerUrlFiles without Thread
2024-05-11 10:35:31,493 [INFO] DetailPanel:341 - Set advertising image to C:/Users/thebu/STM32Cube/Repository/\en.prom-stm32h7rs-mcu-finder.png
2024-05-11 10:35:55,300 [INFO] MainUpdater:2873 - connection check result : 10
2024-05-11 10:35:55,301 [INFO] MainUpdater:2873 - connection check result : 10
2024-05-11 10:35:55,342 [INFO] MicroXplorer:468 - Change Database Path : 
2024-05-11 10:35:55,342 [INFO] MicroXplorer:498 - Change Database Version : DB.6.0.100
2024-05-11 10:35:55,348 [WARN] ThirdParty:871 - waiting for thirdparty lock release [close project]
2024-05-11 10:35:55,348 [INFO] ThirdParty:873 - entering critical section [close project]
2024-05-11 10:35:55,349 [INFO] ThirdParty:883 - exiting critical section [close project]
2024-05-11 10:35:55,352 [INFO] PinOutPanel:1499 - setPackage(No Configuration,No Configuration)
2024-05-11 10:35:55,356 [INFO] UtilMem:75 - Begin LoadConfig() Used Memory: 587349680 Bytes (741343232)
2024-05-11 10:35:55,358 [INFO] MicroXplorer:468 - Change Database Path : 
2024-05-11 10:35:55,358 [INFO] MicroXplorer:498 - Change Database Version : DB.6.0.100
2024-05-11 10:35:55,358 [INFO] OpenFileManager:312 - Change cursor
2024-05-11 10:35:55,522 [INFO] Mcu:2016 - Initializing MCU STM32L476RGTx STM32L476RGTx STM32L476RGT3
2024-05-11 10:35:58,404 [INFO] Context:659 - Trying to add GPIOservice into a context  which must be forbidden
2024-05-11 10:35:59,314 [INFO] ImportTextPane:194 - (OptionalMessage_ERROR) Unable to find key (Mcu.ThirdPartyNb) in loaded IOC file
2024-05-11 10:35:59,314 [INFO] ImportTextPane:194 - (OptionalMessage_ERROR) Unable to find key (Mcu.PinsNb) in loaded IOC file
2024-05-11 10:35:59,314 [INFO] ImportTextPane:194 - (OptionalMessage_ERROR) Unable to find key (Mcu.IPNb) in loaded IOC file
2024-05-11 10:35:59,478 [INFO] RtosManager:555 - Registered RTOS mode: class=CMSIS, group=RTOS, mode=CMSIS_V1, owner=FREERTOS
2024-05-11 10:35:59,478 [INFO] RtosManager:555 - Registered RTOS mode: class=CMSIS, group=RTOS2, mode=CMSIS_V2, owner=FREERTOS
2024-05-11 10:35:59,478 [INFO] RtosManager:555 - Registered RTOS mode: class=RTOS, group=Core, mode=CMSIS_V1, owner=FREERTOS
2024-05-11 10:35:59,478 [INFO] RtosManager:555 - Registered RTOS mode: class=RTOS, group=Core, mode=CMSIS_V2, owner=FREERTOS
2024-05-11 10:35:59,479 [WARN] ModelIntegratedComponent:184 - Missing modes for component STMicroelectronics:FreeRTOS:0.0.1:STMicroelectronics:RTOS:FreeRTOS:Core:::10.2.0:
2024-05-11 10:35:59,501 [WARN] ModelIntegratedComponent:63 - No mode defined for component null
2024-05-11 10:35:59,501 [WARN] ModelIntegratedComponent:63 - No mode defined for component null
2024-05-11 10:35:59,502 [WARN] ModelIntegratedComponent:63 - No mode defined for component null
2024-05-11 10:35:59,502 [WARN] ModelIntegratedComponent:63 - No mode defined for component null
2024-05-11 10:35:59,502 [WARN] ModelIntegratedComponent:63 - No mode defined for component null
2024-05-11 10:35:59,502 [WARN] ModelIntegratedComponent:63 - No mode defined for component null
2024-05-11 10:35:59,502 [WARN] ModelIntegratedComponent:63 - No mode defined for component null
2024-05-11 10:35:59,502 [WARN] ModelIntegratedComponent:63 - No mode defined for component null
2024-05-11 10:35:59,502 [WARN] ModelIntegratedComponent:63 - No mode defined for component null
2024-05-11 10:35:59,502 [WARN] ModelIntegratedComponent:63 - No mode defined for component null
2024-05-11 10:35:59,502 [WARN] ModelIntegratedComponent:63 - No mode defined for component null
2024-05-11 10:35:59,502 [WARN] ModelIntegratedComponent:63 - No mode defined for component null
2024-05-11 10:35:59,502 [WARN] ModelIntegratedComponent:63 - No mode defined for component null
2024-05-11 10:35:59,502 [WARN] ModelIntegratedComponent:63 - No mode defined for component null
2024-05-11 10:35:59,502 [WARN] ModelIntegratedComponent:63 - No mode defined for component null
2024-05-11 10:35:59,502 [WARN] ModelIntegratedComponent:63 - No mode defined for component null
2024-05-11 10:35:59,502 [WARN] ModelIntegratedComponent:63 - No mode defined for component null
2024-05-11 10:35:59,503 [WARN] ModelIntegratedComponent:63 - No mode defined for component null
2024-05-11 10:35:59,503 [WARN] ModelIntegratedComponent:63 - No mode defined for component null
2024-05-11 10:35:59,503 [WARN] ModelIntegratedComponent:63 - No mode defined for component null
2024-05-11 10:35:59,503 [WARN] ModelIntegratedComponent:63 - No mode defined for component null
2024-05-11 10:35:59,503 [WARN] ModelIntegratedComponent:63 - No mode defined for component null
2024-05-11 10:35:59,503 [WARN] ModelIntegratedComponent:63 - No mode defined for component null
2024-05-11 10:35:59,503 [WARN] ModelIntegratedComponent:63 - No mode defined for component null
2024-05-11 10:35:59,503 [WARN] ModelIntegratedComponent:63 - No mode defined for component null
2024-05-11 10:35:59,503 [WARN] ModelIntegratedComponent:63 - No mode defined for component null
2024-05-11 10:35:59,503 [WARN] ModelIntegratedComponent:63 - No mode defined for component null
2024-05-11 10:35:59,503 [WARN] ModelIntegratedComponent:63 - No mode defined for component null
2024-05-11 10:35:59,503 [WARN] ModelIntegratedComponent:63 - No mode defined for component null
2024-05-11 10:35:59,503 [WARN] ModelIntegratedComponent:63 - No mode defined for component null
2024-05-11 10:35:59,503 [WARN] ModelIntegratedComponent:63 - No mode defined for component null
2024-05-11 10:35:59,503 [WARN] ModelIntegratedComponent:63 - No mode defined for component null
2024-05-11 10:35:59,503 [WARN] ModelIntegratedComponent:63 - No mode defined for component null
2024-05-11 10:35:59,631 [INFO] ThirdPartyModel:298 - Start build external matchings
2024-05-11 10:36:00,165 [INFO] ThirdPartyModel:316 - End build external matchings
2024-05-11 10:36:00,580 [INFO] UtilMem:75 - End LoadConfig() Used Memory: 921614448 Bytes (1073741824)
2024-05-11 10:36:00,608 [INFO] MicroXplorer:468 - Change Database Path : 
2024-05-11 10:36:00,608 [INFO] MicroXplorer:498 - Change Database Version : DB.6.0.100
2024-05-11 10:36:00,609 [WARN] ThirdParty:833 - waiting for thirdparty lock release [change project]
2024-05-11 10:36:00,609 [INFO] ThirdParty:835 - entering critical section [change project]
2024-05-11 10:36:00,609 [INFO] ThirdParty:1030 - CMSIS Pack Vendor :STMicroelectronics USBPD 4.1
2024-05-11 10:36:00,609 [INFO] ThirdParty:1030 - CMSIS Pack Vendor :STMicroelectronics X-CUBE-GNSS1 6.0.0
2024-05-11 10:36:00,609 [INFO] ThirdParty:1030 - CMSIS Pack Vendor :STMicroelectronics USB_HOST 2.0.0
2024-05-11 10:36:00,609 [INFO] ThirdParty:1030 - CMSIS Pack Vendor :STMicroelectronics FP-SNS-MOTENVWB1 1.4.0
2024-05-11 10:36:00,609 [INFO] ThirdParty:1030 - CMSIS Pack Vendor :STMicroelectronics X-CUBE-AZRTOS-F4 1.1.0
2024-05-11 10:36:00,609 [INFO] ThirdParty:1030 - CMSIS Pack Vendor :STMicroelectronics LIBJPEG 8.0.0
2024-05-11 10:36:00,609 [INFO] ThirdParty:1030 - CMSIS Pack Vendor :STMicroelectronics X-CUBE-SMBUS 2.1.0
2024-05-11 10:36:00,609 [INFO] ThirdParty:1030 - CMSIS Pack Vendor :STMicroelectronics USB_DEVICE 3.0.0
2024-05-11 10:36:00,609 [INFO] ThirdParty:1030 - CMSIS Pack Vendor :STMicroelectronics X-CUBE-TCPP 4.1.0
2024-05-11 10:36:00,609 [INFO] ThirdParty:1030 - CMSIS Pack Vendor :STMicroelectronics X-CUBE-FREERTOS 1.2.0
2024-05-11 10:36:00,609 [INFO] ThirdParty:1030 - CMSIS Pack Vendor :STMicroelectronics X-CUBE-AZRTOS-WB 2.0.0
2024-05-11 10:36:00,609 [INFO] ThirdParty:1030 - CMSIS Pack Vendor :wolfSSL I-CUBE-wolfSSL 5.6.6
2024-05-11 10:36:00,609 [INFO] ThirdParty:1030 - CMSIS Pack Vendor :STMicroelectronics X-CUBE-TOUCHGFX 4.23.0
2024-05-11 10:36:00,609 [INFO] ThirdParty:1030 - CMSIS Pack Vendor :STMicroelectronics X-CUBE-TOUCHGFX 4.23.2
2024-05-11 10:36:00,609 [INFO] ThirdParty:1030 - CMSIS Pack Vendor :STMicroelectronics X-CUBE-AZRTOS-F7 1.1.0
2024-05-11 10:36:00,609 [INFO] ThirdParty:1030 - CMSIS Pack Vendor :STMicroelectronics X-CUBE-AZRTOS-L5 2.0.0
2024-05-11 10:36:00,609 [INFO] ThirdParty:1030 - CMSIS Pack Vendor :STMicroelectronics USB_DEVICE 2.0.0
2024-05-11 10:36:00,609 [INFO] ThirdParty:1030 - CMSIS Pack Vendor :STMicroelectronics X-CUBE-EEPRMA1 4.2.0
2024-05-11 10:36:00,609 [INFO] ThirdParty:1030 - CMSIS Pack Vendor :STMicroelectronics X-CUBE-NFC6 3.1.0
2024-05-11 10:36:00,609 [INFO] ThirdParty:1030 - CMSIS Pack Vendor :ITTIA_DB I-CUBE-ITTIADB 8.8.0
2024-05-11 10:36:00,610 [INFO] ThirdParty:1030 - CMSIS Pack Vendor :STMicroelectronics FP-SNS-MOTENV1 4.3.2
2024-05-11 10:36:00,610 [INFO] ThirdParty:1030 - CMSIS Pack Vendor :STMicroelectronics X-CUBE-ALGOBUILD 1.3.0
2024-05-11 10:36:00,610 [INFO] ThirdParty:1030 - CMSIS Pack Vendor :STMicroelectronics FreeRTOS 0.0.1
2024-05-11 10:36:00,610 [INFO] ThirdParty:1030 - CMSIS Pack Vendor :STMicroelectronics X-CUBE-AZRTOS-G0 1.1.0
2024-05-11 10:36:00,610 [INFO] ThirdParty:1030 - CMSIS Pack Vendor :STMicroelectronics X-CUBE-SAFEA1 1.2.2
2024-05-11 10:36:00,610 [INFO] ThirdParty:1030 - CMSIS Pack Vendor :STMicroelectronics X-CUBE-NFC4 3.0.0
2024-05-11 10:36:00,610 [INFO] ThirdParty:1030 - CMSIS Pack Vendor :STMicroelectronics X-CUBE-SUBG2 5.0.0
2024-05-11 10:36:00,610 [INFO] ThirdParty:1030 - CMSIS Pack Vendor :STMicroelectronics STM32_WPAN 1.0.0
2024-05-11 10:36:00,610 [INFO] ThirdParty:1030 - CMSIS Pack Vendor :STMicroelectronics lwIP 2.0.3
2024-05-11 10:36:00,610 [INFO] ThirdParty:1030 - CMSIS Pack Vendor :STMicroelectronics FP-SNS-FLIGHT1 5.0.2
2024-05-11 10:36:00,610 [INFO] ThirdParty:1030 - CMSIS Pack Vendor :STMicroelectronics USB_HOST 1.0.0
2024-05-11 10:36:00,610 [INFO] ThirdParty:1030 - CMSIS Pack Vendor :STMicroelectronics X-CUBE-AI 9.0.0
2024-05-11 10:36:00,610 [INFO] ThirdParty:1030 - CMSIS Pack Vendor :STMicroelectronics X-CUBE-AZRTOS-G4 2.0.0
2024-05-11 10:36:00,610 [INFO] ThirdParty:1030 - CMSIS Pack Vendor :STMicroelectronics PDM2PCM 3.1.0
2024-05-11 10:36:00,610 [INFO] ThirdParty:1030 - CMSIS Pack Vendor :Infineon AIROC-Wi-Fi-Bluetooth-STM32 1.5.1
2024-05-11 10:36:00,610 [INFO] ThirdParty:1030 - CMSIS Pack Vendor :STMicroelectronics X-CUBE-BLEMGR 3.0.0
2024-05-11 10:36:00,610 [INFO] ThirdParty:1030 - CMSIS Pack Vendor :STMicroelectronics PDM2PCM 3.3.0
2024-05-11 10:36:00,610 [INFO] ThirdParty:1030 - CMSIS Pack Vendor :STMicroelectronics X-CUBE-DISPLAY 3.0.0
2024-05-11 10:36:00,610 [INFO] ThirdParty:1030 - CMSIS Pack Vendor :STMicroelectronics FP-SNS-MOTENVWB1 1.3.1
2024-05-11 10:36:00,610 [INFO] ThirdParty:1030 - CMSIS Pack Vendor :STMicroelectronics X-CUBE-BLE1 7.0.0
2024-05-11 10:36:00,610 [INFO] ThirdParty:1030 - CMSIS Pack Vendor :STMicroelectronics FP-ATR-SIGFOX1 3.2.0
2024-05-11 10:36:00,610 [INFO] ThirdParty:1030 - CMSIS Pack Vendor :STMicroelectronics X-CUBE-ISPU 2.0.0
2024-05-11 10:36:00,610 [INFO] ThirdParty:1030 - CMSIS Pack Vendor :STMicroelectronics X-CUBE-EEPRMA1 5.1.0
2024-05-11 10:36:00,610 [INFO] ThirdParty:1030 - CMSIS Pack Vendor :STMicroelectronics HAL Drivers 0.0.0
2024-05-11 10:36:00,610 [INFO] ThirdParty:1030 - CMSIS Pack Vendor :STMicroelectronics MBEDTLS 2.16.2
2024-05-11 10:36:00,610 [INFO] ThirdParty:1030 - CMSIS Pack Vendor :emotas I-CUBE-CANOPEN 1.3.0
2024-05-11 10:36:00,610 [INFO] ThirdParty:1030 - CMSIS Pack Vendor :STMicroelectronics X-CUBE-MEMS1 10.0.0
2024-05-11 10:36:00,610 [INFO] ThirdParty:1030 - CMSIS Pack Vendor :STMicroelectronics X-CUBE-FREERTOS 1.1.0
2024-05-11 10:36:00,610 [INFO] ThirdParty:1030 - CMSIS Pack Vendor :STMicroelectronics X-CUBE-NFC7 1.0.1
2024-05-11 10:36:00,610 [INFO] ThirdParty:1030 - CMSIS Pack Vendor :STMicroelectronics MBEDTLS 2.14.1
2024-05-11 10:36:00,610 [INFO] ThirdParty:1030 - CMSIS Pack Vendor :STMicroelectronics X-CUBE-NFC6 3.0.0
2024-05-11 10:36:00,610 [INFO] ThirdParty:1030 - CMSIS Pack Vendor :portGmbH I-Cube-SoM-uGOAL 1.1.0
2024-05-11 10:36:00,610 [INFO] ThirdParty:1030 - CMSIS Pack Vendor :STMicroelectronics X-CUBE-ALS 1.0.1
2024-05-11 10:36:00,611 [INFO] ThirdParty:1030 - CMSIS Pack Vendor :STMicroelectronics X-CUBE-BLEMGR 3.1.0
2024-05-11 10:36:00,611 [INFO] ThirdParty:1030 - CMSIS Pack Vendor :STMicroelectronics ThreadX 1.0.0
2024-05-11 10:36:00,611 [INFO] ThirdParty:1030 - CMSIS Pack Vendor :STMicroelectronics FP-SNS-SMARTAG2 1.2.0
2024-05-11 10:36:00,611 [INFO] ThirdParty:1030 - CMSIS Pack Vendor :STMicroelectronics X-CUBE-AZRTOS-WL 2.0.0
2024-05-11 10:36:00,611 [INFO] ThirdParty:1030 - CMSIS Pack Vendor :SEGGER I-CUBE-embOS 1.3.1
2024-05-11 10:36:00,611 [INFO] ThirdParty:1030 - CMSIS Pack Vendor :STMicroelectronics X-CUBE-ALGOBUILD 1.4.0
2024-05-11 10:36:00,611 [INFO] ThirdParty:1030 - CMSIS Pack Vendor :STMicroelectronics FP-SNS-MOTENV1 5.0.0
2024-05-11 10:36:00,611 [INFO] ThirdParty:1030 - CMSIS Pack Vendor :STMicroelectronics USB_DEVICE 1.0.0
2024-05-11 10:36:00,611 [INFO] ThirdParty:1030 - CMSIS Pack Vendor :STMicroelectronics X-CUBE-AI 8.1.0
2024-05-11 10:36:00,611 [INFO] ThirdParty:1030 - CMSIS Pack Vendor :STMicroelectronics X-CUBE-AZRTOS-H7RS 1.0.0
2024-05-11 10:36:00,611 [INFO] ThirdParty:1030 - CMSIS Pack Vendor :STMicroelectronics X-CUBE-AZRTOS-L4 2.0.0
2024-05-11 10:36:00,611 [INFO] ThirdParty:1030 - CMSIS Pack Vendor :STMicroelectronics ThreadX 0.0.2
2024-05-11 10:36:00,611 [INFO] ThirdParty:1030 - CMSIS Pack Vendor :WES I-CUBE-Cesium 1.3.0
2024-05-11 10:36:00,611 [INFO] ThirdParty:1030 - CMSIS Pack Vendor :STMicroelectronics FP-ATR-ASTRA1 2.0.0
2024-05-11 10:36:00,612 [INFO] ThirdParty:1030 - CMSIS Pack Vendor :STMicroelectronics lwIP 2.1.2
2024-05-11 10:36:00,612 [INFO] ThirdParty:1030 - CMSIS Pack Vendor :STMicroelectronics X-CUBE-SFXS2LP1 4.0.0
2024-05-11 10:36:00,612 [INFO] ThirdParty:1030 - CMSIS Pack Vendor :STMicroelectronics X-CUBE-BLE2 3.3.0
2024-05-11 10:36:00,612 [INFO] ThirdParty:1030 - CMSIS Pack Vendor :STMicroelectronics X-CUBE-TOF1 3.4.0
2024-05-11 10:36:00,612 [INFO] ThirdParty:1030 - CMSIS Pack Vendor :STMicroelectronics X-CUBE-TOF1 3.4.1
2024-05-11 10:36:00,612 [INFO] ThirdParty:1030 - CMSIS Pack Vendor :STMicroelectronics X-CUBE-AZRTOS-H7 3.2.0
2024-05-11 10:36:00,613 [INFO] ThirdParty:1030 - CMSIS Pack Vendor :STMicroelectronics PDM2PCM 3.2.0
2024-05-11 10:36:00,613 [INFO] ThirdParty:841 - exiting critical section [change project]
2024-05-11 10:36:01,171 [INFO] PinOutPanel:1499 - setPackage(No Configuration,No Configuration)
2024-05-11 10:36:01,173 [INFO] PinOutPanel:1499 - setPackage(STM32L476RGTx,LQFP64)
2024-05-11 10:36:01,963 [INFO] UtilMem:75 - Before build in PCC Used Memory: 529202176 Bytes (1073741824)
2024-05-11 10:36:03,431 [INFO] UtilMem:75 - After build in PCC Used Memory: 690293680 Bytes (1073741824)
2024-05-11 10:36:03,484 [INFO] IPUIPlugin:80 - create IPUIPlugin
2024-05-11 10:36:03,485 [INFO] IPUIPlugin:80 - create IPUIPlugin
2024-05-11 10:36:03,485 [INFO] IPUIPlugin:80 - create IPUIPlugin
2024-05-11 10:36:03,485 [INFO] IPUIPlugin:80 - create IPUIPlugin
2024-05-11 10:36:03,485 [INFO] IPUIPlugin:80 - create IPUIPlugin
2024-05-11 10:36:03,486 [INFO] IPUIPlugin:80 - create IPUIPlugin
2024-05-11 10:36:03,486 [INFO] IPUIPlugin:80 - create IPUIPlugin
2024-05-11 10:36:03,486 [INFO] IPUIPlugin:80 - create IPUIPlugin
2024-05-11 10:36:03,486 [INFO] IPUIPlugin:80 - create IPUIPlugin
2024-05-11 10:36:03,486 [INFO] IPUIPlugin:80 - create IPUIPlugin
2024-05-11 10:36:03,487 [INFO] IPUIPlugin:80 - create IPUIPlugin
2024-05-11 10:36:03,487 [INFO] IPUIPlugin:80 - create IPUIPlugin
2024-05-11 10:36:03,487 [INFO] IPUIPlugin:80 - create IPUIPlugin
2024-05-11 10:36:03,487 [INFO] IPUIPlugin:80 - create IPUIPlugin
2024-05-11 10:36:03,487 [INFO] IPUIPlugin:80 - create IPUIPlugin
2024-05-11 10:36:03,487 [INFO] IPUIPlugin:80 - create IPUIPlugin
2024-05-11 10:36:03,487 [INFO] IPUIPlugin:80 - create IPUIPlugin
2024-05-11 10:36:03,488 [INFO] IPUIPlugin:80 - create IPUIPlugin
2024-05-11 10:36:03,489 [INFO] IPUIPlugin:80 - create IPUIPlugin
2024-05-11 10:36:03,500 [INFO] IPUIPlugin:80 - create IPUIPlugin
2024-05-11 10:36:03,501 [INFO] IPUIPlugin:80 - create IPUIPlugin
2024-05-11 10:36:03,501 [INFO] IPUIPlugin:80 - create IPUIPlugin
2024-05-11 10:36:03,502 [INFO] IPUIPlugin:80 - create IPUIPlugin
2024-05-11 10:36:03,507 [INFO] IPUIPlugin:80 - create IPUIPlugin
2024-05-11 10:36:03,508 [INFO] IPUIPlugin:80 - create IPUIPlugin
2024-05-11 10:36:03,508 [INFO] IPUIPlugin:80 - create IPUIPlugin
2024-05-11 10:36:03,509 [INFO] IPUIPlugin:80 - create IPUIPlugin
2024-05-11 10:36:03,509 [INFO] IPUIPlugin:80 - create IPUIPlugin
2024-05-11 10:36:03,510 [INFO] IPUIPlugin:80 - create IPUIPlugin
2024-05-11 10:36:03,510 [INFO] IPUIPlugin:80 - create IPUIPlugin
2024-05-11 10:36:03,510 [INFO] IPUIPlugin:80 - create IPUIPlugin
2024-05-11 10:36:03,511 [INFO] IPUIPlugin:80 - create IPUIPlugin
2024-05-11 10:36:03,512 [INFO] IPUIPlugin:80 - create IPUIPlugin
2024-05-11 10:36:03,512 [INFO] IPUIPlugin:80 - create IPUIPlugin
2024-05-11 10:36:03,512 [INFO] IPUIPlugin:80 - create IPUIPlugin
2024-05-11 10:36:03,513 [INFO] IPUIPlugin:80 - create IPUIPlugin
2024-05-11 10:36:03,513 [INFO] IPUIPlugin:80 - create IPUIPlugin
2024-05-11 10:36:03,513 [INFO] IPUIPlugin:80 - create IPUIPlugin
2024-05-11 10:36:03,513 [INFO] IPUIPlugin:80 - create IPUIPlugin
2024-05-11 10:36:03,514 [INFO] IPUIPlugin:80 - create IPUIPlugin
2024-05-11 10:36:03,514 [INFO] IPUIPlugin:80 - create IPUIPlugin
2024-05-11 10:36:03,515 [INFO] IPUIPlugin:80 - create IPUIPlugin
2024-05-11 10:36:03,515 [INFO] IPUIPlugin:80 - create IPUIPlugin
2024-05-11 10:36:03,515 [INFO] IPUIPlugin:80 - create IPUIPlugin
2024-05-11 10:36:03,515 [INFO] IPUIPlugin:80 - create IPUIPlugin
2024-05-11 10:36:03,516 [INFO] IPUIPlugin:80 - create IPUIPlugin
2024-05-11 10:36:03,516 [INFO] IPUIPlugin:80 - create IPUIPlugin
2024-05-11 10:36:03,517 [INFO] IPUIPlugin:80 - create IPUIPlugin
2024-05-11 10:36:03,517 [INFO] IPUIPlugin:80 - create IPUIPlugin
2024-05-11 10:36:03,518 [INFO] IPUIPlugin:80 - create IPUIPlugin
2024-05-11 10:36:03,518 [INFO] IPUIPlugin:80 - create IPUIPlugin
2024-05-11 10:36:03,519 [INFO] IPUIPlugin:80 - create IPUIPlugin
2024-05-11 10:36:03,519 [INFO] IPUIPlugin:80 - create IPUIPlugin
2024-05-11 10:36:03,520 [INFO] IPUIPlugin:80 - create IPUIPlugin
2024-05-11 10:36:03,521 [INFO] IPUIPlugin:80 - create IPUIPlugin
2024-05-11 10:36:03,522 [INFO] IPUIPlugin:80 - create IPUIPlugin
2024-05-11 10:36:03,523 [INFO] IPUIPlugin:80 - create IPUIPlugin
2024-05-11 10:36:03,523 [INFO] IPUIPlugin:80 - create IPUIPlugin
2024-05-11 10:36:03,524 [INFO] IPUIPlugin:80 - create IPUIPlugin
2024-05-11 10:36:03,836 [INFO] CADModel:165 - CPN selected for project levelSTM32L476RGT3
2024-05-11 10:36:03,837 [INFO] CADModel:114 - Register for checkConnection events
2024-05-11 10:36:03,881 [INFO] OpenFileManager:343 - Restore cursor
2024-05-11 10:36:04,782 [INFO] UtilMem:75 - End SaveConfig() Used Memory: 849633888 Bytes (1073741824)
2024-05-11 10:36:04,856 [INFO] UtilMem:75 - End SaveConfig() Used Memory: 873935656 Bytes (1073741824)
2024-05-11 10:36:05,318 [INFO] BlockDiagram:2759 - set Specific Code input for plugin: RCC
2024-05-11 10:36:05,319 [INFO] BlockDiagram:2759 - set Specific Code input for plugin: NVIC
2024-05-11 10:36:05,320 [INFO] CodeGenerator:807 - code generatio: config db path: C:\ST\STM32CubeIDE_1.14.0\STM32CubeIDE\plugins\com.st.stm32cube.common.mx_6.10.0.202311202037\\db\
2024-05-11 10:36:05,527 [INFO] CodeEngine:255 - oldGeneratedFile, C:\Users\thebu\STM32CubeIDE\workspace_RTOS\A7_spirit1_library\MXTmpFiles\license.tmp_save
2024-05-11 10:36:05,930 [INFO] CodeEngine:279 - Generated code: C:\Users\thebu\STM32CubeIDE\workspace_RTOS\A7_spirit1_library\MXTmpFiles\license.tmp
2024-05-11 10:36:05,955 [INFO] CodeEngine:255 - oldGeneratedFile, C:\Users\thebu\STM32CubeIDE\workspace_RTOS\A7_spirit1_library\Core\Src\stm32l4xx_it.c_save
2024-05-11 10:36:06,142 [INFO] CodeEngine:279 - Generated code: C:\Users\thebu\STM32CubeIDE\workspace_RTOS\A7_spirit1_library\Core\Src\stm32l4xx_it.c
2024-05-11 10:36:06,152 [INFO] CodeEngine:255 - oldGeneratedFile, C:\Users\thebu\STM32CubeIDE\workspace_RTOS\A7_spirit1_library\Core\Inc\stm32l4xx_it.h_save
2024-05-11 10:36:06,269 [INFO] CodeEngine:279 - Generated code: C:\Users\thebu\STM32CubeIDE\workspace_RTOS\A7_spirit1_library\Core\Inc\stm32l4xx_it.h
2024-05-11 10:36:06,420 [INFO] CodeEngine:255 - oldGeneratedFile, C:\Users\thebu\STM32CubeIDE\workspace_RTOS\A7_spirit1_library\Core\Src\stm32l4xx_hal_msp.c_save
2024-05-11 10:36:06,586 [INFO] CodeEngine:279 - Generated code: C:\Users\thebu\STM32CubeIDE\workspace_RTOS\A7_spirit1_library\Core\Src\stm32l4xx_hal_msp.c
2024-05-11 10:36:06,598 [INFO] CodeEngine:255 - oldGeneratedFile, C:\Users\thebu\STM32CubeIDE\workspace_RTOS\A7_spirit1_library\MXTmpFiles\system.tmp_save
2024-05-11 10:36:06,688 [INFO] CodeEngine:279 - Generated code: C:\Users\thebu\STM32CubeIDE\workspace_RTOS\A7_spirit1_library\MXTmpFiles\system.tmp
2024-05-11 10:36:06,711 [INFO] CodeEngine:311 - oldGeneratedFile, C:\Users\thebu\STM32CubeIDE\workspace_RTOS\A7_spirit1_library\Core\Inc\stm32l4xx_hal_conf.h_save
2024-05-11 10:36:06,854 [INFO] CodeEngine:335 - Generated code: C:\Users\thebu\STM32CubeIDE\workspace_RTOS\A7_spirit1_library\Core\Inc\stm32l4xx_hal_conf.h
2024-05-11 10:36:06,958 [INFO] CodeEngine:255 - oldGeneratedFile, C:\Users\thebu\STM32CubeIDE\workspace_RTOS\A7_spirit1_library\Core\Inc\main.h_save
2024-05-11 10:36:07,111 [INFO] CodeEngine:279 - Generated code: C:\Users\thebu\STM32CubeIDE\workspace_RTOS\A7_spirit1_library\Core\Inc\main.h
2024-05-11 10:36:07,125 [INFO] CodeEngine:255 - oldGeneratedFile, C:\Users\thebu\STM32CubeIDE\workspace_RTOS\A7_spirit1_library\Core\Src\main.c_save
2024-05-11 10:36:07,286 [INFO] CodeEngine:279 - Generated code: C:\Users\thebu\STM32CubeIDE\workspace_RTOS\A7_spirit1_library\Core\Src\main.c
2024-05-11 10:36:08,061 [INFO] ProjectBuilder:3076 - Time for Copy HAL[1] : 236mS.
2024-05-11 10:36:08,068 [INFO] ProjectBuilder:4485 - Project Generator version: 4.2.0-B44
2024-05-11 10:36:08,380 [INFO] ConfigFileManager:1495 - The Die is : DIE415
2024-05-11 10:36:08,403 [INFO] ApiDbMcu:508 - Load IP Config File for FATFS
2024-05-11 10:36:08,420 [INFO] ApiDbMcu:508 - Load IP Config File for FREERTOS
2024-05-11 10:36:08,451 [INFO] ApiDbMcu:508 - Load IP Config File for TOUCHSENSING
2024-05-11 10:36:08,471 [INFO] ApiDbMcu:508 - Load IP Config File for USB_DEVICE
2024-05-11 10:36:08,484 [INFO] ApiDbMcu:508 - Load IP Config File for USB_HOST
2024-05-11 10:36:09,906 [INFO] LogOutputStream:77 - [STDOUT_REDIRECT] 
2024-05-11 10:36:13,974 [INFO] ProjectBuilder:4747 - Time for Generating toolchain IDE Files: 5906mS.
2024-05-11 10:36:13,975 [INFO] ProjectBuilder:2947 - Time for Copy CMSIS : 0mS.
2024-05-11 10:36:13,978 [INFO] ProjectBuilder:2947 - Time for Copy CMSIS : 0mS.
2024-05-11 10:36:15,253 [INFO] McuFinderGlobals:76 - Set McuFinderConnectedMode to true
2024-05-11 10:36:15,263 [INFO] ApiDb:448 - Save user favorites file C:\Users\thebu/.stm32cubeide/favorites.mcus.txt: 1 item(s)
2024-05-11 10:36:15,264 [INFO] ApiDb:452 - User favorites MCUs=[STM32L476RGT3]
2024-05-11 11:21:19,163 [INFO] NvicIntPanel:101 - NVIC parent = com.st.microxplorer.plugins.ip.nvic.MultiNvicIntPanel[,0,0,0x0,invalid,layout=javax.swing.BoxLayout,alignmentX=0.0,alignmentY=0.0,border=,flags=9,maximumSize=,minimumSize=,preferredSize=]
2024-05-11 11:28:37,344 [INFO] SetLabelOnPin:382 - Can not restore dialog size for Dialog.
2024-05-11 11:35:32,725 [INFO] Gpio:277 - dependency for GPIO [SPI1]
2024-05-11 11:36:58,164 [INFO] Gpio:277 - dependency for GPIO [SPI1]
2024-05-11 11:41:34,866 [FATAL] LogicalParser:267 - Exception caught expression :TIM2_NOT_VISIBLE
java.lang.NullPointerException: Cannot invoke "com.bestcode.mathparser.Node.getValue()" because "this.m_Node" is null
	at com.bestcode.mathparser.MathParserImpl.evaluate(MathParserImpl.java:325) ~[STM32CubeMX.jar:?]
	at com.bestcode.mathparser.MathParserImpl.getValue(MathParserImpl.java:255) ~[STM32CubeMX.jar:?]
	at com.st.microxplorer.util.LogicalParser.checkCondition(LogicalParser.java:265) ~[STM32CubeMX.jar:?]
	at com.st.microxplorer.mcu.IP.isVisible(IP.java:2900) ~[STM32CubeMX.jar:?]
	at com.st.microxplorer.mcu.Signal.isVisible(Signal.java:73) ~[STM32CubeMX.jar:?]
	at com.st.microxplorer.mcu.Pin.getSignals(Pin.java:743) ~[STM32CubeMX.jar:?]
	at com.st.microxplorer.mcu.Pin.isReservedPin(Pin.java:788) ~[STM32CubeMX.jar:?]
	at com.st.microxplorer.mcu.Mcu.getFreeGPIO(Mcu.java:5785) ~[STM32CubeMX.jar:?]
	at com.st.microxplorer.plugins.pinoutconfig.PinoutConfigView.updateMenuAndToolbar(PinoutConfigView.java:580) ~[?:?]
	at com.st.microxplorer.plugins.pinoutconfig.PinoutConfigView.propertyChange(PinoutConfigView.java:326) ~[?:?]
	at java.beans.PropertyChangeSupport.fire(PropertyChangeSupport.java:343) ~[?:?]
	at java.beans.PropertyChangeSupport.firePropertyChange(PropertyChangeSupport.java:335) ~[?:?]
	at com.st.microxplorer.util.MXPropertyChangeSupport.refreshing(MXPropertyChangeSupport.java:72) ~[STM32CubeMX.jar:?]
	at com.st.microxplorer.mxsystem.MxSystem.refreshing(MxSystem.java:923) ~[STM32CubeMX.jar:?]
	at com.st.microxplorer.plugins.ip.spi.gui.SpiManager.clockChange(SpiManager.java:95) ~[?:?]
	at com.st.microxplorer.plugins.ip.spi.Spi.propertyChange(Spi.java:83) ~[?:?]
	at java.beans.PropertyChangeSupport.fire(PropertyChangeSupport.java:343) ~[?:?]
	at java.beans.PropertyChangeSupport.firePropertyChange(PropertyChangeSupport.java:335) ~[?:?]
	at java.beans.PropertyChangeSupport.firePropertyChange(PropertyChangeSupport.java:268) ~[?:?]
	at com.st.microxplorer.util.MXPropertyChangeSupport.firePropertyChange(MXPropertyChangeSupport.java:54) ~[STM32CubeMX.jar:?]
	at com.st.microxplorer.mxsystem.MxSystem.MxFirePropertyChange(MxSystem.java:220) ~[STM32CubeMX.jar:?]
	at com.st.microxplorer.plugins.clock.gui.MultiplexerUI$2.doInBackground(MultiplexerUI.java:501) ~[?:?]
	at com.st.microxplorer.plugins.clock.gui.MultiplexerUI$2.doInBackground(MultiplexerUI.java:498) ~[?:?]
	at javax.swing.SwingWorker$1.call(SwingWorker.java:304) ~[?:?]
	at java.util.concurrent.FutureTask.run(FutureTask.java:264) ~[?:?]
	at javax.swing.SwingWorker.run(SwingWorker.java:343) ~[?:?]
	at java.util.concurrent.ThreadPoolExecutor.runWorker(ThreadPoolExecutor.java:1136) ~[?:?]
	at java.util.concurrent.ThreadPoolExecutor$Worker.run(ThreadPoolExecutor.java:635) ~[?:?]
	at java.lang.Thread.run(Thread.java:833) ~[?:?]
2024-05-11 11:42:49,063 [INFO] UtilMem:75 - End SaveConfig() Used Memory: 1023226392 Bytes (1073741824)
2024-05-11 11:42:50,813 [INFO] UtilMem:75 - End SaveConfig() Used Memory: 1047343640 Bytes (1073741824)
2024-05-11 11:42:54,453 [INFO] UtilMem:75 - End SaveConfig() Used Memory: 835471160 Bytes (1073741824)
2024-05-11 11:42:54,765 [INFO] BlockDiagram:2759 - set Specific Code input for plugin: SPI
2024-05-11 11:42:54,765 [INFO] BlockDiagram:2759 - set Specific Code input for plugin: SYS
2024-05-11 11:42:54,765 [INFO] BlockDiagram:2759 - set Specific Code input for plugin: RCC
2024-05-11 11:42:54,765 [INFO] BlockDiagram:2759 - set Specific Code input for plugin: NVIC
2024-05-11 11:42:54,765 [INFO] BlockDiagram:2759 - set Specific Code input for plugin: GPIO
2024-05-11 11:42:54,766 [INFO] CodeGenerator:807 - code generatio: config db path: C:\ST\STM32CubeIDE_1.14.0\STM32CubeIDE\plugins\com.st.stm32cube.common.mx_6.10.0.202311202037\\db\
2024-05-11 11:42:55,006 [INFO] CodeEngine:255 - oldGeneratedFile, C:\Users\thebu\STM32CubeIDE\workspace_RTOS\A7_spirit1_library\MXTmpFiles\license.tmp_save
2024-05-11 11:42:55,167 [INFO] CodeEngine:279 - Generated code: C:\Users\thebu\STM32CubeIDE\workspace_RTOS\A7_spirit1_library\MXTmpFiles\license.tmp
2024-05-11 11:42:55,348 [INFO] CodeEngine:255 - oldGeneratedFile, C:\Users\thebu\STM32CubeIDE\workspace_RTOS\A7_spirit1_library\Core\Src\gpio.c_save
2024-05-11 11:42:55,576 [INFO] CodeEngine:279 - Generated code: C:\Users\thebu\STM32CubeIDE\workspace_RTOS\A7_spirit1_library\Core\Src\gpio.c
2024-05-11 11:42:55,591 [INFO] CodeEngine:255 - oldGeneratedFile, C:\Users\thebu\STM32CubeIDE\workspace_RTOS\A7_spirit1_library\Core\Inc\gpio.h_save
2024-05-11 11:42:55,694 [INFO] CodeEngine:279 - Generated code: C:\Users\thebu\STM32CubeIDE\workspace_RTOS\A7_spirit1_library\Core\Inc\gpio.h
2024-05-11 11:42:55,822 [INFO] CodeEngine:255 - oldGeneratedFile, C:\Users\thebu\STM32CubeIDE\workspace_RTOS\A7_spirit1_library\Core\Src\spi.c_save
2024-05-11 11:42:56,014 [INFO] CodeEngine:279 - Generated code: C:\Users\thebu\STM32CubeIDE\workspace_RTOS\A7_spirit1_library\Core\Src\spi.c
2024-05-11 11:42:56,028 [INFO] CodeEngine:255 - oldGeneratedFile, C:\Users\thebu\STM32CubeIDE\workspace_RTOS\A7_spirit1_library\Core\Inc\spi.h_save
2024-05-11 11:42:56,107 [INFO] CodeEngine:279 - Generated code: C:\Users\thebu\STM32CubeIDE\workspace_RTOS\A7_spirit1_library\Core\Inc\spi.h
2024-05-11 11:42:56,132 [INFO] CodeEngine:255 - oldGeneratedFile, C:\Users\thebu\STM32CubeIDE\workspace_RTOS\A7_spirit1_library\Core\Src\stm32l4xx_it.c_save
2024-05-11 11:42:56,372 [INFO] CodeEngine:279 - Generated code: C:\Users\thebu\STM32CubeIDE\workspace_RTOS\A7_spirit1_library\Core\Src\stm32l4xx_it.c
2024-05-11 11:42:56,398 [INFO] CodeEngine:255 - oldGeneratedFile, C:\Users\thebu\STM32CubeIDE\workspace_RTOS\A7_spirit1_library\Core\Inc\stm32l4xx_it.h_save
2024-05-11 11:42:56,493 [INFO] CodeEngine:279 - Generated code: C:\Users\thebu\STM32CubeIDE\workspace_RTOS\A7_spirit1_library\Core\Inc\stm32l4xx_it.h
2024-05-11 11:42:56,533 [INFO] CodeEngine:255 - oldGeneratedFile, C:\Users\thebu\STM32CubeIDE\workspace_RTOS\A7_spirit1_library\Core\Src\stm32l4xx_hal_msp.c_save
2024-05-11 11:42:56,634 [INFO] CodeEngine:279 - Generated code: C:\Users\thebu\STM32CubeIDE\workspace_RTOS\A7_spirit1_library\Core\Src\stm32l4xx_hal_msp.c
2024-05-11 11:42:56,651 [INFO] CodeEngine:255 - oldGeneratedFile, C:\Users\thebu\STM32CubeIDE\workspace_RTOS\A7_spirit1_library\MXTmpFiles\system.tmp_save
2024-05-11 11:42:56,707 [INFO] CodeEngine:279 - Generated code: C:\Users\thebu\STM32CubeIDE\workspace_RTOS\A7_spirit1_library\MXTmpFiles\system.tmp
2024-05-11 11:42:56,733 [INFO] CodeEngine:311 - oldGeneratedFile, C:\Users\thebu\STM32CubeIDE\workspace_RTOS\A7_spirit1_library\Core\Inc\stm32l4xx_hal_conf.h_save
2024-05-11 11:42:56,855 [INFO] CodeEngine:335 - Generated code: C:\Users\thebu\STM32CubeIDE\workspace_RTOS\A7_spirit1_library\Core\Inc\stm32l4xx_hal_conf.h
2024-05-11 11:42:56,939 [INFO] CodeEngine:255 - oldGeneratedFile, C:\Users\thebu\STM32CubeIDE\workspace_RTOS\A7_spirit1_library\Core\Inc\main.h_save
2024-05-11 11:42:57,093 [INFO] CodeEngine:279 - Generated code: C:\Users\thebu\STM32CubeIDE\workspace_RTOS\A7_spirit1_library\Core\Inc\main.h
2024-05-11 11:42:57,138 [INFO] CodeEngine:255 - oldGeneratedFile, C:\Users\thebu\STM32CubeIDE\workspace_RTOS\A7_spirit1_library\Core\Src\main.c_save
2024-05-11 11:42:57,291 [INFO] CodeEngine:279 - Generated code: C:\Users\thebu\STM32CubeIDE\workspace_RTOS\A7_spirit1_library\Core\Src\main.c
2024-05-11 11:42:58,201 [INFO] ProjectBuilder:3076 - Time for Copy HAL[1] : 303mS.
2024-05-11 11:42:58,206 [INFO] ProjectBuilder:4485 - Project Generator version: 4.2.0-B44
2024-05-11 11:42:58,720 [INFO] ConfigFileManager:1495 - The Die is : DIE415
2024-05-11 11:43:03,661 [INFO] ProjectBuilder:4747 - Time for Generating toolchain IDE Files: 5455mS.
2024-05-11 11:43:03,662 [INFO] ProjectBuilder:2947 - Time for Copy CMSIS : 1mS.
2024-05-11 11:43:03,667 [INFO] ProjectBuilder:2947 - Time for Copy CMSIS : 1mS.
2024-05-11 20:38:08,511 [ERROR] LogOutputStream:75 - [STDERR_REDIRECT] 
2024-05-11 20:38:08,512 [ERROR] LogOutputStream:75 - [STDERR_REDIRECT] 
